<?xml version="1.0" encoding="UTF-8"?>
<robot generator="Robot 3.2.2 (Python 3.9.1 on win32)" generated="20210905 06:25:27.805" rpa="false">
<suite id="s1" name="MyLeave TC 32 42 Status" source="D:\CO-OP\CubeSoftTech_WorkingSpace\Code\MyLeave_TC_32_42_Status_Search\MyLeave_TC_32_42_Status.robot">
<test id="s1-t1" name="TC-LEAVE-EMP-042 P_Find_MyLeave_Year_Not_Found">
<kw name="Employee Login Success">
<kw name="Open Browser" library="SeleniumLibrary">
<doc>Opens a new browser instance to the optional ``url``.</doc>
<arguments>
<arg>${HOMEPAGE}</arg>
<arg>${BROWSER}</arg>
</arguments>
<msg timestamp="20210905 06:25:28.012" level="INFO">Opening browser 'chrome' to base url 'http://uat.cubesofttech.com/'.</msg>
<status status="PASS" starttime="20210905 06:25:28.012" endtime="20210905 06:25:29.810"></status>
</kw>
<kw name="Maximize Browser Window" library="SeleniumLibrary">
<doc>Maximizes current browser window.</doc>
<status status="PASS" starttime="20210905 06:25:29.810" endtime="20210905 06:25:29.922"></status>
</kw>
<kw name="Title Should Be" library="SeleniumLibrary">
<doc>Verifies that the current page title equals ``title``.</doc>
<arguments>
<arg>Cube SoftTech : Login</arg>
</arguments>
<msg timestamp="20210905 06:25:29.926" level="INFO">Page title is 'Cube SoftTech : Login'.</msg>
<status status="PASS" starttime="20210905 06:25:29.922" endtime="20210905 06:25:29.927"></status>
</kw>
<kw name="Wait Until Page Contains" library="SeleniumLibrary">
<doc>Waits until ``text`` appears on the current page.</doc>
<arguments>
<arg>Login to your account</arg>
</arguments>
<status status="PASS" starttime="20210905 06:25:29.927" endtime="20210905 06:25:29.936"></status>
</kw>
<kw name="Input Text" library="SeleniumLibrary">
<doc>Types the given ``text`` into the text field identified by ``locator``.</doc>
<arguments>
<arg>username</arg>
<arg>${it_login}</arg>
</arguments>
<msg timestamp="20210905 06:25:29.937" level="INFO">Typing text 'test_it_roles' into text field 'username'.</msg>
<status status="PASS" starttime="20210905 06:25:29.937" endtime="20210905 06:25:30.001"></status>
</kw>
<kw name="Input Password" library="SeleniumLibrary">
<doc>Types the given password into the text field identified by ``locator``.</doc>
<arguments>
<arg>password</arg>
<arg>1234</arg>
</arguments>
<msg timestamp="20210905 06:25:30.002" level="INFO">Typing password into text field 'password'.</msg>
<msg timestamp="20210905 06:25:30.035" level="INFO">Temporally setting log level to: NONE</msg>
<msg timestamp="20210905 06:25:30.068" level="INFO">Log level changed from NONE to INFO.</msg>
<status status="PASS" starttime="20210905 06:25:30.002" endtime="20210905 06:25:30.068"></status>
</kw>
<kw name="Click Button" library="SeleniumLibrary">
<doc>Clicks the button identified by ``locator``.</doc>
<arguments>
<arg>id=submit myBtn</arg>
</arguments>
<msg timestamp="20210905 06:25:30.069" level="INFO">Clicking button 'id=submit myBtn'.</msg>
<status status="PASS" starttime="20210905 06:25:30.068" endtime="20210905 06:25:46.544"></status>
</kw>
<kw name="Title Should Be" library="SeleniumLibrary">
<doc>Verifies that the current page title equals ``title``.</doc>
<arguments>
<arg>check in</arg>
</arguments>
<msg timestamp="20210905 06:25:46.547" level="INFO">Page title is 'check in'.</msg>
<status status="PASS" starttime="20210905 06:25:46.544" endtime="20210905 06:25:46.548"></status>
</kw>
<kw name="Wait Until Page Contains" library="SeleniumLibrary">
<doc>Waits until ``text`` appears on the current page.</doc>
<arguments>
<arg>Welcome</arg>
</arguments>
<status status="PASS" starttime="20210905 06:25:46.548" endtime="20210905 06:25:46.560"></status>
</kw>
<kw name="Page Should Contain" library="SeleniumLibrary">
<doc>Verifies that current page contains ``text``.</doc>
<arguments>
<arg>${it_login}</arg>
</arguments>
<msg timestamp="20210905 06:25:46.571" level="INFO">Current page contains text 'test_it_roles'.</msg>
<status status="PASS" starttime="20210905 06:25:46.560" endtime="20210905 06:25:46.571"></status>
</kw>
<kw name="Sleep" library="BuiltIn">
<doc>Pauses the test executed for the given time.</doc>
<arguments>
<arg>5s</arg>
</arguments>
<msg timestamp="20210905 06:25:51.572" level="INFO">Slept 5 seconds</msg>
<status status="PASS" starttime="20210905 06:25:46.571" endtime="20210905 06:25:51.572"></status>
</kw>
<status status="PASS" starttime="20210905 06:25:28.012" endtime="20210905 06:25:51.572"></status>
</kw>
<kw name="IT Click MyLeave Button">
<kw name="Click Element" library="SeleniumLibrary">
<doc>Click the element identified by ``locator``.</doc>
<arguments>
<arg>xpath://*[@href="myleave_list?Id=test_it_roles"]</arg>
</arguments>
<msg timestamp="20210905 06:25:51.574" level="INFO">Clicking element 'xpath://*[@href="myleave_list?Id=test_it_roles"]'.</msg>
<status status="PASS" starttime="20210905 06:25:51.573" endtime="20210905 06:25:52.275"></status>
</kw>
<kw name="Title Should Be" library="SeleniumLibrary">
<doc>Verifies that the current page title equals ``title``.</doc>
<arguments>
<arg>My leave list</arg>
</arguments>
<msg timestamp="20210905 06:25:52.282" level="INFO">Page title is 'My leave list'.</msg>
<status status="PASS" starttime="20210905 06:25:52.276" endtime="20210905 06:25:52.282"></status>
</kw>
<status status="PASS" starttime="20210905 06:25:51.573" endtime="20210905 06:25:52.283"></status>
</kw>
<kw name="Click Element" library="SeleniumLibrary">
<doc>Click the element identified by ``locator``.</doc>
<arguments>
<arg>name=startdate</arg>
</arguments>
<msg timestamp="20210905 06:25:52.283" level="INFO">Clicking element 'name=startdate'.</msg>
<status status="PASS" starttime="20210905 06:25:52.283" endtime="20210905 06:25:52.338"></status>
</kw>
<kw name="Click Element" library="SeleniumLibrary">
<doc>Click the element identified by ``locator``.</doc>
<arguments>
<arg>xpath=/html/body/div[4]/div[1]/table/thead/tr[2]/th[2]</arg>
</arguments>
<msg timestamp="20210905 06:25:52.340" level="INFO">Clicking element 'xpath=/html/body/div[4]/div[1]/table/thead/tr[2]/th[2]'.</msg>
<status status="PASS" starttime="20210905 06:25:52.339" endtime="20210905 06:25:52.400"></status>
</kw>
<kw name="Click Element" library="SeleniumLibrary">
<doc>Click the element identified by ``locator``.</doc>
<arguments>
<arg>xpath=/html/body/div[4]/div[2]/table/thead/tr[2]/th[1]</arg>
</arguments>
<msg timestamp="20210905 06:25:52.402" level="INFO">Clicking element 'xpath=/html/body/div[4]/div[2]/table/thead/tr[2]/th[1]'.</msg>
<status status="PASS" starttime="20210905 06:25:52.401" endtime="20210905 06:25:52.440"></status>
</kw>
<kw name="Click Element" library="SeleniumLibrary">
<doc>Click the element identified by ``locator``.</doc>
<arguments>
<arg>xpath=/html/body/div[4]/div[2]/table/thead/tr[2]/th[1]</arg>
</arguments>
<msg timestamp="20210905 06:25:52.441" level="INFO">Clicking element 'xpath=/html/body/div[4]/div[2]/table/thead/tr[2]/th[1]'.</msg>
<status status="PASS" starttime="20210905 06:25:52.440" endtime="20210905 06:25:52.468"></status>
</kw>
<kw name="Click Element" library="SeleniumLibrary">
<doc>Click the element identified by ``locator``.</doc>
<arguments>
<arg>xpath=/html/body/div[4]/div[2]/table/thead/tr[2]/th[1]</arg>
</arguments>
<msg timestamp="20210905 06:25:52.469" level="INFO">Clicking element 'xpath=/html/body/div[4]/div[2]/table/thead/tr[2]/th[1]'.</msg>
<status status="PASS" starttime="20210905 06:25:52.469" endtime="20210905 06:25:52.496"></status>
</kw>
<kw name="Click Element" library="SeleniumLibrary">
<doc>Click the element identified by ``locator``.</doc>
<arguments>
<arg>xpath=/html/body/div[4]/div[2]/table/tbody/tr/td/span[12]</arg>
</arguments>
<msg timestamp="20210905 06:25:52.496" level="INFO">Clicking element 'xpath=/html/body/div[4]/div[2]/table/tbody/tr/td/span[12]'.</msg>
<status status="PASS" starttime="20210905 06:25:52.496" endtime="20210905 06:25:52.541"></status>
</kw>
<kw name="Click Element" library="SeleniumLibrary">
<doc>Click the element identified by ``locator``.</doc>
<arguments>
<arg>xpath=/html/body/div[4]/div[1]/table/tbody/tr[6]/td[2]</arg>
</arguments>
<msg timestamp="20210905 06:25:52.543" level="INFO">Clicking element 'xpath=/html/body/div[4]/div[1]/table/tbody/tr[6]/td[2]'.</msg>
<status status="PASS" starttime="20210905 06:25:52.542" endtime="20210905 06:25:52.595"></status>
</kw>
<kw name="Click Element" library="SeleniumLibrary">
<doc>Click the element identified by ``locator``.</doc>
<arguments>
<arg>name=enddate</arg>
</arguments>
<msg timestamp="20210905 06:25:52.596" level="INFO">Clicking element 'name=enddate'.</msg>
<status status="PASS" starttime="20210905 06:25:52.596" endtime="20210905 06:25:52.644"></status>
</kw>
<kw name="Click Element" library="SeleniumLibrary">
<doc>Click the element identified by ``locator``.</doc>
<arguments>
<arg>xpath=/html/body/div[4]/div[1]/table/thead/tr[2]/th[2]</arg>
</arguments>
<msg timestamp="20210905 06:25:52.645" level="INFO">Clicking element 'xpath=/html/body/div[4]/div[1]/table/thead/tr[2]/th[2]'.</msg>
<status status="PASS" starttime="20210905 06:25:52.645" endtime="20210905 06:25:52.681"></status>
</kw>
<kw name="Click Element" library="SeleniumLibrary">
<doc>Click the element identified by ``locator``.</doc>
<arguments>
<arg>xpath=/html/body/div[4]/div[2]/table/thead/tr[2]/th[1]</arg>
</arguments>
<msg timestamp="20210905 06:25:52.682" level="INFO">Clicking element 'xpath=/html/body/div[4]/div[2]/table/thead/tr[2]/th[1]'.</msg>
<status status="PASS" starttime="20210905 06:25:52.681" endtime="20210905 06:25:52.716"></status>
</kw>
<kw name="Click Element" library="SeleniumLibrary">
<doc>Click the element identified by ``locator``.</doc>
<arguments>
<arg>xpath=/html/body/div[4]/div[2]/table/tbody/tr/td/span[1]</arg>
</arguments>
<msg timestamp="20210905 06:25:52.716" level="INFO">Clicking element 'xpath=/html/body/div[4]/div[2]/table/tbody/tr/td/span[1]'.</msg>
<status status="PASS" starttime="20210905 06:25:52.716" endtime="20210905 06:25:52.759"></status>
</kw>
<kw name="Click Element" library="SeleniumLibrary">
<doc>Click the element identified by ``locator``.</doc>
<arguments>
<arg>xpath=/html/body/div[4]/div[1]/table/tbody/tr[1]/td[4]</arg>
</arguments>
<msg timestamp="20210905 06:25:52.760" level="INFO">Clicking element 'xpath=/html/body/div[4]/div[1]/table/tbody/tr[1]/td[4]'.</msg>
<status status="PASS" starttime="20210905 06:25:52.760" endtime="20210905 06:25:52.805"></status>
</kw>
<kw name="Click Element" library="SeleniumLibrary">
<doc>Click the element identified by ``locator``.</doc>
<arguments>
<arg>xpath=//*[@id="search"]</arg>
</arguments>
<msg timestamp="20210905 06:25:52.806" level="INFO">Clicking element 'xpath=//*[@id="search"]'.</msg>
<status status="PASS" starttime="20210905 06:25:52.805" endtime="20210905 06:25:52.978"></status>
</kw>
<kw name="Sleep" library="BuiltIn">
<doc>Pauses the test executed for the given time.</doc>
<arguments>
<arg>5s</arg>
</arguments>
<msg timestamp="20210905 06:25:57.980" level="INFO">Slept 5 seconds</msg>
<status status="PASS" starttime="20210905 06:25:52.979" endtime="20210905 06:25:57.980"></status>
</kw>
<kw name="Get Element Count" library="SeleniumLibrary">
<doc>Returns the number of elements matching ``locator``.</doc>
<arguments>
<arg>${table_body}</arg>
</arguments>
<assign>
<var>${count_row_range}</var>
</assign>
<msg timestamp="20210905 06:25:57.989" level="INFO">${count_row_range} = 0</msg>
<status status="PASS" starttime="20210905 06:25:57.981" endtime="20210905 06:25:57.989"></status>
</kw>
<kw name="Capture Page Screenshot" library="SeleniumLibrary">
<doc>Takes a screenshot of the current page and embeds it into a log file.</doc>
<arguments>
<arg>42_1_Find_MyLeave_Year.png</arg>
</arguments>
<msg timestamp="20210905 06:25:58.099" level="INFO" html="yes">&lt;/td&gt;&lt;/tr&gt;&lt;tr&gt;&lt;td colspan="3"&gt;&lt;a href="42_1_Find_MyLeave_Year.png"&gt;&lt;img src="42_1_Find_MyLeave_Year.png" width="800px"&gt;&lt;/a&gt;</msg>
<status status="PASS" starttime="20210905 06:25:57.990" endtime="20210905 06:25:58.099"></status>
</kw>
<kw name="Click Element" library="SeleniumLibrary">
<doc>Click the element identified by ``locator``.</doc>
<arguments>
<arg>name=startdate</arg>
</arguments>
<msg timestamp="20210905 06:25:58.099" level="INFO">Clicking element 'name=startdate'.</msg>
<status status="PASS" starttime="20210905 06:25:58.099" endtime="20210905 06:25:58.139"></status>
</kw>
<kw name="Click Element" library="SeleniumLibrary">
<doc>Click the element identified by ``locator``.</doc>
<arguments>
<arg>xpath=/html/body/div[4]/div[1]/table/thead/tr[2]/th[2]</arg>
</arguments>
<msg timestamp="20210905 06:25:58.140" level="INFO">Clicking element 'xpath=/html/body/div[4]/div[1]/table/thead/tr[2]/th[2]'.</msg>
<status status="PASS" starttime="20210905 06:25:58.139" endtime="20210905 06:25:58.177"></status>
</kw>
<kw name="Click Element" library="SeleniumLibrary">
<doc>Click the element identified by ``locator``.</doc>
<arguments>
<arg>xpath=/html/body/div[4]/div[2]/table/thead/tr[2]/th[1]</arg>
</arguments>
<msg timestamp="20210905 06:25:58.178" level="INFO">Clicking element 'xpath=/html/body/div[4]/div[2]/table/thead/tr[2]/th[1]'.</msg>
<status status="PASS" starttime="20210905 06:25:58.178" endtime="20210905 06:25:58.209"></status>
</kw>
<kw name="Click Element" library="SeleniumLibrary">
<doc>Click the element identified by ``locator``.</doc>
<arguments>
<arg>xpath=/html/body/div[4]/div[2]/table/thead/tr[2]/th[1]</arg>
</arguments>
<msg timestamp="20210905 06:25:58.210" level="INFO">Clicking element 'xpath=/html/body/div[4]/div[2]/table/thead/tr[2]/th[1]'.</msg>
<status status="PASS" starttime="20210905 06:25:58.209" endtime="20210905 06:25:58.236"></status>
</kw>
<kw name="Click Element" library="SeleniumLibrary">
<doc>Click the element identified by ``locator``.</doc>
<arguments>
<arg>xpath=/html/body/div[4]/div[2]/table/tbody/tr/td/span[1]</arg>
</arguments>
<msg timestamp="20210905 06:25:58.236" level="INFO">Clicking element 'xpath=/html/body/div[4]/div[2]/table/tbody/tr/td/span[1]'.</msg>
<status status="PASS" starttime="20210905 06:25:58.236" endtime="20210905 06:25:58.276"></status>
</kw>
<kw name="Click Element" library="SeleniumLibrary">
<doc>Click the element identified by ``locator``.</doc>
<arguments>
<arg>xpath=/html/body/div[4]/div[1]/table/tbody/tr[1]/td[3]</arg>
</arguments>
<msg timestamp="20210905 06:25:58.276" level="INFO">Clicking element 'xpath=/html/body/div[4]/div[1]/table/tbody/tr[1]/td[3]'.</msg>
<status status="PASS" starttime="20210905 06:25:58.276" endtime="20210905 06:25:58.312"></status>
</kw>
<kw name="Get Value" library="SeleniumLibrary">
<doc>Returns the value attribute of the element identified by ``locator``.</doc>
<arguments>
<arg>xpath=//*[@name="startdate"]</arg>
</arguments>
<assign>
<var>${startDay_check_before_search}</var>
</assign>
<msg timestamp="20210905 06:25:58.323" level="INFO">${startDay_check_before_search} = 01-01-2019</msg>
<status status="PASS" starttime="20210905 06:25:58.312" endtime="20210905 06:25:58.323"></status>
</kw>
<kw name="Click Element" library="SeleniumLibrary">
<doc>Click the element identified by ``locator``.</doc>
<arguments>
<arg>name=enddate</arg>
</arguments>
<msg timestamp="20210905 06:25:58.324" level="INFO">Clicking element 'name=enddate'.</msg>
<status status="PASS" starttime="20210905 06:25:58.323" endtime="20210905 06:25:58.359"></status>
</kw>
<kw name="Click Element" library="SeleniumLibrary">
<doc>Click the element identified by ``locator``.</doc>
<arguments>
<arg>xpath=/html/body/div[4]/div[1]/table/thead/tr[2]/th[2]</arg>
</arguments>
<msg timestamp="20210905 06:25:58.360" level="INFO">Clicking element 'xpath=/html/body/div[4]/div[1]/table/thead/tr[2]/th[2]'.</msg>
<status status="PASS" starttime="20210905 06:25:58.360" endtime="20210905 06:25:58.389"></status>
</kw>
<kw name="Click Element" library="SeleniumLibrary">
<doc>Click the element identified by ``locator``.</doc>
<arguments>
<arg>xpath=/html/body/div[4]/div[2]/table/thead/tr[2]/th[1]</arg>
</arguments>
<msg timestamp="20210905 06:25:58.390" level="INFO">Clicking element 'xpath=/html/body/div[4]/div[2]/table/thead/tr[2]/th[1]'.</msg>
<status status="PASS" starttime="20210905 06:25:58.389" endtime="20210905 06:25:58.419"></status>
</kw>
<kw name="Click Element" library="SeleniumLibrary">
<doc>Click the element identified by ``locator``.</doc>
<arguments>
<arg>xpath=/html/body/div[4]/div[2]/table/thead/tr[2]/th[1]</arg>
</arguments>
<msg timestamp="20210905 06:25:58.420" level="INFO">Clicking element 'xpath=/html/body/div[4]/div[2]/table/thead/tr[2]/th[1]'.</msg>
<status status="PASS" starttime="20210905 06:25:58.420" endtime="20210905 06:25:58.442"></status>
</kw>
<kw name="Click Element" library="SeleniumLibrary">
<doc>Click the element identified by ``locator``.</doc>
<arguments>
<arg>xpath=/html/body/div[4]/div[2]/table/tbody/tr/td/span[12]</arg>
</arguments>
<msg timestamp="20210905 06:25:58.443" level="INFO">Clicking element 'xpath=/html/body/div[4]/div[2]/table/tbody/tr/td/span[12]'.</msg>
<status status="PASS" starttime="20210905 06:25:58.442" endtime="20210905 06:25:58.475"></status>
</kw>
<kw name="Click Element" library="SeleniumLibrary">
<doc>Click the element identified by ``locator``.</doc>
<arguments>
<arg>xpath=/html/body/div[4]/div[1]/table/tbody/tr[6]/td[3]</arg>
</arguments>
<msg timestamp="20210905 06:25:58.476" level="INFO">Clicking element 'xpath=/html/body/div[4]/div[1]/table/tbody/tr[6]/td[3]'.</msg>
<status status="PASS" starttime="20210905 06:25:58.476" endtime="20210905 06:25:58.512"></status>
</kw>
<kw name="Get Value" library="SeleniumLibrary">
<doc>Returns the value attribute of the element identified by ``locator``.</doc>
<arguments>
<arg>xpath=//*[@name="enddate"]</arg>
</arguments>
<assign>
<var>${endDay_check_before_search}</var>
</assign>
<msg timestamp="20210905 06:25:58.524" level="INFO">${endDay_check_before_search} = 01-01-2019</msg>
<status status="PASS" starttime="20210905 06:25:58.513" endtime="20210905 06:25:58.524"></status>
</kw>
<kw name="Click Element" library="SeleniumLibrary">
<doc>Click the element identified by ``locator``.</doc>
<arguments>
<arg>xpath=//*[@id="search"]</arg>
</arguments>
<msg timestamp="20210905 06:25:58.524" level="INFO">Clicking element 'xpath=//*[@id="search"]'.</msg>
<status status="PASS" starttime="20210905 06:25:58.524" endtime="20210905 06:25:58.665"></status>
</kw>
<kw name="Sleep" library="BuiltIn">
<doc>Pauses the test executed for the given time.</doc>
<arguments>
<arg>5s</arg>
</arguments>
<msg timestamp="20210905 06:26:03.667" level="INFO">Slept 5 seconds</msg>
<status status="PASS" starttime="20210905 06:25:58.665" endtime="20210905 06:26:03.667"></status>
</kw>
<kw name="Get Element Count" library="SeleniumLibrary">
<doc>Returns the number of elements matching ``locator``.</doc>
<arguments>
<arg>${table_body}</arg>
</arguments>
<assign>
<var>${count_row}</var>
</assign>
<msg timestamp="20210905 06:26:03.675" level="INFO">${count_row} = 0</msg>
<status status="PASS" starttime="20210905 06:26:03.667" endtime="20210905 06:26:03.675"></status>
</kw>
<kw name="Capture Page Screenshot" library="SeleniumLibrary">
<doc>Takes a screenshot of the current page and embeds it into a log file.</doc>
<arguments>
<arg>42_2_Find_MyLeave_Year.png</arg>
</arguments>
<msg timestamp="20210905 06:26:03.780" level="INFO" html="yes">&lt;/td&gt;&lt;/tr&gt;&lt;tr&gt;&lt;td colspan="3"&gt;&lt;a href="42_2_Find_MyLeave_Year.png"&gt;&lt;img src="42_2_Find_MyLeave_Year.png" width="800px"&gt;&lt;/a&gt;</msg>
<status status="PASS" starttime="20210905 06:26:03.675" endtime="20210905 06:26:03.780"></status>
</kw>
<kw name="Should Be True" library="BuiltIn">
<doc>Fails if the given condition is not true.</doc>
<arguments>
<arg>${count_row_range} == ${count_row}</arg>
</arguments>
<status status="PASS" starttime="20210905 06:26:03.781" endtime="20210905 06:26:03.781"></status>
</kw>
<kw name="Get Value" library="SeleniumLibrary">
<doc>Returns the value attribute of the element identified by ``locator``.</doc>
<arguments>
<arg>xpath=//*[@name="startdate"]</arg>
</arguments>
<assign>
<var>${startDay_check_after_search}</var>
</assign>
<msg timestamp="20210905 06:26:03.789" level="INFO">${startDay_check_after_search} = 01-01-2021</msg>
<status status="PASS" starttime="20210905 06:26:03.781" endtime="20210905 06:26:03.789"></status>
</kw>
<kw name="Get Value" library="SeleniumLibrary">
<doc>Returns the value attribute of the element identified by ``locator``.</doc>
<arguments>
<arg>xpath=//*[@name="enddate"]</arg>
</arguments>
<assign>
<var>${endDay_check_after_search}</var>
</assign>
<msg timestamp="20210905 06:26:03.797" level="INFO">${endDay_check_after_search} = 01-01-2019</msg>
<status status="PASS" starttime="20210905 06:26:03.789" endtime="20210905 06:26:03.797"></status>
</kw>
<kw name="Run Keyword And Return Status" library="BuiltIn">
<doc>Runs the given keyword with given arguments and returns the status as a Boolean value.</doc>
<arguments>
<arg>Should Be True</arg>
<arg>'${startDay_check_before_search}' == '${startDay_check_after_search}'</arg>
</arguments>
<assign>
<var>${compare_start_date}</var>
</assign>
<kw name="Should Be True" library="BuiltIn">
<doc>Fails if the given condition is not true.</doc>
<arguments>
<arg>'${startDay_check_before_search}' == '${startDay_check_after_search}'</arg>
</arguments>
<msg timestamp="20210905 06:26:03.798" level="FAIL">''01-01-2019' == '01-01-2021'' should be true.</msg>
<status status="FAIL" starttime="20210905 06:26:03.797" endtime="20210905 06:26:03.798"></status>
</kw>
<msg timestamp="20210905 06:26:03.798" level="INFO">${compare_start_date} = False</msg>
<status status="PASS" starttime="20210905 06:26:03.797" endtime="20210905 06:26:03.798"></status>
</kw>
<kw name="Run Keyword Unless" library="BuiltIn">
<doc>Runs the given keyword with the given arguments if ``condition`` is false.</doc>
<arguments>
<arg>${compare_start_date}</arg>
<arg>Log To Console</arg>
<arg>This step ${compare_start_date}!</arg>
</arguments>
<kw name="Log To Console" library="BuiltIn">
<doc>Logs the given message to the console.</doc>
<arguments>
<arg>This step ${compare_start_date}!</arg>
</arguments>
<status status="PASS" starttime="20210905 06:26:03.798" endtime="20210905 06:26:03.799"></status>
</kw>
<status status="PASS" starttime="20210905 06:26:03.798" endtime="20210905 06:26:03.799"></status>
</kw>
<kw name="Run Keyword And Return Status" library="BuiltIn">
<doc>Runs the given keyword with given arguments and returns the status as a Boolean value.</doc>
<arguments>
<arg>Should Be True</arg>
<arg>'${endDay_check_before_search}' == '${endDay_check_after_search}'</arg>
</arguments>
<assign>
<var>${compare_end_date}</var>
</assign>
<kw name="Should Be True" library="BuiltIn">
<doc>Fails if the given condition is not true.</doc>
<arguments>
<arg>'${endDay_check_before_search}' == '${endDay_check_after_search}'</arg>
</arguments>
<status status="PASS" starttime="20210905 06:26:03.799" endtime="20210905 06:26:03.799"></status>
</kw>
<msg timestamp="20210905 06:26:03.800" level="INFO">${compare_end_date} = True</msg>
<status status="PASS" starttime="20210905 06:26:03.799" endtime="20210905 06:26:03.800"></status>
</kw>
<kw name="Run Keyword Unless" library="BuiltIn">
<doc>Runs the given keyword with the given arguments if ``condition`` is false.</doc>
<arguments>
<arg>${compare_end_date}</arg>
<arg>Log To Console</arg>
<arg>This step ${compare_end_date}!</arg>
</arguments>
<status status="PASS" starttime="20210905 06:26:03.800" endtime="20210905 06:26:03.800"></status>
</kw>
<kw name="Log To Console" library="BuiltIn">
<doc>Logs the given message to the console.</doc>
<arguments>
<arg>This Test Case False</arg>
</arguments>
<status status="PASS" starttime="20210905 06:26:03.800" endtime="20210905 06:26:03.800"></status>
</kw>
<kw name="Close All Browsers" library="SeleniumLibrary">
<doc>Closes all open browsers and resets the browser cache.</doc>
<status status="PASS" starttime="20210905 06:26:03.800" endtime="20210905 06:26:05.898"></status>
</kw>
<status status="PASS" starttime="20210905 06:25:28.011" endtime="20210905 06:26:05.898" critical="yes"></status>
</test>
<status status="PASS" starttime="20210905 06:25:27.807" endtime="20210905 06:26:05.900"></status>
</suite>
<statistics>
<total>
<stat pass="1" fail="0">Critical Tests</stat>
<stat pass="1" fail="0">All Tests</stat>
</total>
<tag>
</tag>
<suite>
<stat pass="1" fail="0" id="s1" name="MyLeave TC 32 42 Status">MyLeave TC 32 42 Status</stat>
</suite>
</statistics>
<errors>
</errors>
</robot>
