<?xml version="1.0" encoding="UTF-8"?>
<robot generator="Robot 3.2.2 (Python 3.9.1 on win32)" generated="20210905 20:41:38.449" rpa="false">
<suite id="s1" name="MyLeave TC 01 20 Add" source="D:\CO-OP\CubeSoftTech_WorkingSpace\Code\HR\MyLeave_TC_01_20_Add\MyLeave_TC_01_20_Add.robot">
<test id="s1-t1" name="TC-LEAVE-EMP-001 N_Login_Unsuccess">
<kw name="Employee Login Unsuccess">
<kw name="Open Browser" library="SeleniumLibrary">
<doc>Opens a new browser instance to the optional ``url``.</doc>
<arguments>
<arg>${HOMEPAGE}</arg>
<arg>${BROWSER}</arg>
</arguments>
<msg timestamp="20210905 20:41:38.611" level="INFO">Opening browser 'chrome' to base url 'http://uat.cubesofttech.com/'.</msg>
<status status="PASS" starttime="20210905 20:41:38.611" endtime="20210905 20:41:40.298"></status>
</kw>
<kw name="Maximize Browser Window" library="SeleniumLibrary">
<doc>Maximizes current browser window.</doc>
<status status="PASS" starttime="20210905 20:41:40.299" endtime="20210905 20:41:40.409"></status>
</kw>
<kw name="Title Should Be" library="SeleniumLibrary">
<doc>Verifies that the current page title equals ``title``.</doc>
<arguments>
<arg>Cube SoftTech : Login</arg>
</arguments>
<msg timestamp="20210905 20:41:40.412" level="INFO">Page title is 'Cube SoftTech : Login'.</msg>
<status status="PASS" starttime="20210905 20:41:40.409" endtime="20210905 20:41:40.412"></status>
</kw>
<kw name="Wait Until Page Contains" library="SeleniumLibrary">
<doc>Waits until ``text`` appears on the current page.</doc>
<arguments>
<arg>Login to your account</arg>
</arguments>
<status status="PASS" starttime="20210905 20:41:40.412" endtime="20210905 20:41:40.426"></status>
</kw>
<kw name="Input Text" library="SeleniumLibrary">
<doc>Types the given ``text`` into the text field identified by ``locator``.</doc>
<arguments>
<arg>username</arg>
<arg>${it_login}</arg>
</arguments>
<msg timestamp="20210905 20:41:40.426" level="INFO">Typing text 'test_hr_role' into text field 'username'.</msg>
<status status="PASS" starttime="20210905 20:41:40.426" endtime="20210905 20:41:40.487"></status>
</kw>
<kw name="Input Password" library="SeleniumLibrary">
<doc>Types the given password into the text field identified by ``locator``.</doc>
<arguments>
<arg>password</arg>
<arg>0000</arg>
</arguments>
<msg timestamp="20210905 20:41:40.488" level="INFO">Typing password into text field 'password'.</msg>
<msg timestamp="20210905 20:41:40.517" level="INFO">Temporally setting log level to: NONE</msg>
<msg timestamp="20210905 20:41:40.549" level="INFO">Log level changed from NONE to INFO.</msg>
<status status="PASS" starttime="20210905 20:41:40.487" endtime="20210905 20:41:40.549"></status>
</kw>
<kw name="Click Button" library="SeleniumLibrary">
<doc>Clicks the button identified by ``locator``.</doc>
<arguments>
<arg>id=submit myBtn</arg>
</arguments>
<msg timestamp="20210905 20:41:40.550" level="INFO">Clicking button 'id=submit myBtn'.</msg>
<status status="PASS" starttime="20210905 20:41:40.549" endtime="20210905 20:41:40.691"></status>
</kw>
<kw name="Sleep" library="BuiltIn">
<doc>Pauses the test executed for the given time.</doc>
<arguments>
<arg>10s</arg>
</arguments>
<msg timestamp="20210905 20:41:50.693" level="INFO">Slept 10 seconds</msg>
<status status="PASS" starttime="20210905 20:41:40.691" endtime="20210905 20:41:50.693"></status>
</kw>
<kw name="Capture Page Screenshot" library="SeleniumLibrary">
<doc>Takes a screenshot of the current page and embeds it into a log file.</doc>
<arguments>
<arg>1_Login_Unsuccess.png</arg>
</arguments>
<msg timestamp="20210905 20:41:50.961" level="INFO" html="yes">&lt;/td&gt;&lt;/tr&gt;&lt;tr&gt;&lt;td colspan="3"&gt;&lt;a href="1_Login_Unsuccess.png"&gt;&lt;img src="1_Login_Unsuccess.png" width="800px"&gt;&lt;/a&gt;</msg>
<status status="PASS" starttime="20210905 20:41:50.693" endtime="20210905 20:41:50.961"></status>
</kw>
<status status="PASS" starttime="20210905 20:41:38.610" endtime="20210905 20:41:50.961"></status>
</kw>
<kw name="Log To Console" library="BuiltIn">
<doc>Logs the given message to the console.</doc>
<arguments>
<arg>This Test Case Is Pass</arg>
</arguments>
<status status="PASS" starttime="20210905 20:41:50.961" endtime="20210905 20:41:50.962"></status>
</kw>
<status status="PASS" starttime="20210905 20:41:38.610" endtime="20210905 20:41:50.962" critical="yes"></status>
</test>
<test id="s1-t2" name="TC-LEAVE-EMP-002 P_Login_Success">
<kw name="Employee Login Success">
<kw name="Title Should Be" library="SeleniumLibrary">
<doc>Verifies that the current page title equals ``title``.</doc>
<arguments>
<arg>Cube SoftTech : Login</arg>
</arguments>
<msg timestamp="20210905 20:41:50.967" level="INFO">Page title is 'Cube SoftTech : Login'.</msg>
<status status="PASS" starttime="20210905 20:41:50.964" endtime="20210905 20:41:50.967"></status>
</kw>
<kw name="Wait Until Page Contains" library="SeleniumLibrary">
<doc>Waits until ``text`` appears on the current page.</doc>
<arguments>
<arg>Login to your account</arg>
</arguments>
<status status="PASS" starttime="20210905 20:41:50.967" endtime="20210905 20:41:50.975"></status>
</kw>
<kw name="Input Text" library="SeleniumLibrary">
<doc>Types the given ``text`` into the text field identified by ``locator``.</doc>
<arguments>
<arg>username</arg>
<arg>${it_login}</arg>
</arguments>
<msg timestamp="20210905 20:41:50.975" level="INFO">Typing text 'test_hr_role' into text field 'username'.</msg>
<status status="PASS" starttime="20210905 20:41:50.975" endtime="20210905 20:41:51.021"></status>
</kw>
<kw name="Input Password" library="SeleniumLibrary">
<doc>Types the given password into the text field identified by ``locator``.</doc>
<arguments>
<arg>password</arg>
<arg>1234</arg>
</arguments>
<msg timestamp="20210905 20:41:51.021" level="INFO">Typing password into text field 'password'.</msg>
<msg timestamp="20210905 20:41:51.046" level="INFO">Temporally setting log level to: NONE</msg>
<msg timestamp="20210905 20:41:51.072" level="INFO">Log level changed from NONE to INFO.</msg>
<status status="PASS" starttime="20210905 20:41:51.021" endtime="20210905 20:41:51.072"></status>
</kw>
<kw name="Click Button" library="SeleniumLibrary">
<doc>Clicks the button identified by ``locator``.</doc>
<arguments>
<arg>id=submit myBtn</arg>
</arguments>
<msg timestamp="20210905 20:41:51.072" level="INFO">Clicking button 'id=submit myBtn'.</msg>
<status status="PASS" starttime="20210905 20:41:51.072" endtime="20210905 20:42:08.915"></status>
</kw>
<kw name="Title Should Be" library="SeleniumLibrary">
<doc>Verifies that the current page title equals ``title``.</doc>
<arguments>
<arg>check in</arg>
</arguments>
<msg timestamp="20210905 20:42:08.919" level="INFO">Page title is 'check in'.</msg>
<status status="PASS" starttime="20210905 20:42:08.915" endtime="20210905 20:42:08.919"></status>
</kw>
<kw name="Wait Until Page Contains" library="SeleniumLibrary">
<doc>Waits until ``text`` appears on the current page.</doc>
<arguments>
<arg>Welcome</arg>
</arguments>
<status status="PASS" starttime="20210905 20:42:08.919" endtime="20210905 20:42:08.929"></status>
</kw>
<kw name="Page Should Contain" library="SeleniumLibrary">
<doc>Verifies that current page contains ``text``.</doc>
<arguments>
<arg>${it_login}</arg>
</arguments>
<msg timestamp="20210905 20:42:08.939" level="INFO">Current page contains text 'test_hr_role'.</msg>
<status status="PASS" starttime="20210905 20:42:08.929" endtime="20210905 20:42:08.939"></status>
</kw>
<kw name="Sleep" library="BuiltIn">
<doc>Pauses the test executed for the given time.</doc>
<arguments>
<arg>15s</arg>
</arguments>
<msg timestamp="20210905 20:42:23.941" level="INFO">Slept 15 seconds</msg>
<status status="PASS" starttime="20210905 20:42:08.939" endtime="20210905 20:42:23.941"></status>
</kw>
<kw name="Capture Page Screenshot" library="SeleniumLibrary">
<doc>Takes a screenshot of the current page and embeds it into a log file.</doc>
<arguments>
<arg>2_Login_Success.png</arg>
</arguments>
<msg timestamp="20210905 20:42:24.073" level="INFO" html="yes">&lt;/td&gt;&lt;/tr&gt;&lt;tr&gt;&lt;td colspan="3"&gt;&lt;a href="2_Login_Success.png"&gt;&lt;img src="2_Login_Success.png" width="800px"&gt;&lt;/a&gt;</msg>
<status status="PASS" starttime="20210905 20:42:23.941" endtime="20210905 20:42:24.073"></status>
</kw>
<status status="PASS" starttime="20210905 20:41:50.964" endtime="20210905 20:42:24.073"></status>
</kw>
<kw name="Log To Console" library="BuiltIn">
<doc>Logs the given message to the console.</doc>
<arguments>
<arg>This Test Case Is Pass</arg>
</arguments>
<status status="PASS" starttime="20210905 20:42:24.074" endtime="20210905 20:42:24.074"></status>
</kw>
<status status="PASS" starttime="20210905 20:41:50.963" endtime="20210905 20:42:24.075" critical="yes"></status>
</test>
<test id="s1-t3" name="TC-LEAVE-EMP-003 P_Add_Vacation_Leave">
<kw name="IT Click MyLeave Button">
<kw name="Click Element" library="SeleniumLibrary">
<doc>Click the element identified by ``locator``.</doc>
<arguments>
<arg>xpath://*[@href="myleave_list?Id=${it_login}"]</arg>
</arguments>
<msg timestamp="20210905 20:42:24.077" level="INFO">Clicking element 'xpath://*[@href="myleave_list?Id=test_hr_role"]'.</msg>
<status status="PASS" starttime="20210905 20:42:24.076" endtime="20210905 20:42:24.813"></status>
</kw>
<kw name="Title Should Be" library="SeleniumLibrary">
<doc>Verifies that the current page title equals ``title``.</doc>
<arguments>
<arg>My leave list</arg>
</arguments>
<msg timestamp="20210905 20:42:24.819" level="INFO">Page title is 'My leave list'.</msg>
<status status="PASS" starttime="20210905 20:42:24.813" endtime="20210905 20:42:24.820"></status>
</kw>
<status status="PASS" starttime="20210905 20:42:24.076" endtime="20210905 20:42:24.820"></status>
</kw>
<kw name="Click Add Leave">
<kw name="Click Button" library="SeleniumLibrary">
<doc>Clicks the button identified by ``locator``.</doc>
<arguments>
<arg>addLeave</arg>
</arguments>
<msg timestamp="20210905 20:42:24.821" level="INFO">Clicking button 'addLeave'.</msg>
<status status="PASS" starttime="20210905 20:42:24.820" endtime="20210905 20:42:25.132"></status>
</kw>
<kw name="Title Should Be" library="SeleniumLibrary">
<doc>Verifies that the current page title equals ``title``.</doc>
<arguments>
<arg>Add Leave</arg>
</arguments>
<msg timestamp="20210905 20:42:25.135" level="INFO">Page title is 'Add Leave'.</msg>
<status status="PASS" starttime="20210905 20:42:25.132" endtime="20210905 20:42:25.135"></status>
</kw>
<status status="PASS" starttime="20210905 20:42:24.820" endtime="20210905 20:42:25.135"></status>
</kw>
<kw name="Wait Until Page Contains" library="SeleniumLibrary">
<doc>Waits until ``text`` appears on the current page.</doc>
<arguments>
<arg>${it_name}</arg>
</arguments>
<status status="PASS" starttime="20210905 20:42:25.135" endtime="20210905 20:42:25.147"></status>
</kw>
<kw name="Click Element" library="SeleniumLibrary">
<doc>Click the element identified by ``locator``.</doc>
<arguments>
<arg>xpath=//*[@id="leaveTypes"]/label[1]</arg>
</arguments>
<msg timestamp="20210905 20:42:25.148" level="INFO">Clicking element 'xpath=//*[@id="leaveTypes"]/label[1]'.</msg>
<status status="PASS" starttime="20210905 20:42:25.147" endtime="20210905 20:42:25.191"></status>
</kw>
<kw name="Radio Button Should Be Set To" library="SeleniumLibrary">
<doc>Verifies radio button group ``group_name`` is set to ``value``.</doc>
<arguments>
<arg>leaveType</arg>
<arg>1</arg>
</arguments>
<msg timestamp="20210905 20:42:25.192" level="INFO">Verifying radio button 'leaveType' has selection '1'.</msg>
<status status="PASS" starttime="20210905 20:42:25.192" endtime="20210905 20:42:25.218"></status>
</kw>
<kw name="Click Element" library="SeleniumLibrary">
<doc>Click the element identified by ``locator``.</doc>
<arguments>
<arg>id=date_from</arg>
</arguments>
<msg timestamp="20210905 20:42:25.219" level="INFO">Clicking element 'id=date_from'.</msg>
<status status="PASS" starttime="20210905 20:42:25.219" endtime="20210905 20:42:25.266"></status>
</kw>
<kw name="Click Element" library="SeleniumLibrary">
<doc>Click the element identified by ``locator``.</doc>
<arguments>
<arg>xpath=/html/body/div[5]/div[1]/table/thead/tr[2]/th[2]</arg>
</arguments>
<msg timestamp="20210905 20:42:25.266" level="INFO">Clicking element 'xpath=/html/body/div[5]/div[1]/table/thead/tr[2]/th[2]'.</msg>
<status status="PASS" starttime="20210905 20:42:25.266" endtime="20210905 20:42:25.300"></status>
</kw>
<kw name="Click Element" library="SeleniumLibrary">
<doc>Click the element identified by ``locator``.</doc>
<arguments>
<arg>xpath=/html/body/div[5]/div[2]/table/tbody/tr/td/span[8]</arg>
</arguments>
<msg timestamp="20210905 20:42:25.301" level="INFO">Clicking element 'xpath=/html/body/div[5]/div[2]/table/tbody/tr/td/span[8]'.</msg>
<status status="PASS" starttime="20210905 20:42:25.301" endtime="20210905 20:42:25.342"></status>
</kw>
<kw name="Click Element" library="SeleniumLibrary">
<doc>Click the element identified by ``locator``.</doc>
<arguments>
<arg>xpath=/html/body/div[5]/div[1]/table/tbody/tr[4]/td[5]</arg>
</arguments>
<msg timestamp="20210905 20:42:25.342" level="INFO">Clicking element 'xpath=/html/body/div[5]/div[1]/table/tbody/tr[4]/td[5]'.</msg>
<status status="PASS" starttime="20210905 20:42:25.342" endtime="20210905 20:42:25.388"></status>
</kw>
<kw name="Click Element" library="SeleniumLibrary">
<doc>Click the element identified by ``locator``.</doc>
<arguments>
<arg>id=date_to</arg>
</arguments>
<msg timestamp="20210905 20:42:25.389" level="INFO">Clicking element 'id=date_to'.</msg>
<status status="PASS" starttime="20210905 20:42:25.389" endtime="20210905 20:42:25.435"></status>
</kw>
<kw name="Click Element" library="SeleniumLibrary">
<doc>Click the element identified by ``locator``.</doc>
<arguments>
<arg>xpath=/html/body/div[5]/div[1]/table/thead/tr[2]/th[2]</arg>
</arguments>
<msg timestamp="20210905 20:42:25.436" level="INFO">Clicking element 'xpath=/html/body/div[5]/div[1]/table/thead/tr[2]/th[2]'.</msg>
<status status="PASS" starttime="20210905 20:42:25.435" endtime="20210905 20:42:25.471"></status>
</kw>
<kw name="Click Element" library="SeleniumLibrary">
<doc>Click the element identified by ``locator``.</doc>
<arguments>
<arg>xpath=/html/body/div[5]/div[2]/table/tbody/tr/td/span[8]</arg>
</arguments>
<msg timestamp="20210905 20:42:25.472" level="INFO">Clicking element 'xpath=/html/body/div[5]/div[2]/table/tbody/tr/td/span[8]'.</msg>
<status status="PASS" starttime="20210905 20:42:25.471" endtime="20210905 20:42:25.514"></status>
</kw>
<kw name="Click Element" library="SeleniumLibrary">
<doc>Click the element identified by ``locator``.</doc>
<arguments>
<arg>xpath=/html/body/div[5]/div[1]/table/tbody/tr[4]/td[6]</arg>
</arguments>
<msg timestamp="20210905 20:42:25.515" level="INFO">Clicking element 'xpath=/html/body/div[5]/div[1]/table/tbody/tr[4]/td[6]'.</msg>
<status status="PASS" starttime="20210905 20:42:25.515" endtime="20210905 20:42:25.559"></status>
</kw>
<kw name="Get Value" library="SeleniumLibrary">
<doc>Returns the value attribute of the element identified by ``locator``.</doc>
<arguments>
<arg>xpath=//*[@id="date_from"]</arg>
</arguments>
<assign>
<var>${check_dateFrom}</var>
</assign>
<msg timestamp="20210905 20:42:25.572" level="INFO">${check_dateFrom} = 19-08-2021</msg>
<status status="PASS" starttime="20210905 20:42:25.559" endtime="20210905 20:42:25.572"></status>
</kw>
<kw name="Get Value" library="SeleniumLibrary">
<doc>Returns the value attribute of the element identified by ``locator``.</doc>
<arguments>
<arg>xpath=//*[@id="date_to"]</arg>
</arguments>
<assign>
<var>${check_dateTo}</var>
</assign>
<msg timestamp="20210905 20:42:25.584" level="INFO">${check_dateTo} = 20-08-2021</msg>
<status status="PASS" starttime="20210905 20:42:25.573" endtime="20210905 20:42:25.584"></status>
</kw>
<kw name="Get Current Date" library="DateTime">
<doc>Returns current local or UTC time with an optional increment.</doc>
<arguments>
<arg>result_format=%Y</arg>
</arguments>
<assign>
<var>${year}</var>
</assign>
<msg timestamp="20210905 20:42:25.585" level="INFO">${year} = 2021</msg>
<status status="PASS" starttime="20210905 20:42:25.584" endtime="20210905 20:42:25.585"></status>
</kw>
<kw name="Should Be True" library="BuiltIn">
<doc>Fails if the given condition is not true.</doc>
<arguments>
<arg>'${check_dateFrom}' == '19-08-''${year}' and '${check_dateTo}' == '20-08-''${year}'</arg>
</arguments>
<status status="PASS" starttime="20210905 20:42:25.585" endtime="20210905 20:42:25.585"></status>
</kw>
<kw name="Get Value" library="SeleniumLibrary">
<doc>Returns the value attribute of the element identified by ``locator``.</doc>
<arguments>
<arg>xpath=//*[@id="amount"]</arg>
</arguments>
<assign>
<var>${check_amount}</var>
</assign>
<msg timestamp="20210905 20:42:25.598" level="INFO">${check_amount} = 2</msg>
<status status="PASS" starttime="20210905 20:42:25.586" endtime="20210905 20:42:25.598"></status>
</kw>
<kw name="Should Be True" library="BuiltIn">
<doc>Fails if the given condition is not true.</doc>
<arguments>
<arg>'${check_amount}' == '2'</arg>
</arguments>
<status status="PASS" starttime="20210905 20:42:25.598" endtime="20210905 20:42:25.598"></status>
</kw>
<kw name="Input Text" library="SeleniumLibrary">
<doc>Types the given ``text`` into the text field identified by ``locator``.</doc>
<arguments>
<arg>id=description</arg>
<arg>TC-LEAVE-003</arg>
</arguments>
<msg timestamp="20210905 20:42:25.598" level="INFO">Typing text 'TC-LEAVE-003' into text field 'id=description'.</msg>
<status status="PASS" starttime="20210905 20:42:25.598" endtime="20210905 20:42:25.655"></status>
</kw>
<kw name="Get Value" library="SeleniumLibrary">
<doc>Returns the value attribute of the element identified by ``locator``.</doc>
<arguments>
<arg>xpath=//*[@id="description"]</arg>
</arguments>
<assign>
<var>${check_description}</var>
</assign>
<msg timestamp="20210905 20:42:25.668" level="INFO">${check_description} = TC-LEAVE-003</msg>
<status status="PASS" starttime="20210905 20:42:25.655" endtime="20210905 20:42:25.668"></status>
</kw>
<kw name="Should Be True" library="BuiltIn">
<doc>Fails if the given condition is not true.</doc>
<arguments>
<arg>'${check_description}' == 'TC-LEAVE-003'</arg>
</arguments>
<status status="PASS" starttime="20210905 20:42:25.668" endtime="20210905 20:42:25.668"></status>
</kw>
<kw name="Input Text" library="SeleniumLibrary">
<doc>Types the given ``text`` into the text field identified by ``locator``.</doc>
<arguments>
<arg>id=reason</arg>
<arg>เป็นส่วนหนึ่งในการทดสอบ</arg>
</arguments>
<msg timestamp="20210905 20:42:25.669" level="INFO">Typing text 'เป็นส่วนหนึ่งในการทดสอบ' into text field 'id=reason'.</msg>
<status status="PASS" starttime="20210905 20:42:25.669" endtime="20210905 20:42:25.731"></status>
</kw>
<kw name="Get Value" library="SeleniumLibrary">
<doc>Returns the value attribute of the element identified by ``locator``.</doc>
<arguments>
<arg>xpath=//*[@id="reason"]</arg>
</arguments>
<assign>
<var>${check_reason}</var>
</assign>
<msg timestamp="20210905 20:42:25.742" level="INFO">${check_reason} = เป็นส่วนหนึ่งในการทดสอบ</msg>
<status status="PASS" starttime="20210905 20:42:25.731" endtime="20210905 20:42:25.742"></status>
</kw>
<kw name="Should Be True" library="BuiltIn">
<doc>Fails if the given condition is not true.</doc>
<arguments>
<arg>'${check_reason}' == 'เป็นส่วนหนึ่งในการทดสอบ'</arg>
</arguments>
<status status="PASS" starttime="20210905 20:42:25.743" endtime="20210905 20:42:25.743"></status>
</kw>
<kw name="Get Text" library="SeleniumLibrary">
<doc>Returns the text value of the element identified by ``locator``.</doc>
<arguments>
<arg>xpath=//*[@id="approver"]/option[5]</arg>
</arguments>
<assign>
<var>${check_approver}</var>
</assign>
<msg timestamp="20210905 20:42:25.760" level="INFO">${check_approver} = วีระวัฒน์ ภูมิพัฒนพงศ์</msg>
<status status="PASS" starttime="20210905 20:42:25.744" endtime="20210905 20:42:25.760"></status>
</kw>
<kw name="Should Be True" library="BuiltIn">
<doc>Fails if the given condition is not true.</doc>
<arguments>
<arg>"${check_approver}" == "${approver_hr}"</arg>
</arguments>
<status status="PASS" starttime="20210905 20:42:25.760" endtime="20210905 20:42:25.761"></status>
</kw>
<kw name="Get Text" library="SeleniumLibrary">
<doc>Returns the text value of the element identified by ``locator``.</doc>
<arguments>
<arg>xpath=//*[@id="status"]/option[1]</arg>
</arguments>
<assign>
<var>${check_status}</var>
</assign>
<msg timestamp="20210905 20:42:25.778" level="INFO">${check_status} = Wait for approve</msg>
<status status="PASS" starttime="20210905 20:42:25.761" endtime="20210905 20:42:25.778"></status>
</kw>
<kw name="Should Be True" library="BuiltIn">
<doc>Fails if the given condition is not true.</doc>
<arguments>
<arg>'${check_status}' == 'Wait for approve'</arg>
</arguments>
<status status="PASS" starttime="20210905 20:42:25.778" endtime="20210905 20:42:25.779"></status>
</kw>
<kw name="Click Element" library="SeleniumLibrary">
<doc>Click the element identified by ``locator``.</doc>
<arguments>
<arg>xpath=//*[@class="btn btn-sm blue-soft"]</arg>
</arguments>
<msg timestamp="20210905 20:42:25.779" level="INFO">Clicking element 'xpath=//*[@class="btn btn-sm blue-soft"]'.</msg>
<status status="PASS" starttime="20210905 20:42:25.779" endtime="20210905 20:44:02.282"></status>
</kw>
<kw name="Wait Until Location Is" library="SeleniumLibrary">
<doc>Waits until the current URL is ``expected``.</doc>
<arguments>
<arg>http://uat.cubesofttech.com/leavecalendar</arg>
</arguments>
<status status="PASS" starttime="20210905 20:44:02.282" endtime="20210905 20:44:02.288"></status>
</kw>
<kw name="IT Click MyLeave Button">
<kw name="Click Element" library="SeleniumLibrary">
<doc>Click the element identified by ``locator``.</doc>
<arguments>
<arg>xpath://*[@href="myleave_list?Id=${it_login}"]</arg>
</arguments>
<msg timestamp="20210905 20:44:02.289" level="INFO">Clicking element 'xpath://*[@href="myleave_list?Id=test_hr_role"]'.</msg>
<status status="PASS" starttime="20210905 20:44:02.288" endtime="20210905 20:44:02.920"></status>
</kw>
<kw name="Title Should Be" library="SeleniumLibrary">
<doc>Verifies that the current page title equals ``title``.</doc>
<arguments>
<arg>My leave list</arg>
</arguments>
<msg timestamp="20210905 20:44:02.925" level="INFO">Page title is 'My leave list'.</msg>
<status status="PASS" starttime="20210905 20:44:02.920" endtime="20210905 20:44:02.925"></status>
</kw>
<status status="PASS" starttime="20210905 20:44:02.288" endtime="20210905 20:44:02.925"></status>
</kw>
<kw name="Get Current Date" library="DateTime">
<doc>Returns current local or UTC time with an optional increment.</doc>
<arguments>
<arg>result_format=%d-%m-%Y</arg>
</arguments>
<assign>
<var>${currentDate}</var>
</assign>
<msg timestamp="20210905 20:44:02.926" level="INFO">${currentDate} = 05-09-2021</msg>
<status status="PASS" starttime="20210905 20:44:02.925" endtime="20210905 20:44:02.926"></status>
</kw>
<kw name="Get Current Date" library="DateTime">
<doc>Returns current local or UTC time with an optional increment.</doc>
<arguments>
<arg>result_format=%H:</arg>
</arguments>
<assign>
<var>${currentTime}</var>
</assign>
<msg timestamp="20210905 20:44:02.926" level="INFO">${currentTime} = 20:</msg>
<status status="PASS" starttime="20210905 20:44:02.926" endtime="20210905 20:44:02.926"></status>
</kw>
<kw name="Get Table Cell" library="SeleniumLibrary">
<doc>Returns contents of a table cell.</doc>
<arguments>
<arg>${table}</arg>
<arg>1</arg>
<arg>2</arg>
</arguments>
<assign>
<var>${check_submit}</var>
</assign>
<msg timestamp="20210905 20:44:02.970" level="INFO">${check_submit} = Submit date</msg>
<status status="PASS" starttime="20210905 20:44:02.926" endtime="20210905 20:44:02.970"></status>
</kw>
<kw name="Get Table Cell" library="SeleniumLibrary">
<doc>Returns contents of a table cell.</doc>
<arguments>
<arg>${table}</arg>
<arg>2</arg>
<arg>2</arg>
</arguments>
<assign>
<var>${check_submit_data}</var>
</assign>
<msg timestamp="20210905 20:44:03.003" level="INFO">${check_submit_data} = 05-09-2021 20:44</msg>
<status status="PASS" starttime="20210905 20:44:02.971" endtime="20210905 20:44:03.003"></status>
</kw>
<kw name="Remove String" library="String">
<doc>Removes all ``removables`` from the given ``string``.</doc>
<arguments>
<arg>${check_submit_data}</arg>
<arg>${currentDate}</arg>
<arg>${currentTime}</arg>
<arg>${space}</arg>
</arguments>
<assign>
<var>${split}</var>
</assign>
<msg timestamp="20210905 20:44:03.004" level="INFO">${split} = 44</msg>
<status status="PASS" starttime="20210905 20:44:03.004" endtime="20210905 20:44:03.004"></status>
</kw>
<kw name="Should Be True" library="BuiltIn">
<doc>Fails if the given condition is not true.</doc>
<arguments>
<arg>'${check_submit}' == 'Submit date' and '${check_submit_data}' == '${currentDate} ${currentTime}${split}'</arg>
</arguments>
<status status="PASS" starttime="20210905 20:44:03.004" endtime="20210905 20:44:03.005"></status>
</kw>
<kw name="Get Table Cell" library="SeleniumLibrary">
<doc>Returns contents of a table cell.</doc>
<arguments>
<arg>${table}</arg>
<arg>1</arg>
<arg>3</arg>
</arguments>
<assign>
<var>${check_applicant}</var>
</assign>
<msg timestamp="20210905 20:44:03.030" level="INFO">${check_applicant} = The applicant</msg>
<status status="PASS" starttime="20210905 20:44:03.005" endtime="20210905 20:44:03.030"></status>
</kw>
<kw name="Get Table Cell" library="SeleniumLibrary">
<doc>Returns contents of a table cell.</doc>
<arguments>
<arg>${table}</arg>
<arg>2</arg>
<arg>3</arg>
</arguments>
<assign>
<var>${check_applicant_data}</var>
</assign>
<msg timestamp="20210905 20:44:03.059" level="INFO">${check_applicant_data} = test_hr_role</msg>
<status status="PASS" starttime="20210905 20:44:03.030" endtime="20210905 20:44:03.059"></status>
</kw>
<kw name="Should Be True" library="BuiltIn">
<doc>Fails if the given condition is not true.</doc>
<arguments>
<arg>'${check_applicant}' == 'The applicant' and '${check_applicant_data}' == '${it_login}'</arg>
</arguments>
<status status="PASS" starttime="20210905 20:44:03.060" endtime="20210905 20:44:03.060"></status>
</kw>
<kw name="Get Table Cell" library="SeleniumLibrary">
<doc>Returns contents of a table cell.</doc>
<arguments>
<arg>${table}</arg>
<arg>1</arg>
<arg>4</arg>
</arguments>
<assign>
<var>${check_typeOfLeave}</var>
</assign>
<msg timestamp="20210905 20:44:03.086" level="INFO">${check_typeOfLeave} = Type of leave</msg>
<status status="PASS" starttime="20210905 20:44:03.061" endtime="20210905 20:44:03.086"></status>
</kw>
<kw name="Get Table Cell" library="SeleniumLibrary">
<doc>Returns contents of a table cell.</doc>
<arguments>
<arg>${table}</arg>
<arg>2</arg>
<arg>4</arg>
</arguments>
<assign>
<var>${check_typeOfLeave_data}</var>
</assign>
<msg timestamp="20210905 20:44:03.113" level="INFO">${check_typeOfLeave_data} = ลากิจ/ลาพักร้อน</msg>
<status status="PASS" starttime="20210905 20:44:03.086" endtime="20210905 20:44:03.114"></status>
</kw>
<kw name="Should Be True" library="BuiltIn">
<doc>Fails if the given condition is not true.</doc>
<arguments>
<arg>'${check_typeOfLeave}' == 'Type of leave' and '${check_typeOfLeave_data}' == 'ลากิจ/ลาพักร้อน'</arg>
</arguments>
<status status="PASS" starttime="20210905 20:44:03.114" endtime="20210905 20:44:03.114"></status>
</kw>
<kw name="Get Table Cell" library="SeleniumLibrary">
<doc>Returns contents of a table cell.</doc>
<arguments>
<arg>${table}</arg>
<arg>1</arg>
<arg>5</arg>
</arguments>
<assign>
<var>${check_StartDate}</var>
</assign>
<msg timestamp="20210905 20:44:03.140" level="INFO">${check_StartDate} = Start date (Since)</msg>
<status status="PASS" starttime="20210905 20:44:03.114" endtime="20210905 20:44:03.140"></status>
</kw>
<kw name="Get Table Cell" library="SeleniumLibrary">
<doc>Returns contents of a table cell.</doc>
<arguments>
<arg>${table}</arg>
<arg>2</arg>
<arg>5</arg>
</arguments>
<assign>
<var>${check_StartDate_data}</var>
</assign>
<msg timestamp="20210905 20:44:03.167" level="INFO">${check_StartDate_data} = 19-08-2021</msg>
<status status="PASS" starttime="20210905 20:44:03.140" endtime="20210905 20:44:03.167"></status>
</kw>
<kw name="Should Be True" library="BuiltIn">
<doc>Fails if the given condition is not true.</doc>
<arguments>
<arg>'${check_StartDate}' == 'Start date (Since)' and '${check_StartDate_data}' == '${check_dateFrom}'</arg>
</arguments>
<status status="PASS" starttime="20210905 20:44:03.168" endtime="20210905 20:44:03.168"></status>
</kw>
<kw name="Get Table Cell" library="SeleniumLibrary">
<doc>Returns contents of a table cell.</doc>
<arguments>
<arg>${table}</arg>
<arg>1</arg>
<arg>6</arg>
</arguments>
<assign>
<var>${check_EndDate}</var>
</assign>
<msg timestamp="20210905 20:44:03.193" level="INFO">${check_EndDate} = End date (Until)</msg>
<status status="PASS" starttime="20210905 20:44:03.168" endtime="20210905 20:44:03.193"></status>
</kw>
<kw name="Get Table Cell" library="SeleniumLibrary">
<doc>Returns contents of a table cell.</doc>
<arguments>
<arg>${table}</arg>
<arg>2</arg>
<arg>6</arg>
</arguments>
<assign>
<var>${check_EndDate_data}</var>
</assign>
<msg timestamp="20210905 20:44:03.221" level="INFO">${check_EndDate_data} = 20-08-2021</msg>
<status status="PASS" starttime="20210905 20:44:03.193" endtime="20210905 20:44:03.221"></status>
</kw>
<kw name="Should Be True" library="BuiltIn">
<doc>Fails if the given condition is not true.</doc>
<arguments>
<arg>'${check_EndDate}' == 'End date (Until)' and '${check_EndDate_data}' == '${check_dateTo}'</arg>
</arguments>
<status status="PASS" starttime="20210905 20:44:03.222" endtime="20210905 20:44:03.222"></status>
</kw>
<kw name="Get Table Cell" library="SeleniumLibrary">
<doc>Returns contents of a table cell.</doc>
<arguments>
<arg>${table}</arg>
<arg>1</arg>
<arg>7</arg>
</arguments>
<assign>
<var>${check_AmountOfTheDay}</var>
</assign>
<msg timestamp="20210905 20:44:03.246" level="INFO">${check_AmountOfTheDay} = Amount the day</msg>
<status status="PASS" starttime="20210905 20:44:03.222" endtime="20210905 20:44:03.246"></status>
</kw>
<kw name="Get Table Cell" library="SeleniumLibrary">
<doc>Returns contents of a table cell.</doc>
<arguments>
<arg>${table}</arg>
<arg>2</arg>
<arg>7</arg>
</arguments>
<assign>
<var>${check_AmountOfTheDay_data}</var>
</assign>
<msg timestamp="20210905 20:44:03.273" level="INFO">${check_AmountOfTheDay_data} = 2.000</msg>
<status status="PASS" starttime="20210905 20:44:03.246" endtime="20210905 20:44:03.273"></status>
</kw>
<kw name="Should Be True" library="BuiltIn">
<doc>Fails if the given condition is not true.</doc>
<arguments>
<arg>'${check_AmountOfTheDay}' == 'Amount the day' and '${check_AmountOfTheDay_data}' == '${check_amount}.000'</arg>
</arguments>
<status status="PASS" starttime="20210905 20:44:03.274" endtime="20210905 20:44:03.274"></status>
</kw>
<kw name="Get Table Cell" library="SeleniumLibrary">
<doc>Returns contents of a table cell.</doc>
<arguments>
<arg>${table}</arg>
<arg>1</arg>
<arg>8</arg>
</arguments>
<assign>
<var>${check_LeaveStatus}</var>
</assign>
<msg timestamp="20210905 20:44:03.299" level="INFO">${check_LeaveStatus} = Status</msg>
<status status="PASS" starttime="20210905 20:44:03.274" endtime="20210905 20:44:03.299"></status>
</kw>
<kw name="Get Table Cell" library="SeleniumLibrary">
<doc>Returns contents of a table cell.</doc>
<arguments>
<arg>${table}</arg>
<arg>2</arg>
<arg>8</arg>
</arguments>
<assign>
<var>${check_LeaveStatus_data}</var>
</assign>
<msg timestamp="20210905 20:44:03.327" level="INFO">${check_LeaveStatus_data} = Waiting for approve</msg>
<status status="PASS" starttime="20210905 20:44:03.299" endtime="20210905 20:44:03.327"></status>
</kw>
<kw name="Should Be True" library="BuiltIn">
<doc>Fails if the given condition is not true.</doc>
<arguments>
<arg>'${check_LeaveStatus}' == 'Status' and '${check_LeaveStatus_data}' == 'Waiting for approve'</arg>
</arguments>
<status status="PASS" starttime="20210905 20:44:03.327" endtime="20210905 20:44:03.328"></status>
</kw>
<kw name="Sleep" library="BuiltIn">
<doc>Pauses the test executed for the given time.</doc>
<arguments>
<arg>10s</arg>
</arguments>
<msg timestamp="20210905 20:44:13.329" level="INFO">Slept 10 seconds</msg>
<status status="PASS" starttime="20210905 20:44:03.328" endtime="20210905 20:44:13.329"></status>
</kw>
<kw name="Capture Page Screenshot" library="SeleniumLibrary">
<doc>Takes a screenshot of the current page and embeds it into a log file.</doc>
<arguments>
<arg>3_Add_Vacation_Leave.png</arg>
</arguments>
<msg timestamp="20210905 20:44:13.443" level="INFO" html="yes">&lt;/td&gt;&lt;/tr&gt;&lt;tr&gt;&lt;td colspan="3"&gt;&lt;a href="3_Add_Vacation_Leave.png"&gt;&lt;img src="3_Add_Vacation_Leave.png" width="800px"&gt;&lt;/a&gt;</msg>
<status status="PASS" starttime="20210905 20:44:13.330" endtime="20210905 20:44:13.443"></status>
</kw>
<kw name="Log To Console" library="BuiltIn">
<doc>Logs the given message to the console.</doc>
<arguments>
<arg>This Test Case Is Pass</arg>
</arguments>
<status status="PASS" starttime="20210905 20:44:13.443" endtime="20210905 20:44:13.444"></status>
</kw>
<status status="PASS" starttime="20210905 20:42:24.075" endtime="20210905 20:44:13.444" critical="yes"></status>
</test>
<test id="s1-t4" name="TC-LEAVE-EMP-004 P_Add_Vacation_From_Last_Year_Leave">
<kw name="IT Click MyLeave Button">
<kw name="Click Element" library="SeleniumLibrary">
<doc>Click the element identified by ``locator``.</doc>
<arguments>
<arg>xpath://*[@href="myleave_list?Id=${it_login}"]</arg>
</arguments>
<msg timestamp="20210905 20:44:13.446" level="INFO">Clicking element 'xpath://*[@href="myleave_list?Id=test_hr_role"]'.</msg>
<status status="PASS" starttime="20210905 20:44:13.446" endtime="20210905 20:44:14.060"></status>
</kw>
<kw name="Title Should Be" library="SeleniumLibrary">
<doc>Verifies that the current page title equals ``title``.</doc>
<arguments>
<arg>My leave list</arg>
</arguments>
<msg timestamp="20210905 20:44:14.063" level="INFO">Page title is 'My leave list'.</msg>
<status status="PASS" starttime="20210905 20:44:14.060" endtime="20210905 20:44:14.063"></status>
</kw>
<status status="PASS" starttime="20210905 20:44:13.445" endtime="20210905 20:44:14.063"></status>
</kw>
<kw name="Click Add Leave">
<kw name="Click Button" library="SeleniumLibrary">
<doc>Clicks the button identified by ``locator``.</doc>
<arguments>
<arg>addLeave</arg>
</arguments>
<msg timestamp="20210905 20:44:14.064" level="INFO">Clicking button 'addLeave'.</msg>
<status status="PASS" starttime="20210905 20:44:14.064" endtime="20210905 20:44:14.304"></status>
</kw>
<kw name="Title Should Be" library="SeleniumLibrary">
<doc>Verifies that the current page title equals ``title``.</doc>
<arguments>
<arg>Add Leave</arg>
</arguments>
<msg timestamp="20210905 20:44:14.313" level="INFO">Page title is 'Add Leave'.</msg>
<status status="PASS" starttime="20210905 20:44:14.305" endtime="20210905 20:44:14.313"></status>
</kw>
<status status="PASS" starttime="20210905 20:44:14.064" endtime="20210905 20:44:14.314"></status>
</kw>
<kw name="Wait Until Page Contains" library="SeleniumLibrary">
<doc>Waits until ``text`` appears on the current page.</doc>
<arguments>
<arg>${it_name}</arg>
</arguments>
<status status="PASS" starttime="20210905 20:44:14.314" endtime="20210905 20:44:14.329"></status>
</kw>
<kw name="Click Element" library="SeleniumLibrary">
<doc>Click the element identified by ``locator``.</doc>
<arguments>
<arg>xpath=//*[@id="leaveTypes"]/label[5]</arg>
</arguments>
<msg timestamp="20210905 20:44:14.329" level="INFO">Clicking element 'xpath=//*[@id="leaveTypes"]/label[5]'.</msg>
<status status="PASS" starttime="20210905 20:44:14.329" endtime="20210905 20:44:14.375"></status>
</kw>
<kw name="Radio Button Should Be Set To" library="SeleniumLibrary">
<doc>Verifies radio button group ``group_name`` is set to ``value``.</doc>
<arguments>
<arg>leaveType</arg>
<arg>6</arg>
</arguments>
<msg timestamp="20210905 20:44:14.376" level="INFO">Verifying radio button 'leaveType' has selection '6'.</msg>
<status status="PASS" starttime="20210905 20:44:14.376" endtime="20210905 20:44:14.422"></status>
</kw>
<kw name="Click Element" library="SeleniumLibrary">
<doc>Click the element identified by ``locator``.</doc>
<arguments>
<arg>id=date_from</arg>
</arguments>
<msg timestamp="20210905 20:44:14.423" level="INFO">Clicking element 'id=date_from'.</msg>
<status status="PASS" starttime="20210905 20:44:14.423" endtime="20210905 20:44:14.468"></status>
</kw>
<kw name="Click Element" library="SeleniumLibrary">
<doc>Click the element identified by ``locator``.</doc>
<arguments>
<arg>xpath=/html/body/div[5]/div[1]/table/thead/tr[2]/th[2]</arg>
</arguments>
<msg timestamp="20210905 20:44:14.469" level="INFO">Clicking element 'xpath=/html/body/div[5]/div[1]/table/thead/tr[2]/th[2]'.</msg>
<status status="PASS" starttime="20210905 20:44:14.469" endtime="20210905 20:44:14.505"></status>
</kw>
<kw name="Click Element" library="SeleniumLibrary">
<doc>Click the element identified by ``locator``.</doc>
<arguments>
<arg>xpath=/html/body/div[5]/div[2]/table/tbody/tr/td/span[8]</arg>
</arguments>
<msg timestamp="20210905 20:44:14.505" level="INFO">Clicking element 'xpath=/html/body/div[5]/div[2]/table/tbody/tr/td/span[8]'.</msg>
<status status="PASS" starttime="20210905 20:44:14.505" endtime="20210905 20:44:14.547"></status>
</kw>
<kw name="Click Element" library="SeleniumLibrary">
<doc>Click the element identified by ``locator``.</doc>
<arguments>
<arg>xpath=/html/body/div[5]/div[1]/table/tbody/tr[5]/td[4]</arg>
</arguments>
<msg timestamp="20210905 20:44:14.548" level="INFO">Clicking element 'xpath=/html/body/div[5]/div[1]/table/tbody/tr[5]/td[4]'.</msg>
<status status="PASS" starttime="20210905 20:44:14.548" endtime="20210905 20:44:14.593"></status>
</kw>
<kw name="Get Value" library="SeleniumLibrary">
<doc>Returns the value attribute of the element identified by ``locator``.</doc>
<arguments>
<arg>xpath=//*[@id="date_from"]</arg>
</arguments>
<assign>
<var>${check_dateFrom}</var>
</assign>
<msg timestamp="20210905 20:44:14.609" level="INFO">${check_dateFrom} = 25-08-2021</msg>
<status status="PASS" starttime="20210905 20:44:14.594" endtime="20210905 20:44:14.609"></status>
</kw>
<kw name="Click Element" library="SeleniumLibrary">
<doc>Click the element identified by ``locator``.</doc>
<arguments>
<arg>id=date_to</arg>
</arguments>
<msg timestamp="20210905 20:44:14.610" level="INFO">Clicking element 'id=date_to'.</msg>
<status status="PASS" starttime="20210905 20:44:14.609" endtime="20210905 20:44:14.656"></status>
</kw>
<kw name="Click Element" library="SeleniumLibrary">
<doc>Click the element identified by ``locator``.</doc>
<arguments>
<arg>xpath=/html/body/div[5]/div[1]/table/thead/tr[2]/th[2]</arg>
</arguments>
<msg timestamp="20210905 20:44:14.657" level="INFO">Clicking element 'xpath=/html/body/div[5]/div[1]/table/thead/tr[2]/th[2]'.</msg>
<status status="PASS" starttime="20210905 20:44:14.656" endtime="20210905 20:44:14.696"></status>
</kw>
<kw name="Click Element" library="SeleniumLibrary">
<doc>Click the element identified by ``locator``.</doc>
<arguments>
<arg>xpath=/html/body/div[5]/div[2]/table/tbody/tr/td/span[8]</arg>
</arguments>
<msg timestamp="20210905 20:44:14.697" level="INFO">Clicking element 'xpath=/html/body/div[5]/div[2]/table/tbody/tr/td/span[8]'.</msg>
<status status="PASS" starttime="20210905 20:44:14.696" endtime="20210905 20:44:14.729"></status>
</kw>
<kw name="Get Value" library="SeleniumLibrary">
<doc>Returns the value attribute of the element identified by ``locator``.</doc>
<arguments>
<arg>xpath=//*[@id="date_from"]</arg>
</arguments>
<assign>
<var>${check_dateFrom}</var>
</assign>
<msg timestamp="20210905 20:44:14.738" level="INFO">${check_dateFrom} = 25-08-2021</msg>
<status status="PASS" starttime="20210905 20:44:14.730" endtime="20210905 20:44:14.738"></status>
</kw>
<kw name="Get Value" library="SeleniumLibrary">
<doc>Returns the value attribute of the element identified by ``locator``.</doc>
<arguments>
<arg>xpath=//*[@id="date_to"]</arg>
</arguments>
<assign>
<var>${check_dateTo}</var>
</assign>
<msg timestamp="20210905 20:44:14.751" level="INFO">${check_dateTo} = </msg>
<status status="PASS" starttime="20210905 20:44:14.738" endtime="20210905 20:44:14.751"></status>
</kw>
<kw name="Run Keyword And Return Status" library="BuiltIn">
<doc>Runs the given keyword with given arguments and returns the status as a Boolean value.</doc>
<arguments>
<arg>Wait Until Page Should Be Contains</arg>
<arg>August 2021</arg>
</arguments>
<assign>
<var>${Fail}</var>
</assign>
<kw name="Wait Until Page Should Be Contains">
<arguments>
<arg>August 2021</arg>
</arguments>
<msg timestamp="20210905 20:44:14.765" level="FAIL">No keyword with name 'Wait Until Page Should Be Contains' found.</msg>
<status status="FAIL" starttime="20210905 20:44:14.765" endtime="20210905 20:44:14.765"></status>
</kw>
<msg timestamp="20210905 20:44:14.765" level="INFO">${Fail} = False</msg>
<status status="PASS" starttime="20210905 20:44:14.751" endtime="20210905 20:44:14.765"></status>
</kw>
<kw name="Run Keyword Unless" library="BuiltIn">
<doc>Runs the given keyword with the given arguments if ``condition`` is false.</doc>
<arguments>
<arg>${Fail}</arg>
<arg>Log To Console</arg>
<arg>The step ${Fail}!</arg>
</arguments>
<kw name="Log To Console" library="BuiltIn">
<doc>Logs the given message to the console.</doc>
<arguments>
<arg>The step ${Fail}!</arg>
</arguments>
<status status="PASS" starttime="20210905 20:44:14.765" endtime="20210905 20:44:14.766"></status>
</kw>
<status status="PASS" starttime="20210905 20:44:14.765" endtime="20210905 20:44:14.766"></status>
</kw>
<kw name="Get Value" library="SeleniumLibrary">
<doc>Returns the value attribute of the element identified by ``locator``.</doc>
<arguments>
<arg>xpath=//*[@id="amount"]</arg>
</arguments>
<assign>
<var>${check_amount}</var>
</assign>
<msg timestamp="20210905 20:44:14.779" level="INFO">${check_amount} = 1</msg>
<status status="PASS" starttime="20210905 20:44:14.766" endtime="20210905 20:44:14.779"></status>
</kw>
<kw name="Should Be True" library="BuiltIn">
<doc>Fails if the given condition is not true.</doc>
<arguments>
<arg>'${check_amount}' == '1'</arg>
</arguments>
<status status="PASS" starttime="20210905 20:44:14.779" endtime="20210905 20:44:14.779"></status>
</kw>
<kw name="Input Text" library="SeleniumLibrary">
<doc>Types the given ``text`` into the text field identified by ``locator``.</doc>
<arguments>
<arg>id=description</arg>
<arg>TC-LEAVE-004</arg>
</arguments>
<msg timestamp="20210905 20:44:14.780" level="INFO">Typing text 'TC-LEAVE-004' into text field 'id=description'.</msg>
<status status="PASS" starttime="20210905 20:44:14.779" endtime="20210905 20:44:14.839"></status>
</kw>
<kw name="Get Value" library="SeleniumLibrary">
<doc>Returns the value attribute of the element identified by ``locator``.</doc>
<arguments>
<arg>xpath=//*[@id="description"]</arg>
</arguments>
<assign>
<var>${check_description}</var>
</assign>
<msg timestamp="20210905 20:44:14.851" level="INFO">${check_description} = TC-LEAVE-004</msg>
<status status="PASS" starttime="20210905 20:44:14.840" endtime="20210905 20:44:14.851"></status>
</kw>
<kw name="Should Be True" library="BuiltIn">
<doc>Fails if the given condition is not true.</doc>
<arguments>
<arg>'${check_description}' == 'TC-LEAVE-004'</arg>
</arguments>
<status status="PASS" starttime="20210905 20:44:14.852" endtime="20210905 20:44:14.852"></status>
</kw>
<kw name="Input Text" library="SeleniumLibrary">
<doc>Types the given ``text`` into the text field identified by ``locator``.</doc>
<arguments>
<arg>id=reason</arg>
<arg>เป็นส่วนหนึ่งในการทดสอบ</arg>
</arguments>
<msg timestamp="20210905 20:44:14.852" level="INFO">Typing text 'เป็นส่วนหนึ่งในการทดสอบ' into text field 'id=reason'.</msg>
<status status="PASS" starttime="20210905 20:44:14.852" endtime="20210905 20:44:14.916"></status>
</kw>
<kw name="Get Value" library="SeleniumLibrary">
<doc>Returns the value attribute of the element identified by ``locator``.</doc>
<arguments>
<arg>xpath=//*[@id="reason"]</arg>
</arguments>
<assign>
<var>${check_reason}</var>
</assign>
<msg timestamp="20210905 20:44:14.929" level="INFO">${check_reason} = เป็นส่วนหนึ่งในการทดสอบ</msg>
<status status="PASS" starttime="20210905 20:44:14.916" endtime="20210905 20:44:14.929"></status>
</kw>
<kw name="Should Be True" library="BuiltIn">
<doc>Fails if the given condition is not true.</doc>
<arguments>
<arg>'${check_reason}' == 'เป็นส่วนหนึ่งในการทดสอบ'</arg>
</arguments>
<status status="PASS" starttime="20210905 20:44:14.929" endtime="20210905 20:44:14.929"></status>
</kw>
<kw name="Get Text" library="SeleniumLibrary">
<doc>Returns the text value of the element identified by ``locator``.</doc>
<arguments>
<arg>xpath=//*[@id="approver"]/option[5]</arg>
</arguments>
<assign>
<var>${check_approver}</var>
</assign>
<msg timestamp="20210905 20:44:14.946" level="INFO">${check_approver} = วีระวัฒน์ ภูมิพัฒนพงศ์</msg>
<status status="PASS" starttime="20210905 20:44:14.930" endtime="20210905 20:44:14.947"></status>
</kw>
<kw name="Should Be True" library="BuiltIn">
<doc>Fails if the given condition is not true.</doc>
<arguments>
<arg>"${check_approver}" == "${approver_hr}"</arg>
</arguments>
<status status="PASS" starttime="20210905 20:44:14.947" endtime="20210905 20:44:14.947"></status>
</kw>
<kw name="Get Text" library="SeleniumLibrary">
<doc>Returns the text value of the element identified by ``locator``.</doc>
<arguments>
<arg>xpath=//*[@id="status"]/option[1]</arg>
</arguments>
<assign>
<var>${check_status}</var>
</assign>
<msg timestamp="20210905 20:44:14.964" level="INFO">${check_status} = Wait for approve</msg>
<status status="PASS" starttime="20210905 20:44:14.947" endtime="20210905 20:44:14.964"></status>
</kw>
<kw name="Should Be True" library="BuiltIn">
<doc>Fails if the given condition is not true.</doc>
<arguments>
<arg>'${check_status}' == 'Wait for approve'</arg>
</arguments>
<status status="PASS" starttime="20210905 20:44:14.964" endtime="20210905 20:44:14.964"></status>
</kw>
<kw name="Click Element" library="SeleniumLibrary">
<doc>Click the element identified by ``locator``.</doc>
<arguments>
<arg>xpath=//*[@class="btn btn-sm blue-soft"]</arg>
</arguments>
<msg timestamp="20210905 20:44:14.965" level="INFO">Clicking element 'xpath=//*[@class="btn btn-sm blue-soft"]'.</msg>
<status status="PASS" starttime="20210905 20:44:14.964" endtime="20210905 20:44:15.027"></status>
</kw>
<kw name="Wait Until Page Does Not Contain" library="SeleniumLibrary">
<doc>Waits until ``text`` disappears from the current page.</doc>
<arguments>
<arg>Pleace fill out this field.</arg>
</arguments>
<status status="PASS" starttime="20210905 20:44:15.027" endtime="20210905 20:44:15.039"></status>
</kw>
<kw name="Capture Page Screenshot" library="SeleniumLibrary">
<doc>Takes a screenshot of the current page and embeds it into a log file.</doc>
<arguments>
<arg>4_1_Add_Vacation_From_Last_Year_Leave.png</arg>
</arguments>
<msg timestamp="20210905 20:44:15.263" level="INFO" html="yes">&lt;/td&gt;&lt;/tr&gt;&lt;tr&gt;&lt;td colspan="3"&gt;&lt;a href="4_1_Add_Vacation_From_Last_Year_Leave.png"&gt;&lt;img src="4_1_Add_Vacation_From_Last_Year_Leave.png" width="800px"&gt;&lt;/a&gt;</msg>
<status status="PASS" starttime="20210905 20:44:15.040" endtime="20210905 20:44:15.263"></status>
</kw>
<kw name="IT Click MyLeave Button">
<kw name="Click Element" library="SeleniumLibrary">
<doc>Click the element identified by ``locator``.</doc>
<arguments>
<arg>xpath://*[@href="myleave_list?Id=${it_login}"]</arg>
</arguments>
<msg timestamp="20210905 20:44:15.264" level="INFO">Clicking element 'xpath://*[@href="myleave_list?Id=test_hr_role"]'.</msg>
<status status="PASS" starttime="20210905 20:44:15.264" endtime="20210905 20:44:15.886"></status>
</kw>
<kw name="Title Should Be" library="SeleniumLibrary">
<doc>Verifies that the current page title equals ``title``.</doc>
<arguments>
<arg>My leave list</arg>
</arguments>
<msg timestamp="20210905 20:44:15.891" level="INFO">Page title is 'My leave list'.</msg>
<status status="PASS" starttime="20210905 20:44:15.887" endtime="20210905 20:44:15.891"></status>
</kw>
<status status="PASS" starttime="20210905 20:44:15.263" endtime="20210905 20:44:15.891"></status>
</kw>
<kw name="Get Table Cell" library="SeleniumLibrary">
<doc>Returns contents of a table cell.</doc>
<arguments>
<arg>${table}</arg>
<arg>1</arg>
<arg>3</arg>
</arguments>
<assign>
<var>${check_applicant}</var>
</assign>
<msg timestamp="20210905 20:44:15.926" level="INFO">${check_applicant} = The applicant</msg>
<status status="PASS" starttime="20210905 20:44:15.891" endtime="20210905 20:44:15.926"></status>
</kw>
<kw name="Get Table Cell" library="SeleniumLibrary">
<doc>Returns contents of a table cell.</doc>
<arguments>
<arg>${table}</arg>
<arg>2</arg>
<arg>3</arg>
</arguments>
<assign>
<var>${check_applicant_data}</var>
</assign>
<msg timestamp="20210905 20:44:15.959" level="INFO">${check_applicant_data} = test_hr_role</msg>
<status status="PASS" starttime="20210905 20:44:15.926" endtime="20210905 20:44:15.959"></status>
</kw>
<kw name="Should Be True" library="BuiltIn">
<doc>Fails if the given condition is not true.</doc>
<arguments>
<arg>'${check_applicant}' == 'The applicant' and '${check_applicant_data}' == '${it_login}'</arg>
</arguments>
<status status="PASS" starttime="20210905 20:44:15.959" endtime="20210905 20:44:15.959"></status>
</kw>
<kw name="Get Table Cell" library="SeleniumLibrary">
<doc>Returns contents of a table cell.</doc>
<arguments>
<arg>${table}</arg>
<arg>1</arg>
<arg>4</arg>
</arguments>
<assign>
<var>${check_typeOfLeave}</var>
</assign>
<msg timestamp="20210905 20:44:15.986" level="INFO">${check_typeOfLeave} = Type of leave</msg>
<status status="PASS" starttime="20210905 20:44:15.959" endtime="20210905 20:44:15.986"></status>
</kw>
<kw name="Get Table Cell" library="SeleniumLibrary">
<doc>Returns contents of a table cell.</doc>
<arguments>
<arg>${table}</arg>
<arg>2</arg>
<arg>4</arg>
</arguments>
<assign>
<var>${check_typeOfLeave_data}</var>
</assign>
<msg timestamp="20210905 20:44:16.014" level="INFO">${check_typeOfLeave_data} = ลากิจ/ลาพักร้อน</msg>
<status status="PASS" starttime="20210905 20:44:15.987" endtime="20210905 20:44:16.014"></status>
</kw>
<kw name="Should Be True" library="BuiltIn">
<doc>Fails if the given condition is not true.</doc>
<arguments>
<arg>'${check_typeOfLeave}' == 'Type of leave' and '${check_typeOfLeave_data}' != 'ลาพักร้อนที่เหลือจากปีก่อน'</arg>
</arguments>
<status status="PASS" starttime="20210905 20:44:16.014" endtime="20210905 20:44:16.015"></status>
</kw>
<kw name="Get Table Cell" library="SeleniumLibrary">
<doc>Returns contents of a table cell.</doc>
<arguments>
<arg>${table}</arg>
<arg>1</arg>
<arg>5</arg>
</arguments>
<assign>
<var>${check_StartDate}</var>
</assign>
<msg timestamp="20210905 20:44:16.038" level="INFO">${check_StartDate} = Start date (Since)</msg>
<status status="PASS" starttime="20210905 20:44:16.015" endtime="20210905 20:44:16.038"></status>
</kw>
<kw name="Get Table Cell" library="SeleniumLibrary">
<doc>Returns contents of a table cell.</doc>
<arguments>
<arg>${table}</arg>
<arg>2</arg>
<arg>5</arg>
</arguments>
<assign>
<var>${check_StartDate_data}</var>
</assign>
<msg timestamp="20210905 20:44:16.066" level="INFO">${check_StartDate_data} = 19-08-2021</msg>
<status status="PASS" starttime="20210905 20:44:16.039" endtime="20210905 20:44:16.066"></status>
</kw>
<kw name="Should Be True" library="BuiltIn">
<doc>Fails if the given condition is not true.</doc>
<arguments>
<arg>'${check_StartDate}' == 'Start date (Since)' and '${check_StartDate_data}' != '${check_dateFrom}'</arg>
</arguments>
<status status="PASS" starttime="20210905 20:44:16.066" endtime="20210905 20:44:16.067"></status>
</kw>
<kw name="Get Table Cell" library="SeleniumLibrary">
<doc>Returns contents of a table cell.</doc>
<arguments>
<arg>${table}</arg>
<arg>1</arg>
<arg>6</arg>
</arguments>
<assign>
<var>${check_EndDate}</var>
</assign>
<msg timestamp="20210905 20:44:16.092" level="INFO">${check_EndDate} = End date (Until)</msg>
<status status="PASS" starttime="20210905 20:44:16.067" endtime="20210905 20:44:16.092"></status>
</kw>
<kw name="Get Table Cell" library="SeleniumLibrary">
<doc>Returns contents of a table cell.</doc>
<arguments>
<arg>${table}</arg>
<arg>2</arg>
<arg>6</arg>
</arguments>
<assign>
<var>${check_EndDate_data}</var>
</assign>
<msg timestamp="20210905 20:44:16.119" level="INFO">${check_EndDate_data} = 20-08-2021</msg>
<status status="PASS" starttime="20210905 20:44:16.092" endtime="20210905 20:44:16.119"></status>
</kw>
<kw name="Should Be True" library="BuiltIn">
<doc>Fails if the given condition is not true.</doc>
<arguments>
<arg>'${check_EndDate}' == 'End date (Until)' and '${check_EndDate_data}' != '${check_dateTo}'</arg>
</arguments>
<status status="PASS" starttime="20210905 20:44:16.119" endtime="20210905 20:44:16.119"></status>
</kw>
<kw name="Get Table Cell" library="SeleniumLibrary">
<doc>Returns contents of a table cell.</doc>
<arguments>
<arg>${table}</arg>
<arg>1</arg>
<arg>7</arg>
</arguments>
<assign>
<var>${check_AmountOfTheDay}</var>
</assign>
<msg timestamp="20210905 20:44:16.145" level="INFO">${check_AmountOfTheDay} = Amount the day</msg>
<status status="PASS" starttime="20210905 20:44:16.120" endtime="20210905 20:44:16.145"></status>
</kw>
<kw name="Get Table Cell" library="SeleniumLibrary">
<doc>Returns contents of a table cell.</doc>
<arguments>
<arg>${table}</arg>
<arg>2</arg>
<arg>7</arg>
</arguments>
<assign>
<var>${check_AmountOfTheDay_data}</var>
</assign>
<msg timestamp="20210905 20:44:16.178" level="INFO">${check_AmountOfTheDay_data} = 2.000</msg>
<status status="PASS" starttime="20210905 20:44:16.145" endtime="20210905 20:44:16.178"></status>
</kw>
<kw name="Should Be True" library="BuiltIn">
<doc>Fails if the given condition is not true.</doc>
<arguments>
<arg>'${check_AmountOfTheDay}' == 'Amount the day' and '${check_AmountOfTheDay_data}' != '${check_amount}.000'</arg>
</arguments>
<status status="PASS" starttime="20210905 20:44:16.178" endtime="20210905 20:44:16.179"></status>
</kw>
<kw name="Get Table Cell" library="SeleniumLibrary">
<doc>Returns contents of a table cell.</doc>
<arguments>
<arg>${table}</arg>
<arg>1</arg>
<arg>8</arg>
</arguments>
<assign>
<var>${check_LeaveStatus}</var>
</assign>
<msg timestamp="20210905 20:44:16.206" level="INFO">${check_LeaveStatus} = Status</msg>
<status status="PASS" starttime="20210905 20:44:16.179" endtime="20210905 20:44:16.206"></status>
</kw>
<kw name="Get Table Cell" library="SeleniumLibrary">
<doc>Returns contents of a table cell.</doc>
<arguments>
<arg>${table}</arg>
<arg>2</arg>
<arg>8</arg>
</arguments>
<assign>
<var>${check_LeaveStatus_data}</var>
</assign>
<msg timestamp="20210905 20:44:16.234" level="INFO">${check_LeaveStatus_data} = Waiting for approve</msg>
<status status="PASS" starttime="20210905 20:44:16.206" endtime="20210905 20:44:16.234"></status>
</kw>
<kw name="Should Be True" library="BuiltIn">
<doc>Fails if the given condition is not true.</doc>
<arguments>
<arg>'${check_LeaveStatus}' == 'Status' and '${check_LeaveStatus_data}' == 'Waiting for approve'</arg>
</arguments>
<status status="PASS" starttime="20210905 20:44:16.234" endtime="20210905 20:44:16.234"></status>
</kw>
<kw name="Sleep" library="BuiltIn">
<doc>Pauses the test executed for the given time.</doc>
<arguments>
<arg>10s</arg>
</arguments>
<msg timestamp="20210905 20:44:26.236" level="INFO">Slept 10 seconds</msg>
<status status="PASS" starttime="20210905 20:44:16.235" endtime="20210905 20:44:26.236"></status>
</kw>
<kw name="Capture Page Screenshot" library="SeleniumLibrary">
<doc>Takes a screenshot of the current page and embeds it into a log file.</doc>
<arguments>
<arg>4_2_Add_Vacation_From_Last_Year_Leave.png</arg>
</arguments>
<msg timestamp="20210905 20:44:26.348" level="INFO" html="yes">&lt;/td&gt;&lt;/tr&gt;&lt;tr&gt;&lt;td colspan="3"&gt;&lt;a href="4_2_Add_Vacation_From_Last_Year_Leave.png"&gt;&lt;img src="4_2_Add_Vacation_From_Last_Year_Leave.png" width="800px"&gt;&lt;/a&gt;</msg>
<status status="PASS" starttime="20210905 20:44:26.236" endtime="20210905 20:44:26.348"></status>
</kw>
<kw name="Log To Console" library="BuiltIn">
<doc>Logs the given message to the console.</doc>
<arguments>
<arg>This Test Case Is False</arg>
</arguments>
<status status="PASS" starttime="20210905 20:44:26.349" endtime="20210905 20:44:26.349"></status>
</kw>
<status status="PASS" starttime="20210905 20:44:13.445" endtime="20210905 20:44:26.349" critical="yes"></status>
</test>
<test id="s1-t5" name="TC-LEAVE-EMP-005 P_Add_Sick_Leave">
<kw name="IT Click MyLeave Button">
<kw name="Click Element" library="SeleniumLibrary">
<doc>Click the element identified by ``locator``.</doc>
<arguments>
<arg>xpath://*[@href="myleave_list?Id=${it_login}"]</arg>
</arguments>
<msg timestamp="20210905 20:44:26.352" level="INFO">Clicking element 'xpath://*[@href="myleave_list?Id=test_hr_role"]'.</msg>
<status status="PASS" starttime="20210905 20:44:26.351" endtime="20210905 20:44:26.984"></status>
</kw>
<kw name="Title Should Be" library="SeleniumLibrary">
<doc>Verifies that the current page title equals ``title``.</doc>
<arguments>
<arg>My leave list</arg>
</arguments>
<msg timestamp="20210905 20:44:26.987" level="INFO">Page title is 'My leave list'.</msg>
<status status="PASS" starttime="20210905 20:44:26.984" endtime="20210905 20:44:26.987"></status>
</kw>
<status status="PASS" starttime="20210905 20:44:26.351" endtime="20210905 20:44:26.987"></status>
</kw>
<kw name="Click Add Leave">
<kw name="Click Button" library="SeleniumLibrary">
<doc>Clicks the button identified by ``locator``.</doc>
<arguments>
<arg>addLeave</arg>
</arguments>
<msg timestamp="20210905 20:44:26.988" level="INFO">Clicking button 'addLeave'.</msg>
<status status="PASS" starttime="20210905 20:44:26.988" endtime="20210905 20:44:27.257"></status>
</kw>
<kw name="Title Should Be" library="SeleniumLibrary">
<doc>Verifies that the current page title equals ``title``.</doc>
<arguments>
<arg>Add Leave</arg>
</arguments>
<msg timestamp="20210905 20:44:27.262" level="INFO">Page title is 'Add Leave'.</msg>
<status status="PASS" starttime="20210905 20:44:27.257" endtime="20210905 20:44:27.262"></status>
</kw>
<status status="PASS" starttime="20210905 20:44:26.988" endtime="20210905 20:44:27.263"></status>
</kw>
<kw name="Wait Until Page Contains" library="SeleniumLibrary">
<doc>Waits until ``text`` appears on the current page.</doc>
<arguments>
<arg>${it_name}</arg>
</arguments>
<status status="PASS" starttime="20210905 20:44:27.263" endtime="20210905 20:44:27.275"></status>
</kw>
<kw name="Click Element" library="SeleniumLibrary">
<doc>Click the element identified by ``locator``.</doc>
<arguments>
<arg>xpath=//*[@id="leaveTypes"]/label[3]</arg>
</arguments>
<msg timestamp="20210905 20:44:27.276" level="INFO">Clicking element 'xpath=//*[@id="leaveTypes"]/label[3]'.</msg>
<status status="PASS" starttime="20210905 20:44:27.276" endtime="20210905 20:44:27.317"></status>
</kw>
<kw name="Radio Button Should Be Set To" library="SeleniumLibrary">
<doc>Verifies radio button group ``group_name`` is set to ``value``.</doc>
<arguments>
<arg>leaveType</arg>
<arg>3</arg>
</arguments>
<msg timestamp="20210905 20:44:27.318" level="INFO">Verifying radio button 'leaveType' has selection '3'.</msg>
<status status="PASS" starttime="20210905 20:44:27.317" endtime="20210905 20:44:27.348"></status>
</kw>
<kw name="Click Element" library="SeleniumLibrary">
<doc>Click the element identified by ``locator``.</doc>
<arguments>
<arg>id=date_from</arg>
</arguments>
<msg timestamp="20210905 20:44:27.349" level="INFO">Clicking element 'id=date_from'.</msg>
<status status="PASS" starttime="20210905 20:44:27.348" endtime="20210905 20:44:27.396"></status>
</kw>
<kw name="Click Element" library="SeleniumLibrary">
<doc>Click the element identified by ``locator``.</doc>
<arguments>
<arg>xpath=/html/body/div[5]/div[1]/table/thead/tr[2]/th[2]</arg>
</arguments>
<msg timestamp="20210905 20:44:27.396" level="INFO">Clicking element 'xpath=/html/body/div[5]/div[1]/table/thead/tr[2]/th[2]'.</msg>
<status status="PASS" starttime="20210905 20:44:27.396" endtime="20210905 20:44:27.435"></status>
</kw>
<kw name="Click Element" library="SeleniumLibrary">
<doc>Click the element identified by ``locator``.</doc>
<arguments>
<arg>xpath=/html/body/div[5]/div[2]/table/tbody/tr/td/span[8]</arg>
</arguments>
<msg timestamp="20210905 20:44:27.435" level="INFO">Clicking element 'xpath=/html/body/div[5]/div[2]/table/tbody/tr/td/span[8]'.</msg>
<status status="PASS" starttime="20210905 20:44:27.435" endtime="20210905 20:44:27.482"></status>
</kw>
<kw name="Click Element" library="SeleniumLibrary">
<doc>Click the element identified by ``locator``.</doc>
<arguments>
<arg>xpath=/html/body/div[5]/div[1]/table/tbody/tr[5]/td[6]</arg>
</arguments>
<msg timestamp="20210905 20:44:27.483" level="INFO">Clicking element 'xpath=/html/body/div[5]/div[1]/table/tbody/tr[5]/td[6]'.</msg>
<status status="PASS" starttime="20210905 20:44:27.482" endtime="20210905 20:44:27.528"></status>
</kw>
<kw name="Click Element" library="SeleniumLibrary">
<doc>Click the element identified by ``locator``.</doc>
<arguments>
<arg>id=date_to</arg>
</arguments>
<msg timestamp="20210905 20:44:27.529" level="INFO">Clicking element 'id=date_to'.</msg>
<status status="PASS" starttime="20210905 20:44:27.529" endtime="20210905 20:44:27.580"></status>
</kw>
<kw name="Click Element" library="SeleniumLibrary">
<doc>Click the element identified by ``locator``.</doc>
<arguments>
<arg>xpath=/html/body/div[5]/div[1]/table/thead/tr[2]/th[2]</arg>
</arguments>
<msg timestamp="20210905 20:44:27.580" level="INFO">Clicking element 'xpath=/html/body/div[5]/div[1]/table/thead/tr[2]/th[2]'.</msg>
<status status="PASS" starttime="20210905 20:44:27.580" endtime="20210905 20:44:27.619"></status>
</kw>
<kw name="Click Element" library="SeleniumLibrary">
<doc>Click the element identified by ``locator``.</doc>
<arguments>
<arg>xpath=/html/body/div[5]/div[2]/table/tbody/tr/td/span[8]</arg>
</arguments>
<msg timestamp="20210905 20:44:27.619" level="INFO">Clicking element 'xpath=/html/body/div[5]/div[2]/table/tbody/tr/td/span[8]'.</msg>
<status status="PASS" starttime="20210905 20:44:27.619" endtime="20210905 20:44:27.658"></status>
</kw>
<kw name="Click Element" library="SeleniumLibrary">
<doc>Click the element identified by ``locator``.</doc>
<arguments>
<arg>xpath=/html/body/div[5]/div[1]/table/tbody/tr[5]/td[6]</arg>
</arguments>
<msg timestamp="20210905 20:44:27.659" level="INFO">Clicking element 'xpath=/html/body/div[5]/div[1]/table/tbody/tr[5]/td[6]'.</msg>
<status status="PASS" starttime="20210905 20:44:27.658" endtime="20210905 20:44:27.694"></status>
</kw>
<kw name="Get Value" library="SeleniumLibrary">
<doc>Returns the value attribute of the element identified by ``locator``.</doc>
<arguments>
<arg>xpath=//*[@id="date_from"]</arg>
</arguments>
<assign>
<var>${check_dateFrom}</var>
</assign>
<msg timestamp="20210905 20:44:27.708" level="INFO">${check_dateFrom} = 27-08-2021</msg>
<status status="PASS" starttime="20210905 20:44:27.695" endtime="20210905 20:44:27.708"></status>
</kw>
<kw name="Get Value" library="SeleniumLibrary">
<doc>Returns the value attribute of the element identified by ``locator``.</doc>
<arguments>
<arg>xpath=//*[@id="date_to"]</arg>
</arguments>
<assign>
<var>${check_dateTo}</var>
</assign>
<msg timestamp="20210905 20:44:27.720" level="INFO">${check_dateTo} = 27-08-2021</msg>
<status status="PASS" starttime="20210905 20:44:27.708" endtime="20210905 20:44:27.720"></status>
</kw>
<kw name="Get Current Date" library="DateTime">
<doc>Returns current local or UTC time with an optional increment.</doc>
<arguments>
<arg>result_format=%Y</arg>
</arguments>
<assign>
<var>${year}</var>
</assign>
<msg timestamp="20210905 20:44:27.721" level="INFO">${year} = 2021</msg>
<status status="PASS" starttime="20210905 20:44:27.720" endtime="20210905 20:44:27.721"></status>
</kw>
<kw name="Should Be True" library="BuiltIn">
<doc>Fails if the given condition is not true.</doc>
<arguments>
<arg>'${check_dateFrom}' == '27-08-''${year}' and '${check_dateTo}' == '27-08-''${year}'</arg>
</arguments>
<status status="PASS" starttime="20210905 20:44:27.721" endtime="20210905 20:44:27.722"></status>
</kw>
<kw name="Get Value" library="SeleniumLibrary">
<doc>Returns the value attribute of the element identified by ``locator``.</doc>
<arguments>
<arg>xpath=//*[@id="amount"]</arg>
</arguments>
<assign>
<var>${check_amount}</var>
</assign>
<msg timestamp="20210905 20:44:27.736" level="INFO">${check_amount} = 1</msg>
<status status="PASS" starttime="20210905 20:44:27.722" endtime="20210905 20:44:27.736"></status>
</kw>
<kw name="Should Be True" library="BuiltIn">
<doc>Fails if the given condition is not true.</doc>
<arguments>
<arg>'${check_amount}' == '1'</arg>
</arguments>
<status status="PASS" starttime="20210905 20:44:27.737" endtime="20210905 20:44:27.737"></status>
</kw>
<kw name="Input Text" library="SeleniumLibrary">
<doc>Types the given ``text`` into the text field identified by ``locator``.</doc>
<arguments>
<arg>id=description</arg>
<arg>TC-LEAVE-005</arg>
</arguments>
<msg timestamp="20210905 20:44:27.737" level="INFO">Typing text 'TC-LEAVE-005' into text field 'id=description'.</msg>
<status status="PASS" starttime="20210905 20:44:27.737" endtime="20210905 20:44:27.793"></status>
</kw>
<kw name="Get Value" library="SeleniumLibrary">
<doc>Returns the value attribute of the element identified by ``locator``.</doc>
<arguments>
<arg>xpath=//*[@id="description"]</arg>
</arguments>
<assign>
<var>${check_description}</var>
</assign>
<msg timestamp="20210905 20:44:27.807" level="INFO">${check_description} = TC-LEAVE-005</msg>
<status status="PASS" starttime="20210905 20:44:27.794" endtime="20210905 20:44:27.807"></status>
</kw>
<kw name="Should Be True" library="BuiltIn">
<doc>Fails if the given condition is not true.</doc>
<arguments>
<arg>'${check_description}' == 'TC-LEAVE-005'</arg>
</arguments>
<status status="PASS" starttime="20210905 20:44:27.807" endtime="20210905 20:44:27.808"></status>
</kw>
<kw name="Input Text" library="SeleniumLibrary">
<doc>Types the given ``text`` into the text field identified by ``locator``.</doc>
<arguments>
<arg>id=reason</arg>
<arg>เป็นส่วนหนึ่งในการทดสอบ</arg>
</arguments>
<msg timestamp="20210905 20:44:27.808" level="INFO">Typing text 'เป็นส่วนหนึ่งในการทดสอบ' into text field 'id=reason'.</msg>
<status status="PASS" starttime="20210905 20:44:27.808" endtime="20210905 20:44:27.870"></status>
</kw>
<kw name="Get Value" library="SeleniumLibrary">
<doc>Returns the value attribute of the element identified by ``locator``.</doc>
<arguments>
<arg>xpath=//*[@id="reason"]</arg>
</arguments>
<assign>
<var>${check_reason}</var>
</assign>
<msg timestamp="20210905 20:44:27.882" level="INFO">${check_reason} = เป็นส่วนหนึ่งในการทดสอบ</msg>
<status status="PASS" starttime="20210905 20:44:27.870" endtime="20210905 20:44:27.882"></status>
</kw>
<kw name="Should Be True" library="BuiltIn">
<doc>Fails if the given condition is not true.</doc>
<arguments>
<arg>'${check_reason}' == 'เป็นส่วนหนึ่งในการทดสอบ'</arg>
</arguments>
<status status="PASS" starttime="20210905 20:44:27.883" endtime="20210905 20:44:27.883"></status>
</kw>
<kw name="Get Text" library="SeleniumLibrary">
<doc>Returns the text value of the element identified by ``locator``.</doc>
<arguments>
<arg>xpath=//*[@id="approver"]/option[5]</arg>
</arguments>
<assign>
<var>${check_approver}</var>
</assign>
<msg timestamp="20210905 20:44:27.901" level="INFO">${check_approver} = วีระวัฒน์ ภูมิพัฒนพงศ์</msg>
<status status="PASS" starttime="20210905 20:44:27.883" endtime="20210905 20:44:27.901"></status>
</kw>
<kw name="Should Be True" library="BuiltIn">
<doc>Fails if the given condition is not true.</doc>
<arguments>
<arg>"${check_approver}" == "${approver_hr}"</arg>
</arguments>
<status status="PASS" starttime="20210905 20:44:27.901" endtime="20210905 20:44:27.901"></status>
</kw>
<kw name="Get Text" library="SeleniumLibrary">
<doc>Returns the text value of the element identified by ``locator``.</doc>
<arguments>
<arg>xpath=//*[@id="status"]/option[1]</arg>
</arguments>
<assign>
<var>${check_status}</var>
</assign>
<msg timestamp="20210905 20:44:27.918" level="INFO">${check_status} = Wait for approve</msg>
<status status="PASS" starttime="20210905 20:44:27.901" endtime="20210905 20:44:27.918"></status>
</kw>
<kw name="Should Be True" library="BuiltIn">
<doc>Fails if the given condition is not true.</doc>
<arguments>
<arg>'${check_status}' == 'Wait for approve'</arg>
</arguments>
<status status="PASS" starttime="20210905 20:44:27.918" endtime="20210905 20:44:27.919"></status>
</kw>
<kw name="Click Element" library="SeleniumLibrary">
<doc>Click the element identified by ``locator``.</doc>
<arguments>
<arg>xpath=//*[@class="btn btn-sm blue-soft"]</arg>
</arguments>
<msg timestamp="20210905 20:44:27.919" level="INFO">Clicking element 'xpath=//*[@class="btn btn-sm blue-soft"]'.</msg>
<status status="PASS" starttime="20210905 20:44:27.919" endtime="20210905 20:46:04.455"></status>
</kw>
<kw name="Wait Until Location Is" library="SeleniumLibrary">
<doc>Waits until the current URL is ``expected``.</doc>
<arguments>
<arg>http://uat.cubesofttech.com/leavecalendar</arg>
</arguments>
<status status="PASS" starttime="20210905 20:46:04.456" endtime="20210905 20:46:04.466"></status>
</kw>
<kw name="IT Click MyLeave Button">
<kw name="Click Element" library="SeleniumLibrary">
<doc>Click the element identified by ``locator``.</doc>
<arguments>
<arg>xpath://*[@href="myleave_list?Id=${it_login}"]</arg>
</arguments>
<msg timestamp="20210905 20:46:04.467" level="INFO">Clicking element 'xpath://*[@href="myleave_list?Id=test_hr_role"]'.</msg>
<status status="PASS" starttime="20210905 20:46:04.466" endtime="20210905 20:46:05.099"></status>
</kw>
<kw name="Title Should Be" library="SeleniumLibrary">
<doc>Verifies that the current page title equals ``title``.</doc>
<arguments>
<arg>My leave list</arg>
</arguments>
<msg timestamp="20210905 20:46:05.104" level="INFO">Page title is 'My leave list'.</msg>
<status status="PASS" starttime="20210905 20:46:05.099" endtime="20210905 20:46:05.104"></status>
</kw>
<status status="PASS" starttime="20210905 20:46:04.466" endtime="20210905 20:46:05.104"></status>
</kw>
<kw name="Get Current Date" library="DateTime">
<doc>Returns current local or UTC time with an optional increment.</doc>
<arguments>
<arg>result_format=%d-%m-%Y</arg>
</arguments>
<assign>
<var>${currentDate}</var>
</assign>
<msg timestamp="20210905 20:46:05.105" level="INFO">${currentDate} = 05-09-2021</msg>
<status status="PASS" starttime="20210905 20:46:05.104" endtime="20210905 20:46:05.105"></status>
</kw>
<kw name="Get Current Date" library="DateTime">
<doc>Returns current local or UTC time with an optional increment.</doc>
<arguments>
<arg>result_format=%H:</arg>
</arguments>
<assign>
<var>${currentTime}</var>
</assign>
<msg timestamp="20210905 20:46:05.105" level="INFO">${currentTime} = 20:</msg>
<status status="PASS" starttime="20210905 20:46:05.105" endtime="20210905 20:46:05.105"></status>
</kw>
<kw name="Get Table Cell" library="SeleniumLibrary">
<doc>Returns contents of a table cell.</doc>
<arguments>
<arg>${table}</arg>
<arg>1</arg>
<arg>2</arg>
</arguments>
<assign>
<var>${check_submit}</var>
</assign>
<msg timestamp="20210905 20:46:05.145" level="INFO">${check_submit} = Submit date</msg>
<status status="PASS" starttime="20210905 20:46:05.106" endtime="20210905 20:46:05.145"></status>
</kw>
<kw name="Get Table Cell" library="SeleniumLibrary">
<doc>Returns contents of a table cell.</doc>
<arguments>
<arg>${table}</arg>
<arg>2</arg>
<arg>2</arg>
</arguments>
<assign>
<var>${check_submit_data}</var>
</assign>
<msg timestamp="20210905 20:46:05.177" level="INFO">${check_submit_data} = 05-09-2021 20:46</msg>
<status status="PASS" starttime="20210905 20:46:05.145" endtime="20210905 20:46:05.178"></status>
</kw>
<kw name="Remove String" library="String">
<doc>Removes all ``removables`` from the given ``string``.</doc>
<arguments>
<arg>${check_submit_data}</arg>
<arg>${currentDate}</arg>
<arg>${currentTime}</arg>
<arg>${space}</arg>
</arguments>
<assign>
<var>${split}</var>
</assign>
<msg timestamp="20210905 20:46:05.178" level="INFO">${split} = 46</msg>
<status status="PASS" starttime="20210905 20:46:05.178" endtime="20210905 20:46:05.178"></status>
</kw>
<kw name="Should Be True" library="BuiltIn">
<doc>Fails if the given condition is not true.</doc>
<arguments>
<arg>'${check_submit}' == 'Submit date' and '${check_submit_data}' == '${currentDate} ${currentTime}${split}'</arg>
</arguments>
<status status="PASS" starttime="20210905 20:46:05.179" endtime="20210905 20:46:05.179"></status>
</kw>
<kw name="Get Table Cell" library="SeleniumLibrary">
<doc>Returns contents of a table cell.</doc>
<arguments>
<arg>${table}</arg>
<arg>1</arg>
<arg>3</arg>
</arguments>
<assign>
<var>${check_applicant}</var>
</assign>
<msg timestamp="20210905 20:46:05.203" level="INFO">${check_applicant} = The applicant</msg>
<status status="PASS" starttime="20210905 20:46:05.179" endtime="20210905 20:46:05.203"></status>
</kw>
<kw name="Get Table Cell" library="SeleniumLibrary">
<doc>Returns contents of a table cell.</doc>
<arguments>
<arg>${table}</arg>
<arg>2</arg>
<arg>3</arg>
</arguments>
<assign>
<var>${check_applicant_data}</var>
</assign>
<msg timestamp="20210905 20:46:05.229" level="INFO">${check_applicant_data} = test_hr_role</msg>
<status status="PASS" starttime="20210905 20:46:05.203" endtime="20210905 20:46:05.229"></status>
</kw>
<kw name="Should Be True" library="BuiltIn">
<doc>Fails if the given condition is not true.</doc>
<arguments>
<arg>'${check_applicant}' == 'The applicant' and '${check_applicant_data}' == '${it_login}'</arg>
</arguments>
<status status="PASS" starttime="20210905 20:46:05.229" endtime="20210905 20:46:05.230"></status>
</kw>
<kw name="Get Table Cell" library="SeleniumLibrary">
<doc>Returns contents of a table cell.</doc>
<arguments>
<arg>${table}</arg>
<arg>1</arg>
<arg>4</arg>
</arguments>
<assign>
<var>${check_typeOfLeave}</var>
</assign>
<msg timestamp="20210905 20:46:05.254" level="INFO">${check_typeOfLeave} = Type of leave</msg>
<status status="PASS" starttime="20210905 20:46:05.230" endtime="20210905 20:46:05.254"></status>
</kw>
<kw name="Get Table Cell" library="SeleniumLibrary">
<doc>Returns contents of a table cell.</doc>
<arguments>
<arg>${table}</arg>
<arg>2</arg>
<arg>4</arg>
</arguments>
<assign>
<var>${check_typeOfLeave_data}</var>
</assign>
<msg timestamp="20210905 20:46:05.289" level="INFO">${check_typeOfLeave_data} = ลาป่วย</msg>
<status status="PASS" starttime="20210905 20:46:05.255" endtime="20210905 20:46:05.289"></status>
</kw>
<kw name="Should Be True" library="BuiltIn">
<doc>Fails if the given condition is not true.</doc>
<arguments>
<arg>'${check_typeOfLeave}' == 'Type of leave' and '${check_typeOfLeave_data}' == 'ลาป่วย'</arg>
</arguments>
<status status="PASS" starttime="20210905 20:46:05.290" endtime="20210905 20:46:05.290"></status>
</kw>
<kw name="Get Table Cell" library="SeleniumLibrary">
<doc>Returns contents of a table cell.</doc>
<arguments>
<arg>${table}</arg>
<arg>1</arg>
<arg>5</arg>
</arguments>
<assign>
<var>${check_StartDate}</var>
</assign>
<msg timestamp="20210905 20:46:05.315" level="INFO">${check_StartDate} = Start date (Since)</msg>
<status status="PASS" starttime="20210905 20:46:05.290" endtime="20210905 20:46:05.315"></status>
</kw>
<kw name="Get Table Cell" library="SeleniumLibrary">
<doc>Returns contents of a table cell.</doc>
<arguments>
<arg>${table}</arg>
<arg>2</arg>
<arg>5</arg>
</arguments>
<assign>
<var>${check_StartDate_data}</var>
</assign>
<msg timestamp="20210905 20:46:05.343" level="INFO">${check_StartDate_data} = 27-08-2021</msg>
<status status="PASS" starttime="20210905 20:46:05.316" endtime="20210905 20:46:05.343"></status>
</kw>
<kw name="Should Be True" library="BuiltIn">
<doc>Fails if the given condition is not true.</doc>
<arguments>
<arg>'${check_StartDate}' == 'Start date (Since)' and '${check_StartDate_data}' == '${check_dateFrom}'</arg>
</arguments>
<status status="PASS" starttime="20210905 20:46:05.343" endtime="20210905 20:46:05.344"></status>
</kw>
<kw name="Get Table Cell" library="SeleniumLibrary">
<doc>Returns contents of a table cell.</doc>
<arguments>
<arg>${table}</arg>
<arg>1</arg>
<arg>6</arg>
</arguments>
<assign>
<var>${check_EndDate}</var>
</assign>
<msg timestamp="20210905 20:46:05.366" level="INFO">${check_EndDate} = End date (Until)</msg>
<status status="PASS" starttime="20210905 20:46:05.344" endtime="20210905 20:46:05.366"></status>
</kw>
<kw name="Get Table Cell" library="SeleniumLibrary">
<doc>Returns contents of a table cell.</doc>
<arguments>
<arg>${table}</arg>
<arg>2</arg>
<arg>6</arg>
</arguments>
<assign>
<var>${check_EndDate_data}</var>
</assign>
<msg timestamp="20210905 20:46:05.393" level="INFO">${check_EndDate_data} = 27-08-2021</msg>
<status status="PASS" starttime="20210905 20:46:05.367" endtime="20210905 20:46:05.393"></status>
</kw>
<kw name="Should Be True" library="BuiltIn">
<doc>Fails if the given condition is not true.</doc>
<arguments>
<arg>'${check_EndDate}' == 'End date (Until)' and '${check_EndDate_data}' == '${check_dateTo}'</arg>
</arguments>
<status status="PASS" starttime="20210905 20:46:05.393" endtime="20210905 20:46:05.394"></status>
</kw>
<kw name="Get Table Cell" library="SeleniumLibrary">
<doc>Returns contents of a table cell.</doc>
<arguments>
<arg>${table}</arg>
<arg>1</arg>
<arg>7</arg>
</arguments>
<assign>
<var>${check_AmountOfTheDay}</var>
</assign>
<msg timestamp="20210905 20:46:05.416" level="INFO">${check_AmountOfTheDay} = Amount the day</msg>
<status status="PASS" starttime="20210905 20:46:05.394" endtime="20210905 20:46:05.416"></status>
</kw>
<kw name="Get Table Cell" library="SeleniumLibrary">
<doc>Returns contents of a table cell.</doc>
<arguments>
<arg>${table}</arg>
<arg>2</arg>
<arg>7</arg>
</arguments>
<assign>
<var>${check_AmountOfTheDay_data}</var>
</assign>
<msg timestamp="20210905 20:46:05.446" level="INFO">${check_AmountOfTheDay_data} = 1.000</msg>
<status status="PASS" starttime="20210905 20:46:05.417" endtime="20210905 20:46:05.446"></status>
</kw>
<kw name="Should Be True" library="BuiltIn">
<doc>Fails if the given condition is not true.</doc>
<arguments>
<arg>'${check_AmountOfTheDay}' == 'Amount the day' and '${check_AmountOfTheDay_data}' == '${check_amount}.000'</arg>
</arguments>
<status status="PASS" starttime="20210905 20:46:05.446" endtime="20210905 20:46:05.447"></status>
</kw>
<kw name="Get Table Cell" library="SeleniumLibrary">
<doc>Returns contents of a table cell.</doc>
<arguments>
<arg>${table}</arg>
<arg>1</arg>
<arg>8</arg>
</arguments>
<assign>
<var>${check_LeaveStatus}</var>
</assign>
<msg timestamp="20210905 20:46:05.471" level="INFO">${check_LeaveStatus} = Status</msg>
<status status="PASS" starttime="20210905 20:46:05.447" endtime="20210905 20:46:05.471"></status>
</kw>
<kw name="Get Table Cell" library="SeleniumLibrary">
<doc>Returns contents of a table cell.</doc>
<arguments>
<arg>${table}</arg>
<arg>2</arg>
<arg>8</arg>
</arguments>
<assign>
<var>${check_LeaveStatus_data}</var>
</assign>
<msg timestamp="20210905 20:46:05.497" level="INFO">${check_LeaveStatus_data} = Waiting for approve</msg>
<status status="PASS" starttime="20210905 20:46:05.471" endtime="20210905 20:46:05.497"></status>
</kw>
<kw name="Should Be True" library="BuiltIn">
[...]
</arguments>
<msg timestamp="20210905 21:00:17.895" level="INFO">Clicking element 'xpath=//*[@id="amount_sub"]'.</msg>
<status status="PASS" starttime="20210905 21:00:17.895" endtime="20210905 21:00:17.941"></status>
</kw>
<kw name="Click Element" library="SeleniumLibrary">
<doc>Click the element identified by ``locator``.</doc>
<arguments>
<arg>xpath=/html/body/div[3]/div[2]/div/div[2]/div[2]/form/div[3]/div[2]/select/option[4]</arg>
</arguments>
<msg timestamp="20210905 21:00:17.941" level="INFO">Clicking element 'xpath=/html/body/div[3]/div[2]/div/div[2]/div[2]/form/div[3]/div[2]/select/option[4]'.</msg>
<status status="PASS" starttime="20210905 21:00:17.941" endtime="20210905 21:00:17.967"></status>
</kw>
<kw name="Get Text" library="SeleniumLibrary">
<doc>Returns the text value of the element identified by ``locator``.</doc>
<arguments>
<arg>xpath=/html/body/div[3]/div[2]/div/div[2]/div[2]/form/div[3]/div[2]/select/option[4]</arg>
</arguments>
<assign>
<var>${check_hour}</var>
</assign>
<msg timestamp="20210905 21:00:17.980" level="INFO">${check_hour} = 3</msg>
<status status="PASS" starttime="20210905 21:00:17.967" endtime="20210905 21:00:17.980"></status>
</kw>
<kw name="Should Be True" library="BuiltIn">
<doc>Fails if the given condition is not true.</doc>
<arguments>
<arg>'${check_hour}' == '3'</arg>
</arguments>
<status status="PASS" starttime="20210905 21:00:17.981" endtime="20210905 21:00:17.981"></status>
</kw>
<kw name="Get Value" library="SeleniumLibrary">
<doc>Returns the value attribute of the element identified by ``locator``.</doc>
<arguments>
<arg>xpath=/html/body/div[3]/div[2]/div/div[2]/div[2]/form/div[3]/div[2]/select/option[4]</arg>
</arguments>
<assign>
<var>${check_hour_value}</var>
</assign>
<msg timestamp="20210905 21:00:17.991" level="INFO">${check_hour_value} = 0.375</msg>
<status status="PASS" starttime="20210905 21:00:17.981" endtime="20210905 21:00:17.991"></status>
</kw>
<kw name="Remove String" library="String">
<doc>Removes all ``removables`` from the given ``string``.</doc>
<arguments>
<arg>${check_hour_value}</arg>
<arg>0</arg>
</arguments>
<assign>
<var>${split_value}</var>
</assign>
<msg timestamp="20210905 21:00:17.991" level="INFO">${split_value} = .375</msg>
<status status="PASS" starttime="20210905 21:00:17.991" endtime="20210905 21:00:17.991"></status>
</kw>
<kw name="Click Element" library="SeleniumLibrary">
<doc>Click the element identified by ``locator``.</doc>
<arguments>
<arg>xpath=/html/body/div[3]/div[2]/div/div[2]/div[2]/form/div[4]/div/div/label[1]</arg>
</arguments>
<msg timestamp="20210905 21:00:17.992" level="INFO">Clicking element 'xpath=/html/body/div[3]/div[2]/div/div[2]/div[2]/form/div[4]/div/div/label[1]'.</msg>
<status status="PASS" starttime="20210905 21:00:17.992" endtime="20210905 21:00:18.037"></status>
</kw>
<kw name="Radio Button Should Be Set To" library="SeleniumLibrary">
<doc>Verifies radio button group ``group_name`` is set to ``value``.</doc>
<arguments>
<arg>halfDay</arg>
<arg>1</arg>
</arguments>
<msg timestamp="20210905 21:00:18.038" level="INFO">Verifying radio button 'halfDay' has selection '1'.</msg>
<status status="PASS" starttime="20210905 21:00:18.038" endtime="20210905 21:00:18.054"></status>
</kw>
<kw name="Input Text" library="SeleniumLibrary">
<doc>Types the given ``text`` into the text field identified by ``locator``.</doc>
<arguments>
<arg>id=description</arg>
<arg>TC-LEAVE-020</arg>
</arguments>
<msg timestamp="20210905 21:00:18.055" level="INFO">Typing text 'TC-LEAVE-020' into text field 'id=description'.</msg>
<status status="PASS" starttime="20210905 21:00:18.055" endtime="20210905 21:00:18.113"></status>
</kw>
<kw name="Get Value" library="SeleniumLibrary">
<doc>Returns the value attribute of the element identified by ``locator``.</doc>
<arguments>
<arg>xpath=//*[@id="description"]</arg>
</arguments>
<assign>
<var>${check_description}</var>
</assign>
<msg timestamp="20210905 21:00:18.125" level="INFO">${check_description} = TC-LEAVE-020</msg>
<status status="PASS" starttime="20210905 21:00:18.113" endtime="20210905 21:00:18.125"></status>
</kw>
<kw name="Should Be True" library="BuiltIn">
<doc>Fails if the given condition is not true.</doc>
<arguments>
<arg>'${check_description}' == 'TC-LEAVE-020'</arg>
</arguments>
<status status="PASS" starttime="20210905 21:00:18.125" endtime="20210905 21:00:18.126"></status>
</kw>
<kw name="Input Text" library="SeleniumLibrary">
<doc>Types the given ``text`` into the text field identified by ``locator``.</doc>
<arguments>
<arg>id=reason</arg>
<arg>เป็นส่วนหนึ่งในการทดสอบ</arg>
</arguments>
<msg timestamp="20210905 21:00:18.126" level="INFO">Typing text 'เป็นส่วนหนึ่งในการทดสอบ' into text field 'id=reason'.</msg>
<status status="PASS" starttime="20210905 21:00:18.126" endtime="20210905 21:00:18.191"></status>
</kw>
<kw name="Get Value" library="SeleniumLibrary">
<doc>Returns the value attribute of the element identified by ``locator``.</doc>
<arguments>
<arg>xpath=//*[@id="reason"]</arg>
</arguments>
<assign>
<var>${check_reason}</var>
</assign>
<msg timestamp="20210905 21:00:18.203" level="INFO">${check_reason} = เป็นส่วนหนึ่งในการทดสอบ</msg>
<status status="PASS" starttime="20210905 21:00:18.191" endtime="20210905 21:00:18.203"></status>
</kw>
<kw name="Should Be True" library="BuiltIn">
<doc>Fails if the given condition is not true.</doc>
<arguments>
<arg>'${check_reason}' == 'เป็นส่วนหนึ่งในการทดสอบ'</arg>
</arguments>
<status status="PASS" starttime="20210905 21:00:18.203" endtime="20210905 21:00:18.203"></status>
</kw>
<kw name="Get Text" library="SeleniumLibrary">
<doc>Returns the text value of the element identified by ``locator``.</doc>
<arguments>
<arg>xpath=//*[@id="approver"]/option[5]</arg>
</arguments>
<assign>
<var>${check_approver}</var>
</assign>
<msg timestamp="20210905 21:00:18.220" level="INFO">${check_approver} = วีระวัฒน์ ภูมิพัฒนพงศ์</msg>
<status status="PASS" starttime="20210905 21:00:18.204" endtime="20210905 21:00:18.220"></status>
</kw>
<kw name="Should Be True" library="BuiltIn">
<doc>Fails if the given condition is not true.</doc>
<arguments>
<arg>"${check_approver}" == "${approver_hr}"</arg>
</arguments>
<status status="PASS" starttime="20210905 21:00:18.220" endtime="20210905 21:00:18.221"></status>
</kw>
<kw name="Get Text" library="SeleniumLibrary">
<doc>Returns the text value of the element identified by ``locator``.</doc>
<arguments>
<arg>xpath=//*[@id="status"]/option[1]</arg>
</arguments>
<assign>
<var>${check_status}</var>
</assign>
<msg timestamp="20210905 21:00:18.238" level="INFO">${check_status} = Wait for approve</msg>
<status status="PASS" starttime="20210905 21:00:18.221" endtime="20210905 21:00:18.238"></status>
</kw>
<kw name="Should Be True" library="BuiltIn">
<doc>Fails if the given condition is not true.</doc>
<arguments>
<arg>'${check_status}' == 'Wait for approve'</arg>
</arguments>
<status status="PASS" starttime="20210905 21:00:18.239" endtime="20210905 21:00:18.239"></status>
</kw>
<kw name="Click Element" library="SeleniumLibrary">
<doc>Click the element identified by ``locator``.</doc>
<arguments>
<arg>xpath=//*[@class="btn btn-sm blue-soft"]</arg>
</arguments>
<msg timestamp="20210905 21:00:18.240" level="INFO">Clicking element 'xpath=//*[@class="btn btn-sm blue-soft"]'.</msg>
<status status="PASS" starttime="20210905 21:00:18.240" endtime="20210905 21:01:54.796"></status>
</kw>
<kw name="Wait Until Location Is" library="SeleniumLibrary">
<doc>Waits until the current URL is ``expected``.</doc>
<arguments>
<arg>http://uat.cubesofttech.com/leavecalendar</arg>
</arguments>
<status status="PASS" starttime="20210905 21:01:54.797" endtime="20210905 21:01:54.802"></status>
</kw>
<kw name="IT Click MyLeave Button">
<kw name="Click Element" library="SeleniumLibrary">
<doc>Click the element identified by ``locator``.</doc>
<arguments>
<arg>xpath://*[@href="myleave_list?Id=${it_login}"]</arg>
</arguments>
<msg timestamp="20210905 21:01:54.803" level="INFO">Clicking element 'xpath://*[@href="myleave_list?Id=test_hr_role"]'.</msg>
<status status="PASS" starttime="20210905 21:01:54.803" endtime="20210905 21:01:55.436"></status>
</kw>
<kw name="Title Should Be" library="SeleniumLibrary">
<doc>Verifies that the current page title equals ``title``.</doc>
<arguments>
<arg>My leave list</arg>
</arguments>
<msg timestamp="20210905 21:01:55.442" level="INFO">Page title is 'My leave list'.</msg>
<status status="PASS" starttime="20210905 21:01:55.436" endtime="20210905 21:01:55.442"></status>
</kw>
<status status="PASS" starttime="20210905 21:01:54.803" endtime="20210905 21:01:55.442"></status>
</kw>
<kw name="Get Current Date" library="DateTime">
<doc>Returns current local or UTC time with an optional increment.</doc>
<arguments>
<arg>result_format=%d-%m-%Y</arg>
</arguments>
<assign>
<var>${currentDate}</var>
</assign>
<msg timestamp="20210905 21:01:55.442" level="INFO">${currentDate} = 05-09-2021</msg>
<status status="PASS" starttime="20210905 21:01:55.442" endtime="20210905 21:01:55.442"></status>
</kw>
<kw name="Get Current Date" library="DateTime">
<doc>Returns current local or UTC time with an optional increment.</doc>
<arguments>
<arg>result_format=%H:</arg>
</arguments>
<assign>
<var>${currentTime}</var>
</assign>
<msg timestamp="20210905 21:01:55.443" level="INFO">${currentTime} = 21:</msg>
<status status="PASS" starttime="20210905 21:01:55.443" endtime="20210905 21:01:55.443"></status>
</kw>
<kw name="Get Table Cell" library="SeleniumLibrary">
<doc>Returns contents of a table cell.</doc>
<arguments>
<arg>${table}</arg>
<arg>1</arg>
<arg>2</arg>
</arguments>
<assign>
<var>${check_submit}</var>
</assign>
<msg timestamp="20210905 21:01:55.475" level="INFO">${check_submit} = Submit date</msg>
<status status="PASS" starttime="20210905 21:01:55.443" endtime="20210905 21:01:55.475"></status>
</kw>
<kw name="Get Table Cell" library="SeleniumLibrary">
<doc>Returns contents of a table cell.</doc>
<arguments>
<arg>${table}</arg>
<arg>2</arg>
<arg>2</arg>
</arguments>
<assign>
<var>${check_submit_data}</var>
</assign>
<msg timestamp="20210905 21:01:55.508" level="INFO">${check_submit_data} = 05-09-2021 21:01</msg>
<status status="PASS" starttime="20210905 21:01:55.476" endtime="20210905 21:01:55.508"></status>
</kw>
<kw name="Remove String" library="String">
<doc>Removes all ``removables`` from the given ``string``.</doc>
<arguments>
<arg>${check_submit_data}</arg>
<arg>${currentDate}</arg>
<arg>${currentTime}</arg>
<arg>${space}</arg>
</arguments>
<assign>
<var>${split}</var>
</assign>
<msg timestamp="20210905 21:01:55.508" level="INFO">${split} = 01</msg>
<status status="PASS" starttime="20210905 21:01:55.508" endtime="20210905 21:01:55.508"></status>
</kw>
<kw name="Should Be True" library="BuiltIn">
<doc>Fails if the given condition is not true.</doc>
<arguments>
<arg>'${check_submit}' == 'Submit date' and '${check_submit_data}' == '${currentDate} ${currentTime}${split}'</arg>
</arguments>
<status status="PASS" starttime="20210905 21:01:55.509" endtime="20210905 21:01:55.509"></status>
</kw>
<kw name="Get Table Cell" library="SeleniumLibrary">
<doc>Returns contents of a table cell.</doc>
<arguments>
<arg>${table}</arg>
<arg>1</arg>
<arg>3</arg>
</arguments>
<assign>
<var>${check_applicant}</var>
</assign>
<msg timestamp="20210905 21:01:55.532" level="INFO">${check_applicant} = The applicant</msg>
<status status="PASS" starttime="20210905 21:01:55.509" endtime="20210905 21:01:55.532"></status>
</kw>
<kw name="Get Table Cell" library="SeleniumLibrary">
<doc>Returns contents of a table cell.</doc>
<arguments>
<arg>${table}</arg>
<arg>2</arg>
<arg>3</arg>
</arguments>
<assign>
<var>${check_applicant_data}</var>
</assign>
<msg timestamp="20210905 21:01:55.558" level="INFO">${check_applicant_data} = test_hr_role</msg>
<status status="PASS" starttime="20210905 21:01:55.532" endtime="20210905 21:01:55.558"></status>
</kw>
<kw name="Should Be True" library="BuiltIn">
<doc>Fails if the given condition is not true.</doc>
<arguments>
<arg>'${check_applicant}' == 'The applicant' and '${check_applicant_data}' == '${it_login}'</arg>
</arguments>
<status status="PASS" starttime="20210905 21:01:55.559" endtime="20210905 21:01:55.559"></status>
</kw>
<kw name="Get Table Cell" library="SeleniumLibrary">
<doc>Returns contents of a table cell.</doc>
<arguments>
<arg>${table}</arg>
<arg>1</arg>
<arg>4</arg>
</arguments>
<assign>
<var>${check_typeOfLeave}</var>
</assign>
<msg timestamp="20210905 21:01:55.583" level="INFO">${check_typeOfLeave} = Type of leave</msg>
<status status="PASS" starttime="20210905 21:01:55.559" endtime="20210905 21:01:55.583"></status>
</kw>
<kw name="Get Table Cell" library="SeleniumLibrary">
<doc>Returns contents of a table cell.</doc>
<arguments>
<arg>${table}</arg>
<arg>2</arg>
<arg>4</arg>
</arguments>
<assign>
<var>${check_typeOfLeave_data}</var>
</assign>
<msg timestamp="20210905 21:01:55.611" level="INFO">${check_typeOfLeave_data} = ลาอื่นๆ</msg>
<status status="PASS" starttime="20210905 21:01:55.583" endtime="20210905 21:01:55.611"></status>
</kw>
<kw name="Should Be True" library="BuiltIn">
<doc>Fails if the given condition is not true.</doc>
<arguments>
<arg>'${check_typeOfLeave}' == 'Type of leave' and '${check_typeOfLeave_data}' == 'ลาอื่นๆ'</arg>
</arguments>
<status status="PASS" starttime="20210905 21:01:55.611" endtime="20210905 21:01:55.611"></status>
</kw>
<kw name="Get Table Cell" library="SeleniumLibrary">
<doc>Returns contents of a table cell.</doc>
<arguments>
<arg>${table}</arg>
<arg>1</arg>
<arg>5</arg>
</arguments>
<assign>
<var>${check_StartDate}</var>
</assign>
<msg timestamp="20210905 21:01:55.635" level="INFO">${check_StartDate} = Start date (Since)</msg>
<status status="PASS" starttime="20210905 21:01:55.612" endtime="20210905 21:01:55.635"></status>
</kw>
<kw name="Get Table Cell" library="SeleniumLibrary">
<doc>Returns contents of a table cell.</doc>
<arguments>
<arg>${table}</arg>
<arg>2</arg>
<arg>5</arg>
</arguments>
<assign>
<var>${check_StartDate_data}</var>
</assign>
<msg timestamp="20210905 21:01:55.661" level="INFO">${check_StartDate_data} = 03-09-2021</msg>
<status status="PASS" starttime="20210905 21:01:55.635" endtime="20210905 21:01:55.661"></status>
</kw>
<kw name="Should Be True" library="BuiltIn">
<doc>Fails if the given condition is not true.</doc>
<arguments>
<arg>'${check_StartDate}' == 'Start date (Since)' and '${check_StartDate_data}' == '${check_dateFrom}'</arg>
</arguments>
<status status="PASS" starttime="20210905 21:01:55.662" endtime="20210905 21:01:55.662"></status>
</kw>
<kw name="Get Table Cell" library="SeleniumLibrary">
<doc>Returns contents of a table cell.</doc>
<arguments>
<arg>${table}</arg>
<arg>1</arg>
<arg>6</arg>
</arguments>
<assign>
<var>${check_EndDate}</var>
</assign>
<msg timestamp="20210905 21:01:55.686" level="INFO">${check_EndDate} = End date (Until)</msg>
<status status="PASS" starttime="20210905 21:01:55.662" endtime="20210905 21:01:55.686"></status>
</kw>
<kw name="Get Table Cell" library="SeleniumLibrary">
<doc>Returns contents of a table cell.</doc>
<arguments>
<arg>${table}</arg>
<arg>2</arg>
<arg>6</arg>
</arguments>
<assign>
<var>${check_EndDate_data}</var>
</assign>
<msg timestamp="20210905 21:01:55.713" level="INFO">${check_EndDate_data} = 06-09-2021</msg>
<status status="PASS" starttime="20210905 21:01:55.687" endtime="20210905 21:01:55.713"></status>
</kw>
<kw name="Should Be True" library="BuiltIn">
<doc>Fails if the given condition is not true.</doc>
<arguments>
<arg>'${check_EndDate}' == 'End date (Until)' and '${check_EndDate_data}' == '${check_dateTo}'</arg>
</arguments>
<status status="PASS" starttime="20210905 21:01:55.714" endtime="20210905 21:01:55.715"></status>
</kw>
<kw name="Get Table Cell" library="SeleniumLibrary">
<doc>Returns contents of a table cell.</doc>
<arguments>
<arg>${table}</arg>
<arg>1</arg>
<arg>7</arg>
</arguments>
<assign>
<var>${check_AmountOfTheDay}</var>
</assign>
<msg timestamp="20210905 21:01:55.737" level="INFO">${check_AmountOfTheDay} = Amount the day</msg>
<status status="PASS" starttime="20210905 21:01:55.715" endtime="20210905 21:01:55.737"></status>
</kw>
<kw name="Get Table Cell" library="SeleniumLibrary">
<doc>Returns contents of a table cell.</doc>
<arguments>
<arg>${table}</arg>
<arg>2</arg>
<arg>7</arg>
</arguments>
<assign>
<var>${check_AmountOfTheDay_data}</var>
</assign>
<msg timestamp="20210905 21:01:55.764" level="INFO">${check_AmountOfTheDay_data} = 2.375</msg>
<status status="PASS" starttime="20210905 21:01:55.737" endtime="20210905 21:01:55.764"></status>
</kw>
<kw name="Should Be True" library="BuiltIn">
<doc>Fails if the given condition is not true.</doc>
<arguments>
<arg>'${check_AmountOfTheDay}' == 'Amount the day' and '${check_AmountOfTheDay_data}' == '${check_amount}${split_value}'</arg>
</arguments>
<status status="PASS" starttime="20210905 21:01:55.764" endtime="20210905 21:01:55.765"></status>
</kw>
<kw name="Get Table Cell" library="SeleniumLibrary">
<doc>Returns contents of a table cell.</doc>
<arguments>
<arg>${table}</arg>
<arg>1</arg>
<arg>8</arg>
</arguments>
<assign>
<var>${check_LeaveStatus}</var>
</assign>
<msg timestamp="20210905 21:01:55.787" level="INFO">${check_LeaveStatus} = Status</msg>
<status status="PASS" starttime="20210905 21:01:55.765" endtime="20210905 21:01:55.787"></status>
</kw>
<kw name="Get Table Cell" library="SeleniumLibrary">
<doc>Returns contents of a table cell.</doc>
<arguments>
<arg>${table}</arg>
<arg>2</arg>
<arg>8</arg>
</arguments>
<assign>
<var>${check_LeaveStatus_data}</var>
</assign>
<msg timestamp="20210905 21:01:55.816" level="INFO">${check_LeaveStatus_data} = Waiting for approve</msg>
<status status="PASS" starttime="20210905 21:01:55.787" endtime="20210905 21:01:55.816"></status>
</kw>
<kw name="Should Be True" library="BuiltIn">
<doc>Fails if the given condition is not true.</doc>
<arguments>
<arg>'${check_LeaveStatus}' == 'Status' and '${check_LeaveStatus_data}' == 'Waiting for approve'</arg>
</arguments>
<status status="PASS" starttime="20210905 21:01:55.816" endtime="20210905 21:01:55.816"></status>
</kw>
<kw name="Sleep" library="BuiltIn">
<doc>Pauses the test executed for the given time.</doc>
<arguments>
<arg>10s</arg>
</arguments>
<msg timestamp="20210905 21:02:05.818" level="INFO">Slept 10 seconds</msg>
<status status="PASS" starttime="20210905 21:01:55.817" endtime="20210905 21:02:05.818"></status>
</kw>
<kw name="Capture Page Screenshot" library="SeleniumLibrary">
<doc>Takes a screenshot of the current page and embeds it into a log file.</doc>
<arguments>
<arg>3_Add_Vacation_Leave.png</arg>
</arguments>
<msg timestamp="20210905 21:02:05.938" level="INFO" html="yes">&lt;/td&gt;&lt;/tr&gt;&lt;tr&gt;&lt;td colspan="3"&gt;&lt;a href="3_Add_Vacation_Leave.png"&gt;&lt;img src="3_Add_Vacation_Leave.png" width="800px"&gt;&lt;/a&gt;</msg>
<status status="PASS" starttime="20210905 21:02:05.818" endtime="20210905 21:02:05.938"></status>
</kw>
<kw name="Log To Console" library="BuiltIn">
<doc>Logs the given message to the console.</doc>
<arguments>
<arg>This Test Case Is Pass</arg>
</arguments>
<status status="PASS" starttime="20210905 21:02:05.939" endtime="20210905 21:02:05.939"></status>
</kw>
<kw name="Close All Browsers" library="SeleniumLibrary">
<doc>Closes all open browsers and resets the browser cache.</doc>
<status status="PASS" starttime="20210905 21:02:05.939" endtime="20210905 21:02:08.111"></status>
</kw>
<status status="PASS" starttime="20210905 21:00:16.529" endtime="20210905 21:02:08.111" critical="yes"></status>
</test>
<status status="PASS" starttime="20210905 20:41:38.450" endtime="20210905 21:02:08.114"></status>
</suite>
<statistics>
<total>
<stat pass="20" fail="0">Critical Tests</stat>
<stat pass="20" fail="0">All Tests</stat>
</total>
<tag>
</tag>
<suite>
<stat pass="20" fail="0" id="s1" name="MyLeave TC 01 20 Add">MyLeave TC 01 20 Add</stat>
</suite>
</statistics>
<errors>
</errors>
</robot>
