<?xml version="1.0" encoding="UTF-8"?>
<robot generator="Robot 3.2.2 (Python 3.9.1 on win32)" generated="20210902 03:30:30.789" rpa="false">
<suite id="s1" name="MyLeave" source="D:\CO-OP\CubeSoftTech_WorkingSpace\Code\MyLeave00-10\MyLeave.robot">
<test id="s1-t1" name="TC-LEAVE-EMP-001 N_Login_Unsuccess">
<kw name="Employee Login Unsuccess">
<kw name="Open Browser" library="SeleniumLibrary">
<doc>Opens a new browser instance to the optional ``url``.</doc>
<arguments>
<arg>${HOMEPAGE}</arg>
<arg>${BROWSER}</arg>
</arguments>
<msg timestamp="20210902 03:30:30.989" level="INFO">Opening browser 'chrome' to base url 'http://uat.cubesofttech.com/'.</msg>
<status status="PASS" starttime="20210902 03:30:30.989" endtime="20210902 03:30:32.953"></status>
</kw>
<kw name="Maximize Browser Window" library="SeleniumLibrary">
<doc>Maximizes current browser window.</doc>
<status status="PASS" starttime="20210902 03:30:32.953" endtime="20210902 03:30:33.069"></status>
</kw>
<kw name="Title Should Be" library="SeleniumLibrary">
<doc>Verifies that the current page title equals ``title``.</doc>
<arguments>
<arg>Cube SoftTech : Login</arg>
</arguments>
<msg timestamp="20210902 03:30:33.080" level="INFO">Page title is 'Cube SoftTech : Login'.</msg>
<status status="PASS" starttime="20210902 03:30:33.069" endtime="20210902 03:30:33.080"></status>
</kw>
<kw name="Wait Until Page Contains" library="SeleniumLibrary">
<doc>Waits until ``text`` appears on the current page.</doc>
<arguments>
<arg>Login to your account</arg>
</arguments>
<status status="PASS" starttime="20210902 03:30:33.080" endtime="20210902 03:30:33.096"></status>
</kw>
<kw name="Input Text" library="SeleniumLibrary">
<doc>Types the given ``text`` into the text field identified by ``locator``.</doc>
<arguments>
<arg>username</arg>
<arg>${id_login}</arg>
</arguments>
<msg timestamp="20210902 03:30:33.096" level="INFO">Typing text 'test_it_roles' into text field 'username'.</msg>
<status status="PASS" starttime="20210902 03:30:33.096" endtime="20210902 03:30:33.169"></status>
</kw>
<kw name="Input Password" library="SeleniumLibrary">
<doc>Types the given password into the text field identified by ``locator``.</doc>
<arguments>
<arg>password</arg>
<arg>0000</arg>
</arguments>
<msg timestamp="20210902 03:30:33.169" level="INFO">Typing password into text field 'password'.</msg>
<msg timestamp="20210902 03:30:33.202" level="INFO">Temporally setting log level to: NONE</msg>
<msg timestamp="20210902 03:30:33.237" level="INFO">Log level changed from NONE to INFO.</msg>
<status status="PASS" starttime="20210902 03:30:33.169" endtime="20210902 03:30:33.237"></status>
</kw>
<kw name="Click Button" library="SeleniumLibrary">
<doc>Clicks the button identified by ``locator``.</doc>
<arguments>
<arg>id=submit myBtn</arg>
</arguments>
<msg timestamp="20210902 03:30:33.237" level="INFO">Clicking button 'id=submit myBtn'.</msg>
<status status="PASS" starttime="20210902 03:30:33.237" endtime="20210902 03:30:33.386"></status>
</kw>
<kw name="Sleep" library="BuiltIn">
<doc>Pauses the test executed for the given time.</doc>
<arguments>
<arg>10s</arg>
</arguments>
<msg timestamp="20210902 03:30:43.387" level="INFO">Slept 10 seconds</msg>
<status status="PASS" starttime="20210902 03:30:33.386" endtime="20210902 03:30:43.387"></status>
</kw>
<kw name="Capture Page Screenshot" library="SeleniumLibrary">
<doc>Takes a screenshot of the current page and embeds it into a log file.</doc>
<arguments>
<arg>1_N_Login_Unsuccess.png</arg>
</arguments>
<msg timestamp="20210902 03:30:43.672" level="INFO" html="yes">&lt;/td&gt;&lt;/tr&gt;&lt;tr&gt;&lt;td colspan="3"&gt;&lt;a href="1_N_Login_Unsuccess.png"&gt;&lt;img src="1_N_Login_Unsuccess.png" width="800px"&gt;&lt;/a&gt;</msg>
<status status="PASS" starttime="20210902 03:30:43.387" endtime="20210902 03:30:43.672"></status>
</kw>
<status status="PASS" starttime="20210902 03:30:30.988" endtime="20210902 03:30:43.672"></status>
</kw>
<kw name="Log To Console" library="BuiltIn">
<doc>Logs the given message to the console.</doc>
<arguments>
<arg>This Test Case Is Pass</arg>
</arguments>
<status status="PASS" starttime="20210902 03:30:43.673" endtime="20210902 03:30:43.673"></status>
</kw>
<status status="PASS" starttime="20210902 03:30:30.988" endtime="20210902 03:30:43.673" critical="yes"></status>
</test>
<test id="s1-t2" name="TC-LEAVE-EMP-002 P_Login_Success">
<kw name="Employee Login Success">
<kw name="Title Should Be" library="SeleniumLibrary">
<doc>Verifies that the current page title equals ``title``.</doc>
<arguments>
<arg>Cube SoftTech : Login</arg>
</arguments>
<msg timestamp="20210902 03:30:43.678" level="INFO">Page title is 'Cube SoftTech : Login'.</msg>
<status status="PASS" starttime="20210902 03:30:43.675" endtime="20210902 03:30:43.678"></status>
</kw>
<kw name="Wait Until Page Contains" library="SeleniumLibrary">
<doc>Waits until ``text`` appears on the current page.</doc>
<arguments>
<arg>Login to your account</arg>
</arguments>
<status status="PASS" starttime="20210902 03:30:43.679" endtime="20210902 03:30:43.686"></status>
</kw>
<kw name="Input Text" library="SeleniumLibrary">
<doc>Types the given ``text`` into the text field identified by ``locator``.</doc>
<arguments>
<arg>username</arg>
<arg>${id_login}</arg>
</arguments>
<msg timestamp="20210902 03:30:43.687" level="INFO">Typing text 'test_it_roles' into text field 'username'.</msg>
<status status="PASS" starttime="20210902 03:30:43.686" endtime="20210902 03:30:43.736"></status>
</kw>
<kw name="Input Password" library="SeleniumLibrary">
<doc>Types the given password into the text field identified by ``locator``.</doc>
<arguments>
<arg>password</arg>
<arg>1234</arg>
</arguments>
<msg timestamp="20210902 03:30:43.736" level="INFO">Typing password into text field 'password'.</msg>
<msg timestamp="20210902 03:30:43.762" level="INFO">Temporally setting log level to: NONE</msg>
<msg timestamp="20210902 03:30:43.789" level="INFO">Log level changed from NONE to INFO.</msg>
<status status="PASS" starttime="20210902 03:30:43.736" endtime="20210902 03:30:43.789"></status>
</kw>
<kw name="Click Button" library="SeleniumLibrary">
<doc>Clicks the button identified by ``locator``.</doc>
<arguments>
<arg>id=submit myBtn</arg>
</arguments>
<msg timestamp="20210902 03:30:43.790" level="INFO">Clicking button 'id=submit myBtn'.</msg>
<status status="PASS" starttime="20210902 03:30:43.789" endtime="20210902 03:31:00.603"></status>
</kw>
<kw name="Title Should Be" library="SeleniumLibrary">
<doc>Verifies that the current page title equals ``title``.</doc>
<arguments>
<arg>check in</arg>
</arguments>
<msg timestamp="20210902 03:31:00.607" level="INFO">Page title is 'check in'.</msg>
<status status="PASS" starttime="20210902 03:31:00.603" endtime="20210902 03:31:00.607"></status>
</kw>
<kw name="Wait Until Page Contains" library="SeleniumLibrary">
<doc>Waits until ``text`` appears on the current page.</doc>
<arguments>
<arg>Welcome</arg>
</arguments>
<status status="PASS" starttime="20210902 03:31:00.608" endtime="20210902 03:31:00.617"></status>
</kw>
<kw name="Page Should Contain" library="SeleniumLibrary">
<doc>Verifies that current page contains ``text``.</doc>
<arguments>
<arg>${id_login}</arg>
</arguments>
<msg timestamp="20210902 03:31:00.627" level="INFO">Current page contains text 'test_it_roles'.</msg>
<status status="PASS" starttime="20210902 03:31:00.617" endtime="20210902 03:31:00.627"></status>
</kw>
<kw name="Sleep" library="BuiltIn">
<doc>Pauses the test executed for the given time.</doc>
<arguments>
<arg>15s</arg>
</arguments>
<msg timestamp="20210902 03:31:15.629" level="INFO">Slept 15 seconds</msg>
<status status="PASS" starttime="20210902 03:31:00.627" endtime="20210902 03:31:15.629"></status>
</kw>
<kw name="Capture Page Screenshot" library="SeleniumLibrary">
<doc>Takes a screenshot of the current page and embeds it into a log file.</doc>
<arguments>
<arg>2_P_Login_Success.png</arg>
</arguments>
<msg timestamp="20210902 03:31:15.770" level="INFO" html="yes">&lt;/td&gt;&lt;/tr&gt;&lt;tr&gt;&lt;td colspan="3"&gt;&lt;a href="2_P_Login_Success.png"&gt;&lt;img src="2_P_Login_Success.png" width="800px"&gt;&lt;/a&gt;</msg>
<status status="PASS" starttime="20210902 03:31:15.629" endtime="20210902 03:31:15.770"></status>
</kw>
<status status="PASS" starttime="20210902 03:30:43.675" endtime="20210902 03:31:15.770"></status>
</kw>
<kw name="Log To Console" library="BuiltIn">
<doc>Logs the given message to the console.</doc>
<arguments>
<arg>This Test Case Is Pass</arg>
</arguments>
<status status="PASS" starttime="20210902 03:31:15.771" endtime="20210902 03:31:15.771"></status>
</kw>
<status status="PASS" starttime="20210902 03:30:43.674" endtime="20210902 03:31:15.772" critical="yes"></status>
</test>
<test id="s1-t3" name="TC-LEAVE-EMP-003 P_Add_Vacation_Leave">
<kw name="Click MyLeave Button">
<kw name="Click Element" library="SeleniumLibrary">
<doc>Click the element identified by ``locator``.</doc>
<arguments>
<arg>xpath://*[@href="myleave_list?Id=test_it_roles"]</arg>
</arguments>
<msg timestamp="20210902 03:31:15.774" level="INFO">Clicking element 'xpath://*[@href="myleave_list?Id=test_it_roles"]'.</msg>
<status status="PASS" starttime="20210902 03:31:15.773" endtime="20210902 03:31:16.529"></status>
</kw>
<kw name="Title Should Be" library="SeleniumLibrary">
<doc>Verifies that the current page title equals ``title``.</doc>
<arguments>
<arg>My leave list</arg>
</arguments>
<msg timestamp="20210902 03:31:16.534" level="INFO">Page title is 'My leave list'.</msg>
<status status="PASS" starttime="20210902 03:31:16.529" endtime="20210902 03:31:16.534"></status>
</kw>
<status status="PASS" starttime="20210902 03:31:15.773" endtime="20210902 03:31:16.534"></status>
</kw>
<kw name="Click Add Leave">
<kw name="Click Button" library="SeleniumLibrary">
<doc>Clicks the button identified by ``locator``.</doc>
<arguments>
<arg>addLeave</arg>
</arguments>
<msg timestamp="20210902 03:31:16.535" level="INFO">Clicking button 'addLeave'.</msg>
<status status="PASS" starttime="20210902 03:31:16.535" endtime="20210902 03:31:16.859"></status>
</kw>
<kw name="Title Should Be" library="SeleniumLibrary">
<doc>Verifies that the current page title equals ``title``.</doc>
<arguments>
<arg>Add Leave</arg>
</arguments>
<msg timestamp="20210902 03:31:16.862" level="INFO">Page title is 'Add Leave'.</msg>
<status status="PASS" starttime="20210902 03:31:16.859" endtime="20210902 03:31:16.863"></status>
</kw>
<status status="PASS" starttime="20210902 03:31:16.534" endtime="20210902 03:31:16.863"></status>
</kw>
<kw name="Wait Until Page Contains" library="SeleniumLibrary">
<doc>Waits until ``text`` appears on the current page.</doc>
<arguments>
<arg>${id_name}</arg>
</arguments>
<status status="PASS" starttime="20210902 03:31:16.863" endtime="20210902 03:31:16.874"></status>
</kw>
<kw name="Click Element" library="SeleniumLibrary">
<doc>Click the element identified by ``locator``.</doc>
<arguments>
<arg>xpath=//*[@id="leaveTypes"]/label[1]</arg>
</arguments>
<msg timestamp="20210902 03:31:16.875" level="INFO">Clicking element 'xpath=//*[@id="leaveTypes"]/label[1]'.</msg>
<status status="PASS" starttime="20210902 03:31:16.875" endtime="20210902 03:31:16.918"></status>
</kw>
<kw name="Radio Button Should Be Set To" library="SeleniumLibrary">
<doc>Verifies radio button group ``group_name`` is set to ``value``.</doc>
<arguments>
<arg>leaveType</arg>
<arg>1</arg>
</arguments>
<msg timestamp="20210902 03:31:16.919" level="INFO">Verifying radio button 'leaveType' has selection '1'.</msg>
<status status="PASS" starttime="20210902 03:31:16.919" endtime="20210902 03:31:16.946"></status>
</kw>
<kw name="Click Element" library="SeleniumLibrary">
<doc>Click the element identified by ``locator``.</doc>
<arguments>
<arg>id=date_from</arg>
</arguments>
<msg timestamp="20210902 03:31:16.947" level="INFO">Clicking element 'id=date_from'.</msg>
<status status="PASS" starttime="20210902 03:31:16.947" endtime="20210902 03:31:17.001"></status>
</kw>
<kw name="Click Element" library="SeleniumLibrary">
<doc>Click the element identified by ``locator``.</doc>
<arguments>
<arg>xpath=/html/body/div[5]/div[1]/table/thead/tr[2]/th[2]</arg>
</arguments>
<msg timestamp="20210902 03:31:17.001" level="INFO">Clicking element 'xpath=/html/body/div[5]/div[1]/table/thead/tr[2]/th[2]'.</msg>
<status status="PASS" starttime="20210902 03:31:17.001" endtime="20210902 03:31:17.035"></status>
</kw>
<kw name="Click Element" library="SeleniumLibrary">
<doc>Click the element identified by ``locator``.</doc>
<arguments>
<arg>xpath=/html/body/div[5]/div[2]/table/tbody/tr/td/span[8]</arg>
</arguments>
<msg timestamp="20210902 03:31:17.036" level="INFO">Clicking element 'xpath=/html/body/div[5]/div[2]/table/tbody/tr/td/span[8]'.</msg>
<status status="PASS" starttime="20210902 03:31:17.036" endtime="20210902 03:31:17.073"></status>
</kw>
<kw name="Click Element" library="SeleniumLibrary">
<doc>Click the element identified by ``locator``.</doc>
<arguments>
<arg>xpath=/html/body/div[5]/div[1]/table/tbody/tr[4]/td[5]</arg>
</arguments>
<msg timestamp="20210902 03:31:17.074" level="INFO">Clicking element 'xpath=/html/body/div[5]/div[1]/table/tbody/tr[4]/td[5]'.</msg>
<status status="PASS" starttime="20210902 03:31:17.074" endtime="20210902 03:31:17.118"></status>
</kw>
<kw name="Click Element" library="SeleniumLibrary">
<doc>Click the element identified by ``locator``.</doc>
<arguments>
<arg>id=date_to</arg>
</arguments>
<msg timestamp="20210902 03:31:17.118" level="INFO">Clicking element 'id=date_to'.</msg>
<status status="PASS" starttime="20210902 03:31:17.118" endtime="20210902 03:31:17.197"></status>
</kw>
<kw name="Click Element" library="SeleniumLibrary">
<doc>Click the element identified by ``locator``.</doc>
<arguments>
<arg>xpath=/html/body/div[5]/div[1]/table/thead/tr[2]/th[2]</arg>
</arguments>
<msg timestamp="20210902 03:31:17.198" level="INFO">Clicking element 'xpath=/html/body/div[5]/div[1]/table/thead/tr[2]/th[2]'.</msg>
<status status="PASS" starttime="20210902 03:31:17.197" endtime="20210902 03:31:17.252"></status>
</kw>
<kw name="Click Element" library="SeleniumLibrary">
<doc>Click the element identified by ``locator``.</doc>
<arguments>
<arg>xpath=/html/body/div[5]/div[2]/table/tbody/tr/td/span[8]</arg>
</arguments>
<msg timestamp="20210902 03:31:17.253" level="INFO">Clicking element 'xpath=/html/body/div[5]/div[2]/table/tbody/tr/td/span[8]'.</msg>
<status status="PASS" starttime="20210902 03:31:17.253" endtime="20210902 03:31:17.300"></status>
</kw>
<kw name="Click Element" library="SeleniumLibrary">
<doc>Click the element identified by ``locator``.</doc>
<arguments>
<arg>xpath=/html/body/div[5]/div[1]/table/tbody/tr[4]/td[6]</arg>
</arguments>
<msg timestamp="20210902 03:31:17.301" level="INFO">Clicking element 'xpath=/html/body/div[5]/div[1]/table/tbody/tr[4]/td[6]'.</msg>
<status status="PASS" starttime="20210902 03:31:17.301" endtime="20210902 03:31:17.354"></status>
</kw>
<kw name="Get Value" library="SeleniumLibrary">
<doc>Returns the value attribute of the element identified by ``locator``.</doc>
<arguments>
<arg>xpath=//*[@id="date_from"]</arg>
</arguments>
<assign>
<var>${check_dateFrom}</var>
</assign>
<msg timestamp="20210902 03:31:17.369" level="INFO">${check_dateFrom} = 19-08-2021</msg>
<status status="PASS" starttime="20210902 03:31:17.354" endtime="20210902 03:31:17.369"></status>
</kw>
<kw name="Get Value" library="SeleniumLibrary">
<doc>Returns the value attribute of the element identified by ``locator``.</doc>
<arguments>
<arg>xpath=//*[@id="date_to"]</arg>
</arguments>
<assign>
<var>${check_dateTo}</var>
</assign>
<msg timestamp="20210902 03:31:17.383" level="INFO">${check_dateTo} = 20-08-2021</msg>
<status status="PASS" starttime="20210902 03:31:17.369" endtime="20210902 03:31:17.383"></status>
</kw>
<kw name="Should Be True" library="BuiltIn">
<doc>Fails if the given condition is not true.</doc>
<arguments>
<arg>'${check_dateFrom}' == '19-08-2021' and '${check_dateTo}' == '20-08-2021'</arg>
</arguments>
<status status="PASS" starttime="20210902 03:31:17.384" endtime="20210902 03:31:17.384"></status>
</kw>
<kw name="Get Value" library="SeleniumLibrary">
<doc>Returns the value attribute of the element identified by ``locator``.</doc>
<arguments>
<arg>xpath=//*[@id="amount"]</arg>
</arguments>
<assign>
<var>${check_amount}</var>
</assign>
<msg timestamp="20210902 03:31:17.399" level="INFO">${check_amount} = 2</msg>
<status status="PASS" starttime="20210902 03:31:17.384" endtime="20210902 03:31:17.399"></status>
</kw>
<kw name="Should Be True" library="BuiltIn">
<doc>Fails if the given condition is not true.</doc>
<arguments>
<arg>'${check_amount}' == '2'</arg>
</arguments>
<status status="PASS" starttime="20210902 03:31:17.400" endtime="20210902 03:31:17.400"></status>
</kw>
<kw name="Input Text" library="SeleniumLibrary">
<doc>Types the given ``text`` into the text field identified by ``locator``.</doc>
<arguments>
<arg>id=description</arg>
<arg>TC-LEAVE-003</arg>
</arguments>
<msg timestamp="20210902 03:31:17.401" level="INFO">Typing text 'TC-LEAVE-003' into text field 'id=description'.</msg>
<status status="PASS" starttime="20210902 03:31:17.401" endtime="20210902 03:31:17.462"></status>
</kw>
<kw name="Get Value" library="SeleniumLibrary">
<doc>Returns the value attribute of the element identified by ``locator``.</doc>
<arguments>
<arg>xpath=//*[@id="description"]</arg>
</arguments>
<assign>
<var>${check_description}</var>
</assign>
<msg timestamp="20210902 03:31:17.476" level="INFO">${check_description} = TC-LEAVE-003</msg>
<status status="PASS" starttime="20210902 03:31:17.462" endtime="20210902 03:31:17.476"></status>
</kw>
<kw name="Should Be True" library="BuiltIn">
<doc>Fails if the given condition is not true.</doc>
<arguments>
<arg>'${check_description}' == 'TC-LEAVE-003'</arg>
</arguments>
<status status="PASS" starttime="20210902 03:31:17.477" endtime="20210902 03:31:17.477"></status>
</kw>
<kw name="Input Text" library="SeleniumLibrary">
<doc>Types the given ``text`` into the text field identified by ``locator``.</doc>
<arguments>
<arg>id=reason</arg>
<arg>เป็นส่วนหนึ่งในการทดสอบ</arg>
</arguments>
<msg timestamp="20210902 03:31:17.477" level="INFO">Typing text 'เป็นส่วนหนึ่งในการทดสอบ' into text field 'id=reason'.</msg>
<status status="PASS" starttime="20210902 03:31:17.477" endtime="20210902 03:31:17.546"></status>
</kw>
<kw name="Get Value" library="SeleniumLibrary">
<doc>Returns the value attribute of the element identified by ``locator``.</doc>
<arguments>
<arg>xpath=//*[@id="reason"]</arg>
</arguments>
<assign>
<var>${check_reason}</var>
</assign>
<msg timestamp="20210902 03:31:17.561" level="INFO">${check_reason} = เป็นส่วนหนึ่งในการทดสอบ</msg>
<status status="PASS" starttime="20210902 03:31:17.547" endtime="20210902 03:31:17.561"></status>
</kw>
<kw name="Should Be True" library="BuiltIn">
<doc>Fails if the given condition is not true.</doc>
<arguments>
<arg>'${check_reason}' == 'เป็นส่วนหนึ่งในการทดสอบ'</arg>
</arguments>
<status status="PASS" starttime="20210902 03:31:17.562" endtime="20210902 03:31:17.562"></status>
</kw>
<kw name="Get Text" library="SeleniumLibrary">
<doc>Returns the text value of the element identified by ``locator``.</doc>
<arguments>
<arg>xpath=//*[@id="select2-approver-container"]</arg>
</arguments>
<assign>
<var>${check_approver}</var>
</assign>
<msg timestamp="20210902 03:31:17.582" level="INFO">${check_approver} = HR Role Testing</msg>
<status status="PASS" starttime="20210902 03:31:17.562" endtime="20210902 03:31:17.582"></status>
</kw>
<kw name="Should Be True" library="BuiltIn">
<doc>Fails if the given condition is not true.</doc>
<arguments>
<arg>'${check_approver}' == 'HR Role Testing'</arg>
</arguments>
<status status="PASS" starttime="20210902 03:31:17.583" endtime="20210902 03:31:17.584"></status>
</kw>
<kw name="Get Text" library="SeleniumLibrary">
<doc>Returns the text value of the element identified by ``locator``.</doc>
<arguments>
<arg>xpath=//*[@id="status"]/option[1]</arg>
</arguments>
<assign>
<var>${check_status}</var>
</assign>
<msg timestamp="20210902 03:31:17.608" level="INFO">${check_status} = Wait for approve</msg>
<status status="PASS" starttime="20210902 03:31:17.584" endtime="20210902 03:31:17.608"></status>
</kw>
<kw name="Should Be True" library="BuiltIn">
<doc>Fails if the given condition is not true.</doc>
<arguments>
<arg>'${check_status}' == 'Wait for approve'</arg>
</arguments>
<status status="PASS" starttime="20210902 03:31:17.609" endtime="20210902 03:31:17.609"></status>
</kw>
<kw name="Click Element" library="SeleniumLibrary">
<doc>Click the element identified by ``locator``.</doc>
<arguments>
<arg>xpath=//*[@class="btn btn-sm blue-soft"]</arg>
</arguments>
<msg timestamp="20210902 03:31:17.610" level="INFO">Clicking element 'xpath=//*[@class="btn btn-sm blue-soft"]'.</msg>
<status status="PASS" starttime="20210902 03:31:17.610" endtime="20210902 03:32:50.260"></status>
</kw>
<kw name="Wait Until Location Is" library="SeleniumLibrary">
<doc>Waits until the current URL is ``expected``.</doc>
<arguments>
<arg>http://uat.cubesofttech.com/leavecalendar</arg>
</arguments>
<status status="PASS" starttime="20210902 03:32:50.262" endtime="20210902 03:32:50.276"></status>
</kw>
<kw name="Click MyLeave Button">
<kw name="Click Element" library="SeleniumLibrary">
<doc>Click the element identified by ``locator``.</doc>
<arguments>
<arg>xpath://*[@href="myleave_list?Id=test_it_roles"]</arg>
</arguments>
<msg timestamp="20210902 03:32:50.277" level="INFO">Clicking element 'xpath://*[@href="myleave_list?Id=test_it_roles"]'.</msg>
<status status="PASS" starttime="20210902 03:32:50.277" endtime="20210902 03:32:50.907"></status>
</kw>
<kw name="Title Should Be" library="SeleniumLibrary">
<doc>Verifies that the current page title equals ``title``.</doc>
<arguments>
<arg>My leave list</arg>
</arguments>
<msg timestamp="20210902 03:32:50.910" level="INFO">Page title is 'My leave list'.</msg>
<status status="PASS" starttime="20210902 03:32:50.907" endtime="20210902 03:32:50.911"></status>
</kw>
<status status="PASS" starttime="20210902 03:32:50.277" endtime="20210902 03:32:50.911"></status>
</kw>
<kw name="Get Current Date" library="DateTime">
<doc>Returns current local or UTC time with an optional increment.</doc>
<arguments>
<arg>result_format=%d-%m-%Y</arg>
</arguments>
<assign>
<var>${currentDate}</var>
</assign>
<msg timestamp="20210902 03:32:50.911" level="INFO">${currentDate} = 02-09-2021</msg>
<status status="PASS" starttime="20210902 03:32:50.911" endtime="20210902 03:32:50.911"></status>
</kw>
<kw name="Get Current Date" library="DateTime">
<doc>Returns current local or UTC time with an optional increment.</doc>
<arguments>
<arg>result_format=%H:</arg>
</arguments>
<assign>
<var>${currentTime}</var>
</assign>
<msg timestamp="20210902 03:32:50.912" level="INFO">${currentTime} = 03:</msg>
<status status="PASS" starttime="20210902 03:32:50.912" endtime="20210902 03:32:50.912"></status>
</kw>
<kw name="Get Table Cell" library="SeleniumLibrary">
<doc>Returns contents of a table cell.</doc>
<arguments>
<arg>${table}</arg>
<arg>1</arg>
<arg>2</arg>
</arguments>
<assign>
<var>${check_submit}</var>
</assign>
<msg timestamp="20210902 03:32:50.945" level="INFO">${check_submit} = Submit date</msg>
<status status="PASS" starttime="20210902 03:32:50.912" endtime="20210902 03:32:50.945"></status>
</kw>
<kw name="Get Table Cell" library="SeleniumLibrary">
<doc>Returns contents of a table cell.</doc>
<arguments>
<arg>${table}</arg>
<arg>2</arg>
<arg>2</arg>
</arguments>
<assign>
<var>${check_submit_data}</var>
</assign>
<msg timestamp="20210902 03:32:50.976" level="INFO">${check_submit_data} = 02-09-2021 03:32</msg>
<status status="PASS" starttime="20210902 03:32:50.945" endtime="20210902 03:32:50.977"></status>
</kw>
<kw name="Remove String" library="String">
<doc>Removes all ``removables`` from the given ``string``.</doc>
<arguments>
<arg>${check_submit_data}</arg>
<arg>${currentDate}</arg>
<arg>${currentTime}</arg>
<arg>${space}</arg>
</arguments>
<assign>
<var>${split}</var>
</assign>
<msg timestamp="20210902 03:32:50.977" level="INFO">${split} = 32</msg>
<status status="PASS" starttime="20210902 03:32:50.977" endtime="20210902 03:32:50.977"></status>
</kw>
<kw name="Should Be True" library="BuiltIn">
<doc>Fails if the given condition is not true.</doc>
<arguments>
<arg>'${check_submit}' == 'Submit date' and '${check_submit_data}' == '${currentDate} ${currentTime}${split}'</arg>
</arguments>
<status status="PASS" starttime="20210902 03:32:50.977" endtime="20210902 03:32:50.978"></status>
</kw>
<kw name="Get Table Cell" library="SeleniumLibrary">
<doc>Returns contents of a table cell.</doc>
<arguments>
<arg>${table}</arg>
<arg>1</arg>
<arg>3</arg>
</arguments>
<assign>
<var>${check_applicant}</var>
</assign>
<msg timestamp="20210902 03:32:51.000" level="INFO">${check_applicant} = The applicant</msg>
<status status="PASS" starttime="20210902 03:32:50.978" endtime="20210902 03:32:51.000"></status>
</kw>
<kw name="Get Table Cell" library="SeleniumLibrary">
<doc>Returns contents of a table cell.</doc>
<arguments>
<arg>${table}</arg>
<arg>2</arg>
<arg>3</arg>
</arguments>
<assign>
<var>${check_applicant_data}</var>
</assign>
<msg timestamp="20210902 03:32:51.026" level="INFO">${check_applicant_data} = test_it_roles</msg>
<status status="PASS" starttime="20210902 03:32:51.001" endtime="20210902 03:32:51.026"></status>
</kw>
<kw name="Should Be True" library="BuiltIn">
<doc>Fails if the given condition is not true.</doc>
<arguments>
<arg>'${check_applicant}' == 'The applicant' and '${check_applicant_data}' == 'test_it_roles'</arg>
</arguments>
<status status="PASS" starttime="20210902 03:32:51.026" endtime="20210902 03:32:51.027"></status>
</kw>
<kw name="Get Table Cell" library="SeleniumLibrary">
<doc>Returns contents of a table cell.</doc>
<arguments>
<arg>${table}</arg>
<arg>1</arg>
<arg>4</arg>
</arguments>
<assign>
<var>${check_typeOfLeave}</var>
</assign>
<msg timestamp="20210902 03:32:51.049" level="INFO">${check_typeOfLeave} = Type of leave</msg>
<status status="PASS" starttime="20210902 03:32:51.027" endtime="20210902 03:32:51.049"></status>
</kw>
<kw name="Get Table Cell" library="SeleniumLibrary">
<doc>Returns contents of a table cell.</doc>
<arguments>
<arg>${table}</arg>
<arg>2</arg>
<arg>4</arg>
</arguments>
<assign>
<var>${check_typeOfLeave_data}</var>
</assign>
<msg timestamp="20210902 03:32:51.080" level="INFO">${check_typeOfLeave_data} = ลากิจ/ลาพักร้อน</msg>
<status status="PASS" starttime="20210902 03:32:51.049" endtime="20210902 03:32:51.080"></status>
</kw>
<kw name="Should Be True" library="BuiltIn">
<doc>Fails if the given condition is not true.</doc>
<arguments>
<arg>'${check_typeOfLeave}' == 'Type of leave' and '${check_typeOfLeave_data}' == 'ลากิจ/ลาพักร้อน'</arg>
</arguments>
<status status="PASS" starttime="20210902 03:32:51.080" endtime="20210902 03:32:51.081"></status>
</kw>
<kw name="Get Table Cell" library="SeleniumLibrary">
<doc>Returns contents of a table cell.</doc>
<arguments>
<arg>${table}</arg>
<arg>1</arg>
<arg>5</arg>
</arguments>
<assign>
<var>${check_StartDate}</var>
</assign>
<msg timestamp="20210902 03:32:51.102" level="INFO">${check_StartDate} = Start date (Since)</msg>
<status status="PASS" starttime="20210902 03:32:51.081" endtime="20210902 03:32:51.102"></status>
</kw>
<kw name="Get Table Cell" library="SeleniumLibrary">
<doc>Returns contents of a table cell.</doc>
<arguments>
<arg>${table}</arg>
<arg>2</arg>
<arg>5</arg>
</arguments>
<assign>
<var>${check_StartDate_data}</var>
</assign>
<msg timestamp="20210902 03:32:51.128" level="INFO">${check_StartDate_data} = 19-08-2021</msg>
<status status="PASS" starttime="20210902 03:32:51.103" endtime="20210902 03:32:51.128"></status>
</kw>
<kw name="Should Be True" library="BuiltIn">
<doc>Fails if the given condition is not true.</doc>
<arguments>
<arg>'${check_StartDate}' == 'Start date (Since)' and '${check_StartDate_data}' == '${check_dateFrom}'</arg>
</arguments>
<status status="PASS" starttime="20210902 03:32:51.128" endtime="20210902 03:32:51.129"></status>
</kw>
<kw name="Get Table Cell" library="SeleniumLibrary">
<doc>Returns contents of a table cell.</doc>
<arguments>
<arg>${table}</arg>
<arg>1</arg>
<arg>6</arg>
</arguments>
<assign>
<var>${check_EndDate}</var>
</assign>
<msg timestamp="20210902 03:32:51.151" level="INFO">${check_EndDate} = End date (Until)</msg>
<status status="PASS" starttime="20210902 03:32:51.129" endtime="20210902 03:32:51.151"></status>
</kw>
<kw name="Get Table Cell" library="SeleniumLibrary">
<doc>Returns contents of a table cell.</doc>
<arguments>
<arg>${table}</arg>
<arg>2</arg>
<arg>6</arg>
</arguments>
<assign>
<var>${check_EndDate_data}</var>
</assign>
<msg timestamp="20210902 03:32:51.178" level="INFO">${check_EndDate_data} = 20-08-2021</msg>
<status status="PASS" starttime="20210902 03:32:51.152" endtime="20210902 03:32:51.178"></status>
</kw>
<kw name="Should Be True" library="BuiltIn">
<doc>Fails if the given condition is not true.</doc>
<arguments>
<arg>'${check_EndDate}' == 'End date (Until)' and '${check_EndDate_data}' == '${check_dateTo}'</arg>
</arguments>
<status status="PASS" starttime="20210902 03:32:51.183" endtime="20210902 03:32:51.183"></status>
</kw>
<kw name="Get Table Cell" library="SeleniumLibrary">
<doc>Returns contents of a table cell.</doc>
<arguments>
<arg>${table}</arg>
<arg>1</arg>
<arg>7</arg>
</arguments>
<assign>
<var>${check_AmountOfTheDay}</var>
</assign>
<msg timestamp="20210902 03:32:51.217" level="INFO">${check_AmountOfTheDay} = Amount the day</msg>
<status status="PASS" starttime="20210902 03:32:51.184" endtime="20210902 03:32:51.217"></status>
</kw>
<kw name="Get Table Cell" library="SeleniumLibrary">
<doc>Returns contents of a table cell.</doc>
<arguments>
<arg>${table}</arg>
<arg>2</arg>
<arg>7</arg>
</arguments>
<assign>
<var>${check_AmountOfTheDay_data}</var>
</assign>
<msg timestamp="20210902 03:32:51.255" level="INFO">${check_AmountOfTheDay_data} = 2.000</msg>
<status status="PASS" starttime="20210902 03:32:51.218" endtime="20210902 03:32:51.255"></status>
</kw>
<kw name="Should Be True" library="BuiltIn">
<doc>Fails if the given condition is not true.</doc>
<arguments>
<arg>'${check_AmountOfTheDay}' == 'Amount the day' and '${check_AmountOfTheDay_data}' == '${check_amount}.000'</arg>
</arguments>
<status status="PASS" starttime="20210902 03:32:51.256" endtime="20210902 03:32:51.256"></status>
</kw>
<kw name="Get Table Cell" library="SeleniumLibrary">
<doc>Returns contents of a table cell.</doc>
<arguments>
<arg>${table}</arg>
<arg>1</arg>
<arg>8</arg>
</arguments>
<assign>
<var>${check_LeaveStatus}</var>
</assign>
<msg timestamp="20210902 03:32:51.287" level="INFO">${check_LeaveStatus} = Status</msg>
<status status="PASS" starttime="20210902 03:32:51.256" endtime="20210902 03:32:51.287"></status>
</kw>
<kw name="Get Table Cell" library="SeleniumLibrary">
<doc>Returns contents of a table cell.</doc>
<arguments>
<arg>${table}</arg>
<arg>2</arg>
<arg>8</arg>
</arguments>
<assign>
<var>${check_LeaveStatus_data}</var>
</assign>
<msg timestamp="20210902 03:32:51.313" level="INFO">${check_LeaveStatus_data} = Waiting for approve</msg>
<status status="PASS" starttime="20210902 03:32:51.288" endtime="20210902 03:32:51.313"></status>
</kw>
<kw name="Should Be True" library="BuiltIn">
<doc>Fails if the given condition is not true.</doc>
<arguments>
<arg>'${check_LeaveStatus}' == 'Status' and '${check_LeaveStatus_data}' == 'Waiting for approve'</arg>
</arguments>
<status status="PASS" starttime="20210902 03:32:51.313" endtime="20210902 03:32:51.314"></status>
</kw>
<kw name="Sleep" library="BuiltIn">
<doc>Pauses the test executed for the given time.</doc>
<arguments>
<arg>10s</arg>
</arguments>
<msg timestamp="20210902 03:33:01.314" level="INFO">Slept 10 seconds</msg>
<status status="PASS" starttime="20210902 03:32:51.314" endtime="20210902 03:33:01.314"></status>
</kw>
<kw name="Capture Page Screenshot" library="SeleniumLibrary">
<doc>Takes a screenshot of the current page and embeds it into a log file.</doc>
<arguments>
<arg>3_P_Add_Vacation_Leave.png</arg>
</arguments>
<msg timestamp="20210902 03:33:01.606" level="INFO" html="yes">&lt;/td&gt;&lt;/tr&gt;&lt;tr&gt;&lt;td colspan="3"&gt;&lt;a href="3_P_Add_Vacation_Leave.png"&gt;&lt;img src="3_P_Add_Vacation_Leave.png" width="800px"&gt;&lt;/a&gt;</msg>
<status status="PASS" starttime="20210902 03:33:01.315" endtime="20210902 03:33:01.606"></status>
</kw>
<kw name="Log To Console" library="BuiltIn">
<doc>Logs the given message to the console.</doc>
<arguments>
<arg>This Test Case Is Pass</arg>
</arguments>
<status status="PASS" starttime="20210902 03:33:01.607" endtime="20210902 03:33:01.608"></status>
</kw>
<status status="PASS" starttime="20210902 03:31:15.772" endtime="20210902 03:33:01.610" critical="yes"></status>
</test>
<test id="s1-t4" name="TC-LEAVE-EMP-004 P_Add_Vacation_From_Last_Year_Leave">
<kw name="Click MyLeave Button">
<kw name="Click Element" library="SeleniumLibrary">
<doc>Click the element identified by ``locator``.</doc>
<arguments>
<arg>xpath://*[@href="myleave_list?Id=test_it_roles"]</arg>
</arguments>
<msg timestamp="20210902 03:33:01.615" level="INFO">Clicking element 'xpath://*[@href="myleave_list?Id=test_it_roles"]'.</msg>
<status status="PASS" starttime="20210902 03:33:01.615" endtime="20210902 03:33:02.270"></status>
</kw>
<kw name="Title Should Be" library="SeleniumLibrary">
<doc>Verifies that the current page title equals ``title``.</doc>
<arguments>
<arg>My leave list</arg>
</arguments>
<msg timestamp="20210902 03:33:02.276" level="INFO">Page title is 'My leave list'.</msg>
<status status="PASS" starttime="20210902 03:33:02.271" endtime="20210902 03:33:02.276"></status>
</kw>
<status status="PASS" starttime="20210902 03:33:01.614" endtime="20210902 03:33:02.277"></status>
</kw>
<kw name="Click Add Leave">
<kw name="Click Button" library="SeleniumLibrary">
<doc>Clicks the button identified by ``locator``.</doc>
<arguments>
<arg>addLeave</arg>
</arguments>
<msg timestamp="20210902 03:33:02.277" level="INFO">Clicking button 'addLeave'.</msg>
<status status="PASS" starttime="20210902 03:33:02.277" endtime="20210902 03:33:02.549"></status>
</kw>
<kw name="Title Should Be" library="SeleniumLibrary">
<doc>Verifies that the current page title equals ``title``.</doc>
<arguments>
<arg>Add Leave</arg>
</arguments>
<msg timestamp="20210902 03:33:02.551" level="INFO">Page title is 'Add Leave'.</msg>
<status status="PASS" starttime="20210902 03:33:02.549" endtime="20210902 03:33:02.551"></status>
</kw>
<status status="PASS" starttime="20210902 03:33:02.277" endtime="20210902 03:33:02.551"></status>
</kw>
<kw name="Wait Until Page Contains" library="SeleniumLibrary">
<doc>Waits until ``text`` appears on the current page.</doc>
<arguments>
<arg>${id_name}</arg>
</arguments>
<status status="PASS" starttime="20210902 03:33:02.552" endtime="20210902 03:33:02.562"></status>
</kw>
<kw name="Click Element" library="SeleniumLibrary">
<doc>Click the element identified by ``locator``.</doc>
<arguments>
<arg>xpath=//*[@id="leaveTypes"]/label[5]</arg>
</arguments>
<msg timestamp="20210902 03:33:02.562" level="INFO">Clicking element 'xpath=//*[@id="leaveTypes"]/label[5]'.</msg>
<status status="PASS" starttime="20210902 03:33:02.562" endtime="20210902 03:33:02.605"></status>
</kw>
<kw name="Radio Button Should Be Set To" library="SeleniumLibrary">
<doc>Verifies radio button group ``group_name`` is set to ``value``.</doc>
<arguments>
<arg>leaveType</arg>
<arg>6</arg>
</arguments>
<msg timestamp="20210902 03:33:02.609" level="INFO">Verifying radio button 'leaveType' has selection '6'.</msg>
<status status="PASS" starttime="20210902 03:33:02.609" endtime="20210902 03:33:02.678"></status>
</kw>
<kw name="Click Element" library="SeleniumLibrary">
<doc>Click the element identified by ``locator``.</doc>
<arguments>
<arg>id=date_from</arg>
</arguments>
<msg timestamp="20210902 03:33:02.678" level="INFO">Clicking element 'id=date_from'.</msg>
<status status="PASS" starttime="20210902 03:33:02.678" endtime="20210902 03:33:02.744"></status>
</kw>
<kw name="Click Element" library="SeleniumLibrary">
<doc>Click the element identified by ``locator``.</doc>
<arguments>
<arg>xpath=/html/body/div[5]/div[1]/table/thead/tr[2]/th[2]</arg>
</arguments>
<msg timestamp="20210902 03:33:02.745" level="INFO">Clicking element 'xpath=/html/body/div[5]/div[1]/table/thead/tr[2]/th[2]'.</msg>
<status status="PASS" starttime="20210902 03:33:02.745" endtime="20210902 03:33:02.792"></status>
</kw>
<kw name="Click Element" library="SeleniumLibrary">
<doc>Click the element identified by ``locator``.</doc>
<arguments>
<arg>xpath=/html/body/div[5]/div[2]/table/tbody/tr/td/span[8]</arg>
</arguments>
<msg timestamp="20210902 03:33:02.793" level="INFO">Clicking element 'xpath=/html/body/div[5]/div[2]/table/tbody/tr/td/span[8]'.</msg>
<status status="PASS" starttime="20210902 03:33:02.792" endtime="20210902 03:33:02.865"></status>
</kw>
<kw name="Click Element" library="SeleniumLibrary">
<doc>Click the element identified by ``locator``.</doc>
<arguments>
<arg>xpath=/html/body/div[5]/div[1]/table/tbody/tr[5]/td[4]</arg>
</arguments>
<msg timestamp="20210902 03:33:02.866" level="INFO">Clicking element 'xpath=/html/body/div[5]/div[1]/table/tbody/tr[5]/td[4]'.</msg>
<status status="PASS" starttime="20210902 03:33:02.866" endtime="20210902 03:33:02.910"></status>
</kw>
<kw name="Get Value" library="SeleniumLibrary">
<doc>Returns the value attribute of the element identified by ``locator``.</doc>
<arguments>
<arg>xpath=//*[@id="date_from"]</arg>
</arguments>
<assign>
<var>${check_dateFrom}</var>
</assign>
<msg timestamp="20210902 03:33:02.924" level="INFO">${check_dateFrom} = 25-08-2021</msg>
<status status="PASS" starttime="20210902 03:33:02.910" endtime="20210902 03:33:02.924"></status>
</kw>
<kw name="Click Element" library="SeleniumLibrary">
<doc>Click the element identified by ``locator``.</doc>
<arguments>
<arg>id=date_to</arg>
</arguments>
<msg timestamp="20210902 03:33:02.925" level="INFO">Clicking element 'id=date_to'.</msg>
<status status="PASS" starttime="20210902 03:33:02.925" endtime="20210902 03:33:02.974"></status>
</kw>
<kw name="Click Element" library="SeleniumLibrary">
<doc>Click the element identified by ``locator``.</doc>
<arguments>
<arg>xpath=/html/body/div[5]/div[1]/table/thead/tr[2]/th[2]</arg>
</arguments>
<msg timestamp="20210902 03:33:02.975" level="INFO">Clicking element 'xpath=/html/body/div[5]/div[1]/table/thead/tr[2]/th[2]'.</msg>
<status status="PASS" starttime="20210902 03:33:02.974" endtime="20210902 03:33:03.008"></status>
</kw>
<kw name="Click Element" library="SeleniumLibrary">
<doc>Click the element identified by ``locator``.</doc>
<arguments>
<arg>xpath=/html/body/div[5]/div[2]/table/tbody/tr/td/span[8]</arg>
</arguments>
<msg timestamp="20210902 03:33:03.008" level="INFO">Clicking element 'xpath=/html/body/div[5]/div[2]/table/tbody/tr/td/span[8]'.</msg>
<status status="PASS" starttime="20210902 03:33:03.008" endtime="20210902 03:33:03.037"></status>
</kw>
<kw name="Get Value" library="SeleniumLibrary">
<doc>Returns the value attribute of the element identified by ``locator``.</doc>
<arguments>
<arg>xpath=//*[@id="date_from"]</arg>
</arguments>
<assign>
<var>${check_dateFrom}</var>
</assign>
<msg timestamp="20210902 03:33:03.047" level="INFO">${check_dateFrom} = 25-08-2021</msg>
<status status="PASS" starttime="20210902 03:33:03.038" endtime="20210902 03:33:03.047"></status>
</kw>
<kw name="Get Value" library="SeleniumLibrary">
<doc>Returns the value attribute of the element identified by ``locator``.</doc>
<arguments>
<arg>xpath=//*[@id="date_to"]</arg>
</arguments>
<assign>
<var>${check_dateTo}</var>
</assign>
<msg timestamp="20210902 03:33:03.059" level="INFO">${check_dateTo} = </msg>
<status status="PASS" starttime="20210902 03:33:03.047" endtime="20210902 03:33:03.059"></status>
</kw>
<kw name="Run Keyword And Return Status" library="BuiltIn">
<doc>Runs the given keyword with given arguments and returns the status as a Boolean value.</doc>
<arguments>
<arg>Wait Until Page Should Be Contains</arg>
<arg>August 2021</arg>
</arguments>
<assign>
<var>${Fail}</var>
</assign>
<kw name="Wait Until Page Should Be Contains">
<arguments>
<arg>August 2021</arg>
</arguments>
<msg timestamp="20210902 03:33:03.062" level="FAIL">No keyword with name 'Wait Until Page Should Be Contains' found.</msg>
<status status="FAIL" starttime="20210902 03:33:03.062" endtime="20210902 03:33:03.062"></status>
</kw>
<msg timestamp="20210902 03:33:03.062" level="INFO">${Fail} = False</msg>
<status status="PASS" starttime="20210902 03:33:03.059" endtime="20210902 03:33:03.062"></status>
</kw>
<kw name="Run Keyword Unless" library="BuiltIn">
<doc>Runs the given keyword with the given arguments if ``condition`` is false.</doc>
<arguments>
<arg>${Fail}</arg>
<arg>Log To Console</arg>
<arg>The step FAILED!</arg>
</arguments>
<kw name="Log To Console" library="BuiltIn">
<doc>Logs the given message to the console.</doc>
<arguments>
<arg>The step FAILED!</arg>
</arguments>
<status status="PASS" starttime="20210902 03:33:03.062" endtime="20210902 03:33:03.062"></status>
</kw>
<status status="PASS" starttime="20210902 03:33:03.062" endtime="20210902 03:33:03.062"></status>
</kw>
<kw name="Get Value" library="SeleniumLibrary">
<doc>Returns the value attribute of the element identified by ``locator``.</doc>
<arguments>
<arg>xpath=//*[@id="amount"]</arg>
</arguments>
<assign>
<var>${check_amount}</var>
</assign>
<msg timestamp="20210902 03:33:03.076" level="INFO">${check_amount} = 1</msg>
<status status="PASS" starttime="20210902 03:33:03.063" endtime="20210902 03:33:03.076"></status>
</kw>
<kw name="Should Be True" library="BuiltIn">
<doc>Fails if the given condition is not true.</doc>
<arguments>
<arg>'${check_amount}' == '1'</arg>
</arguments>
<status status="PASS" starttime="20210902 03:33:03.076" endtime="20210902 03:33:03.076"></status>
</kw>
<kw name="Input Text" library="SeleniumLibrary">
<doc>Types the given ``text`` into the text field identified by ``locator``.</doc>
<arguments>
<arg>id=description</arg>
<arg>TC-LEAVE-004</arg>
</arguments>
<msg timestamp="20210902 03:33:03.077" level="INFO">Typing text 'TC-LEAVE-004' into text field 'id=description'.</msg>
<status status="PASS" starttime="20210902 03:33:03.077" endtime="20210902 03:33:03.138"></status>
</kw>
<kw name="Get Value" library="SeleniumLibrary">
<doc>Returns the value attribute of the element identified by ``locator``.</doc>
<arguments>
<arg>xpath=//*[@id="description"]</arg>
</arguments>
<assign>
<var>${check_description}</var>
</assign>
<msg timestamp="20210902 03:33:03.150" level="INFO">${check_description} = TC-LEAVE-004</msg>
<status status="PASS" starttime="20210902 03:33:03.139" endtime="20210902 03:33:03.150"></status>
</kw>
<kw name="Should Be True" library="BuiltIn">
<doc>Fails if the given condition is not true.</doc>
<arguments>
<arg>'${check_description}' == 'TC-LEAVE-004'</arg>
</arguments>
<status status="PASS" starttime="20210902 03:33:03.150" endtime="20210902 03:33:03.151"></status>
</kw>
<kw name="Input Text" library="SeleniumLibrary">
<doc>Types the given ``text`` into the text field identified by ``locator``.</doc>
<arguments>
<arg>id=reason</arg>
<arg>เป็นส่วนหนึ่งในการทดสอบ</arg>
</arguments>
<msg timestamp="20210902 03:33:03.151" level="INFO">Typing text 'เป็นส่วนหนึ่งในการทดสอบ' into text field 'id=reason'.</msg>
<status status="PASS" starttime="20210902 03:33:03.151" endtime="20210902 03:33:03.215"></status>
</kw>
<kw name="Get Value" library="SeleniumLibrary">
<doc>Returns the value attribute of the element identified by ``locator``.</doc>
<arguments>
<arg>xpath=//*[@id="reason"]</arg>
</arguments>
<assign>
<var>${check_reason}</var>
</assign>
<msg timestamp="20210902 03:33:03.227" level="INFO">${check_reason} = เป็นส่วนหนึ่งในการทดสอบ</msg>
<status status="PASS" starttime="20210902 03:33:03.215" endtime="20210902 03:33:03.227"></status>
</kw>
<kw name="Should Be True" library="BuiltIn">
<doc>Fails if the given condition is not true.</doc>
<arguments>
<arg>'${check_reason}' == 'เป็นส่วนหนึ่งในการทดสอบ'</arg>
</arguments>
<status status="PASS" starttime="20210902 03:33:03.227" endtime="20210902 03:33:03.228"></status>
</kw>
<kw name="Get Text" library="SeleniumLibrary">
<doc>Returns the text value of the element identified by ``locator``.</doc>
<arguments>
<arg>xpath=//*[@id="select2-approver-container"]</arg>
</arguments>
<assign>
<var>${check_approver}</var>
</assign>
<msg timestamp="20210902 03:33:03.244" level="INFO">${check_approver} = HR Role Testing</msg>
<status status="PASS" starttime="20210902 03:33:03.228" endtime="20210902 03:33:03.244"></status>
</kw>
<kw name="Should Be True" library="BuiltIn">
<doc>Fails if the given condition is not true.</doc>
<arguments>
<arg>'${check_approver}' == 'HR Role Testing'</arg>
</arguments>
<status status="PASS" starttime="20210902 03:33:03.245" endtime="20210902 03:33:03.245"></status>
</kw>
<kw name="Get Text" library="SeleniumLibrary">
<doc>Returns the text value of the element identified by ``locator``.</doc>
<arguments>
<arg>xpath=//*[@id="status"]/option[1]</arg>
</arguments>
<assign>
<var>${check_status}</var>
</assign>
<msg timestamp="20210902 03:33:03.263" level="INFO">${check_status} = Wait for approve</msg>
<status status="PASS" starttime="20210902 03:33:03.245" endtime="20210902 03:33:03.263"></status>
</kw>
<kw name="Should Be True" library="BuiltIn">
<doc>Fails if the given condition is not true.</doc>
<arguments>
<arg>'${check_status}' == 'Wait for approve'</arg>
</arguments>
<status status="PASS" starttime="20210902 03:33:03.263" endtime="20210902 03:33:03.264"></status>
</kw>
<kw name="Click Element" library="SeleniumLibrary">
<doc>Click the element identified by ``locator``.</doc>
<arguments>
<arg>xpath=//*[@class="btn btn-sm blue-soft"]</arg>
</arguments>
<msg timestamp="20210902 03:33:03.264" level="INFO">Clicking element 'xpath=//*[@class="btn btn-sm blue-soft"]'.</msg>
<status status="PASS" starttime="20210902 03:33:03.264" endtime="20210902 03:33:03.325"></status>
</kw>
<kw name="Wait Until Page Does Not Contain" library="SeleniumLibrary">
<doc>Waits until ``text`` disappears from the current page.</doc>
<arguments>
<arg>Pleace fill out this field.</arg>
</arguments>
<status status="PASS" starttime="20210902 03:33:03.325" endtime="20210902 03:33:03.337"></status>
</kw>
<kw name="Capture Page Screenshot" library="SeleniumLibrary">
<doc>Takes a screenshot of the current page and embeds it into a log file.</doc>
<arguments>
<arg>4_1_Add_Vacation_From_Last_Year_Leave.png</arg>
</arguments>
<msg timestamp="20210902 03:33:03.573" level="INFO" html="yes">&lt;/td&gt;&lt;/tr&gt;&lt;tr&gt;&lt;td colspan="3"&gt;&lt;a href="4_1_Add_Vacation_From_Last_Year_Leave.png"&gt;&lt;img src="4_1_Add_Vacation_From_Last_Year_Leave.png" width="800px"&gt;&lt;/a&gt;</msg>
<status status="PASS" starttime="20210902 03:33:03.337" endtime="20210902 03:33:03.573"></status>
</kw>
<kw name="Click MyLeave Button">
<kw name="Click Element" library="SeleniumLibrary">
<doc>Click the element identified by ``locator``.</doc>
<arguments>
<arg>xpath://*[@href="myleave_list?Id=test_it_roles"]</arg>
</arguments>
<msg timestamp="20210902 03:33:03.574" level="INFO">Clicking element 'xpath://*[@href="myleave_list?Id=test_it_roles"]'.</msg>
<status status="PASS" starttime="20210902 03:33:03.574" endtime="20210902 03:33:04.209"></status>
</kw>
<kw name="Title Should Be" library="SeleniumLibrary">
<doc>Verifies that the current page title equals ``title``.</doc>
<arguments>
<arg>My leave list</arg>
</arguments>
<msg timestamp="20210902 03:33:04.213" level="INFO">Page title is 'My leave list'.</msg>
<status status="PASS" starttime="20210902 03:33:04.209" endtime="20210902 03:33:04.213"></status>
</kw>
<status status="PASS" starttime="20210902 03:33:03.574" endtime="20210902 03:33:04.213"></status>
</kw>
<kw name="Get Table Cell" library="SeleniumLibrary">
<doc>Returns contents of a table cell.</doc>
<arguments>
<arg>${table}</arg>
<arg>1</arg>
<arg>3</arg>
</arguments>
<assign>
<var>${check_applicant}</var>
</assign>
<msg timestamp="20210902 03:33:04.248" level="INFO">${check_applicant} = The applicant</msg>
<status status="PASS" starttime="20210902 03:33:04.214" endtime="20210902 03:33:04.248"></status>
</kw>
<kw name="Get Table Cell" library="SeleniumLibrary">
<doc>Returns contents of a table cell.</doc>
<arguments>
<arg>${table}</arg>
<arg>2</arg>
<arg>3</arg>
</arguments>
<assign>
<var>${check_applicant_data}</var>
</assign>
<msg timestamp="20210902 03:33:04.283" level="INFO">${check_applicant_data} = test_it_roles</msg>
<status status="PASS" starttime="20210902 03:33:04.249" endtime="20210902 03:33:04.283"></status>
</kw>
<kw name="Should Be True" library="BuiltIn">
<doc>Fails if the given condition is not true.</doc>
<arguments>
<arg>'${check_applicant}' == 'The applicant' and '${check_applicant_data}' == 'test_it_roles'</arg>
</arguments>
<status status="PASS" starttime="20210902 03:33:04.283" endtime="20210902 03:33:04.283"></status>
</kw>
<kw name="Get Table Cell" library="SeleniumLibrary">
<doc>Returns contents of a table cell.</doc>
<arguments>
<arg>${table}</arg>
<arg>1</arg>
<arg>4</arg>
</arguments>
<assign>
<var>${check_typeOfLeave}</var>
</assign>
<msg timestamp="20210902 03:33:04.308" level="INFO">${check_typeOfLeave} = Type of leave</msg>
<status status="PASS" starttime="20210902 03:33:04.284" endtime="20210902 03:33:04.308"></status>
</kw>
<kw name="Get Table Cell" library="SeleniumLibrary">
<doc>Returns contents of a table cell.</doc>
<arguments>
<arg>${table}</arg>
<arg>2</arg>
<arg>4</arg>
</arguments>
<assign>
<var>${check_typeOfLeave_data}</var>
</assign>
<msg timestamp="20210902 03:33:04.335" level="INFO">${check_typeOfLeave_data} = ลากิจ/ลาพักร้อน</msg>
<status status="PASS" starttime="20210902 03:33:04.309" endtime="20210902 03:33:04.335"></status>
</kw>
<kw name="Should Be True" library="BuiltIn">
<doc>Fails if the given condition is not true.</doc>
<arguments>
<arg>'${check_typeOfLeave}' == 'Type of leave' and '${check_typeOfLeave_data}' != 'ลาพักร้อนที่เหลือจากปีก่อน'</arg>
</arguments>
<status status="PASS" starttime="20210902 03:33:04.336" endtime="20210902 03:33:04.336"></status>
</kw>
<kw name="Get Table Cell" library="SeleniumLibrary">
<doc>Returns contents of a table cell.</doc>
<arguments>
<arg>${table}</arg>
<arg>1</arg>
<arg>5</arg>
</arguments>
<assign>
<var>${check_StartDate}</var>
</assign>
<msg timestamp="20210902 03:33:04.361" level="INFO">${check_StartDate} = Start date (Since)</msg>
<status status="PASS" starttime="20210902 03:33:04.336" endtime="20210902 03:33:04.361"></status>
</kw>
<kw name="Get Table Cell" library="SeleniumLibrary">
<doc>Returns contents of a table cell.</doc>
<arguments>
<arg>${table}</arg>
<arg>2</arg>
<arg>5</arg>
</arguments>
<assign>
<var>${check_StartDate_data}</var>
</assign>
<msg timestamp="20210902 03:33:04.392" level="INFO">${check_StartDate_data} = 19-08-2021</msg>
<status status="PASS" starttime="20210902 03:33:04.361" endtime="20210902 03:33:04.392"></status>
</kw>
<kw name="Should Be True" library="BuiltIn">
<doc>Fails if the given condition is not true.</doc>
<arguments>
<arg>'${check_StartDate}' == 'Start date (Since)' and '${check_StartDate_data}' != '${check_dateFrom}'</arg>
</arguments>
<status status="PASS" starttime="20210902 03:33:04.393" endtime="20210902 03:33:04.393"></status>
</kw>
<kw name="Get Table Cell" library="SeleniumLibrary">
<doc>Returns contents of a table cell.</doc>
<arguments>
<arg>${table}</arg>
<arg>1</arg>
<arg>6</arg>
</arguments>
<assign>
<var>${check_EndDate}</var>
</assign>
<msg timestamp="20210902 03:33:04.419" level="INFO">${check_EndDate} = End date (Until)</msg>
<status status="PASS" starttime="20210902 03:33:04.394" endtime="20210902 03:33:04.419"></status>
</kw>
<kw name="Get Table Cell" library="SeleniumLibrary">
<doc>Returns contents of a table cell.</doc>
<arguments>
<arg>${table}</arg>
<arg>2</arg>
<arg>6</arg>
</arguments>
<assign>
<var>${check_EndDate_data}</var>
</assign>
<msg timestamp="20210902 03:33:04.449" level="INFO">${check_EndDate_data} = 20-08-2021</msg>
<status status="PASS" starttime="20210902 03:33:04.419" endtime="20210902 03:33:04.449"></status>
</kw>
<kw name="Should Be True" library="BuiltIn">
<doc>Fails if the given condition is not true.</doc>
<arguments>
<arg>'${check_EndDate}' == 'End date (Until)' and '${check_EndDate_data}' != '${check_dateTo}'</arg>
</arguments>
<status status="PASS" starttime="20210902 03:33:04.449" endtime="20210902 03:33:04.450"></status>
</kw>
<kw name="Get Table Cell" library="SeleniumLibrary">
<doc>Returns contents of a table cell.</doc>
<arguments>
<arg>${table}</arg>
<arg>1</arg>
<arg>7</arg>
</arguments>
<assign>
<var>${check_AmountOfTheDay}</var>
</assign>
<msg timestamp="20210902 03:33:04.489" level="INFO">${check_AmountOfTheDay} = Amount the day</msg>
<status status="PASS" starttime="20210902 03:33:04.450" endtime="20210902 03:33:04.489"></status>
</kw>
<kw name="Get Table Cell" library="SeleniumLibrary">
<doc>Returns contents of a table cell.</doc>
<arguments>
<arg>${table}</arg>
<arg>2</arg>
<arg>7</arg>
</arguments>
<assign>
<var>${check_AmountOfTheDay_data}</var>
</assign>
<msg timestamp="20210902 03:33:04.519" level="INFO">${check_AmountOfTheDay_data} = 2.000</msg>
<status status="PASS" starttime="20210902 03:33:04.490" endtime="20210902 03:33:04.519"></status>
</kw>
<kw name="Should Be True" library="BuiltIn">
<doc>Fails if the given condition is not true.</doc>
<arguments>
<arg>'${check_AmountOfTheDay}' == 'Amount the day' and '${check_AmountOfTheDay_data}' != '${check_amount}.000'</arg>
</arguments>
<status status="PASS" starttime="20210902 03:33:04.519" endtime="20210902 03:33:04.520"></status>
</kw>
<kw name="Get Table Cell" library="SeleniumLibrary">
<doc>Returns contents of a table cell.</doc>
<arguments>
<arg>${table}</arg>
<arg>1</arg>
<arg>8</arg>
</arguments>
<assign>
<var>${check_LeaveStatus}</var>
</assign>
<msg timestamp="20210902 03:33:04.542" level="INFO">${check_LeaveStatus} = Status</msg>
<status status="PASS" starttime="20210902 03:33:04.520" endtime="20210902 03:33:04.542"></status>
</kw>
<kw name="Get Table Cell" library="SeleniumLibrary">
<doc>Returns contents of a table cell.</doc>
<arguments>
<arg>${table}</arg>
<arg>2</arg>
<arg>8</arg>
</arguments>
<assign>
<var>${check_LeaveStatus_data}</var>
</assign>
<msg timestamp="20210902 03:33:04.572" level="INFO">${check_LeaveStatus_data} = Waiting for approve</msg>
<status status="PASS" starttime="20210902 03:33:04.543" endtime="20210902 03:33:04.572"></status>
</kw>
<kw name="Should Be True" library="BuiltIn">
<doc>Fails if the given condition is not true.</doc>
<arguments>
<arg>'${check_LeaveStatus}' == 'Status' and '${check_LeaveStatus_data}' == 'Waiting for approve'</arg>
</arguments>
<status status="PASS" starttime="20210902 03:33:04.573" endtime="20210902 03:33:04.573"></status>
</kw>
<kw name="Sleep" library="BuiltIn">
<doc>Pauses the test executed for the given time.</doc>
<arguments>
<arg>10s</arg>
</arguments>
<msg timestamp="20210902 03:33:14.575" level="INFO">Slept 10 seconds</msg>
<status status="PASS" starttime="20210902 03:33:04.573" endtime="20210902 03:33:14.575"></status>
</kw>
<kw name="Capture Page Screenshot" library="SeleniumLibrary">
<doc>Takes a screenshot of the current page and embeds it into a log file.</doc>
<arguments>
<arg>4_2_Add_Vacation_From_Last_Year_Leave.png</arg>
</arguments>
<msg timestamp="20210902 03:33:14.723" level="INFO" html="yes">&lt;/td&gt;&lt;/tr&gt;&lt;tr&gt;&lt;td colspan="3"&gt;&lt;a href="4_2_Add_Vacation_From_Last_Year_Leave.png"&gt;&lt;img src="4_2_Add_Vacation_From_Last_Year_Leave.png" width="800px"&gt;&lt;/a&gt;</msg>
<status status="PASS" starttime="20210902 03:33:14.575" endtime="20210902 03:33:14.723"></status>
</kw>
<kw name="Log To Console" library="BuiltIn">
<doc>Logs the given message to the console.</doc>
<arguments>
<arg>This Test Case Is Not Pass</arg>
</arguments>
<status status="PASS" starttime="20210902 03:33:14.724" endtime="20210902 03:33:14.724"></status>
</kw>
<status status="PASS" starttime="20210902 03:33:01.614" endtime="20210902 03:33:14.724" critical="yes"></status>
</test>
<test id="s1-t5" name="TC-LEAVE-EMP-005 P_Add_Sick_Leave">
<kw name="Click MyLeave Button">
<kw name="Click Element" library="SeleniumLibrary">
<doc>Click the element identified by ``locator``.</doc>
<arguments>
<arg>xpath://*[@href="myleave_list?Id=test_it_roles"]</arg>
</arguments>
<msg timestamp="20210902 03:33:14.726" level="INFO">Clicking element 'xpath://*[@href="myleave_list?Id=test_it_roles"]'.</msg>
<status status="PASS" starttime="20210902 03:33:14.726" endtime="20210902 03:33:15.391"></status>
</kw>
<kw name="Title Should Be" library="SeleniumLibrary">
<doc>Verifies that the current page title equals ``title``.</doc>
<arguments>
<arg>My leave list</arg>
</arguments>
<msg timestamp="20210902 03:33:15.399" level="INFO">Page title is 'My leave list'.</msg>
<status status="PASS" starttime="20210902 03:33:15.391" endtime="20210902 03:33:15.399"></status>
</kw>
<status status="PASS" starttime="20210902 03:33:14.726" endtime="20210902 03:33:15.399"></status>
</kw>
<kw name="Click Add Leave">
<kw name="Click Button" library="SeleniumLibrary">
<doc>Clicks the button identified by ``locator``.</doc>
<arguments>
<arg>addLeave</arg>
</arguments>
<msg timestamp="20210902 03:33:15.400" level="INFO">Clicking button 'addLeave'.</msg>
<status status="PASS" starttime="20210902 03:33:15.400" endtime="20210902 03:33:15.725"></status>
</kw>
<kw name="Title Should Be" library="SeleniumLibrary">
<doc>Verifies that the current page title equals ``title``.</doc>
<arguments>
<arg>Add Leave</arg>
</arguments>
<msg timestamp="20210902 03:33:15.731" level="INFO">Page title is 'Add Leave'.</msg>
<status status="PASS" starttime="20210902 03:33:15.725" endtime="20210902 03:33:15.731"></status>
</kw>
<status status="PASS" starttime="20210902 03:33:15.400" endtime="20210902 03:33:15.731"></status>
</kw>
<kw name="Wait Until Page Contains" library="SeleniumLibrary">
<doc>Waits until ``text`` appears on the current page.</doc>
<arguments>
<arg>${id_name}</arg>
</arguments>
<status status="PASS" starttime="20210902 03:33:15.731" endtime="20210902 03:33:15.744"></status>
</kw>
<kw name="Click Element" library="SeleniumLibrary">
<doc>Click the element identified by ``locator``.</doc>
<arguments>
<arg>xpath=//*[@id="leaveTypes"]/label[3]</arg>
</arguments>
<msg timestamp="20210902 03:33:15.745" level="INFO">Clicking element 'xpath=//*[@id="leaveTypes"]/label[3]'.</msg>
<status status="PASS" starttime="20210902 03:33:15.745" endtime="20210902 03:33:15.791"></status>
</kw>
<kw name="Radio Button Should Be Set To" library="SeleniumLibrary">
<doc>Verifies radio button group ``group_name`` is set to ``value``.</doc>
<arguments>
<arg>leaveType</arg>
<arg>3</arg>
</arguments>
<msg timestamp="20210902 03:33:15.792" level="INFO">Verifying radio button 'leaveType' has selection '3'.</msg>
<status status="PASS" starttime="20210902 03:33:15.792" endtime="20210902 03:33:15.830"></status>
</kw>
<kw name="Click Element" library="SeleniumLibrary">
<doc>Click the element identified by ``locator``.</doc>
<arguments>
<arg>id=date_from</arg>
</arguments>
<msg timestamp="20210902 03:33:15.830" level="INFO">Clicking element 'id=date_from'.</msg>
<status status="PASS" starttime="20210902 03:33:15.830" endtime="20210902 03:33:15.878"></status>
</kw>
<kw name="Click Element" library="SeleniumLibrary">
<doc>Click the element identified by ``locator``.</doc>
<arguments>
<arg>xpath=/html/body/div[5]/div[1]/table/thead/tr[2]/th[2]</arg>
</arguments>
<msg timestamp="20210902 03:33:15.878" level="INFO">Clicking element 'xpath=/html/body/div[5]/div[1]/table/thead/tr[2]/th[2]'.</msg>
<status status="PASS" starttime="20210902 03:33:15.878" endtime="20210902 03:33:15.914"></status>
</kw>
<kw name="Click Element" library="SeleniumLibrary">
<doc>Click the element identified by ``locator``.</doc>
<arguments>
<arg>xpath=/html/body/div[5]/div[2]/table/tbody/tr/td/span[8]</arg>
</arguments>
<msg timestamp="20210902 03:33:15.914" level="INFO">Clicking element 'xpath=/html/body/div[5]/div[2]/table/tbody/tr/td/span[8]'.</msg>
<status status="PASS" starttime="20210902 03:33:15.914" endtime="20210902 03:33:15.955"></status>
</kw>
<kw name="Click Element" library="SeleniumLibrary">
<doc>Click the element identified by ``locator``.</doc>
<arguments>
<arg>xpath=/html/body/div[5]/div[1]/table/tbody/tr[5]/td[6]</arg>
</arguments>
<msg timestamp="20210902 03:33:15.956" level="INFO">Clicking element 'xpath=/html/body/div[5]/div[1]/table/tbody/tr[5]/td[6]'.</msg>
<status status="PASS" starttime="20210902 03:33:15.955" endtime="20210902 03:33:16.000"></status>
</kw>
<kw name="Click Element" library="SeleniumLibrary">
<doc>Click the element identified by ``locator``.</doc>
<arguments>
<arg>id=date_to</arg>
</arguments>
<msg timestamp="20210902 03:33:16.001" level="INFO">Clicking element 'id=date_to'.</msg>
<status status="PASS" starttime="20210902 03:33:16.000" endtime="20210902 03:33:16.049"></status>
</kw>
<kw name="Click Element" library="SeleniumLibrary">
<doc>Click the element identified by ``locator``.</doc>
<arguments>
<arg>xpath=/html/body/div[5]/div[1]/table/thead/tr[2]/th[2]</arg>
</arguments>
<msg timestamp="20210902 03:33:16.050" level="INFO">Clicking element 'xpath=/html/body/div[5]/div[1]/table/thead/tr[2]/th[2]'.</msg>
<status status="PASS" starttime="20210902 03:33:16.049" endtime="20210902 03:33:16.081"></status>
</kw>
<kw name="Click Element" library="SeleniumLibrary">
<doc>Click the element identified by ``locator``.</doc>
<arguments>
<arg>xpath=/html/body/div[5]/div[2]/table/tbody/tr/td/span[8]</arg>
</arguments>
<msg timestamp="20210902 03:33:16.082" level="INFO">Clicking element 'xpath=/html/body/div[5]/div[2]/table/tbody/tr/td/span[8]'.</msg>
<status status="PASS" starttime="20210902 03:33:16.082" endtime="20210902 03:33:16.119"></status>
</kw>
<kw name="Click Element" library="SeleniumLibrary">
<doc>Click the element identified by ``locator``.</doc>
<arguments>
<arg>xpath=/html/body/div[5]/div[1]/table/tbody/tr[5]/td[6]</arg>
</arguments>
<msg timestamp="20210902 03:33:16.120" level="INFO">Clicking element 'xpath=/html/body/div[5]/div[1]/table/tbody/tr[5]/td[6]'.</msg>
<status status="PASS" starttime="20210902 03:33:16.120" endtime="20210902 03:33:16.158"></status>
</kw>
<kw name="Get Value" library="SeleniumLibrary">
<doc>Returns the value attribute of the element identified by ``locator``.</doc>
<arguments>
<arg>xpath=//*[@id="date_from"]</arg>
</arguments>
<assign>
<var>${check_dateFrom}</var>
</assign>
<msg timestamp="20210902 03:33:16.171" level="INFO">${check_dateFrom} = 27-08-2021</msg>
<status status="PASS" starttime="20210902 03:33:16.158" endtime="20210902 03:33:16.171"></status>
</kw>
<kw name="Get Value" library="SeleniumLibrary">
<doc>Returns the value attribute of the element identified by ``locator``.</doc>
<arguments>
<arg>xpath=//*[@id="date_to"]</arg>
</arguments>
<assign>
<var>${check_dateTo}</var>
</assign>
<msg timestamp="20210902 03:33:16.183" level="INFO">${check_dateTo} = 27-08-2021</msg>
<status status="PASS" starttime="20210902 03:33:16.171" endtime="20210902 03:33:16.183"></status>
</kw>
<kw name="Should Be True" library="BuiltIn">
<doc>Fails if the given condition is not true.</doc>
<arguments>
<arg>'${check_dateFrom}' == '27-08-2021' and '${check_dateTo}' == '27-08-2021'</arg>
</arguments>
<status status="PASS" starttime="20210902 03:33:16.183" endtime="20210902 03:33:16.184"></status>
</kw>
<kw name="Get Value" library="SeleniumLibrary">
<doc>Returns the value attribute of the element identified by ``locator``.</doc>
<arguments>
<arg>xpath=//*[@id="amount"]</arg>
</arguments>
<assign>
<var>${check_amount}</var>
</assign>
<msg timestamp="20210902 03:33:16.195" level="INFO">${check_amount} = 1</msg>
<status status="PASS" starttime="20210902 03:33:16.184" endtime="20210902 03:33:16.195"></status>
</kw>
<kw name="Should Be True" library="BuiltIn">
<doc>Fails if the given condition is not true.</doc>
<arguments>
<arg>'${check_amount}' == '1'</arg>
</arguments>
<status status="PASS" starttime="20210902 03:33:16.195" endtime="20210902 03:33:16.196"></status>
</kw>
<kw name="Input Text" library="SeleniumLibrary">
<doc>Types the given ``text`` into the text field identified by ``locator``.</doc>
<arguments>
<arg>id=description</arg>
<arg>TC-LEAVE-005</arg>
</arguments>
<msg timestamp="20210902 03:33:16.196" level="INFO">Typing text 'TC-LEAVE-005' into text field 'id=description'.</msg>
<status status="PASS" starttime="20210902 03:33:16.196" endtime="20210902 03:33:16.253"></status>
</kw>
<kw name="Get Value" library="SeleniumLibrary">
<doc>Returns the value attribute of the element identified by ``locator``.</doc>
<arguments>
<arg>xpath=//*[@id="description"]</arg>
</arguments>
<assign>
<var>${check_description}</var>
</assign>
<msg timestamp="20210902 03:33:16.266" level="INFO">${check_description} = TC-LEAVE-005</msg>
<status status="PASS" starttime="20210902 03:33:16.253" endtime="20210902 03:33:16.266"></status>
</kw>
<kw name="Should Be True" library="BuiltIn">
<doc>Fails if the given condition is not true.</doc>
<arguments>
<arg>'${check_description}' == 'TC-LEAVE-005'</arg>
</arguments>
<status status="PASS" starttime="20210902 03:33:16.266" endtime="20210902 03:33:16.267"></status>
</kw>
<kw name="Input Text" library="SeleniumLibrary">
<doc>Types the given ``text`` into the text field identified by ``locator``.</doc>
<arguments>
<arg>id=reason</arg>
<arg>เป็นส่วนหนึ่งในการทดสอบ</arg>
</arguments>
<msg timestamp="20210902 03:33:16.267" level="INFO">Typing text 'เป็นส่วนหนึ่งในการทดสอบ' into text field 'id=reason'.</msg>
<status status="PASS" starttime="20210902 03:33:16.267" endtime="20210902 03:33:16.331"></status>
</kw>
<kw name="Get Value" library="SeleniumLibrary">
<doc>Returns the value attribute of the element identified by ``locator``.</doc>
<arguments>
<arg>xpath=//*[@id="reason"]</arg>
</arguments>
<assign>
<var>${check_reason}</var>
</assign>
<msg timestamp="20210902 03:33:16.344" level="INFO">${check_reason} = เป็นส่วนหนึ่งในการทดสอบ</msg>
<status status="PASS" starttime="20210902 03:33:16.332" endtime="20210902 03:33:16.344"></status>
</kw>
<kw name="Should Be True" library="BuiltIn">
<doc>Fails if the given condition is not true.</doc>
<arguments>
<arg>'${check_reason}' == 'เป็นส่วนหนึ่งในการทดสอบ'</arg>
</arguments>
<status status="PASS" starttime="20210902 03:33:16.344" endtime="20210902 03:33:16.345"></status>
</kw>
<kw name="Get Text" library="SeleniumLibrary">
<doc>Returns the text value of the element identified by ``locator``.</doc>
<arguments>
<arg>xpath=//*[@id="select2-approver-container"]</arg>
</arguments>
<assign>
<var>${check_approver}</var>
</assign>
<msg timestamp="20210902 03:33:16.362" level="INFO">${check_approver} = HR Role Testing</msg>
<status status="PASS" starttime="20210902 03:33:16.345" endtime="20210902 03:33:16.362"></status>
</kw>
<kw name="Should Be True" library="BuiltIn">
<doc>Fails if the given condition is not true.</doc>
<arguments>
<arg>'${check_approver}' == 'HR Role Testing'</arg>
</arguments>
<status status="PASS" starttime="20210902 03:33:16.362" endtime="20210902 03:33:16.363"></status>
</kw>
<kw name="Get Text" library="SeleniumLibrary">
<doc>Returns the text value of the element identified by ``locator``.</doc>
<arguments>
<arg>xpath=//*[@id="status"]/option[1]</arg>
</arguments>
<assign>
<var>${check_status}</var>
</assign>
<msg timestamp="20210902 03:33:16.381" level="INFO">${check_status} = Wait for approve</msg>
<status status="PASS" starttime="20210902 03:33:16.363" endtime="20210902 03:33:16.381"></status>
</kw>
<kw name="Should Be True" library="BuiltIn">
<doc>Fails if the given condition is not true.</doc>
<arguments>
<arg>'${check_status}' == 'Wait for approve'</arg>
</arguments>
<status status="PASS" starttime="20210902 03:33:16.381" endtime="20210902 03:33:16.382"></status>
</kw>
<kw name="Click Element" library="SeleniumLibrary">
<doc>Click the element identified by ``locator``.</doc>
<arguments>
<arg>xpath=//*[@class="btn btn-sm blue-soft"]</arg>
</arguments>
<msg timestamp="20210902 03:33:16.382" level="INFO">Clicking element 'xpath=//*[@class="btn btn-sm blue-soft"]'.</msg>
<status status="PASS" starttime="20210902 03:33:16.382" endtime="20210902 03:34:46.930"></status>
</kw>
<kw name="Wait Until Location Is" library="SeleniumLibrary">
<doc>Waits until the current URL is ``expected``.</doc>
<arguments>
<arg>http://uat.cubesofttech.com/leavecalendar</arg>
</arguments>
<status status="PASS" starttime="20210902 03:34:46.931" endtime="20210902 03:34:46.934"></status>
</kw>
<kw name="Click MyLeave Button">
<kw name="Click Element" library="SeleniumLibrary">
<doc>Click the element identified by ``locator``.</doc>
<arguments>
<arg>xpath://*[@href="myleave_list?Id=test_it_roles"]</arg>
</arguments>
<msg timestamp="20210902 03:34:46.935" level="INFO">Clicking element 'xpath://*[@href="myleave_list?Id=test_it_roles"]'.</msg>
<status status="PASS" starttime="20210902 03:34:46.935" endtime="20210902 03:34:47.564"></status>
</kw>
<kw name="Title Should Be" library="SeleniumLibrary">
<doc>Verifies that the current page title equals ``title``.</doc>
<arguments>
<arg>My leave list</arg>
</arguments>
<msg timestamp="20210902 03:34:47.570" level="INFO">Page title is 'My leave list'.</msg>
<status status="PASS" starttime="20210902 03:34:47.564" endtime="20210902 03:34:47.570"></status>
</kw>
<status status="PASS" starttime="20210902 03:34:46.935" endtime="20210902 03:34:47.570"></status>
</kw>
<kw name="Get Current Date" library="DateTime">
<doc>Returns current local or UTC time with an optional increment.</doc>
<arguments>
<arg>result_format=%d-%m-%Y</arg>
</arguments>
<assign>
<var>${currentDate}</var>
</assign>
<msg timestamp="20210902 03:34:47.571" level="INFO">${currentDate} = 02-09-2021</msg>
<status status="PASS" starttime="20210902 03:34:47.570" endtime="20210902 03:34:47.571"></status>
</kw>
<kw name="Get Current Date" library="DateTime">
<doc>Returns current local or UTC time with an optional increment.</doc>
<arguments>
<arg>result_format=%H:</arg>
</arguments>
<assign>
<var>${currentTime}</var>
</assign>
<msg timestamp="20210902 03:34:47.572" level="INFO">${currentTime} = 03:</msg>
<status status="PASS" starttime="20210902 03:34:47.571" endtime="20210902 03:34:47.572"></status>
</kw>
<kw name="Get Table Cell" library="SeleniumLibrary">
<doc>Returns contents of a table cell.</doc>
<arguments>
<arg>${table}</arg>
<arg>1</arg>
<arg>2</arg>
</arguments>
<assign>
<var>${check_submit}</var>
</assign>
<msg timestamp="20210902 03:34:47.609" level="INFO">${check_submit} = Submit date</msg>
<status status="PASS" starttime="20210902 03:34:47.572" endtime="20210902 03:34:47.609"></status>
</kw>
<kw name="Get Table Cell" library="SeleniumLibrary">
<doc>Returns contents of a table cell.</doc>
<arguments>
<arg>${table}</arg>
<arg>2</arg>
<arg>2</arg>
</arguments>
<assign>
<var>${check_submit_data}</var>
</assign>
<msg timestamp="20210902 03:34:47.643" level="INFO">${check_submit_data} = 02-09-2021 03:34</msg>
<status status="PASS" starttime="20210902 03:34:47.610" endtime="20210902 03:34:47.644"></status>
</kw>
<kw name="Remove String" library="String">
<doc>Removes all ``removables`` from the given ``string``.</doc>
<arguments>
<arg>${check_submit_data}</arg>
<arg>${currentDate}</arg>
<arg>${currentTime}</arg>
<arg>${space}</arg>
</arguments>
<assign>
<var>${split}</var>
</assign>
<msg timestamp="20210902 03:34:47.644" level="INFO">${split} = 34</msg>
<status status="PASS" starttime="20210902 03:34:47.644" endtime="20210902 03:34:47.644"></status>
</kw>
<kw name="Should Be True" library="BuiltIn">
<doc>Fails if the given condition is not true.</doc>
<arguments>
<arg>'${check_submit}' == 'Submit date' and '${check_submit_data}' == '${currentDate} ${currentTime}${split}'</arg>
</arguments>
<status status="PASS" starttime="20210902 03:34:47.644" endtime="20210902 03:34:47.645"></status>
</kw>
<kw name="Get Table Cell" library="SeleniumLibrary">
<doc>Returns contents of a table cell.</doc>
<arguments>
<arg>${table}</arg>
<arg>1</arg>
<arg>3</arg>
</arguments>
<assign>
<var>${check_applicant}</var>
</assign>
<msg timestamp="20210902 03:34:47.672" level="INFO">${check_applicant} = The applicant</msg>
<status status="PASS" starttime="20210902 03:34:47.645" endtime="20210902 03:34:47.672"></status>
</kw>
<kw name="Get Table Cell" library="SeleniumLibrary">
<doc>Returns contents of a table cell.</doc>
<arguments>
<arg>${table}</arg>
<arg>2</arg>
<arg>3</arg>
</arguments>
<assign>
<var>${check_applicant_data}</var>
</assign>
<msg timestamp="20210902 03:34:47.701" level="INFO">${check_applicant_data} = test_it_roles</msg>
<status status="PASS" starttime="20210902 03:34:47.672" endtime="20210902 03:34:47.701"></status>
</kw>
<kw name="Should Be True" library="BuiltIn">
<doc>Fails if the given condition is not true.</doc>
<arguments>
<arg>'${check_applicant}' == 'The applicant' and '${check_applicant_data}' == 'test_it_roles'</arg>
</arguments>
<status status="PASS" starttime="20210902 03:34:47.702" endtime="20210902 03:34:47.702"></status>
</kw>
<kw name="Get Table Cell" library="SeleniumLibrary">
<doc>Returns contents of a table cell.</doc>
<arguments>
<arg>${table}</arg>
<arg>1</arg>
<arg>4</arg>
</arguments>
<assign>
<var>${check_typeOfLeave}</var>
</assign>
<msg timestamp="20210902 03:34:47.727" level="INFO">${check_typeOfLeave} = Type of leave</msg>
<status status="PASS" starttime="20210902 03:34:47.702" endtime="20210902 03:34:47.727"></status>
</kw>
<kw name="Get Table Cell" library="SeleniumLibrary">
<doc>Returns contents of a table cell.</doc>
<arguments>
<arg>${table}</arg>
<arg>2</arg>
<arg>4</arg>
</arguments>
<assign>
<var>${check_typeOfLeave_data}</var>
</assign>
<msg timestamp="20210902 03:34:47.759" level="INFO">${check_typeOfLeave_data} = ลาป่วย</msg>
<status status="PASS" starttime="20210902 03:34:47.727" endtime="20210902 03:34:47.759"></status>
</kw>
<kw name="Should Be True" library="BuiltIn">
<doc>Fails if the given condition is not true.</doc>
<arguments>
<arg>'${check_typeOfLeave}' == 'Type of leave' and '${check_typeOfLeave_data}' == 'ลาป่วย'</arg>
</arguments>
<status status="PASS" starttime="20210902 03:34:47.759" endtime="20210902 03:34:47.760"></status>
</kw>
<kw name="Get Table Cell" library="SeleniumLibrary">
<doc>Returns contents of a table cell.</doc>
<arguments>
<arg>${table}</arg>
<arg>1</arg>
<arg>5</arg>
</arguments>
<assign>
<var>${check_StartDate}</var>
</assign>
<msg timestamp="20210902 03:34:47.786" level="INFO">${check_StartDate} = Start date (Since)</msg>
<status status="PASS" starttime="20210902 03:34:47.760" endtime="20210902 03:34:47.786"></status>
</kw>
<kw name="Get Table Cell" library="SeleniumLibrary">
<doc>Returns contents of a table cell.</doc>
<arguments>
<arg>${table}</arg>
<arg>2</arg>
<arg>5</arg>
</arguments>
<assign>
<var>${check_StartDate_data}</var>
</assign>
<msg timestamp="20210902 03:34:47.816" level="INFO">${check_StartDate_data} = 27-08-2021</msg>
<status status="PASS" starttime="20210902 03:34:47.786" endtime="20210902 03:34:47.816"></status>
</kw>
<kw name="Should Be True" library="BuiltIn">
<doc>Fails if the given condition is not true.</doc>
<arguments>
<arg>'${check_StartDate}' == 'Start date (Since)' and '${check_StartDate_data}' == '${check_dateFrom}'</arg>
</arguments>
<status status="PASS" starttime="20210902 03:34:47.817" endtime="20210902 03:34:47.817"></status>
</kw>
<kw name="Get Table Cell" library="SeleniumLibrary">
<doc>Returns contents of a table cell.</doc>
<arguments>
<arg>${table}</arg>
<arg>1</arg>
<arg>6</arg>
</arguments>
<assign>
<var>${check_EndDate}</var>
</assign>
<msg timestamp="20210902 03:34:47.842" level="INFO">${check_EndDate} = End date (Until)</msg>
<status status="PASS" starttime="20210902 03:34:47.817" endtime="20210902 03:34:47.842"></status>
</kw>
<kw name="Get Table Cell" library="SeleniumLibrary">
<doc>Returns contents of a table cell.</doc>
<arguments>
<arg>${table}</arg>
<arg>2</arg>
<arg>6</arg>
</arguments>
<assign>
<var>${check_EndDate_data}</var>
</assign>
<msg timestamp="20210902 03:34:47.870" level="INFO">${check_EndDate_data} = 27-08-2021</msg>
<status status="PASS" starttime="20210902 03:34:47.843" endtime="20210902 03:34:47.870"></status>
</kw>
<kw name="Should Be True" library="BuiltIn">
<doc>Fails if the given condition is not true.</doc>
<arguments>
<arg>'${check_EndDate}' == 'End date (Until)' and '${check_EndDate_data}' == '${check_dateTo}'</arg>
</arguments>
<status status="PASS" starttime="20210902 03:34:47.871" endtime="20210902 03:34:47.871"></status>
</kw>
<kw name="Get Table Cell" library="SeleniumLibrary">
<doc>Returns contents of a table cell.</doc>
<arguments>
<arg>${table}</arg>
<arg>1</arg>
<arg>7</arg>
</arguments>
<assign>
<var>${check_AmountOfTheDay}</var>
</assign>
<msg timestamp="20210902 03:34:47.896" level="INFO">${check_AmountOfTheDay} = Amount the day</msg>
<status status="PASS" starttime="20210902 03:34:47.872" endtime="20210902 03:34:47.896"></status>
</kw>
<kw name="Get Table Cell" library="SeleniumLibrary">
<doc>Returns contents of a table cell.</doc>
<arguments>
<arg>${table}</arg>
<arg>2</arg>
<arg>7</arg>
</arguments>
<assign>
<var>${check_AmountOfTheDay_data}</var>
</assign>
<msg timestamp="20210902 03:34:47.925" level="INFO">${check_AmountOfTheDay_data} = 1.000</msg>
<status status="PASS" starttime="20210902 03:34:47.896" endtime="20210902 03:34:47.925"></status>
</kw>
<kw name="Should Be True" library="BuiltIn">
<doc>Fails if the given condition is not true.</doc>
<arguments>
<arg>'${check_AmountOfTheDay}' == 'Amount the day' and '${check_AmountOfTheDay_data}' == '${check_amount}.000'</arg>
</arguments>
<status status="PASS" starttime="20210902 03:34:47.925" endtime="20210902 03:34:47.926"></status>
</kw>
<kw name="Get Table Cell" library="SeleniumLibrary">
<doc>Returns contents of a table cell.</doc>
<arguments>
<arg>${table}</arg>
<arg>1</arg>
<arg>8</arg>
</arguments>
<assign>
<var>${check_LeaveStatus}</var>
</assign>
<msg timestamp="20210902 03:34:47.951" level="INFO">${check_LeaveStatus} = Status</msg>
<status status="PASS" starttime="20210902 03:34:47.926" endtime="20210902 03:34:47.951"></status>
</kw>
<kw name="Get Table Cell" library="SeleniumLibrary">
<doc>Returns contents of a table cell.</doc>
<arguments>
<arg>${table}</arg>
<arg>2</arg>
<arg>8</arg>
</arguments>
<assign>
<var>${check_LeaveStatus_data}</var>
</assign>
<msg timestamp="20210902 03:34:47.979" level="INFO">${check_LeaveStatus_data} = Waiting for approve</msg>
<status status="PASS" starttime="20210902 03:34:47.952" endtime="20210902 03:34:47.979"></status>
</kw>
<kw name="Should Be True" library="BuiltIn">
<doc>Fails if the given condition is not true.</doc>
<arguments>
<arg>'${check_LeaveStatus}' == 'Status' and '${check_LeaveStatus_data}' == 'Waiting for approve'</arg>
</arguments>
<status status="PASS" starttime="20210902 03:34:47.979" endtime="20210902 03:34:47.979"></status>
</kw>
<kw name="Sleep" library="BuiltIn">
<doc>Pauses the test executed for the given time.</doc>
<arguments>
<arg>10s</arg>
</arguments>
<msg timestamp="20210902 03:34:57.982" level="INFO">Slept 10 seconds</msg>
<status status="PASS" starttime="20210902 03:34:47.980" endtime="20210902 03:34:57.982"></status>
</kw>
<kw name="Capture Page Screenshot" library="SeleniumLibrary">
<doc>Takes a screenshot of the current page and embeds it into a log file.</doc>
<arguments>
<arg>5_Add_Sick_Leave.png</arg>
</arguments>
[...]
<status status="PASS" starttime="20210902 03:44:51.416" endtime="20210902 03:44:51.460"></status>
</kw>
<kw name="Run Keyword And Return Status" library="BuiltIn">
<doc>Runs the given keyword with given arguments and returns the status as a Boolean value.</doc>
<arguments>
<arg>Wait Until Page Should Be Contains</arg>
<arg>28-08-2021</arg>
</arguments>
<assign>
<var>${Fail}</var>
</assign>
<kw name="Wait Until Page Should Be Contains">
<arguments>
<arg>28-08-2021</arg>
</arguments>
<msg timestamp="20210902 03:44:51.464" level="FAIL">No keyword with name 'Wait Until Page Should Be Contains' found.</msg>
<status status="FAIL" starttime="20210902 03:44:51.463" endtime="20210902 03:44:51.464"></status>
</kw>
<msg timestamp="20210902 03:44:51.464" level="INFO">${Fail} = False</msg>
<status status="PASS" starttime="20210902 03:44:51.461" endtime="20210902 03:44:51.464"></status>
</kw>
<kw name="Run Keyword Unless" library="BuiltIn">
<doc>Runs the given keyword with the given arguments if ``condition`` is false.</doc>
<arguments>
<arg>${Fail}</arg>
<arg>Log To Console</arg>
<arg>The step FAILED!</arg>
</arguments>
<kw name="Log To Console" library="BuiltIn">
<doc>Logs the given message to the console.</doc>
<arguments>
<arg>The step FAILED!</arg>
</arguments>
<status status="PASS" starttime="20210902 03:44:51.464" endtime="20210902 03:44:51.465"></status>
</kw>
<status status="PASS" starttime="20210902 03:44:51.464" endtime="20210902 03:44:51.465"></status>
</kw>
<kw name="Click Element" library="SeleniumLibrary">
<doc>Click the element identified by ``locator``.</doc>
<arguments>
<arg>id=date_to</arg>
</arguments>
<msg timestamp="20210902 03:44:51.465" level="INFO">Clicking element 'id=date_to'.</msg>
<status status="PASS" starttime="20210902 03:44:51.465" endtime="20210902 03:44:51.515"></status>
</kw>
<kw name="Click Element" library="SeleniumLibrary">
<doc>Click the element identified by ``locator``.</doc>
<arguments>
<arg>xpath=/html/body/div[5]/div[1]/table/thead/tr[2]/th[2]</arg>
</arguments>
<msg timestamp="20210902 03:44:51.516" level="INFO">Clicking element 'xpath=/html/body/div[5]/div[1]/table/thead/tr[2]/th[2]'.</msg>
<status status="PASS" starttime="20210902 03:44:51.516" endtime="20210902 03:44:51.549"></status>
</kw>
<kw name="Click Element" library="SeleniumLibrary">
<doc>Click the element identified by ``locator``.</doc>
<arguments>
<arg>xpath=/html/body/div[5]/div[2]/table/tbody/tr/td/span[8]</arg>
</arguments>
<msg timestamp="20210902 03:44:51.549" level="INFO">Clicking element 'xpath=/html/body/div[5]/div[2]/table/tbody/tr/td/span[8]'.</msg>
<status status="PASS" starttime="20210902 03:44:51.549" endtime="20210902 03:44:51.588"></status>
</kw>
<kw name="Click Element" library="SeleniumLibrary">
<doc>Click the element identified by ``locator``.</doc>
<arguments>
<arg>xpath=/html/body/div[5]/div[1]/table/tbody/tr[6]/td[1]</arg>
</arguments>
<msg timestamp="20210902 03:44:51.589" level="INFO">Clicking element 'xpath=/html/body/div[5]/div[1]/table/tbody/tr[6]/td[1]'.</msg>
<status status="PASS" starttime="20210902 03:44:51.588" endtime="20210902 03:44:51.623"></status>
</kw>
<kw name="Run Keyword And Return Status" library="BuiltIn">
<doc>Runs the given keyword with given arguments and returns the status as a Boolean value.</doc>
<arguments>
<arg>Wait Until Page Should Be Contains</arg>
<arg>29-08-2021</arg>
</arguments>
<assign>
<var>${Fail}</var>
</assign>
<kw name="Wait Until Page Should Be Contains">
<arguments>
<arg>29-08-2021</arg>
</arguments>
<msg timestamp="20210902 03:44:51.626" level="FAIL">No keyword with name 'Wait Until Page Should Be Contains' found.</msg>
<status status="FAIL" starttime="20210902 03:44:51.626" endtime="20210902 03:44:51.626"></status>
</kw>
<msg timestamp="20210902 03:44:51.626" level="INFO">${Fail} = False</msg>
<status status="PASS" starttime="20210902 03:44:51.623" endtime="20210902 03:44:51.626"></status>
</kw>
<kw name="Run Keyword Unless" library="BuiltIn">
<doc>Runs the given keyword with the given arguments if ``condition`` is false.</doc>
<arguments>
<arg>${Fail}</arg>
<arg>Log To Console</arg>
<arg>The step FAILED!</arg>
</arguments>
<kw name="Log To Console" library="BuiltIn">
<doc>Logs the given message to the console.</doc>
<arguments>
<arg>The step FAILED!</arg>
</arguments>
<status status="PASS" starttime="20210902 03:44:51.626" endtime="20210902 03:44:51.627"></status>
</kw>
<status status="PASS" starttime="20210902 03:44:51.626" endtime="20210902 03:44:51.627"></status>
</kw>
<kw name="Get Value" library="SeleniumLibrary">
<doc>Returns the value attribute of the element identified by ``locator``.</doc>
<arguments>
<arg>xpath=//*[@id="amount"]</arg>
</arguments>
<assign>
<var>${check_amount}</var>
</assign>
<msg timestamp="20210902 03:44:51.640" level="INFO">${check_amount} = 1</msg>
<status status="PASS" starttime="20210902 03:44:51.627" endtime="20210902 03:44:51.640"></status>
</kw>
<kw name="Should Be True" library="BuiltIn">
<doc>Fails if the given condition is not true.</doc>
<arguments>
<arg>'${check_amount}' != '2'</arg>
</arguments>
<status status="PASS" starttime="20210902 03:44:51.641" endtime="20210902 03:44:51.641"></status>
</kw>
<kw name="Input Text" library="SeleniumLibrary">
<doc>Types the given ``text`` into the text field identified by ``locator``.</doc>
<arguments>
<arg>id=description</arg>
<arg>TC-LEAVE-014</arg>
</arguments>
<msg timestamp="20210902 03:44:51.642" level="INFO">Typing text 'TC-LEAVE-014' into text field 'id=description'.</msg>
<status status="PASS" starttime="20210902 03:44:51.641" endtime="20210902 03:44:51.704"></status>
</kw>
<kw name="Get Value" library="SeleniumLibrary">
<doc>Returns the value attribute of the element identified by ``locator``.</doc>
<arguments>
<arg>xpath=//*[@id="description"]</arg>
</arguments>
<assign>
<var>${check_description}</var>
</assign>
<msg timestamp="20210902 03:44:51.717" level="INFO">${check_description} = TC-LEAVE-014</msg>
<status status="PASS" starttime="20210902 03:44:51.704" endtime="20210902 03:44:51.717"></status>
</kw>
<kw name="Should Be True" library="BuiltIn">
<doc>Fails if the given condition is not true.</doc>
<arguments>
<arg>'${check_description}' == 'TC-LEAVE-014'</arg>
</arguments>
<status status="PASS" starttime="20210902 03:44:51.718" endtime="20210902 03:44:51.718"></status>
</kw>
<kw name="Input Text" library="SeleniumLibrary">
<doc>Types the given ``text`` into the text field identified by ``locator``.</doc>
<arguments>
<arg>id=reason</arg>
<arg>เป็นส่วนหนึ่งในการทดสอบ</arg>
</arguments>
<msg timestamp="20210902 03:44:51.718" level="INFO">Typing text 'เป็นส่วนหนึ่งในการทดสอบ' into text field 'id=reason'.</msg>
<status status="PASS" starttime="20210902 03:44:51.718" endtime="20210902 03:44:51.785"></status>
</kw>
<kw name="Get Value" library="SeleniumLibrary">
<doc>Returns the value attribute of the element identified by ``locator``.</doc>
<arguments>
<arg>xpath=//*[@id="reason"]</arg>
</arguments>
<assign>
<var>${check_reason}</var>
</assign>
<msg timestamp="20210902 03:44:51.798" level="INFO">${check_reason} = เป็นส่วนหนึ่งในการทดสอบ</msg>
<status status="PASS" starttime="20210902 03:44:51.785" endtime="20210902 03:44:51.798"></status>
</kw>
<kw name="Should Be True" library="BuiltIn">
<doc>Fails if the given condition is not true.</doc>
<arguments>
<arg>'${check_reason}' == 'เป็นส่วนหนึ่งในการทดสอบ'</arg>
</arguments>
<status status="PASS" starttime="20210902 03:44:51.798" endtime="20210902 03:44:51.799"></status>
</kw>
<kw name="Get Text" library="SeleniumLibrary">
<doc>Returns the text value of the element identified by ``locator``.</doc>
<arguments>
<arg>xpath=//*[@id="select2-approver-container"]</arg>
</arguments>
<assign>
<var>${check_approver}</var>
</assign>
<msg timestamp="20210902 03:44:51.818" level="INFO">${check_approver} = HR Role Testing</msg>
<status status="PASS" starttime="20210902 03:44:51.799" endtime="20210902 03:44:51.818"></status>
</kw>
<kw name="Should Be True" library="BuiltIn">
<doc>Fails if the given condition is not true.</doc>
<arguments>
<arg>'${check_approver}' == 'HR Role Testing'</arg>
</arguments>
<status status="PASS" starttime="20210902 03:44:51.818" endtime="20210902 03:44:51.818"></status>
</kw>
<kw name="Get Text" library="SeleniumLibrary">
<doc>Returns the text value of the element identified by ``locator``.</doc>
<arguments>
<arg>xpath=//*[@id="status"]/option[1]</arg>
</arguments>
<assign>
<var>${check_status}</var>
</assign>
<msg timestamp="20210902 03:44:51.836" level="INFO">${check_status} = Wait for approve</msg>
<status status="PASS" starttime="20210902 03:44:51.819" endtime="20210902 03:44:51.836"></status>
</kw>
<kw name="Should Be True" library="BuiltIn">
<doc>Fails if the given condition is not true.</doc>
<arguments>
<arg>'${check_status}' == 'Wait for approve'</arg>
</arguments>
<status status="PASS" starttime="20210902 03:44:51.837" endtime="20210902 03:44:51.837"></status>
</kw>
<kw name="Click Element" library="SeleniumLibrary">
<doc>Click the element identified by ``locator``.</doc>
<arguments>
<arg>xpath=//*[@class="btn btn-sm blue-soft"]</arg>
</arguments>
<msg timestamp="20210902 03:44:51.837" level="INFO">Clicking element 'xpath=//*[@class="btn btn-sm blue-soft"]'.</msg>
<status status="PASS" starttime="20210902 03:44:51.837" endtime="20210902 03:44:51.886"></status>
</kw>
<kw name="Wait Until Page Does Not Contain" library="SeleniumLibrary">
<doc>Waits until ``text`` disappears from the current page.</doc>
<arguments>
<arg>Pleace fill out this field.</arg>
</arguments>
<status status="PASS" starttime="20210902 03:44:51.887" endtime="20210902 03:44:51.902"></status>
</kw>
<kw name="Capture Page Screenshot" library="SeleniumLibrary">
<doc>Takes a screenshot of the current page and embeds it into a log file.</doc>
<arguments>
<arg>15_1_Add_Leave_On_Weekends.png</arg>
</arguments>
<msg timestamp="20210902 03:44:52.044" level="INFO" html="yes">&lt;/td&gt;&lt;/tr&gt;&lt;tr&gt;&lt;td colspan="3"&gt;&lt;a href="15_1_Add_Leave_On_Weekends.png"&gt;&lt;img src="15_1_Add_Leave_On_Weekends.png" width="800px"&gt;&lt;/a&gt;</msg>
<status status="PASS" starttime="20210902 03:44:51.902" endtime="20210902 03:44:52.044"></status>
</kw>
<kw name="Click MyLeave Button">
<kw name="Click Element" library="SeleniumLibrary">
<doc>Click the element identified by ``locator``.</doc>
<arguments>
<arg>xpath://*[@href="myleave_list?Id=test_it_roles"]</arg>
</arguments>
<msg timestamp="20210902 03:44:52.045" level="INFO">Clicking element 'xpath://*[@href="myleave_list?Id=test_it_roles"]'.</msg>
<status status="PASS" starttime="20210902 03:44:52.045" endtime="20210902 03:44:52.669"></status>
</kw>
<kw name="Title Should Be" library="SeleniumLibrary">
<doc>Verifies that the current page title equals ``title``.</doc>
<arguments>
<arg>My leave list</arg>
</arguments>
<msg timestamp="20210902 03:44:52.676" level="INFO">Page title is 'My leave list'.</msg>
<status status="PASS" starttime="20210902 03:44:52.669" endtime="20210902 03:44:52.676"></status>
</kw>
<status status="PASS" starttime="20210902 03:44:52.044" endtime="20210902 03:44:52.676"></status>
</kw>
<kw name="Get Table Cell" library="SeleniumLibrary">
<doc>Returns contents of a table cell.</doc>
<arguments>
<arg>${table}</arg>
<arg>1</arg>
<arg>3</arg>
</arguments>
<assign>
<var>${check_applicant}</var>
</assign>
<msg timestamp="20210902 03:44:52.712" level="INFO">${check_applicant} = The applicant</msg>
<status status="PASS" starttime="20210902 03:44:52.677" endtime="20210902 03:44:52.712"></status>
</kw>
<kw name="Get Table Cell" library="SeleniumLibrary">
<doc>Returns contents of a table cell.</doc>
<arguments>
<arg>${table}</arg>
<arg>2</arg>
<arg>3</arg>
</arguments>
<assign>
<var>${check_applicant_data}</var>
</assign>
<msg timestamp="20210902 03:44:52.749" level="INFO">${check_applicant_data} = test_it_roles</msg>
<status status="PASS" starttime="20210902 03:44:52.712" endtime="20210902 03:44:52.749"></status>
</kw>
<kw name="Should Be True" library="BuiltIn">
<doc>Fails if the given condition is not true.</doc>
<arguments>
<arg>'${check_applicant}' == 'The applicant' and '${check_applicant_data}' == 'test_it_roles'</arg>
</arguments>
<status status="PASS" starttime="20210902 03:44:52.750" endtime="20210902 03:44:52.750"></status>
</kw>
<kw name="Get Table Cell" library="SeleniumLibrary">
<doc>Returns contents of a table cell.</doc>
<arguments>
<arg>${table}</arg>
<arg>1</arg>
<arg>4</arg>
</arguments>
<assign>
<var>${check_typeOfLeave}</var>
</assign>
<msg timestamp="20210902 03:44:52.776" level="INFO">${check_typeOfLeave} = Type of leave</msg>
<status status="PASS" starttime="20210902 03:44:52.750" endtime="20210902 03:44:52.776"></status>
</kw>
<kw name="Get Table Cell" library="SeleniumLibrary">
<doc>Returns contents of a table cell.</doc>
<arguments>
<arg>${table}</arg>
<arg>2</arg>
<arg>4</arg>
</arguments>
<assign>
<var>${check_typeOfLeave_data}</var>
</assign>
<msg timestamp="20210902 03:44:52.806" level="INFO">${check_typeOfLeave_data} = ลากิจ/ลาพักร้อน</msg>
<status status="PASS" starttime="20210902 03:44:52.776" endtime="20210902 03:44:52.806"></status>
</kw>
<kw name="Should Be True" library="BuiltIn">
<doc>Fails if the given condition is not true.</doc>
<arguments>
<arg>'${check_typeOfLeave}' == 'Type of leave' and '${check_typeOfLeave_data}' != ''</arg>
</arguments>
<status status="PASS" starttime="20210902 03:44:52.807" endtime="20210902 03:44:52.808"></status>
</kw>
<kw name="Get Table Cell" library="SeleniumLibrary">
<doc>Returns contents of a table cell.</doc>
<arguments>
<arg>${table}</arg>
<arg>1</arg>
<arg>5</arg>
</arguments>
<assign>
<var>${check_StartDate}</var>
</assign>
<msg timestamp="20210902 03:44:52.836" level="INFO">${check_StartDate} = Start date (Since)</msg>
<status status="PASS" starttime="20210902 03:44:52.808" endtime="20210902 03:44:52.836"></status>
</kw>
<kw name="Get Table Cell" library="SeleniumLibrary">
<doc>Returns contents of a table cell.</doc>
<arguments>
<arg>${table}</arg>
<arg>2</arg>
<arg>5</arg>
</arguments>
<assign>
<var>${check_StartDate_data}</var>
</assign>
<msg timestamp="20210902 03:44:52.867" level="INFO">${check_StartDate_data} = 01-11-2021</msg>
<status status="PASS" starttime="20210902 03:44:52.836" endtime="20210902 03:44:52.867"></status>
</kw>
<kw name="Should Be True" library="BuiltIn">
<doc>Fails if the given condition is not true.</doc>
<arguments>
<arg>'${check_StartDate}' == 'Start date (Since)' and '${check_StartDate_data}' != '28-08-2021'</arg>
</arguments>
<status status="PASS" starttime="20210902 03:44:52.867" endtime="20210902 03:44:52.868"></status>
</kw>
<kw name="Get Table Cell" library="SeleniumLibrary">
<doc>Returns contents of a table cell.</doc>
<arguments>
<arg>${table}</arg>
<arg>1</arg>
<arg>6</arg>
</arguments>
<assign>
<var>${check_EndDate}</var>
</assign>
<msg timestamp="20210902 03:44:52.922" level="INFO">${check_EndDate} = End date (Until)</msg>
<status status="PASS" starttime="20210902 03:44:52.868" endtime="20210902 03:44:52.923"></status>
</kw>
<kw name="Get Table Cell" library="SeleniumLibrary">
<doc>Returns contents of a table cell.</doc>
<arguments>
<arg>${table}</arg>
<arg>2</arg>
<arg>6</arg>
</arguments>
<assign>
<var>${check_EndDate_data}</var>
</assign>
<msg timestamp="20210902 03:44:52.954" level="INFO">${check_EndDate_data} = 16-11-2021</msg>
<status status="PASS" starttime="20210902 03:44:52.924" endtime="20210902 03:44:52.954"></status>
</kw>
<kw name="Should Be True" library="BuiltIn">
<doc>Fails if the given condition is not true.</doc>
<arguments>
<arg>'${check_EndDate}' == 'End date (Until)' and '${check_EndDate_data}' != '29-08-2021'</arg>
</arguments>
<status status="PASS" starttime="20210902 03:44:52.955" endtime="20210902 03:44:52.955"></status>
</kw>
<kw name="Get Table Cell" library="SeleniumLibrary">
<doc>Returns contents of a table cell.</doc>
<arguments>
<arg>${table}</arg>
<arg>1</arg>
<arg>7</arg>
</arguments>
<assign>
<var>${check_AmountOfTheDay}</var>
</assign>
<msg timestamp="20210902 03:44:52.980" level="INFO">${check_AmountOfTheDay} = Amount the day</msg>
<status status="PASS" starttime="20210902 03:44:52.955" endtime="20210902 03:44:52.981"></status>
</kw>
<kw name="Get Table Cell" library="SeleniumLibrary">
<doc>Returns contents of a table cell.</doc>
<arguments>
<arg>${table}</arg>
<arg>2</arg>
<arg>7</arg>
</arguments>
<assign>
<var>${check_AmountOfTheDay_data}</var>
</assign>
<msg timestamp="20210902 03:44:53.010" level="INFO">${check_AmountOfTheDay_data} = 12.000</msg>
<status status="PASS" starttime="20210902 03:44:52.981" endtime="20210902 03:44:53.011"></status>
</kw>
<kw name="Should Be True" library="BuiltIn">
<doc>Fails if the given condition is not true.</doc>
<arguments>
<arg>'${check_AmountOfTheDay}' == 'Amount the day' and '${check_AmountOfTheDay_data}' != '${check_amount}.000'</arg>
</arguments>
<status status="PASS" starttime="20210902 03:44:53.011" endtime="20210902 03:44:53.011"></status>
</kw>
<kw name="Get Table Cell" library="SeleniumLibrary">
<doc>Returns contents of a table cell.</doc>
<arguments>
<arg>${table}</arg>
<arg>1</arg>
<arg>8</arg>
</arguments>
<assign>
<var>${check_LeaveStatus}</var>
</assign>
<msg timestamp="20210902 03:44:53.037" level="INFO">${check_LeaveStatus} = Status</msg>
<status status="PASS" starttime="20210902 03:44:53.011" endtime="20210902 03:44:53.037"></status>
</kw>
<kw name="Get Table Cell" library="SeleniumLibrary">
<doc>Returns contents of a table cell.</doc>
<arguments>
<arg>${table}</arg>
<arg>2</arg>
<arg>8</arg>
</arguments>
<assign>
<var>${check_LeaveStatus_data}</var>
</assign>
<msg timestamp="20210902 03:44:53.071" level="INFO">${check_LeaveStatus_data} = Waiting for approve</msg>
<status status="PASS" starttime="20210902 03:44:53.037" endtime="20210902 03:44:53.071"></status>
</kw>
<kw name="Should Be True" library="BuiltIn">
<doc>Fails if the given condition is not true.</doc>
<arguments>
<arg>'${check_LeaveStatus}' == 'Status' and '${check_LeaveStatus_data}' == 'Waiting for approve'</arg>
</arguments>
<status status="PASS" starttime="20210902 03:44:53.071" endtime="20210902 03:44:53.072"></status>
</kw>
<kw name="Sleep" library="BuiltIn">
<doc>Pauses the test executed for the given time.</doc>
<arguments>
<arg>10s</arg>
</arguments>
<msg timestamp="20210902 03:45:03.073" level="INFO">Slept 10 seconds</msg>
<status status="PASS" starttime="20210902 03:44:53.072" endtime="20210902 03:45:03.073"></status>
</kw>
<kw name="Capture Page Screenshot" library="SeleniumLibrary">
<doc>Takes a screenshot of the current page and embeds it into a log file.</doc>
<arguments>
<arg>15_2_Add_Leave_On_Weekends.png</arg>
</arguments>
<msg timestamp="20210902 03:45:03.195" level="INFO" html="yes">&lt;/td&gt;&lt;/tr&gt;&lt;tr&gt;&lt;td colspan="3"&gt;&lt;a href="15_2_Add_Leave_On_Weekends.png"&gt;&lt;img src="15_2_Add_Leave_On_Weekends.png" width="800px"&gt;&lt;/a&gt;</msg>
<status status="PASS" starttime="20210902 03:45:03.073" endtime="20210902 03:45:03.195"></status>
</kw>
<kw name="Log To Console" library="BuiltIn">
<doc>Logs the given message to the console.</doc>
<arguments>
<arg>This Test Case Is Pass</arg>
</arguments>
<status status="PASS" starttime="20210902 03:45:03.195" endtime="20210902 03:45:03.196"></status>
</kw>
<kw name="Close Browser" library="SeleniumLibrary">
<doc>Closes the current browser.</doc>
<status status="PASS" starttime="20210902 03:45:03.196" endtime="20210902 03:45:05.377"></status>
</kw>
<status status="PASS" starttime="20210902 03:44:50.208" endtime="20210902 03:45:05.377" critical="yes"></status>
</test>
<status status="PASS" starttime="20210902 03:30:30.790" endtime="20210902 03:45:05.379"></status>
</suite>
<statistics>
<total>
<stat pass="15" fail="0">Critical Tests</stat>
<stat pass="15" fail="0">All Tests</stat>
</total>
<tag>
</tag>
<suite>
<stat pass="15" fail="0" id="s1" name="MyLeave">MyLeave</stat>
</suite>
</statistics>
<errors>
</errors>
</robot>
