<?xml version="1.0" encoding="UTF-8"?>
<robot generator="Robot 3.2.2 (Python 3.9.1 on win32)" generated="20210803 14:49:22.334" rpa="false">
<suite id="s1" name="Login Logout" source="D:\CO-OP\WORK\Code\login_logout.robot">
<test id="s1-t1" name="Login">
<kw name="Open Browser" library="SeleniumLibrary">
<doc>Opens a new browser instance to the optional ``url``.</doc>
<arguments>
<arg>${HOMEPAGE}</arg>
<arg>${BROWSER}</arg>
</arguments>
<msg timestamp="20210803 14:49:22.518" level="INFO">Opening browser 'chrome' to base url 'http://uat.cubesofttech.com/'.</msg>
<status status="PASS" starttime="20210803 14:49:22.518" endtime="20210803 14:49:24.412"></status>
</kw>
<kw name="Maximize Browser Window" library="SeleniumLibrary">
<doc>Maximizes current browser window.</doc>
<status status="PASS" starttime="20210803 14:49:24.412" endtime="20210803 14:49:24.523"></status>
</kw>
<kw name="Title Should Be" library="SeleniumLibrary">
<doc>Verifies that the current page title equals ``title``.</doc>
<arguments>
<arg>Cube SoftTech : Login</arg>
</arguments>
<msg timestamp="20210803 14:49:24.527" level="INFO">Page title is 'Cube SoftTech : Login'.</msg>
<status status="PASS" starttime="20210803 14:49:24.523" endtime="20210803 14:49:24.527"></status>
</kw>
<kw name="Wait Until Page Contains" library="SeleniumLibrary">
<doc>Waits until ``text`` appears on the current page.</doc>
<arguments>
<arg>Login to your account</arg>
</arguments>
<status status="PASS" starttime="20210803 14:49:24.527" endtime="20210803 14:49:24.539"></status>
</kw>
<kw name="Input Text" library="SeleniumLibrary">
<doc>Types the given ``text`` into the text field identified by ``locator``.</doc>
<arguments>
<arg>username</arg>
<arg>test_it_role</arg>
</arguments>
<msg timestamp="20210803 14:49:24.540" level="INFO">Typing text 'test_it_role' into text field 'username'.</msg>
<status status="PASS" starttime="20210803 14:49:24.540" endtime="20210803 14:49:24.622"></status>
</kw>
<kw name="Input Password" library="SeleniumLibrary">
<doc>Types the given password into the text field identified by ``locator``.</doc>
<arguments>
<arg>password</arg>
<arg>1234</arg>
</arguments>
<msg timestamp="20210803 14:49:24.623" level="INFO">Typing password into text field 'password'.</msg>
<msg timestamp="20210803 14:49:24.661" level="INFO">Temporally setting log level to: NONE</msg>
<msg timestamp="20210803 14:49:24.703" level="INFO">Log level changed from NONE to INFO.</msg>
<status status="PASS" starttime="20210803 14:49:24.622" endtime="20210803 14:49:24.703"></status>
</kw>
<kw name="Click Button" library="SeleniumLibrary">
<doc>Clicks the button identified by ``locator``.</doc>
<arguments>
<arg>submit myBtn</arg>
</arguments>
<msg timestamp="20210803 14:49:24.704" level="INFO">Clicking button 'submit myBtn'.</msg>
<status status="PASS" starttime="20210803 14:49:24.704" endtime="20210803 14:49:41.405"></status>
</kw>
<status status="PASS" starttime="20210803 14:49:22.517" endtime="20210803 14:49:41.405" critical="yes"></status>
</test>
<test id="s1-t2" name="Check in (Something)">
<kw name="Click Element" library="SeleniumLibrary">
<doc>Click the element identified by ``locator``.</doc>
<arguments>
<arg>xpath://a[@href="check_list?userId=test_it_role"]</arg>
</arguments>
<msg timestamp="20210803 14:49:41.407" level="INFO">Clicking element 'xpath://a[@href="check_list?userId=test_it_role"]'.</msg>
<status status="PASS" starttime="20210803 14:49:41.407" endtime="20210803 14:49:41.962"></status>
</kw>
<kw name="Wait Until Page Contains" library="SeleniumLibrary">
<doc>Waits until ``text`` appears on the current page.</doc>
<arguments>
<arg>Check List</arg>
</arguments>
<status status="PASS" starttime="20210803 14:49:41.963" endtime="20210803 14:49:41.973"></status>
</kw>
<kw name="Get Element Count" library="SeleniumLibrary">
<doc>Returns the number of elements matching ``locator``.</doc>
<arguments>
<arg>xpath://table[@class="table table-striped table-condensed flip-content table-hover"]/tr</arg>
</arguments>
<assign>
<var>${rows1}</var>
</assign>
<msg timestamp="20210803 14:49:41.980" level="INFO">${rows1} = 0</msg>
<status status="PASS" starttime="20210803 14:49:41.973" endtime="20210803 14:49:41.980"></status>
</kw>
<kw name="Get Element Count" library="SeleniumLibrary">
<doc>Returns the number of elements matching ``locator``.</doc>
<arguments>
<arg>xpath://table[@class="table table-striped table-condensed flip-content table-hover"]/tr[1]/th</arg>
</arguments>
<assign>
<var>${cols1}</var>
</assign>
<msg timestamp="20210803 14:49:41.989" level="INFO">${cols1} = 0</msg>
<status status="PASS" starttime="20210803 14:49:41.981" endtime="20210803 14:49:41.989"></status>
</kw>
<kw name="Log To Console" library="BuiltIn">
<doc>Logs the given message to the console.</doc>
<arguments>
<arg>${rows1}</arg>
</arguments>
<status status="PASS" starttime="20210803 14:49:41.989" endtime="20210803 14:49:41.989"></status>
</kw>
<kw name="Log To Console" library="BuiltIn">
<doc>Logs the given message to the console.</doc>
<arguments>
<arg>${cols1}</arg>
</arguments>
<status status="PASS" starttime="20210803 14:49:41.990" endtime="20210803 14:49:41.990"></status>
</kw>
<kw name="Get Element Count" library="SeleniumLibrary">
<doc>Returns the number of elements matching ``locator``.</doc>
<arguments>
<arg>xpath://table[@class="table table-striped table-condensed flip-content table-hover"]/tbody/tr</arg>
</arguments>
<assign>
<var>${rows}</var>
</assign>
<msg timestamp="20210803 14:49:41.998" level="INFO">${rows} = 2</msg>
<status status="PASS" starttime="20210803 14:49:41.990" endtime="20210803 14:49:41.998"></status>
</kw>
<kw name="Get Element Count" library="SeleniumLibrary">
<doc>Returns the number of elements matching ``locator``.</doc>
<arguments>
<arg>xpath://table[@class="table table-striped table-condensed flip-content table-hover"]/tbody/tr[1]/td</arg>
</arguments>
<assign>
<var>${cols}</var>
</assign>
<msg timestamp="20210803 14:49:42.007" level="INFO">${cols} = 6</msg>
<status status="PASS" starttime="20210803 14:49:41.998" endtime="20210803 14:49:42.007"></status>
</kw>
<kw name="Log To Console" library="BuiltIn">
<doc>Logs the given message to the console.</doc>
<arguments>
<arg>${rows}</arg>
</arguments>
<status status="PASS" starttime="20210803 14:49:42.008" endtime="20210803 14:49:42.008"></status>
</kw>
<kw name="Log To Console" library="BuiltIn">
<doc>Logs the given message to the console.</doc>
<arguments>
<arg>${cols}</arg>
</arguments>
<status status="PASS" starttime="20210803 14:49:42.009" endtime="20210803 14:49:42.009"></status>
</kw>
<status status="PASS" starttime="20210803 14:49:41.406" endtime="20210803 14:49:42.009" critical="yes"></status>
</test>
<status status="PASS" starttime="20210803 14:49:22.336" endtime="20210803 14:49:42.010"></status>
</suite>
<statistics>
<total>
<stat pass="2" fail="0">Critical Tests</stat>
<stat pass="2" fail="0">All Tests</stat>
</total>
<tag>
</tag>
<suite>
<stat pass="2" fail="0" id="s1" name="Login Logout">Login Logout</stat>
</suite>
</statistics>
<errors>
</errors>
</robot>
