<?xml version="1.0" encoding="UTF-8"?>
<robot generator="Robot 4.1.2 (Python 3.10.0 on win32)" generated="20211031 02:48:25.251" rpa="false" schemaversion="2">
<suite id="s1" name="Training part2" source="D:\CO-OP\CubeSoftTech_WorkingSpace\Code\Training\Training_part2.robot">
<test id="s1-t1" name="Set-up Directory">
<kw name="Create Directory" library="OperatingSystem">
<arg>D:/RobotFramework/Training/Picture</arg>
<doc>Creates the specified directory.</doc>
<msg timestamp="20211031 02:48:25.296" level="INFO" html="true">Directory '&lt;a href="file://D:\RobotFramework\Training\Picture"&gt;D:\RobotFramework\Training\Picture&lt;/a&gt;' already exists.</msg>
<status status="PASS" starttime="20211031 02:48:25.295" endtime="20211031 02:48:25.296"/>
</kw>
<status status="PASS" starttime="20211031 02:48:25.295" endtime="20211031 02:48:25.296"/>
</test>
<test id="s1-t2" name="TC-TRAIN-000 Login-Success">
<kw name="Open Browser">
<arg>${HOMEPAGE}</arg>
<arg>${BROWSER}</arg>
<msg timestamp="20211031 02:48:25.300" level="FAIL">No keyword with name 'Open Browser' found.</msg>
<status status="FAIL" starttime="20211031 02:48:25.300" endtime="20211031 02:48:25.300"/>
</kw>
<kw name="Maximize Browser Window">
<status status="NOT RUN" starttime="20211031 02:48:25.303" endtime="20211031 02:48:25.303"/>
</kw>
<kw name="Title Should Be">
<arg>Cube SoftTech : Login</arg>
<status status="NOT RUN" starttime="20211031 02:48:25.306" endtime="20211031 02:48:25.306"/>
</kw>
<kw name="Wait Until Page Contains">
<arg>Login to your account</arg>
<status status="NOT RUN" starttime="20211031 02:48:25.308" endtime="20211031 02:48:25.309"/>
</kw>
<kw name="Input Text">
<arg>username</arg>
<arg>${id_login}</arg>
<status status="NOT RUN" starttime="20211031 02:48:25.311" endtime="20211031 02:48:25.311"/>
</kw>
<kw name="Input Password">
<arg>password</arg>
<arg>1234</arg>
<status status="NOT RUN" starttime="20211031 02:48:25.313" endtime="20211031 02:48:25.313"/>
</kw>
<kw name="Click button">
<arg>id=submit myBtn</arg>
<status status="NOT RUN" starttime="20211031 02:48:25.315" endtime="20211031 02:48:25.315"/>
</kw>
<kw name="Title Should Be">
<arg>check in</arg>
<status status="NOT RUN" starttime="20211031 02:48:25.317" endtime="20211031 02:48:25.317"/>
</kw>
<kw name="Wait Until Page Contains">
<arg>Welcome</arg>
<status status="NOT RUN" starttime="20211031 02:48:25.321" endtime="20211031 02:48:25.321"/>
</kw>
<kw name="Get Text">
<var>${check_id}=</var>
<arg>xpath=/html/body/div[1]/div/div[3]/div/ul/li</arg>
<status status="NOT RUN" starttime="20211031 02:48:25.323" endtime="20211031 02:48:25.323"/>
</kw>
<kw name="Should Be True" library="BuiltIn">
<arg>'${check_id}' == '${id_login}'</arg>
<doc>Fails if the given condition is not true.</doc>
<status status="NOT RUN" starttime="20211031 02:48:25.323" endtime="20211031 02:48:25.323"/>
</kw>
<kw name="Capture Page Screenshot">
<arg>${pic_directory}0_login.png</arg>
<status status="NOT RUN" starttime="20211031 02:48:25.326" endtime="20211031 02:48:25.326"/>
</kw>
<status status="FAIL" starttime="20211031 02:48:25.297" endtime="20211031 02:48:25.326">No keyword with name 'Open Browser' found.</status>
</test>
<test id="s1-t3" name="TC-TRAIN-012 Employees-can-edit-the-Lecturer">
<kw name="Click Logout">
<kw name="Click Element">
<arg>xpath=/html/body/div[1]/div/div[3]/div/ul/li/a</arg>
<msg timestamp="20211031 02:48:25.333" level="FAIL">No keyword with name 'Click Element' found.</msg>
<status status="FAIL" starttime="20211031 02:48:25.333" endtime="20211031 02:48:25.333"/>
</kw>
<kw name="Click Element">
<arg>xpath=//*[@href="logout"]</arg>
<status status="NOT RUN" starttime="20211031 02:48:25.338" endtime="20211031 02:48:25.338"/>
</kw>
<status status="FAIL" starttime="20211031 02:48:25.330" endtime="20211031 02:48:25.339"/>
</kw>
<kw name="Wait Until Page Contains">
<arg>Login to your account</arg>
<status status="NOT RUN" starttime="20211031 02:48:25.342" endtime="20211031 02:48:25.342"/>
</kw>
<kw name="Input Text">
<arg>username</arg>
<arg>${id_login}</arg>
<status status="NOT RUN" starttime="20211031 02:48:25.345" endtime="20211031 02:48:25.345"/>
</kw>
<kw name="Input Password">
<arg>password</arg>
<arg>1234</arg>
<status status="NOT RUN" starttime="20211031 02:48:25.349" endtime="20211031 02:48:25.349"/>
</kw>
<kw name="Click button">
<arg>id=submit myBtn</arg>
<status status="NOT RUN" starttime="20211031 02:48:25.352" endtime="20211031 02:48:25.352"/>
</kw>
<kw name="Title Should Be">
<arg>check in</arg>
<status status="NOT RUN" starttime="20211031 02:48:25.354" endtime="20211031 02:48:25.354"/>
</kw>
<kw name="Wait Until Page Contains">
<arg>Welcome</arg>
<status status="NOT RUN" starttime="20211031 02:48:25.356" endtime="20211031 02:48:25.356"/>
</kw>
<kw name="Click My Training">
<status status="NOT RUN" starttime="20211031 02:48:25.357" endtime="20211031 02:48:25.357"/>
</kw>
<kw name="Click Add New">
<status status="NOT RUN" starttime="20211031 02:48:25.357" endtime="20211031 02:48:25.357"/>
</kw>
<kw name="input Text">
<arg>xpath=//*[@id="lecturer"]</arg>
<arg>นิภาภรณ์</arg>
<status status="NOT RUN" starttime="20211031 02:48:25.359" endtime="20211031 02:48:25.359"/>
</kw>
<kw name="get value">
<var>${lecturer}=</var>
<arg>xpath=//*[@id="lecturer"]</arg>
<status status="NOT RUN" starttime="20211031 02:48:25.361" endtime="20211031 02:48:25.361"/>
</kw>
<kw name="Should Be True" library="BuiltIn">
<arg>'นิภาภรณ์' == '${lecturer}'</arg>
<doc>Fails if the given condition is not true.</doc>
<status status="NOT RUN" starttime="20211031 02:48:25.362" endtime="20211031 02:48:25.362"/>
</kw>
<kw name="Get Length" library="BuiltIn">
<var>${count_lecturer_text}</var>
<arg>นิภาภรณ์</arg>
<doc>Returns and logs the length of the given item as an integer.</doc>
<status status="NOT RUN" starttime="20211031 02:48:25.362" endtime="20211031 02:48:25.362"/>
</kw>
<kw name="Get Text">
<var>${count_lecturer_web}=</var>
<arg>xpath=//*[@id="current_count_1"]</arg>
<status status="NOT RUN" starttime="20211031 02:48:25.364" endtime="20211031 02:48:25.364"/>
</kw>
<kw name="Should Be True" library="BuiltIn">
<arg>'${count_lecturer_text}' == '${count_lecturer_web}'</arg>
<doc>Fails if the given condition is not true.</doc>
<status status="NOT RUN" starttime="20211031 02:48:25.364" endtime="20211031 02:48:25.364"/>
</kw>
<kw name="input Text">
<arg>xpath=//*[@id="t_title"]</arg>
<arg>TC-TRAIN-012</arg>
<status status="NOT RUN" starttime="20211031 02:48:25.366" endtime="20211031 02:48:25.366"/>
</kw>
<kw name="get value">
<var>${training_title}=</var>
<arg>xpath=//*[@id="t_title"]</arg>
<status status="NOT RUN" starttime="20211031 02:48:25.368" endtime="20211031 02:48:25.368"/>
</kw>
<kw name="Should Be True" library="BuiltIn">
<arg>'${training_title}' == 'TC-TRAIN-012'</arg>
<doc>Fails if the given condition is not true.</doc>
<status status="NOT RUN" starttime="20211031 02:48:25.368" endtime="20211031 02:48:25.368"/>
</kw>
<kw name="Get Length" library="BuiltIn">
<var>${count_title_text}</var>
<arg>TC-TRAIN-012</arg>
<doc>Returns and logs the length of the given item as an integer.</doc>
<status status="NOT RUN" starttime="20211031 02:48:25.368" endtime="20211031 02:48:25.368"/>
</kw>
<kw name="Get Text">
<var>${count_title_web}=</var>
<arg>xpath=//*[@id="current_count_2"]</arg>
<status status="NOT RUN" starttime="20211031 02:48:25.370" endtime="20211031 02:48:25.370"/>
</kw>
<kw name="Should Be True" library="BuiltIn">
<arg>'${count_title_text}' == '${count_title_web}'</arg>
<doc>Fails if the given condition is not true.</doc>
<status status="NOT RUN" starttime="20211031 02:48:25.371" endtime="20211031 02:48:25.371"/>
</kw>
<kw name="Click Element">
<arg>xpath=//*[@id="date_from"]</arg>
<status status="NOT RUN" starttime="20211031 02:48:25.372" endtime="20211031 02:48:25.372"/>
</kw>
<kw name="Click Element">
<arg>xpath=/html/body/div[5]/div[1]/table/thead/tr[2]/th[2]</arg>
<status status="NOT RUN" starttime="20211031 02:48:25.374" endtime="20211031 02:48:25.374"/>
</kw>
<kw name="Click Element">
<arg>xpath=/html/body/div[5]/div[2]/table/tbody/tr/td/span[10]</arg>
<status status="NOT RUN" starttime="20211031 02:48:25.376" endtime="20211031 02:48:25.376"/>
</kw>
<kw name="Click Element">
<arg>xpath=/html/body/div[5]/div[1]/table/tbody/tr[3]/td[6]</arg>
<status status="NOT RUN" starttime="20211031 02:48:25.378" endtime="20211031 02:48:25.378"/>
</kw>
<kw name="Click Element">
<arg>xpath=//*[@id="date_to"]</arg>
<status status="NOT RUN" starttime="20211031 02:48:25.380" endtime="20211031 02:48:25.380"/>
</kw>
<kw name="Click Element">
<arg>xpath=/html/body/div[5]/div[1]/table/thead/tr[2]/th[2]</arg>
<status status="NOT RUN" starttime="20211031 02:48:25.382" endtime="20211031 02:48:25.382"/>
</kw>
<kw name="Click Element">
<arg>xpath=/html/body/div[5]/div[2]/table/tbody/tr/td/span[10]</arg>
<status status="NOT RUN" starttime="20211031 02:48:25.384" endtime="20211031 02:48:25.384"/>
</kw>
<kw name="Click Element">
<arg>xpath=/html/body/div[5]/div[1]/table/tbody/tr[3]/td[6]</arg>
<status status="NOT RUN" starttime="20211031 02:48:25.386" endtime="20211031 02:48:25.386"/>
</kw>
<kw name="get value">
<var>${date_from}=</var>
<arg>xpath=//*[@id="date_from"]</arg>
<status status="NOT RUN" starttime="20211031 02:48:25.387" endtime="20211031 02:48:25.387"/>
</kw>
<kw name="get value">
<var>${date_to}=</var>
<arg>xpath=//*[@id="date_to"]</arg>
<status status="NOT RUN" starttime="20211031 02:48:25.389" endtime="20211031 02:48:25.389"/>
</kw>
<kw name="Should Be True" library="BuiltIn">
<arg>'${date_from}' == '15-10-2021' and '${date_to}' == '15-10-2021'</arg>
<doc>Fails if the given condition is not true.</doc>
<status status="NOT RUN" starttime="20211031 02:48:25.390" endtime="20211031 02:48:25.390"/>
</kw>
<kw name="Input Text">
<arg>xpath=//*[@id="t_Hour"]</arg>
<arg>12</arg>
<status status="NOT RUN" starttime="20211031 02:48:25.391" endtime="20211031 02:48:25.391"/>
</kw>
<kw name="get value">
<var>${hour}=</var>
<arg>xpath=//*[@id="t_Hour"]</arg>
<status status="NOT RUN" starttime="20211031 02:48:25.393" endtime="20211031 02:48:25.393"/>
</kw>
<kw name="Input Text">
<arg>xpath=//*[@id="location"]</arg>
<arg>${location_data}</arg>
<status status="NOT RUN" starttime="20211031 02:48:25.395" endtime="20211031 02:48:25.395"/>
</kw>
<kw name="get value">
<var>${location}=</var>
<arg>xpath=//*[@id="location"]</arg>
<status status="NOT RUN" starttime="20211031 02:48:25.397" endtime="20211031 02:48:25.397"/>
</kw>
<kw name="Get Length" library="BuiltIn">
<var>${count_lacation_text}</var>
<arg>${location_data}</arg>
<doc>Returns and logs the length of the given item as an integer.</doc>
<status status="NOT RUN" starttime="20211031 02:48:25.397" endtime="20211031 02:48:25.397"/>
</kw>
<kw name="Get Text">
<var>${count_lacation_web}=</var>
<arg>xpath=//*[@id="current_count_4"]</arg>
<status status="NOT RUN" starttime="20211031 02:48:25.399" endtime="20211031 02:48:25.399"/>
</kw>
<kw name="Should Be True" library="BuiltIn">
<arg>'${count_lacation_text}' == '${count_lacation_web}'</arg>
<doc>Fails if the given condition is not true.</doc>
<status status="NOT RUN" starttime="20211031 02:48:25.399" endtime="20211031 02:48:25.399"/>
</kw>
<kw name="Input Text">
<arg>xpath=//*[@id="description"]</arg>
<arg>${description_data}</arg>
<status status="NOT RUN" starttime="20211031 02:48:25.401" endtime="20211031 02:48:25.401"/>
</kw>
<kw name="get value">
<var>${description}=</var>
<arg>xpath=//*[@id="description"]</arg>
<status status="NOT RUN" starttime="20211031 02:48:25.403" endtime="20211031 02:48:25.403"/>
</kw>
<kw name="Get Length" library="BuiltIn">
<var>${count_description_text}</var>
<arg>${description_data}</arg>
<doc>Returns and logs the length of the given item as an integer.</doc>
<status status="NOT RUN" starttime="20211031 02:48:25.403" endtime="20211031 02:48:25.403"/>
</kw>
<kw name="Get Text">
<var>${count_description_web}=</var>
<arg>xpath=//*[@id="current_count_5"]</arg>
<status status="NOT RUN" starttime="20211031 02:48:25.405" endtime="20211031 02:48:25.405"/>
</kw>
<kw name="Should Be True" library="BuiltIn">
<arg>'${count_description_text}' == '${count_description_web}'</arg>
<doc>Fails if the given condition is not true.</doc>
<status status="NOT RUN" starttime="20211031 02:48:25.405" endtime="20211031 02:48:25.405"/>
</kw>
<kw name="Capture Page Screenshot">
<arg>${pic_directory}12_1_Employees-can-edit-the-Lecturer.png</arg>
<status status="NOT RUN" starttime="20211031 02:48:25.407" endtime="20211031 02:48:25.407"/>
</kw>
<kw name="Click Submit">
<status status="NOT RUN" starttime="20211031 02:48:25.407" endtime="20211031 02:48:25.407"/>
</kw>
<kw name="Click My Training">
<status status="NOT RUN" starttime="20211031 02:48:25.407" endtime="20211031 02:48:25.407"/>
</kw>
<kw name="Get element count">
<var>${count_table}=</var>
<arg>${table_name}</arg>
<status status="NOT RUN" starttime="20211031 02:48:25.409" endtime="20211031 02:48:25.409"/>
</kw>
<kw name="Set Variable" library="BuiltIn">
<var>${sum_count_table}</var>
<arg>${{${count_table} + 1}}</arg>
<doc>Returns the given values which can then be assigned to a variables.</doc>
<status status="NOT RUN" starttime="20211031 02:48:25.409" endtime="20211031 02:48:25.409"/>
</kw>
<kw name="Get Table Cell">
<var>${check_name_table}=</var>
<arg>${table}</arg>
<arg>1</arg>
<arg>2</arg>
<status status="NOT RUN" starttime="20211031 02:48:25.411" endtime="20211031 02:48:25.411"/>
</kw>
<kw name="Get Table Cell">
<var>${check_name}=</var>
<arg>${table}</arg>
<arg>${sum_count_table}</arg>
<arg>2</arg>
<status status="NOT RUN" starttime="20211031 02:48:25.413" endtime="20211031 02:48:25.413"/>
</kw>
<kw name="Should Be True" library="BuiltIn">
<arg>'${check_name_table}' == 'Name'</arg>
<doc>Fails if the given condition is not true.</doc>
<status status="NOT RUN" starttime="20211031 02:48:25.413" endtime="20211031 02:48:25.413"/>
</kw>
<kw name="Should Be True" library="BuiltIn">
<arg>'${check_name}' == '${id_login}'</arg>
<doc>Fails if the given condition is not true.</doc>
<status status="NOT RUN" starttime="20211031 02:48:25.414" endtime="20211031 02:48:25.414"/>
</kw>
<kw name="Get Table Cell">
<var>${check_title_table}=</var>
<arg>${table}</arg>
<arg>1</arg>
<arg>3</arg>
<status status="NOT RUN" starttime="20211031 02:48:25.416" endtime="20211031 02:48:25.416"/>
</kw>
<kw name="Get Table Cell">
<var>${check_title}=</var>
<arg>${table}</arg>
<arg>${sum_count_table}</arg>
<arg>3</arg>
<status status="NOT RUN" starttime="20211031 02:48:25.417" endtime="20211031 02:48:25.417"/>
</kw>
<kw name="Should Be True" library="BuiltIn">
<arg>'${check_title_table}' == 'Title'</arg>
<doc>Fails if the given condition is not true.</doc>
<status status="NOT RUN" starttime="20211031 02:48:25.418" endtime="20211031 02:48:25.418"/>
</kw>
<kw name="Should Be True" library="BuiltIn">
<arg>'${check_title}' == '${training_title}'</arg>
<doc>Fails if the given condition is not true.</doc>
<status status="NOT RUN" starttime="20211031 02:48:25.418" endtime="20211031 02:48:25.418"/>
</kw>
<kw name="Get Table Cell">
<var>${check_start_table}=</var>
<arg>${table}</arg>
<arg>1</arg>
<arg>4</arg>
<status status="NOT RUN" starttime="20211031 02:48:25.420" endtime="20211031 02:48:25.420"/>
</kw>
<kw name="Get Table Cell">
<var>${check_start}=</var>
<arg>${table}</arg>
<arg>${sum_count_table}</arg>
<arg>4</arg>
<status status="NOT RUN" starttime="20211031 02:48:25.422" endtime="20211031 02:48:25.422"/>
</kw>
<kw name="Should Be True" library="BuiltIn">
<arg>'${check_start_table}' == 'Start Date'</arg>
<doc>Fails if the given condition is not true.</doc>
<status status="NOT RUN" starttime="20211031 02:48:25.422" endtime="20211031 02:48:25.422"/>
</kw>
<kw name="Should Be True" library="BuiltIn">
<arg>'${check_start}' == '${date_from}'</arg>
<doc>Fails if the given condition is not true.</doc>
<status status="NOT RUN" starttime="20211031 02:48:25.422" endtime="20211031 02:48:25.422"/>
</kw>
<kw name="Get Table Cell">
<var>${check_until_table}=</var>
<arg>${table}</arg>
<arg>1</arg>
<arg>5</arg>
<status status="NOT RUN" starttime="20211031 02:48:25.424" endtime="20211031 02:48:25.424"/>
</kw>
<kw name="Get Table Cell">
<var>${check_until}=</var>
<arg>${table}</arg>
<arg>${sum_count_table}</arg>
<arg>5</arg>
<status status="NOT RUN" starttime="20211031 02:48:25.426" endtime="20211031 02:48:25.426"/>
</kw>
<kw name="Should Be True" library="BuiltIn">
<arg>'${check_until_table}' == 'Until Date'</arg>
<doc>Fails if the given condition is not true.</doc>
<status status="NOT RUN" starttime="20211031 02:48:25.426" endtime="20211031 02:48:25.427"/>
</kw>
<kw name="Should Be True" library="BuiltIn">
<arg>'${check_until}' == '${date_to}'</arg>
<doc>Fails if the given condition is not true.</doc>
<status status="NOT RUN" starttime="20211031 02:48:25.427" endtime="20211031 02:48:25.427"/>
</kw>
<kw name="Get Table Cell">
<var>${check_hour_table}=</var>
<arg>${table}</arg>
<arg>1</arg>
<arg>6</arg>
<status status="NOT RUN" starttime="20211031 02:48:25.429" endtime="20211031 02:48:25.429"/>
</kw>
<kw name="Get Table Cell">
<var>${check_hour}=</var>
<arg>${table}</arg>
<arg>${sum_count_table}</arg>
<arg>6</arg>
<status status="NOT RUN" starttime="20211031 02:48:25.432" endtime="20211031 02:48:25.432"/>
</kw>
<kw name="Should Be True" library="BuiltIn">
<arg>'${check_hour_table}' == 'Hour'</arg>
<doc>Fails if the given condition is not true.</doc>
<status status="NOT RUN" starttime="20211031 02:48:25.432" endtime="20211031 02:48:25.432"/>
</kw>
<kw name="Should Be True" library="BuiltIn">
<arg>'${check_hour}' == '${hour}:00'</arg>
<doc>Fails if the given condition is not true.</doc>
<status status="NOT RUN" starttime="20211031 02:48:25.432" endtime="20211031 02:48:25.432"/>
</kw>
<kw name="Get Current Date" library="DateTime">
<var>${current_time}</var>
<arg>result_format=%H:%M</arg>
<doc>Returns current local or UTC time with an optional increment.</doc>
<status status="NOT RUN" starttime="20211031 02:48:25.432" endtime="20211031 02:48:25.432"/>
</kw>
<kw name="Get Current Date" library="DateTime">
<var>${current_date}</var>
<arg>result_format=%d-%m-%Y</arg>
<doc>Returns current local or UTC time with an optional increment.</doc>
<status status="NOT RUN" starttime="20211031 02:48:25.432" endtime="20211031 02:48:25.433"/>
</kw>
<kw name="Get Table Cell">
<var>${check_submit_table}=</var>
<arg>${table}</arg>
<arg>1</arg>
<arg>7</arg>
<status status="NOT RUN" starttime="20211031 02:48:25.434" endtime="20211031 02:48:25.434"/>
</kw>
<kw name="Get Table Cell">
<var>${check_submit}=</var>
<arg>${table}</arg>
<arg>${sum_count_table}</arg>
<arg>7</arg>
<status status="NOT RUN" starttime="20211031 02:48:25.436" endtime="20211031 02:48:25.436"/>
</kw>
<kw name="Should Be True" library="BuiltIn">
<arg>'${check_submit_table}' == 'Submit Date'</arg>
<doc>Fails if the given condition is not true.</doc>
<status status="NOT RUN" starttime="20211031 02:48:25.437" endtime="20211031 02:48:25.437"/>
</kw>
<kw name="Should Be True" library="BuiltIn">
<arg>'${check_submit}' == '${current_date} ${current_time}'</arg>
<doc>Fails if the given condition is not true.</doc>
<status status="NOT RUN" starttime="20211031 02:48:25.437" endtime="20211031 02:48:25.437"/>
</kw>
<kw name="Sleep" library="BuiltIn">
<arg>2s</arg>
<doc>Pauses the test executed for the given time.</doc>
<status status="NOT RUN" starttime="20211031 02:48:25.437" endtime="20211031 02:48:25.437"/>
</kw>
<kw name="Capture Element Screenshot">
<arg>xpath=//*[@id="myTable"]/tbody/tr[${count_table}]</arg>
<arg>${pic_directory}12_2_Employees-can-edit-the-Lecturer.png</arg>
<status status="NOT RUN" starttime="20211031 02:48:25.439" endtime="20211031 02:48:25.439"/>
</kw>
<kw name="Click My Training">
<status status="NOT RUN" starttime="20211031 02:48:25.439" endtime="20211031 02:48:25.439"/>
</kw>
<kw name="Get Table Cell">
<var>${check_id_table}=</var>
<arg>${table}</arg>
<arg>1</arg>
<arg>1</arg>
<status status="NOT RUN" starttime="20211031 02:48:25.441" endtime="20211031 02:48:25.441"/>
</kw>
<kw name="Get Table Cell">
<var>${check_id}=</var>
<arg>${table}</arg>
<arg>${sum_count_table}</arg>
<arg>1</arg>
<status status="NOT RUN" starttime="20211031 02:48:25.443" endtime="20211031 02:48:25.443"/>
</kw>
<kw name="Should Be True" library="BuiltIn">
<arg>'${check_id_table}' == 'ID'</arg>
<doc>Fails if the given condition is not true.</doc>
<status status="NOT RUN" starttime="20211031 02:48:25.444" endtime="20211031 02:48:25.444"/>
</kw>
<kw name="Click Element">
<arg>xpath=//*[@href="Training_Edit?trainingid=${check_id}"]</arg>
<status status="NOT RUN" starttime="20211031 02:48:25.446" endtime="20211031 02:48:25.446"/>
</kw>
<kw name="Clear Element Text">
<arg>xpath=//*[@id="lecturer"]</arg>
<status status="NOT RUN" starttime="20211031 02:48:25.448" endtime="20211031 02:48:25.448"/>
</kw>
<kw name="input Text">
<arg>xpath=//*[@id="lecturer"]</arg>
<arg>${lecturer_data}</arg>
<status status="NOT RUN" starttime="20211031 02:48:25.449" endtime="20211031 02:48:25.449"/>
</kw>
<kw name="get value">
<var>${lecturer}=</var>
<arg>xpath=//*[@id="lecturer"]</arg>
<status status="NOT RUN" starttime="20211031 02:48:25.451" endtime="20211031 02:48:25.451"/>
</kw>
<kw name="Should Be True" library="BuiltIn">
<arg>'${lecturer_data}' == '${lecturer}'</arg>
<doc>Fails if the given condition is not true.</doc>
<status status="NOT RUN" starttime="20211031 02:48:25.451" endtime="20211031 02:48:25.452"/>
</kw>
<kw name="Get Length" library="BuiltIn">
<var>${count_lecturer_text}</var>
<arg>${lecturer_data}</arg>
<doc>Returns and logs the length of the given item as an integer.</doc>
<status status="NOT RUN" starttime="20211031 02:48:25.452" endtime="20211031 02:48:25.452"/>
</kw>
<kw name="Get Text">
<var>${count_lecturer_web}=</var>
<arg>xpath=//*[@id="current_count_1"]</arg>
<status status="NOT RUN" starttime="20211031 02:48:25.454" endtime="20211031 02:48:25.454"/>
</kw>
<kw name="Should Be True" library="BuiltIn">
<arg>'${count_lecturer_text}' == '${count_lecturer_web}'</arg>
<doc>Fails if the given condition is not true.</doc>
<status status="NOT RUN" starttime="20211031 02:48:25.454" endtime="20211031 02:48:25.454"/>
</kw>
<kw name="Click Submit">
<status status="NOT RUN" starttime="20211031 02:48:25.454" endtime="20211031 02:48:25.454"/>
</kw>
<kw name="Click My Training">
<status status="NOT RUN" starttime="20211031 02:48:25.454" endtime="20211031 02:48:25.454"/>
</kw>
<kw name="Click Element">
<arg>xpath=//*[@href="Training_Edit?trainingid=${check_id}"]</arg>
<status status="NOT RUN" starttime="20211031 02:48:25.456" endtime="20211031 02:48:25.456"/>
</kw>
<kw name="get value">
<var>${lecturer_edit}=</var>
<arg>xpath=//*[@id="lecturer"]</arg>
<status status="NOT RUN" starttime="20211031 02:48:25.458" endtime="20211031 02:48:25.458"/>
</kw>
<kw name="Should Be True" library="BuiltIn">
<arg>'${lecturer_edit}' == '${lecturer}'</arg>
<doc>Fails if the given condition is not true.</doc>
<status status="NOT RUN" starttime="20211031 02:48:25.458" endtime="20211031 02:48:25.458"/>
</kw>
<kw name="Capture Page Screenshot">
<arg>${pic_directory}12_3_Employees-can-edit-the-Lecturer.png</arg>
<status status="NOT RUN" starttime="20211031 02:48:25.460" endtime="20211031 02:48:25.460"/>
</kw>
<status status="FAIL" starttime="20211031 02:48:25.330" endtime="20211031 02:48:25.460">No keyword with name 'Click Element' found.</status>
</test>
<test id="s1-t4" name="TC-TRAIN-013 Employees-can-edit-the-Training-Title">
<kw name="Click My Training">
<kw name="Click Element">
<arg>xpath=//*[@href="Training_list?Id=${id_login}"]</arg>
<msg timestamp="20211031 02:48:25.464" level="FAIL">No keyword with name 'Click Element' found.</msg>
<status status="FAIL" starttime="20211031 02:48:25.464" endtime="20211031 02:48:25.464"/>
</kw>
<kw name="Title Should Be">
<arg>Training_list</arg>
<status status="NOT RUN" starttime="20211031 02:48:25.466" endtime="20211031 02:48:25.466"/>
</kw>
<status status="FAIL" starttime="20211031 02:48:25.462" endtime="20211031 02:48:25.466"/>
</kw>
<kw name="Click Add New">
<status status="NOT RUN" starttime="20211031 02:48:25.466" endtime="20211031 02:48:25.466"/>
</kw>
<kw name="input Text">
<arg>xpath=//*[@id="lecturer"]</arg>
<arg>${lecturer_data}</arg>
<status status="NOT RUN" starttime="20211031 02:48:25.468" endtime="20211031 02:48:25.468"/>
</kw>
<kw name="get value">
<var>${lecturer}=</var>
<arg>xpath=//*[@id="lecturer"]</arg>
<status status="NOT RUN" starttime="20211031 02:48:25.470" endtime="20211031 02:48:25.470"/>
</kw>
<kw name="Should Be True" library="BuiltIn">
<arg>'${lecturer_data}' == '${lecturer}'</arg>
<doc>Fails if the given condition is not true.</doc>
<status status="NOT RUN" starttime="20211031 02:48:25.470" endtime="20211031 02:48:25.470"/>
</kw>
<kw name="Get Length" library="BuiltIn">
<var>${count_lecturer_text}</var>
<arg>${lecturer_data}</arg>
<doc>Returns and logs the length of the given item as an integer.</doc>
<status status="NOT RUN" starttime="20211031 02:48:25.470" endtime="20211031 02:48:25.471"/>
</kw>
<kw name="Get Text">
<var>${count_lecturer_web}=</var>
<arg>xpath=//*[@id="current_count_1"]</arg>
<status status="NOT RUN" starttime="20211031 02:48:25.472" endtime="20211031 02:48:25.472"/>
</kw>
<kw name="Should Be True" library="BuiltIn">
<arg>'${count_lecturer_text}' == '${count_lecturer_web}'</arg>
<doc>Fails if the given condition is not true.</doc>
<status status="NOT RUN" starttime="20211031 02:48:25.472" endtime="20211031 02:48:25.473"/>
</kw>
<kw name="input Text">
<arg>xpath=//*[@id="t_title"]</arg>
<arg>TC-TRAIN-012</arg>
<status status="NOT RUN" starttime="20211031 02:48:25.474" endtime="20211031 02:48:25.474"/>
</kw>
<kw name="get value">
<var>${training_title}=</var>
<arg>xpath=//*[@id="t_title"]</arg>
<status status="NOT RUN" starttime="20211031 02:48:25.476" endtime="20211031 02:48:25.476"/>
</kw>
<kw name="Should Be True" library="BuiltIn">
<arg>'${training_title}' == 'TC-TRAIN-012'</arg>
<doc>Fails if the given condition is not true.</doc>
<status status="NOT RUN" starttime="20211031 02:48:25.476" endtime="20211031 02:48:25.477"/>
</kw>
<kw name="Get Length" library="BuiltIn">
<var>${count_title_text}</var>
<arg>TC-TRAIN-012</arg>
<doc>Returns and logs the length of the given item as an integer.</doc>
<status status="NOT RUN" starttime="20211031 02:48:25.477" endtime="20211031 02:48:25.477"/>
</kw>
<kw name="Get Text">
<var>${count_title_web}=</var>
<arg>xpath=//*[@id="current_count_2"]</arg>
<status status="NOT RUN" starttime="20211031 02:48:25.479" endtime="20211031 02:48:25.479"/>
</kw>
<kw name="Should Be True" library="BuiltIn">
<arg>'${count_title_text}' == '${count_title_web}'</arg>
<doc>Fails if the given condition is not true.</doc>
<status status="NOT RUN" starttime="20211031 02:48:25.479" endtime="20211031 02:48:25.479"/>
</kw>
<kw name="Click Element">
<arg>xpath=//*[@id="date_from"]</arg>
<status status="NOT RUN" starttime="20211031 02:48:25.481" endtime="20211031 02:48:25.481"/>
</kw>
<kw name="Click Element">
<arg>xpath=/html/body/div[5]/div[1]/table/thead/tr[2]/th[2]</arg>
<status status="NOT RUN" starttime="20211031 02:48:25.483" endtime="20211031 02:48:25.483"/>
</kw>
<kw name="Click Element">
<arg>xpath=/html/body/div[5]/div[2]/table/tbody/tr/td/span[10]</arg>
<status status="NOT RUN" starttime="20211031 02:48:25.484" endtime="20211031 02:48:25.485"/>
</kw>
<kw name="Click Element">
<arg>xpath=/html/body/div[5]/div[1]/table/tbody/tr[3]/td[6]</arg>
<status status="NOT RUN" starttime="20211031 02:48:25.486" endtime="20211031 02:48:25.486"/>
</kw>
<kw name="Click Element">
<arg>xpath=//*[@id="date_to"]</arg>
<status status="NOT RUN" starttime="20211031 02:48:25.488" endtime="20211031 02:48:25.488"/>
</kw>
<kw name="Click Element">
<arg>xpath=/html/body/div[5]/div[1]/table/thead/tr[2]/th[2]</arg>
<status status="NOT RUN" starttime="20211031 02:48:25.490" endtime="20211031 02:48:25.490"/>
</kw>
<kw name="Click Element">
<arg>xpath=/html/body/div[5]/div[2]/table/tbody/tr/td/span[10]</arg>
<status status="NOT RUN" starttime="20211031 02:48:25.492" endtime="20211031 02:48:25.492"/>
</kw>
<kw name="Click Element">
<arg>xpath=/html/body/div[5]/div[1]/table/tbody/tr[3]/td[6]</arg>
<status status="NOT RUN" starttime="20211031 02:48:25.494" endtime="20211031 02:48:25.494"/>
</kw>
<kw name="get value">
<var>${date_from}=</var>
<arg>xpath=//*[@id="date_from"]</arg>
<status status="NOT RUN" starttime="20211031 02:48:25.496" endtime="20211031 02:48:25.496"/>
</kw>
<kw name="get value">
<var>${date_to}=</var>
<arg>xpath=//*[@id="date_to"]</arg>
<status status="NOT RUN" starttime="20211031 02:48:25.497" endtime="20211031 02:48:25.497"/>
</kw>
<kw name="Should Be True" library="BuiltIn">
<arg>'${date_from}' == '15-10-2021' and '${date_to}' == '15-10-2021'</arg>
<doc>Fails if the given condition is not true.</doc>
<status status="NOT RUN" starttime="20211031 02:48:25.498" endtime="20211031 02:48:25.498"/>
</kw>
<kw name="Input Text">
<arg>xpath=//*[@id="t_Hour"]</arg>
<arg>12</arg>
<status status="NOT RUN" starttime="20211031 02:48:25.500" endtime="20211031 02:48:25.500"/>
</kw>
<kw name="get value">
<var>${hour}=</var>
<arg>xpath=//*[@id="t_Hour"]</arg>
<status status="NOT RUN" starttime="20211031 02:48:25.501" endtime="20211031 02:48:25.501"/>
</kw>
<kw name="Input Text">
<arg>xpath=//*[@id="location"]</arg>
<arg>${location_data}</arg>
<status status="NOT RUN" starttime="20211031 02:48:25.503" endtime="20211031 02:48:25.503"/>
</kw>
<kw name="get value">
<var>${location}=</var>
<arg>xpath=//*[@id="location"]</arg>
<status status="NOT RUN" starttime="20211031 02:48:25.505" endtime="20211031 02:48:25.505"/>
</kw>
<kw name="Get Length" library="BuiltIn">
<var>${count_lacation_text}</var>
<arg>${location_data}</arg>
<doc>Returns and logs the length of the given item as an integer.</doc>
<status status="NOT RUN" starttime="20211031 02:48:25.505" endtime="20211031 02:48:25.505"/>
</kw>
<kw name="Get Text">
<var>${count_lacation_web}=</var>
<arg>xpath=//*[@id="current_count_4"]</arg>
<status status="NOT RUN" starttime="20211031 02:48:25.507" endtime="20211031 02:48:25.507"/>
</kw>
<kw name="Should Be True" library="BuiltIn">
<arg>'${count_lacation_text}' == '${count_lacation_web}'</arg>
<doc>Fails if the given condition is not true.</doc>
<status status="NOT RUN" starttime="20211031 02:48:25.507" endtime="20211031 02:48:25.507"/>
</kw>
<kw name="Input Text">
<arg>xpath=//*[@id="description"]</arg>
<arg>${description_data}</arg>
<status status="NOT RUN" starttime="20211031 02:48:25.509" endtime="20211031 02:48:25.509"/>
</kw>
<kw name="get value">
<var>${description}=</var>
<arg>xpath=//*[@id="description"]</arg>
<status status="NOT RUN" starttime="20211031 02:48:25.511" endtime="20211031 02:48:25.511"/>
</kw>
<kw name="Get Length" library="BuiltIn">
<var>${count_description_text}</var>
<arg>${description_data}</arg>
<doc>Returns and logs the length of the given item as an integer.</doc>
<status status="NOT RUN" starttime="20211031 02:48:25.511" endtime="20211031 02:48:25.512"/>
</kw>
<kw name="Get Text">
<var>${count_description_web}=</var>
<arg>xpath=//*[@id="current_count_5"]</arg>
<status status="NOT RUN" starttime="20211031 02:48:25.513" endtime="20211031 02:48:25.513"/>
</kw>
<kw name="Should Be True" library="BuiltIn">
<arg>'${count_description_text}' == '${count_description_web}'</arg>
<doc>Fails if the given condition is not true.</doc>
<status status="NOT RUN" starttime="20211031 02:48:25.514" endtime="20211031 02:48:25.514"/>
</kw>
<kw name="Capture Page Screenshot">
<arg>${pic_directory}13_1_Employees-can-edit-the-Training-Title.png</arg>
<status status="NOT RUN" starttime="20211031 02:48:25.516" endtime="20211031 02:48:25.516"/>
</kw>
<kw name="Click Submit">
<status status="NOT RUN" starttime="20211031 02:48:25.516" endtime="20211031 02:48:25.516"/>
</kw>
<kw name="Click My Training">
<status status="NOT RUN" starttime="20211031 02:48:25.517" endtime="20211031 02:48:25.517"/>
</kw>
<kw name="Get element count">
<var>${count_table}=</var>
<arg>${table_name}</arg>
<status status="NOT RUN" starttime="20211031 02:48:25.519" endtime="20211031 02:48:25.519"/>
</kw>
<kw name="Set Variable" library="BuiltIn">
<var>${sum_count_table}</var>
<arg>${{${count_table} + 1}}</arg>
<doc>Returns the given values which can then be assigned to a variables.</doc>
<status status="NOT RUN" starttime="20211031 02:48:25.519" endtime="20211031 02:48:25.519"/>
</kw>
<kw name="Get Table Cell">
<var>${check_name_table}=</var>
<arg>${table}</arg>
<arg>1</arg>
<arg>2</arg>
<status status="NOT RUN" starttime="20211031 02:48:25.521" endtime="20211031 02:48:25.521"/>
</kw>
<kw name="Get Table Cell">
<var>${check_name}=</var>
<arg>${table}</arg>
<arg>${sum_count_table}</arg>
<arg>2</arg>
<status status="NOT RUN" starttime="20211031 02:48:25.523" endtime="20211031 02:48:25.523"/>
</kw>
<kw name="Should Be True" library="BuiltIn">
<arg>'${check_name_table}' == 'Name'</arg>
<doc>Fails if the given condition is not true.</doc>
<status status="NOT RUN" starttime="20211031 02:48:25.523" endtime="20211031 02:48:25.523"/>
</kw>
<kw name="Should Be True" library="BuiltIn">
<arg>'${check_name}' == '${id_login}'</arg>
<doc>Fails if the given condition is not true.</doc>
<status status="NOT RUN" starttime="20211031 02:48:25.523" endtime="20211031 02:48:25.524"/>
</kw>
<kw name="Get Table Cell">
<var>${check_title_table}=</var>
<arg>${table}</arg>
<arg>1</arg>
<arg>3</arg>
<status status="NOT RUN" starttime="20211031 02:48:25.525" endtime="20211031 02:48:25.525"/>
</kw>
<kw name="Get Table Cell">
<var>${check_title}=</var>
<arg>${table}</arg>
<arg>${sum_count_table}</arg>
<arg>3</arg>
<status status="NOT RUN" starttime="20211031 02:48:25.527" endtime="20211031 02:48:25.527"/>
</kw>
<kw name="Should Be True" library="BuiltIn">
<arg>'${check_title_table}' == 'Title'</arg>
<doc>Fails if the given condition is not true.</doc>
<status status="NOT RUN" starttime="20211031 02:48:25.527" endtime="20211031 02:48:25.527"/>
</kw>
<kw name="Should Be True" library="BuiltIn">
<arg>'${check_title}' == '${training_title}'</arg>
<doc>Fails if the given condition is not true.</doc>
<status status="NOT RUN" starttime="20211031 02:48:25.528" endtime="20211031 02:48:25.528"/>
</kw>
<kw name="Get Table Cell">
<var>${check_start_table}=</var>
<arg>${table}</arg>
<arg>1</arg>
<arg>4</arg>
<status status="NOT RUN" starttime="20211031 02:48:25.529" endtime="20211031 02:48:25.530"/>
</kw>
<kw name="Get Table Cell">
<var>${check_start}=</var>
<arg>${table}</arg>
<arg>${sum_count_table}</arg>
<arg>4</arg>
<status status="NOT RUN" starttime="20211031 02:48:25.531" endtime="20211031 02:48:25.531"/>
</kw>
<kw name="Should Be True" library="BuiltIn">
<arg>'${check_start_table}' == 'Start Date'</arg>
<doc>Fails if the given condition is not true.</doc>
<status status="NOT RUN" starttime="20211031 02:48:25.532" endtime="20211031 02:48:25.532"/>
</kw>
<kw name="Should Be True" library="BuiltIn">
<arg>'${check_start}' == '${date_from}'</arg>
<doc>Fails if the given condition is not true.</doc>
<status status="NOT RUN" starttime="20211031 02:48:25.532" endtime="20211031 02:48:25.532"/>
</kw>
<kw name="Get Table Cell">
<var>${check_until_table}=</var>
<arg>${table}</arg>
<arg>1</arg>
<arg>5</arg>
<status status="NOT RUN" starttime="20211031 02:48:25.534" endtime="20211031 02:48:25.534"/>
</kw>
<kw name="Get Table Cell">
<var>${check_until}=</var>
<arg>${table}</arg>
<arg>${sum_count_table}</arg>
<arg>5</arg>
<status status="NOT RUN" starttime="20211031 02:48:25.536" endtime="20211031 02:48:25.536"/>
</kw>
<kw name="Should Be True" library="BuiltIn">
<arg>'${check_until_table}' == 'Until Date'</arg>
<doc>Fails if the given condition is not true.</doc>
<status status="NOT RUN" starttime="20211031 02:48:25.536" endtime="20211031 02:48:25.536"/>
</kw>
<kw name="Should Be True" library="BuiltIn">
<arg>'${check_until}' == '${date_to}'</arg>
<doc>Fails if the given condition is not true.</doc>
<status status="NOT RUN" starttime="20211031 02:48:25.536" endtime="20211031 02:48:25.536"/>
</kw>
<kw name="Get Table Cell">
<var>${check_hour_table}=</var>
<arg>${table}</arg>
<arg>1</arg>
<arg>6</arg>
<status status="NOT RUN" starttime="20211031 02:48:25.538" endtime="20211031 02:48:25.538"/>
</kw>
<kw name="Get Table Cell">
<var>${check_hour}=</var>
<arg>${table}</arg>
<arg>${sum_count_table}</arg>
<arg>6</arg>
<status status="NOT RUN" starttime="20211031 02:48:25.540" endtime="20211031 02:48:25.540"/>
</kw>
<kw name="Should Be True" library="BuiltIn">
<arg>'${check_hour_table}' == 'Hour'</arg>
<doc>Fails if the given condition is not true.</doc>
<status status="NOT RUN" starttime="20211031 02:48:25.540" endtime="20211031 02:48:25.540"/>
</kw>
<kw name="Should Be True" library="BuiltIn">
<arg>'${check_hour}' == '${hour}:00'</arg>
<doc>Fails if the given condition is not true.</doc>
<status status="NOT RUN" starttime="20211031 02:48:25.540" endtime="20211031 02:48:25.540"/>
</kw>
<kw name="Get Current Date" library="DateTime">
<var>${current_time}</var>
<arg>result_format=%H:%M</arg>
<doc>Returns current local or UTC time with an optional increment.</doc>
<status status="NOT RUN" starttime="20211031 02:48:25.541" endtime="20211031 02:48:25.541"/>
</kw>
<kw name="Get Current Date" library="DateTime">
<var>${current_date}</var>
<arg>result_format=%d-%m-%Y</arg>
<doc>Returns current local or UTC time with an optional increment.</doc>
<status status="NOT RUN" starttime="20211031 02:48:25.541" endtime="20211031 02:48:25.541"/>
</kw>
<kw name="Get Table Cell">
<var>${check_submit_table}=</var>
<arg>${table}</arg>
<arg>1</arg>
<arg>7</arg>
<status status="NOT RUN" starttime="20211031 02:48:25.543" endtime="20211031 02:48:25.543"/>
</kw>
<kw name="Get Table Cell">
<var>${check_submit}=</var>
<arg>${table}</arg>
<arg>${sum_count_table}</arg>
<arg>7</arg>
<status status="NOT RUN" starttime="20211031 02:48:25.545" endtime="20211031 02:48:25.545"/>
</kw>
<kw name="Should Be True" library="BuiltIn">
<arg>'${check_submit_table}' == 'Submit Date'</arg>
<doc>Fails if the given condition is not true.</doc>
<status status="NOT RUN" starttime="20211031 02:48:25.546" endtime="20211031 02:48:25.546"/>
</kw>
<kw name="Should Be True" library="BuiltIn">
<arg>'${check_submit}' == '${current_date} ${current_time}'</arg>
<doc>Fails if the given condition is not true.</doc>
<status status="NOT RUN" starttime="20211031 02:48:25.546" endtime="20211031 02:48:25.546"/>
</kw>
<kw name="Sleep" library="BuiltIn">
<arg>2s</arg>
<doc>Pauses the test executed for the given time.</doc>
<status status="NOT RUN" starttime="20211031 02:48:25.546" endtime="20211031 02:48:25.546"/>
</kw>
<kw name="Capture Element Screenshot">
<arg>xpath=//*[@id="myTable"]/tbody/tr[${count_table}]</arg>
<arg>${pic_directory}13_2_Employees-can-edit-the-Training-Title.png</arg>
<status status="NOT RUN" starttime="20211031 02:48:25.548" endtime="20211031 02:48:25.548"/>
</kw>
<kw name="Click My Training">
<status status="NOT RUN" starttime="20211031 02:48:25.548" endtime="20211031 02:48:25.548"/>
</kw>
<kw name="Get Table Cell">
<var>${check_id_table}=</var>
<arg>${table}</arg>
<arg>1</arg>
<arg>1</arg>
<status status="NOT RUN" starttime="20211031 02:48:25.550" endtime="20211031 02:48:25.550"/>
</kw>
<kw name="Get Table Cell">
<var>${check_id}=</var>
<arg>${table}</arg>
<arg>${sum_count_table}</arg>
<arg>1</arg>
<status status="NOT RUN" starttime="20211031 02:48:25.552" endtime="20211031 02:48:25.552"/>
</kw>
<kw name="Should Be True" library="BuiltIn">
<arg>'${check_id_table}' == 'ID'</arg>
<doc>Fails if the given condition is not true.</doc>
<status status="NOT RUN" starttime="20211031 02:48:25.552" endtime="20211031 02:48:25.553"/>
</kw>
<kw name="Click Element">
<arg>xpath=//*[@href="Training_Edit?trainingid=${check_id}"]</arg>
<status status="NOT RUN" starttime="20211031 02:48:25.554" endtime="20211031 02:48:25.554"/>
</kw>
<kw name="Clear Element Text">
<arg>xpath=//*[@id="t_title"]</arg>
<status status="NOT RUN" starttime="20211031 02:48:25.556" endtime="20211031 02:48:25.556"/>
</kw>
<kw name="input Text">
<arg>xpath=//*[@id="t_title"]</arg>
<arg>TC-TRAIN-013</arg>
<status status="NOT RUN" starttime="20211031 02:48:25.558" endtime="20211031 02:48:25.558"/>
</kw>
<kw name="get value">
<var>${training_title}=</var>
<arg>xpath=//*[@id="t_title"]</arg>
<status status="NOT RUN" starttime="20211031 02:48:25.560" endtime="20211031 02:48:25.560"/>
</kw>
<kw name="Should Be True" library="BuiltIn">
<arg>'${training_title}' == 'TC-TRAIN-013'</arg>
<doc>Fails if the given condition is not true.</doc>
<status status="NOT RUN" starttime="20211031 02:48:25.560" endtime="20211031 02:48:25.560"/>
</kw>
<kw name="Click Submit">
<status status="NOT RUN" starttime="20211031 02:48:25.561" endtime="20211031 02:48:25.561"/>
</kw>
<kw name="Reload Page">
<status status="NOT RUN" starttime="20211031 02:48:25.562" endtime="20211031 02:48:25.562"/>
</kw>
<kw name="Sleep" library="BuiltIn">
<arg>2s</arg>
<doc>Pauses the test executed for the given time.</doc>
<status status="NOT RUN" starttime="20211031 02:48:25.563" endtime="20211031 02:48:25.563"/>
</kw>
<kw name="Click My Training">
<status status="NOT RUN" starttime="20211031 02:48:25.563" endtime="20211031 02:48:25.563"/>
</kw>
<kw name="Sleep" library="BuiltIn">
<arg>2s</arg>
<doc>Pauses the test executed for the given time.</doc>
<status status="NOT RUN" starttime="20211031 02:48:25.563" endtime="20211031 02:48:25.563"/>
</kw>
<kw name="Capture Element Screenshot">
<arg>xpath=//*[@id="myTable"]/tbody/tr[${count_table}]</arg>
<arg>${pic_directory}13_3_Employees-can-edit-the-Training-Title.png</arg>
<status status="NOT RUN" starttime="20211031 02:48:25.565" endtime="20211031 02:48:25.565"/>
</kw>
<status status="FAIL" starttime="20211031 02:48:25.461" endtime="20211031 02:48:25.565">No keyword with name 'Click Element' found.</status>
</test>
<test id="s1-t5" name="TC-TRAIN-014 Employees-can-edit-the-Duration">
<kw name="Click My Training">
<kw name="Click Element">
<arg>xpath=//*[@href="Training_list?Id=${id_login}"]</arg>
<msg timestamp="20211031 02:48:25.568" level="FAIL">No keyword with name 'Click Element' found.</msg>
<status status="FAIL" starttime="20211031 02:48:25.568" endtime="20211031 02:48:25.568"/>
</kw>
<kw name="Title Should Be">
<arg>Training_list</arg>
<status status="NOT RUN" starttime="20211031 02:48:25.570" endtime="20211031 02:48:25.570"/>
</kw>
<status status="FAIL" starttime="20211031 02:48:25.566" endtime="20211031 02:48:25.571"/>
</kw>
<kw name="Click Add New">
<status status="NOT RUN" starttime="20211031 02:48:25.571" endtime="20211031 02:48:25.571"/>
</kw>
<kw name="input Text">
<arg>xpath=//*[@id="lecturer"]</arg>
<arg>${lecturer_data}</arg>
<status status="NOT RUN" starttime="20211031 02:48:25.573" endtime="20211031 02:48:25.573"/>
</kw>
<kw name="get value">
<var>${lecturer}=</var>
<arg>xpath=//*[@id="lecturer"]</arg>
<status status="NOT RUN" starttime="20211031 02:48:25.575" endtime="20211031 02:48:25.575"/>
</kw>
<kw name="Should Be True" library="BuiltIn">
<arg>'${lecturer_data}' == '${lecturer}'</arg>
<doc>Fails if the given condition is not true.</doc>
<status status="NOT RUN" starttime="20211031 02:48:25.575" endtime="20211031 02:48:25.575"/>
</kw>
<kw name="Get Length" library="BuiltIn">
<var>${count_lecturer_text}</var>
<arg>${lecturer_data}</arg>
<doc>Returns and logs the length of the given item as an integer.</doc>
<status status="NOT RUN" starttime="20211031 02:48:25.575" endtime="20211031 02:48:25.575"/>
</kw>
<kw name="Get Text">
<var>${count_lecturer_web}=</var>
<arg>xpath=//*[@id="current_count_1"]</arg>
<status status="NOT RUN" starttime="20211031 02:48:25.577" endtime="20211031 02:48:25.577"/>
</kw>
<kw name="Should Be True" library="BuiltIn">
<arg>'${count_lecturer_text}' == '${count_lecturer_web}'</arg>
<doc>Fails if the given condition is not true.</doc>
<status status="NOT RUN" starttime="20211031 02:48:25.577" endtime="20211031 02:48:25.577"/>
</kw>
<kw name="input Text">
<arg>xpath=//*[@id="t_title"]</arg>
<arg>TC-TRAIN-014</arg>
<status status="NOT RUN" starttime="20211031 02:48:25.579" endtime="20211031 02:48:25.579"/>
</kw>
<kw name="get value">
<var>${training_title}=</var>
<arg>xpath=//*[@id="t_title"]</arg>
<status status="NOT RUN" starttime="20211031 02:48:25.581" endtime="20211031 02:48:25.581"/>
</kw>
<kw name="Should Be True" library="BuiltIn">
<arg>'${training_title}' == 'TC-TRAIN-014'</arg>
<doc>Fails if the given condition is not true.</doc>
<status status="NOT RUN" starttime="20211031 02:48:25.581" endtime="20211031 02:48:25.581"/>
</kw>
<kw name="Get Length" library="BuiltIn">
<var>${count_title_text}</var>
<arg>TC-TRAIN-014</arg>
<doc>Returns and logs the length of the given item as an integer.</doc>
<status status="NOT RUN" starttime="20211031 02:48:25.581" endtime="20211031 02:48:25.581"/>
</kw>
<kw name="Get Text">
<var>${count_title_web}=</var>
<arg>xpath=//*[@id="current_count_2"]</arg>
<status status="NOT RUN" starttime="20211031 02:48:25.583" endtime="20211031 02:48:25.583"/>
</kw>
<kw name="Should Be True" library="BuiltIn">
<arg>'${count_title_text}' == '${count_title_web}'</arg>
<doc>Fails if the given condition is not true.</doc>
<status status="NOT RUN" starttime="20211031 02:48:25.584" endtime="20211031 02:48:25.584"/>
</kw>
<kw name="Click Element">
<arg>xpath=//*[@id="date_from"]</arg>
<status status="NOT RUN" starttime="20211031 02:48:25.586" endtime="20211031 02:48:25.586"/>
</kw>
<kw name="Click Element">
<arg>xpath=/html/body/div[5]/div[1]/table/thead/tr[2]/th[2]</arg>
<status status="NOT RUN" starttime="20211031 02:48:25.588" endtime="20211031 02:48:25.588"/>
</kw>
<kw name="Click Element">
<arg>xpath=/html/body/div[5]/div[2]/table/tbody/tr/td/span[10]</arg>
<status status="NOT RUN" starttime="20211031 02:48:25.590" endtime="20211031 02:48:25.590"/>
</kw>
<kw name="Click Element">
<arg>xpath=/html/body/div[5]/div[1]/table/tbody/tr[3]/td[6]</arg>
<status status="NOT RUN" starttime="20211031 02:48:25.591" endtime="20211031 02:48:25.591"/>
</kw>
<kw name="Click Element">
<arg>xpath=//*[@id="date_to"]</arg>
<status status="NOT RUN" starttime="20211031 02:48:25.593" endtime="20211031 02:48:25.593"/>
</kw>
<kw name="Click Element">
<arg>xpath=/html/body/div[5]/div[1]/table/thead/tr[2]/th[2]</arg>
<status status="NOT RUN" starttime="20211031 02:48:25.595" endtime="20211031 02:48:25.595"/>
</kw>
<kw name="Click Element">
<arg>xpath=/html/body/div[5]/div[2]/table/tbody/tr/td/span[10]</arg>
<status status="NOT RUN" starttime="20211031 02:48:25.597" endtime="20211031 02:48:25.597"/>
</kw>
<kw name="Click Element">
<arg>xpath=/html/body/div[5]/div[1]/table/tbody/tr[3]/td[6]</arg>
<status status="NOT RUN" starttime="20211031 02:48:25.599" endtime="20211031 02:48:25.599"/>
</kw>
<kw name="get value">
<var>${date_from}=</var>
<arg>xpath=//*[@id="date_from"]</arg>
<status status="NOT RUN" starttime="20211031 02:48:25.601" endtime="20211031 02:48:25.601"/>
</kw>
<kw name="get value">
<var>${date_to}=</var>
<arg>xpath=//*[@id="date_to"]</arg>
<status status="NOT RUN" starttime="20211031 02:48:25.602" endtime="20211031 02:48:25.602"/>
</kw>
<kw name="Should Be True" library="BuiltIn">
<arg>'${date_from}' == '15-10-2021' and '${date_to}' == '15-10-2021'</arg>
<doc>Fails if the given condition is not true.</doc>
<status status="NOT RUN" starttime="20211031 02:48:25.602" endtime="20211031 02:48:25.603"/>
</kw>
<kw name="Input Text">
<arg>xpath=//*[@id="t_Hour"]</arg>
<arg>14</arg>
<status status="NOT RUN" starttime="20211031 02:48:25.604" endtime="20211031 02:48:25.604"/>
</kw>
<kw name="get value">
<var>${hour}=</var>
<arg>xpath=//*[@id="t_Hour"]</arg>
<status status="NOT RUN" starttime="20211031 02:48:25.606" endtime="20211031 02:48:25.606"/>
</kw>
<kw name="Input Text">
<arg>xpath=//*[@id="location"]</arg>
<arg>${location_data}</arg>
<status status="NOT RUN" starttime="20211031 02:48:25.608" endtime="20211031 02:48:25.608"/>
</kw>
<kw name="get value">
<var>${location}=</var>
<arg>xpath=//*[@id="location"]</arg>
<status status="NOT RUN" starttime="20211031 02:48:25.610" endtime="20211031 02:48:25.610"/>
</kw>
<kw name="Get Length" library="BuiltIn">
<var>${count_lacation_text}</var>
<arg>${location_data}</arg>
<doc>Returns and logs the length of the given item as an integer.</doc>
<status status="NOT RUN" starttime="20211031 02:48:25.610" endtime="20211031 02:48:25.610"/>
</kw>
<kw name="Get Text">
<var>${count_lacation_web}=</var>
<arg>xpath=//*[@id="current_count_4"]</arg>
<status status="NOT RUN" starttime="20211031 02:48:25.612" endtime="20211031 02:48:25.612"/>
</kw>
<kw name="Should Be True" library="BuiltIn">
<arg>'${count_lacation_text}' == '${count_lacation_web}'</arg>
<doc>Fails if the given condition is not true.</doc>
<status status="NOT RUN" starttime="20211031 02:48:25.612" endtime="20211031 02:48:25.612"/>
</kw>
<kw name="Input Text">
<arg>xpath=//*[@id="description"]</arg>
<arg>${description_data}</arg>
<status status="NOT RUN" starttime="20211031 02:48:25.614" endtime="20211031 02:48:25.614"/>
</kw>
<kw name="get value">
<var>${description}=</var>
<arg>xpath=//*[@id="description"]</arg>
<status status="NOT RUN" starttime="20211031 02:48:25.616" endtime="20211031 02:48:25.616"/>
</kw>
<kw name="Get Length" library="BuiltIn">
<var>${count_description_text}</var>
<arg>${description_data}</arg>
<doc>Returns and logs the length of the given item as an integer.</doc>
<status status="NOT RUN" starttime="20211031 02:48:25.616" endtime="20211031 02:48:25.616"/>
</kw>
<kw name="Get Text">
<var>${count_description_web}=</var>
<arg>xpath=//*[@id="current_count_5"]</arg>
<status status="NOT RUN" starttime="20211031 02:48:25.618" endtime="20211031 02:48:25.618"/>
</kw>
<kw name="Should Be True" library="BuiltIn">
<arg>'${count_description_text}' == '${count_description_web}'</arg>
<doc>Fails if the given condition is not true.</doc>
<status status="NOT RUN" starttime="20211031 02:48:25.618" endtime="20211031 02:48:25.618"/>
</kw>
<kw name="Capture Page Screenshot">
<arg>${pic_directory}14_1_Employees-can-edit-the-Duration.png</arg>
<status status="NOT RUN" starttime="20211031 02:48:25.620" endtime="20211031 02:48:25.620"/>
</kw>
<kw name="Click Submit">
<status status="NOT RUN" starttime="20211031 02:48:25.620" endtime="20211031 02:48:25.620"/>
</kw>
<kw name="Click My Training">
<status status="NOT RUN" starttime="20211031 02:48:25.620" endtime="20211031 02:48:25.620"/>
</kw>
<kw name="Get element count">
<var>${count_table}=</var>
<arg>${table_name}</arg>
<status status="NOT RUN" starttime="20211031 02:48:25.622" endtime="20211031 02:48:25.622"/>
</kw>
<kw name="Set Variable" library="BuiltIn">
<var>${sum_count_table}</var>
<arg>${{${count_table} + 1}}</arg>
<doc>Returns the given values which can then be assigned to a variables.</doc>
<status status="NOT RUN" starttime="20211031 02:48:25.622" endtime="20211031 02:48:25.623"/>
</kw>
<kw name="Get Table Cell">
<var>${check_name_table}=</var>
<arg>${table}</arg>
<arg>1</arg>
<arg>2</arg>
<status status="NOT RUN" starttime="20211031 02:48:25.624" endtime="20211031 02:48:25.624"/>
</kw>
<kw name="Get Table Cell">
<var>${check_name}=</var>
<arg>${table}</arg>
<arg>${sum_count_table}</arg>
<arg>2</arg>
<status status="NOT RUN" starttime="20211031 02:48:25.626" endtime="20211031 02:48:25.626"/>
</kw>
<kw name="Should Be True" library="BuiltIn">
<arg>'${check_name_table}' == 'Name'</arg>
<doc>Fails if the given condition is not true.</doc>
<status status="NOT RUN" starttime="20211031 02:48:25.627" endtime="20211031 02:48:25.627"/>
</kw>
<kw name="Should Be True" library="BuiltIn">
<arg>'${check_name}' == '${id_login}'</arg>
<doc>Fails if the given condition is not true.</doc>
<status status="NOT RUN" starttime="20211031 02:48:25.627" endtime="20211031 02:48:25.627"/>
</kw>
<kw name="Get Table Cell">
<var>${check_title_table}=</var>
<arg>${table}</arg>
<arg>1</arg>
<arg>3</arg>
<status status="NOT RUN" starttime="20211031 02:48:25.629" endtime="20211031 02:48:25.629"/>
</kw>
<kw name="Get Table Cell">
<var>${check_title}=</var>
<arg>${table}</arg>
<arg>${sum_count_table}</arg>
<arg>3</arg>
<status status="NOT RUN" starttime="20211031 02:48:25.630" endtime="20211031 02:48:25.630"/>
</kw>
<kw name="Should Be True" library="BuiltIn">
<arg>'${check_title_table}' == 'Title'</arg>
<doc>Fails if the given condition is not true.</doc>
<status status="NOT RUN" starttime="20211031 02:48:25.631" endtime="20211031 02:48:25.631"/>
</kw>
<kw name="Should Be True" library="BuiltIn">
<arg>'${check_title}' == '${training_title}'</arg>
<doc>Fails if the given condition is not true.</doc>
<status status="NOT RUN" starttime="20211031 02:48:25.631" endtime="20211031 02:48:25.631"/>
</kw>
<kw name="Get Table Cell">
<var>${check_start_table}=</var>
<arg>${table}</arg>
<arg>1</arg>
<arg>4</arg>
<status status="NOT RUN" starttime="20211031 02:48:25.633" endtime="20211031 02:48:25.633"/>
</kw>
<kw name="Get Table Cell">
<var>${check_start}=</var>
<arg>${table}</arg>
<arg>${sum_count_table}</arg>
<arg>4</arg>
<status status="NOT RUN" starttime="20211031 02:48:25.635" endtime="20211031 02:48:25.635"/>
</kw>
<kw name="Should Be True" library="BuiltIn">
<arg>'${check_start_table}' == 'Start Date'</arg>
<doc>Fails if the given condition is not true.</doc>
<status status="NOT RUN" starttime="20211031 02:48:25.635" endtime="20211031 02:48:25.635"/>
</kw>
<kw name="Should Be True" library="BuiltIn">
<arg>'${check_start}' == '${date_from}'</arg>
<doc>Fails if the given condition is not true.</doc>
<status status="NOT RUN" starttime="20211031 02:48:25.635" endtime="20211031 02:48:25.635"/>
</kw>
<kw name="Get Table Cell">
<var>${check_until_table}=</var>
<arg>${table}</arg>
<arg>1</arg>
<arg>5</arg>
<status status="NOT RUN" starttime="20211031 02:48:25.637" endtime="20211031 02:48:25.637"/>
</kw>
<kw name="Get Table Cell">
<var>${check_until}=</var>
<arg>${table}</arg>
<arg>${sum_count_table}</arg>
<arg>5</arg>
<status status="NOT RUN" starttime="20211031 02:48:25.639" endtime="20211031 02:48:25.639"/>
</kw>
<kw name="Should Be True" library="BuiltIn">
<arg>'${check_until_table}' == 'Until Date'</arg>
<doc>Fails if the given condition is not true.</doc>
<status status="NOT RUN" starttime="20211031 02:48:25.639" endtime="20211031 02:48:25.639"/>
</kw>
<kw name="Should Be True" library="BuiltIn">
<arg>'${check_until}' == '${date_to}'</arg>
<doc>Fails if the given condition is not true.</doc>
<status status="NOT RUN" starttime="20211031 02:48:25.640" endtime="20211031 02:48:25.640"/>
</kw>
<kw name="Get Table Cell">
<var>${check_hour_table}=</var>
<arg>${table}</arg>
<arg>1</arg>
<arg>6</arg>
<status status="NOT RUN" starttime="20211031 02:48:25.641" endtime="20211031 02:48:25.642"/>
</kw>
<kw name="Get Table Cell">
<var>${check_hour}=</var>
<arg>${table}</arg>
<arg>${sum_count_table}</arg>
<arg>6</arg>
<status status="NOT RUN" starttime="20211031 02:48:25.643" endtime="20211031 02:48:25.643"/>
</kw>
<kw name="Should Be True" library="BuiltIn">
<arg>'${check_hour_table}' == 'Hour'</arg>
<doc>Fails if the given condition is not true.</doc>
<status status="NOT RUN" starttime="20211031 02:48:25.644" endtime="20211031 02:48:25.644"/>
</kw>
<kw name="Should Be True" library="BuiltIn">
<arg>'${check_hour}' == '${hour}:00'</arg>
<doc>Fails if the given condition is not true.</doc>
<status status="NOT RUN" starttime="20211031 02:48:25.644" endtime="20211031 02:48:25.644"/>
</kw>
<kw name="Get Current Date" library="DateTime">
<var>${current_time}</var>
<arg>result_format=%H:%M</arg>
<doc>Returns current local or UTC time with an optional increment.</doc>
<status status="NOT RUN" starttime="20211031 02:48:25.644" endtime="20211031 02:48:25.644"/>
</kw>
<kw name="Get Current Date" library="DateTime">
<var>${current_date}</var>
<arg>result_format=%d-%m-%Y</arg>
<doc>Returns current local or UTC time with an optional increment.</doc>
<status status="NOT RUN" starttime="20211031 02:48:25.644" endtime="20211031 02:48:25.644"/>
</kw>
<kw name="Get Table Cell">
<var>${check_submit_table}=</var>
<arg>${table}</arg>
<arg>1</arg>
<arg>7</arg>
<status status="NOT RUN" starttime="20211031 02:48:25.646" endtime="20211031 02:48:25.646"/>
</kw>
<kw name="Get Table Cell">
<var>${check_submit}=</var>
<arg>${table}</arg>
<arg>${sum_count_table}</arg>
<arg>7</arg>
<status status="NOT RUN" starttime="20211031 02:48:25.648" endtime="20211031 02:48:25.648"/>
</kw>
<kw name="Should Be True" library="BuiltIn">
<arg>'${check_submit_table}' == 'Submit Date'</arg>
<doc>Fails if the given condition is not true.</doc>
<status status="NOT RUN" starttime="20211031 02:48:25.648" endtime="20211031 02:48:25.649"/>
</kw>
<kw name="Should Be True" library="BuiltIn">
<arg>'${check_submit}' == '${current_date} ${current_time}'</arg>
<doc>Fails if the given condition is not true.</doc>
<status status="NOT RUN" starttime="20211031 02:48:25.649" endtime="20211031 02:48:25.649"/>
</kw>
<kw name="Sleep" library="BuiltIn">
<arg>2s</arg>
<doc>Pauses the test executed for the given time.</doc>
<status status="NOT RUN" starttime="20211031 02:48:25.649" endtime="20211031 02:48:25.649"/>
</kw>
<kw name="Capture Element Screenshot">
<arg>xpath=//*[@id="myTable"]/tbody/tr[${count_table}]</arg>
<arg>${pic_directory}14_2_Employees-can-edit-the-Duration.png</arg>
<status status="NOT RUN" starttime="20211031 02:48:25.651" endtime="20211031 02:48:25.651"/>
</kw>
<kw name="Click My Training">
<status status="NOT RUN" starttime="20211031 02:48:25.651" endtime="20211031 02:48:25.651"/>
</kw>
<kw name="Get Table Cell">
<var>${check_id_table}=</var>
<arg>${table}</arg>
<arg>1</arg>
<arg>1</arg>
<status status="NOT RUN" starttime="20211031 02:48:25.653" endtime="20211031 02:48:25.653"/>
</kw>
<kw name="Get Table Cell">
<var>${check_id}=</var>
<arg>${table}</arg>
<arg>${sum_count_table}</arg>
<arg>1</arg>
<status status="NOT RUN" starttime="20211031 02:48:25.655" endtime="20211031 02:48:25.655"/>
</kw>
<kw name="Should Be True" library="BuiltIn">
<arg>'${check_id_table}' == 'ID'</arg>
<doc>Fails if the given condition is not true.</doc>
<status status="NOT RUN" starttime="20211031 02:48:25.655" endtime="20211031 02:48:25.655"/>
</kw>
<kw name="Click Element">
<arg>xpath=//*[@href="Training_Edit?trainingid=${check_id}"]</arg>
<status status="NOT RUN" starttime="20211031 02:48:25.657" endtime="20211031 02:48:25.657"/>
</kw>
<kw name="Click Element">
<arg>xpath=//*[@id="date_from"]</arg>
<status status="NOT RUN" starttime="20211031 02:48:25.659" endtime="20211031 02:48:25.659"/>
</kw>
<kw name="Click Element">
<arg>xpath=/html/body/div[5]/div[1]/table/thead/tr[2]/th[2]</arg>
<status status="NOT RUN" starttime="20211031 02:48:25.660" endtime="20211031 02:48:25.660"/>
</kw>
<kw name="Click Element">
<arg>xpath=/html/body/div[5]/div[2]/table/tbody/tr/td/span[10]</arg>
<status status="NOT RUN" starttime="20211031 02:48:25.662" endtime="20211031 02:48:25.662"/>
</kw>
<kw name="Click Element">
<arg>xpath=/html/body/div[5]/div[1]/table/tbody/tr[4]/td[2]</arg>
<status status="NOT RUN" starttime="20211031 02:48:25.664" endtime="20211031 02:48:25.664"/>
</kw>
<kw name="Click Element">
<arg>xpath=//*[@id="date_to"]</arg>
<status status="NOT RUN" starttime="20211031 02:48:25.666" endtime="20211031 02:48:25.666"/>
</kw>
<kw name="Click Element">
<arg>xpath=/html/body/div[5]/div[1]/table/thead/tr[2]/th[2]</arg>
<status status="NOT RUN" starttime="20211031 02:48:25.668" endtime="20211031 02:48:25.668"/>
</kw>
<kw name="Click Element">
<arg>xpath=/html/body/div[5]/div[2]/table/tbody/tr/td/span[10]</arg>
<status status="NOT RUN" starttime="20211031 02:48:25.670" endtime="20211031 02:48:25.670"/>
</kw>
<kw name="Click Element">
<arg>xpath=/html/body/div[5]/div[1]/table/tbody/tr[4]/td[2]</arg>
<status status="NOT RUN" starttime="20211031 02:48:25.672" endtime="20211031 02:48:25.672"/>
</kw>
<kw name="get value">
<var>${date_from}=</var>
<arg>xpath=//*[@id="date_from"]</arg>
<status status="NOT RUN" starttime="20211031 02:48:25.674" endtime="20211031 02:48:25.674"/>
</kw>
<kw name="get value">
<var>${date_to}=</var>
<arg>xpath=//*[@id="date_to"]</arg>
<status status="NOT RUN" starttime="20211031 02:48:25.675" endtime="20211031 02:48:25.675"/>
</kw>
<kw name="Should Be True" library="BuiltIn">
<arg>'${date_from}' == '18-10-2021' and '${date_to}' == '18-10-2021'</arg>
<doc>Fails if the given condition is not true.</doc>
<status status="NOT RUN" starttime="20211031 02:48:25.676" endtime="20211031 02:48:25.676"/>
</kw>
<kw name="Click Submit">
<status status="NOT RUN" starttime="20211031 02:48:25.676" endtime="20211031 02:48:25.676"/>
</kw>
<kw name="Reload Page">
<status status="NOT RUN" starttime="20211031 02:48:25.678" endtime="20211031 02:48:25.678"/>
</kw>
<kw name="Sleep" library="BuiltIn">
<arg>2s</arg>
<doc>Pauses the test executed for the given time.</doc>
<status status="NOT RUN" starttime="20211031 02:48:25.679" endtime="20211031 02:48:25.679"/>
</kw>
<kw name="Click My Training">
<status status="NOT RUN" starttime="20211031 02:48:25.679" endtime="20211031 02:48:25.679"/>
</kw>
<kw name="Get Table Cell">
<var>${check_start_table}=</var>
<arg>${table}</arg>
<arg>1</arg>
<arg>4</arg>
<status status="NOT RUN" starttime="20211031 02:48:25.681" endtime="20211031 02:48:25.681"/>
</kw>
<kw name="Get Table Cell">
<var>${check_start}=</var>
<arg>${table}</arg>
<arg>${sum_count_table}</arg>
<arg>4</arg>
<status status="NOT RUN" starttime="20211031 02:48:25.682" endtime="20211031 02:48:25.682"/>
</kw>
<kw name="Should Be True" library="BuiltIn">
<arg>'${check_start_table}' == 'Start Date'</arg>
<doc>Fails if the given condition is not true.</doc>
<status status="NOT RUN" starttime="20211031 02:48:25.683" endtime="20211031 02:48:25.683"/>
</kw>
<kw name="Should Be True" library="BuiltIn">
<arg>'${check_start}' == '${date_from}'</arg>
<doc>Fails if the given condition is not true.</doc>
<status status="NOT RUN" starttime="20211031 02:48:25.683" endtime="20211031 02:48:25.683"/>
</kw>
<kw name="Get Table Cell">
<var>${check_until_table}=</var>
<arg>${table}</arg>
<arg>1</arg>
<arg>5</arg>
<status status="NOT RUN" starttime="20211031 02:48:25.685" endtime="20211031 02:48:25.685"/>
</kw>
<kw name="Get Table Cell">
<var>${check_until}=</var>
<arg>${table}</arg>
<arg>${sum_count_table}</arg>
<arg>5</arg>
<status status="NOT RUN" starttime="20211031 02:48:25.686" endtime="20211031 02:48:25.686"/>
</kw>
<kw name="Should Be True" library="BuiltIn">
<arg>'${check_until_table}' == 'Until Date'</arg>
<doc>Fails if the given condition is not true.</doc>
<status status="NOT RUN" starttime="20211031 02:48:25.687" endtime="20211031 02:48:25.687"/>
</kw>
<kw name="Should Be True" library="BuiltIn">
<arg>'${check_until}' == '${date_to}'</arg>
<doc>Fails if the given condition is not true.</doc>
<status status="NOT RUN" starttime="20211031 02:48:25.687" endtime="20211031 02:48:25.687"/>
</kw>
<kw name="Sleep" library="BuiltIn">
<arg>2s</arg>
<doc>Pauses the test executed for the given time.</doc>
<status status="NOT RUN" starttime="20211031 02:48:25.687" endtime="20211031 02:48:25.687"/>
</kw>
<kw name="Capture Element Screenshot">
<arg>xpath=//*[@id="myTable"]/tbody/tr[${count_table}]</arg>
<arg>${pic_directory}14_3_Employees-can-edit-the-Duration.png</arg>
<status status="NOT RUN" starttime="20211031 02:48:25.689" endtime="20211031 02:48:25.689"/>
</kw>
<status status="FAIL" starttime="20211031 02:48:25.566" endtime="20211031 02:48:25.689">No keyword with name 'Click Element' found.</status>
</test>
<test id="s1-t6" name="TC-TRAIN-015 Employees-can-edit-the-Hour-Training">
<kw name="Click My Training">
<kw name="Click Element">
<arg>xpath=//*[@href="Training_list?Id=${id_login}"]</arg>
<msg timestamp="20211031 02:48:25.692" level="FAIL">No keyword with name 'Click Element' found.</msg>
<status status="FAIL" starttime="20211031 02:48:25.692" endtime="20211031 02:48:25.692"/>
</kw>
<kw name="Title Should Be">
<arg>Training_list</arg>
<status status="NOT RUN" starttime="20211031 02:48:25.695" endtime="20211031 02:48:25.695"/>
</kw>
<status status="FAIL" starttime="20211031 02:48:25.691" endtime="20211031 02:48:25.695"/>
</kw>
<kw name="Click Add New">
<status status="NOT RUN" starttime="20211031 02:48:25.695" endtime="20211031 02:48:25.696"/>
</kw>
<kw name="input Text">
<arg>xpath=//*[@id="lecturer"]</arg>
<arg>${lecturer_data}</arg>
<status status="NOT RUN" starttime="20211031 02:48:25.697" endtime="20211031 02:48:25.697"/>
</kw>
<kw name="get value">
<var>${lecturer}=</var>
<arg>xpath=//*[@id="lecturer"]</arg>
<status status="NOT RUN" starttime="20211031 02:48:25.699" endtime="20211031 02:48:25.700"/>
</kw>
<kw name="Should Be True" library="BuiltIn">
<arg>'${lecturer_data}' == '${lecturer}'</arg>
<doc>Fails if the given condition is not true.</doc>
<status status="NOT RUN" starttime="20211031 02:48:25.700" endtime="20211031 02:48:25.700"/>
</kw>
<kw name="Get Length" library="BuiltIn">
<var>${count_lecturer_text}</var>
<arg>${lecturer_data}</arg>
<doc>Returns and logs the length of the given item as an integer.</doc>
<status status="NOT RUN" starttime="20211031 02:48:25.700" endtime="20211031 02:48:25.700"/>
</kw>
<kw name="Get Text">
<var>${count_lecturer_web}=</var>
<arg>xpath=//*[@id="current_count_1"]</arg>
<status status="NOT RUN" starttime="20211031 02:48:25.702" endtime="20211031 02:48:25.702"/>
</kw>
<kw name="Should Be True" library="BuiltIn">
<arg>'${count_lecturer_text}' == '${count_lecturer_web}'</arg>
<doc>Fails if the given condition is not true.</doc>
<status status="NOT RUN" starttime="20211031 02:48:25.702" endtime="20211031 02:48:25.702"/>
</kw>
<kw name="input Text">
<arg>xpath=//*[@id="t_title"]</arg>
<arg>TC-TRAIN-015</arg>
<status status="NOT RUN" starttime="20211031 02:48:25.704" endtime="20211031 02:48:25.704"/>
</kw>
<kw name="get value">
<var>${training_title}=</var>
<arg>xpath=//*[@id="t_title"]</arg>
<status status="NOT RUN" starttime="20211031 02:48:25.706" endtime="20211031 02:48:25.706"/>
</kw>
<kw name="Should Be True" library="BuiltIn">
<arg>'${training_title}' == 'TC-TRAIN-015'</arg>
<doc>Fails if the given condition is not true.</doc>
<status status="NOT RUN" starttime="20211031 02:48:25.706" endtime="20211031 02:48:25.707"/>
</kw>
<kw name="Get Length" library="BuiltIn">
<var>${count_title_text}</var>
<arg>TC-TRAIN-015</arg>
<doc>Returns and logs the length of the given item as an integer.</doc>
<status status="NOT RUN" starttime="20211031 02:48:25.707" endtime="20211031 02:48:25.707"/>
</kw>
<kw name="Get Text">
<var>${count_title_web}=</var>
<arg>xpath=//*[@id="current_count_2"]</arg>
<status status="NOT RUN" starttime="20211031 02:48:25.708" endtime="20211031 02:48:25.709"/>
</kw>
<kw name="Should Be True" library="BuiltIn">
<arg>'${count_title_text}' == '${count_title_web}'</arg>
<doc>Fails if the given condition is not true.</doc>
<status status="NOT RUN" starttime="20211031 02:48:25.709" endtime="20211031 02:48:25.709"/>
</kw>
<kw name="Click Element">
<arg>xpath=//*[@id="date_from"]</arg>
<status status="NOT RUN" starttime="20211031 02:48:25.711" endtime="20211031 02:48:25.711"/>
</kw>
<kw name="Click Element">
<arg>xpath=/html/body/div[5]/div[1]/table/thead/tr[2]/th[2]</arg>
<status status="NOT RUN" starttime="20211031 02:48:25.713" endtime="20211031 02:48:25.713"/>
</kw>
<kw name="Click Element">
<arg>xpath=/html/body/div[5]/div[2]/table/tbody/tr/td/span[10]</arg>
<status status="NOT RUN" starttime="20211031 02:48:25.715" endtime="20211031 02:48:25.715"/>
</kw>
<kw name="Click Element">
<arg>xpath=/html/body/div[5]/div[1]/table/tbody/tr[3]/td[6]</arg>
<status status="NOT RUN" starttime="20211031 02:48:25.717" endtime="20211031 02:48:25.717"/>
</kw>
<kw name="Click Element">
<arg>xpath=//*[@id="date_to"]</arg>
<status status="NOT RUN" starttime="20211031 02:48:25.718" endtime="20211031 02:48:25.719"/>
</kw>
<kw name="Click Element">
<arg>xpath=/html/body/div[5]/div[1]/table/thead/tr[2]/th[2]</arg>
<status status="NOT RUN" starttime="20211031 02:48:25.720" endtime="20211031 02:48:25.720"/>
</kw>
<kw name="Click Element">
<arg>xpath=/html/body/div[5]/div[2]/table/tbody/tr/td/span[10]</arg>
<status status="NOT RUN" starttime="20211031 02:48:25.722" endtime="20211031 02:48:25.722"/>
</kw>
<kw name="Click Element">
<arg>xpath=/html/body/div[5]/div[1]/table/tbody/tr[3]/td[6]</arg>
<status status="NOT RUN" starttime="20211031 02:48:25.724" endtime="20211031 02:48:25.724"/>
</kw>
<kw name="get value">
<var>${date_from}=</var>
<arg>xpath=//*[@id="date_from"]</arg>
<status status="NOT RUN" starttime="20211031 02:48:25.726" endtime="20211031 02:48:25.726"/>
</kw>
<kw name="get value">
<var>${date_to}=</var>
<arg>xpath=//*[@id="date_to"]</arg>
<status status="NOT RUN" starttime="20211031 02:48:25.728" endtime="20211031 02:48:25.728"/>
</kw>
<kw name="Should Be True" library="BuiltIn">
<arg>'${date_from}' == '15-10-2021' and '${date_to}' == '15-10-2021'</arg>
<doc>Fails if the given condition is not true.</doc>
<status status="NOT RUN" starttime="20211031 02:48:25.728" endtime="20211031 02:48:25.728"/>
</kw>
<kw name="Input Text">
<arg>xpath=//*[@id="t_Hour"]</arg>
<arg>14</arg>
<status status="NOT RUN" starttime="20211031 02:48:25.731" endtime="20211031 02:48:25.731"/>
</kw>
<kw name="get value">
<var>${hour}=</var>
<arg>xpath=//*[@id="t_Hour"]</arg>
<status status="NOT RUN" starttime="20211031 02:48:25.733" endtime="20211031 02:48:25.733"/>
</kw>
<kw name="Input Text">
<arg>xpath=//*[@id="location"]</arg>
<arg>${location_data}</arg>
<status status="NOT RUN" starttime="20211031 02:48:25.735" endtime="20211031 02:48:25.735"/>
</kw>
<kw name="get value">
<var>${location}=</var>
<arg>xpath=//*[@id="location"]</arg>
<status status="NOT RUN" starttime="20211031 02:48:25.737" endtime="20211031 02:48:25.737"/>
</kw>
<kw name="Get Length" library="BuiltIn">
<var>${count_lacation_text}</var>
<arg>${location_data}</arg>
<doc>Returns and logs the length of the given item as an integer.</doc>
<status status="NOT RUN" starttime="20211031 02:48:25.737" endtime="20211031 02:48:25.737"/>
</kw>
<kw name="Get Text">
<var>${count_lacation_web}=</var>
<arg>xpath=//*[@id="current_count_4"]</arg>
<status status="NOT RUN" starttime="20211031 02:48:25.739" endtime="20211031 02:48:25.739"/>
</kw>
<kw name="Should Be True" library="BuiltIn">
<arg>'${count_lacation_text}' == '${count_lacation_web}'</arg>
<doc>Fails if the given condition is not true.</doc>
<status status="NOT RUN" starttime="20211031 02:48:25.739" endtime="20211031 02:48:25.739"/>
</kw>
<kw name="Input Text">
<arg>xpath=//*[@id="description"]</arg>
<arg>${description_data}</arg>
<status status="NOT RUN" starttime="20211031 02:48:25.741" endtime="20211031 02:48:25.741"/>
</kw>
<kw name="get value">
<var>${description}=</var>
<arg>xpath=//*[@id="description"]</arg>
<status status="NOT RUN" starttime="20211031 02:48:25.743" endtime="20211031 02:48:25.743"/>
</kw>
<kw name="Get Length" library="BuiltIn">
<var>${count_description_text}</var>
<arg>${description_data}</arg>
<doc>Returns and logs the length of the given item as an integer.</doc>
<status status="NOT RUN" starttime="20211031 02:48:25.743" endtime="20211031 02:48:25.743"/>
</kw>
<kw name="Get Text">
<var>${count_description_web}=</var>
<arg>xpath=//*[@id="current_count_5"]</arg>
<status status="NOT RUN" starttime="20211031 02:48:25.745" endtime="20211031 02:48:25.745"/>
</kw>
<kw name="Should Be True" library="BuiltIn">
<arg>'${count_description_text}' == '${count_description_web}'</arg>
<doc>Fails if the given condition is not true.</doc>
<status status="NOT RUN" starttime="20211031 02:48:25.745" endtime="20211031 02:48:25.745"/>
</kw>
<kw name="Capture Page Screenshot">
<arg>${pic_directory}15_1_Employees-can-edit-the-Hour-Training.png</arg>
<status status="NOT RUN" starttime="20211031 02:48:25.747" endtime="20211031 02:48:25.747"/>
</kw>
<kw name="Click Submit">
<status status="NOT RUN" starttime="20211031 02:48:25.747" endtime="20211031 02:48:25.747"/>
</kw>
<kw name="Click My Training">
<status status="NOT RUN" starttime="20211031 02:48:25.748" endtime="20211031 02:48:25.748"/>
</kw>
<kw name="Get element count">
<var>${count_table}=</var>
<arg>${table_name}</arg>
<status status="NOT RUN" starttime="20211031 02:48:25.749" endtime="20211031 02:48:25.749"/>
</kw>
<kw name="Set Variable" library="BuiltIn">
<var>${sum_count_table}</var>
<arg>${{${count_table} + 1}}</arg>
<doc>Returns the given values which can then be assigned to a variables.</doc>
<status status="NOT RUN" starttime="20211031 02:48:25.750" endtime="20211031 02:48:25.750"/>
</kw>
<kw name="Get Table Cell">
<var>${check_name_table}=</var>
<arg>${table}</arg>
<arg>1</arg>
<arg>2</arg>
<status status="NOT RUN" starttime="20211031 02:48:25.752" endtime="20211031 02:48:25.752"/>
</kw>
<kw name="Get Table Cell">
<var>${check_name}=</var>
<arg>${table}</arg>
<arg>${sum_count_table}</arg>
<arg>2</arg>
<status status="NOT RUN" starttime="20211031 02:48:25.754" endtime="20211031 02:48:25.754"/>
</kw>
<kw name="Should Be True" library="BuiltIn">
<arg>'${check_name_table}' == 'Name'</arg>
<doc>Fails if the given condition is not true.</doc>
<status status="NOT RUN" starttime="20211031 02:48:25.754" endtime="20211031 02:48:25.754"/>
</kw>
<kw name="Should Be True" library="BuiltIn">
<arg>'${check_name}' == '${id_login}'</arg>
<doc>Fails if the given condition is not true.</doc>
<status status="NOT RUN" starttime="20211031 02:48:25.754" endtime="20211031 02:48:25.754"/>
</kw>
<kw name="Get Table Cell">
<var>${check_title_table}=</var>
<arg>${table}</arg>
<arg>1</arg>
<arg>3</arg>
<status status="NOT RUN" starttime="20211031 02:48:25.756" endtime="20211031 02:48:25.756"/>
</kw>
<kw name="Get Table Cell">
<var>${check_title}=</var>
<arg>${table}</arg>
<arg>${sum_count_table}</arg>
<arg>3</arg>
<status status="NOT RUN" starttime="20211031 02:48:25.758" endtime="20211031 02:48:25.758"/>
</kw>
<kw name="Should Be True" library="BuiltIn">
<arg>'${check_title_table}' == 'Title'</arg>
<doc>Fails if the given condition is not true.</doc>
<status status="NOT RUN" starttime="20211031 02:48:25.758" endtime="20211031 02:48:25.758"/>
</kw>
<kw name="Should Be True" library="BuiltIn">
<arg>'${check_title}' == '${training_title}'</arg>
<doc>Fails if the given condition is not true.</doc>
<status status="NOT RUN" starttime="20211031 02:48:25.758" endtime="20211031 02:48:25.758"/>
</kw>
<kw name="Get Table Cell">
<var>${check_start_table}=</var>
<arg>${table}</arg>
<arg>1</arg>
<arg>4</arg>
<status status="NOT RUN" starttime="20211031 02:48:25.760" endtime="20211031 02:48:25.760"/>
</kw>
<kw name="Get Table Cell">
<var>${check_start}=</var>
<arg>${table}</arg>
<arg>${sum_count_table}</arg>
<arg>4</arg>
<status status="NOT RUN" starttime="20211031 02:48:25.762" endtime="20211031 02:48:25.762"/>
</kw>
<kw name="Should Be True" library="BuiltIn">
<arg>'${check_start_table}' == 'Start Date'</arg>
<doc>Fails if the given condition is not true.</doc>
<status status="NOT RUN" starttime="20211031 02:48:25.763" endtime="20211031 02:48:25.763"/>
</kw>
<kw name="Should Be True" library="BuiltIn">
<arg>'${check_start}' == '${date_from}'</arg>
<doc>Fails if the given condition is not true.</doc>
<status status="NOT RUN" starttime="20211031 02:48:25.763" endtime="20211031 02:48:25.763"/>
</kw>
<kw name="Get Table Cell">
<var>${check_until_table}=</var>
<arg>${table}</arg>
<arg>1</arg>
<arg>5</arg>
<status status="NOT RUN" starttime="20211031 02:48:25.764" endtime="20211031 02:48:25.765"/>
</kw>
<kw name="Get Table Cell">
<var>${check_until}=</var>
<arg>${table}</arg>
<arg>${sum_count_table}</arg>
<arg>5</arg>
<status status="NOT RUN" starttime="20211031 02:48:25.766" endtime="20211031 02:48:25.766"/>
</kw>
<kw name="Should Be True" library="BuiltIn">
<arg>'${check_until_table}' == 'Until Date'</arg>
<doc>Fails if the given condition is not true.</doc>
<status status="NOT RUN" starttime="20211031 02:48:25.766" endtime="20211031 02:48:25.766"/>
</kw>
<kw name="Should Be True" library="BuiltIn">
<arg>'${check_until}' == '${date_to}'</arg>
<doc>Fails if the given condition is not true.</doc>
<status status="NOT RUN" starttime="20211031 02:48:25.767" endtime="20211031 02:48:25.767"/>
</kw>
<kw name="Get Table Cell">
<var>${check_hour_table}=</var>
<arg>${table}</arg>
<arg>1</arg>
<arg>6</arg>
<status status="NOT RUN" starttime="20211031 02:48:25.769" endtime="20211031 02:48:25.769"/>
</kw>
<kw name="Get Table Cell">
<var>${check_hour}=</var>
<arg>${table}</arg>
<arg>${sum_count_table}</arg>
<arg>6</arg>
<status status="NOT RUN" starttime="20211031 02:48:25.771" endtime="20211031 02:48:25.771"/>
</kw>
<kw name="Should Be True" library="BuiltIn">
<arg>'${check_hour_table}' == 'Hour'</arg>
<doc>Fails if the given condition is not true.</doc>
<status status="NOT RUN" starttime="20211031 02:48:25.771" endtime="20211031 02:48:25.771"/>
</kw>
<kw name="Should Be True" library="BuiltIn">
<arg>'${check_hour}' == '${hour}:00'</arg>
<doc>Fails if the given condition is not true.</doc>
<status status="NOT RUN" starttime="20211031 02:48:25.771" endtime="20211031 02:48:25.771"/>
</kw>
<kw name="Get Current Date" library="DateTime">
<var>${current_time}</var>
<arg>result_format=%H:%M</arg>
<doc>Returns current local or UTC time with an optional increment.</doc>
<status status="NOT RUN" starttime="20211031 02:48:25.771" endtime="20211031 02:48:25.772"/>
</kw>
<kw name="Get Current Date" library="DateTime">
<var>${current_date}</var>
<arg>result_format=%d-%m-%Y</arg>
<doc>Returns current local or UTC time with an optional increment.</doc>
<status status="NOT RUN" starttime="20211031 02:48:25.772" endtime="20211031 02:48:25.772"/>
</kw>
<kw name="Get Table Cell">
<var>${check_submit_table}=</var>
<arg>${table}</arg>
<arg>1</arg>
<arg>7</arg>
<status status="NOT RUN" starttime="20211031 02:48:25.773" endtime="20211031 02:48:25.773"/>
</kw>
<kw name="Get Table Cell">
<var>${check_submit}=</var>
<arg>${table}</arg>
<arg>${sum_count_table}</arg>
<arg>7</arg>
<status status="NOT RUN" starttime="20211031 02:48:25.775" endtime="20211031 02:48:25.775"/>
</kw>
<kw name="Should Be True" library="BuiltIn">
<arg>'${check_submit_table}' == 'Submit Date'</arg>
<doc>Fails if the given condition is not true.</doc>
<status status="NOT RUN" starttime="20211031 02:48:25.775" endtime="20211031 02:48:25.775"/>
</kw>
<kw name="Should Be True" library="BuiltIn">
<arg>'${check_submit}' == '${current_date} ${current_time}'</arg>
<doc>Fails if the given condition is not true.</doc>
<status status="NOT RUN" starttime="20211031 02:48:25.776" endtime="20211031 02:48:25.776"/>
</kw>
<kw name="Sleep" library="BuiltIn">
<arg>2s</arg>
<doc>Pauses the test executed for the given time.</doc>
<status status="NOT RUN" starttime="20211031 02:48:25.776" endtime="20211031 02:48:25.776"/>
</kw>
<kw name="Capture Element Screenshot">
<arg>xpath=//*[@id="myTable"]/tbody/tr[${count_table}]</arg>
<arg>${pic_directory}15_2_Employees-can-edit-the-Hour-Training.png</arg>
<status status="NOT RUN" starttime="20211031 02:48:25.778" endtime="20211031 02:48:25.778"/>
</kw>
<kw name="Click My Training">
<status status="NOT RUN" starttime="20211031 02:48:25.778" endtime="20211031 02:48:25.778"/>
</kw>
<kw name="Get Table Cell">
<var>${check_id_table}=</var>
<arg>${table}</arg>
<arg>1</arg>
<arg>1</arg>
<status status="NOT RUN" starttime="20211031 02:48:25.780" endtime="20211031 02:48:25.780"/>
</kw>
<kw name="Get Table Cell">
<var>${check_id}=</var>
<arg>${table}</arg>
<arg>${sum_count_table}</arg>
<arg>1</arg>
<status status="NOT RUN" starttime="20211031 02:48:25.782" endtime="20211031 02:48:25.782"/>
</kw>
<kw name="Should Be True" library="BuiltIn">
<arg>'${check_id_table}' == 'ID'</arg>
<doc>Fails if the given condition is not true.</doc>
<status status="NOT RUN" starttime="20211031 02:48:25.782" endtime="20211031 02:48:25.782"/>
</kw>
[...]
</kw>
<kw name="Title Should Be">
<arg>Training_list</arg>
<status status="NOT RUN" starttime="20211031 02:48:26.529" endtime="20211031 02:48:26.529"/>
</kw>
<status status="FAIL" starttime="20211031 02:48:26.524" endtime="20211031 02:48:26.530"/>
</kw>
<kw name="Click Element">
<arg>xpath=//*[@id="startdate"]</arg>
<status status="NOT RUN" starttime="20211031 02:48:26.532" endtime="20211031 02:48:26.532"/>
</kw>
<kw name="Click Element">
<arg>xpath=/html/body/div[3]/div[2]/div/div[2]/div[2]/form/div/div/div[3]/div/div[1]/div/div/div[1]/table/thead/tr[2]/th[2]</arg>
<status status="NOT RUN" starttime="20211031 02:48:26.534" endtime="20211031 02:48:26.534"/>
</kw>
<kw name="Click Element">
<arg>xpath=/html/body/div[3]/div[2]/div/div[2]/div[2]/form/div/div/div[3]/div/div[1]/div/div/div[2]/table/tbody/tr/td/span[10]</arg>
<status status="NOT RUN" starttime="20211031 02:48:26.536" endtime="20211031 02:48:26.536"/>
</kw>
<kw name="Click Element">
<arg>xpath=/html/body/div[3]/div[2]/div/div[2]/div[2]/form/div/div/div[3]/div/div[1]/div/div/div[1]/table/tbody/tr[1]/td[6]</arg>
<status status="NOT RUN" starttime="20211031 02:48:26.539" endtime="20211031 02:48:26.539"/>
</kw>
<kw name="Click Element">
<arg>xpath=//*[@id="enddate"]</arg>
<status status="NOT RUN" starttime="20211031 02:48:26.541" endtime="20211031 02:48:26.541"/>
</kw>
<kw name="Click Element">
<arg>xpath=/html/body/div[3]/div[2]/div/div[2]/div[2]/form/div/div/div[3]/div/div[1]/div/div/div[1]/table/thead/tr[2]/th[2]</arg>
<status status="NOT RUN" starttime="20211031 02:48:26.543" endtime="20211031 02:48:26.543"/>
</kw>
<kw name="Click Element">
<arg>xpath=/html/body/div[3]/div[2]/div/div[2]/div[2]/form/div/div/div[3]/div/div[1]/div/div/div[2]/table/tbody/tr/td/span[10]</arg>
<status status="NOT RUN" starttime="20211031 02:48:26.545" endtime="20211031 02:48:26.546"/>
</kw>
<kw name="Click Element">
<arg>xpath=/html/body/div[3]/div[2]/div/div[2]/div[2]/form/div/div/div[3]/div/div[1]/div/div/div[1]/table/tbody/tr[6]/td[1]</arg>
<status status="NOT RUN" starttime="20211031 02:48:26.548" endtime="20211031 02:48:26.548"/>
</kw>
<kw name="get value">
<var>${startdate}=</var>
<arg>xpath=//*[@id="startdate"]</arg>
<status status="NOT RUN" starttime="20211031 02:48:26.551" endtime="20211031 02:48:26.551"/>
</kw>
<kw name="get value">
<var>${enddate}=</var>
<arg>xpath=//*[@id="enddate"]</arg>
<status status="NOT RUN" starttime="20211031 02:48:26.553" endtime="20211031 02:48:26.553"/>
</kw>
<kw name="Should Be True" library="BuiltIn">
<arg>'${startdate}' == '01-10-2021' and '${enddate}' == '31-10-2021'</arg>
<doc>Fails if the given condition is not true.</doc>
<status status="NOT RUN" starttime="20211031 02:48:26.553" endtime="20211031 02:48:26.553"/>
</kw>
<kw name="Click Element">
<arg>xpath=//*[@id="search"]</arg>
<status status="NOT RUN" starttime="20211031 02:48:26.555" endtime="20211031 02:48:26.555"/>
</kw>
<kw name="Get element count">
<var>${count_table}=</var>
<arg>${table_name}</arg>
<status status="NOT RUN" starttime="20211031 02:48:26.558" endtime="20211031 02:48:26.558"/>
</kw>
<kw name="Set Variable" library="BuiltIn">
<var>${sum_count_table}</var>
<arg>${{${count_table} + 1}}</arg>
<doc>Returns the given values which can then be assigned to a variables.</doc>
<status status="NOT RUN" starttime="20211031 02:48:26.559" endtime="20211031 02:48:26.559"/>
</kw>
<kw name="Get Table Cell">
<var>${check_top_date}=</var>
<arg>${table}</arg>
<arg>2</arg>
<arg>4</arg>
<status status="NOT RUN" starttime="20211031 02:48:26.562" endtime="20211031 02:48:26.562"/>
</kw>
<kw name="Get Table Cell">
<var>${check_bottom_date}=</var>
<arg>${table}</arg>
<arg>${sum_count_table}</arg>
<arg>4</arg>
<status status="NOT RUN" starttime="20211031 02:48:26.564" endtime="20211031 02:48:26.565"/>
</kw>
<kw name="Get Substring" library="String">
<var>${top_date}</var>
<arg>${check_top_date}</arg>
<arg>3</arg>
<doc>Returns a substring from ``start`` index to ``end`` index.</doc>
<status status="NOT RUN" starttime="20211031 02:48:26.565" endtime="20211031 02:48:26.565"/>
</kw>
<kw name="Should Be Equal" library="BuiltIn">
<arg>${top_date}</arg>
<arg>10-2021</arg>
<doc>Fails if the given objects are unequal.</doc>
<status status="NOT RUN" starttime="20211031 02:48:26.565" endtime="20211031 02:48:26.565"/>
</kw>
<kw name="Get Substring" library="String">
<var>${bottom_date}</var>
<arg>${check_bottom_date}</arg>
<arg>3</arg>
<doc>Returns a substring from ``start`` index to ``end`` index.</doc>
<status status="NOT RUN" starttime="20211031 02:48:26.565" endtime="20211031 02:48:26.566"/>
</kw>
<kw name="Should Be Equal" library="BuiltIn">
<arg>${bottom_date}</arg>
<arg>10-2021</arg>
<doc>Fails if the given objects are unequal.</doc>
<status status="NOT RUN" starttime="20211031 02:48:26.566" endtime="20211031 02:48:26.566"/>
</kw>
<kw name="Sleep" library="BuiltIn">
<arg>2s</arg>
<doc>Pauses the test executed for the given time.</doc>
<status status="NOT RUN" starttime="20211031 02:48:26.566" endtime="20211031 02:48:26.566"/>
</kw>
<kw name="Capture Page Screenshot">
<arg>${pic_directory}22_Employees-can-search-for-training-records-using-Date.png</arg>
<status status="NOT RUN" starttime="20211031 02:48:26.568" endtime="20211031 02:48:26.568"/>
</kw>
<status status="FAIL" starttime="20211031 02:48:26.523" endtime="20211031 02:48:26.569">No keyword with name 'Click Element' found.</status>
</test>
<test id="s1-t14" name="TC-TRAIN-023 Employees-can-search-for-training-records-using-Search">
<kw name="Click My Training">
<kw name="Click Element">
<arg>xpath=//*[@href="Training_list?Id=${id_login}"]</arg>
<msg timestamp="20211031 02:48:26.573" level="FAIL">No keyword with name 'Click Element' found.</msg>
<status status="FAIL" starttime="20211031 02:48:26.573" endtime="20211031 02:48:26.573"/>
</kw>
<kw name="Title Should Be">
<arg>Training_list</arg>
<status status="NOT RUN" starttime="20211031 02:48:26.575" endtime="20211031 02:48:26.575"/>
</kw>
<status status="FAIL" starttime="20211031 02:48:26.571" endtime="20211031 02:48:26.576"/>
</kw>
<kw name="Input Text">
<arg>xpath=/html/body/div[3]/div[2]/div/div[2]/div[3]/div/div[1]/div[2]/div/label/input</arg>
<arg>TC-TRAIN-017</arg>
<status status="NOT RUN" starttime="20211031 02:48:26.578" endtime="20211031 02:48:26.578"/>
</kw>
<kw name="Get element count">
<var>${count_table}=</var>
<arg>${table_name}</arg>
<status status="NOT RUN" starttime="20211031 02:48:26.580" endtime="20211031 02:48:26.580"/>
</kw>
<kw name="Set Variable" library="BuiltIn">
<var>${sum_count_table}</var>
<arg>${{${count_table} + 1}}</arg>
<doc>Returns the given values which can then be assigned to a variables.</doc>
<status status="NOT RUN" starttime="20211031 02:48:26.581" endtime="20211031 02:48:26.581"/>
</kw>
<kw name="Get Table Cell">
<var>${check_title_table}=</var>
<arg>${table}</arg>
<arg>1</arg>
<arg>3</arg>
<status status="NOT RUN" starttime="20211031 02:48:26.583" endtime="20211031 02:48:26.583"/>
</kw>
<kw name="Get Table Cell">
<var>${check_title}=</var>
<arg>${table}</arg>
<arg>2</arg>
<arg>3</arg>
<status status="NOT RUN" starttime="20211031 02:48:26.585" endtime="20211031 02:48:26.585"/>
</kw>
<kw name="Should Be True" library="BuiltIn">
<arg>'${check_title_table}' == 'Title'</arg>
<doc>Fails if the given condition is not true.</doc>
<status status="NOT RUN" starttime="20211031 02:48:26.585" endtime="20211031 02:48:26.585"/>
</kw>
<kw name="Should Be True" library="BuiltIn">
<arg>'${check_title}' == 'TC-TRAIN-017'</arg>
<doc>Fails if the given condition is not true.</doc>
<status status="NOT RUN" starttime="20211031 02:48:26.585" endtime="20211031 02:48:26.586"/>
</kw>
<kw name="Sleep" library="BuiltIn">
<arg>2s</arg>
<doc>Pauses the test executed for the given time.</doc>
<status status="NOT RUN" starttime="20211031 02:48:26.586" endtime="20211031 02:48:26.586"/>
</kw>
<kw name="Capture Page Screenshot">
<arg>${pic_directory}23_Employees-can-search-for-training-records-using-Search.png</arg>
<status status="NOT RUN" starttime="20211031 02:48:26.588" endtime="20211031 02:48:26.588"/>
</kw>
<status status="FAIL" starttime="20211031 02:48:26.570" endtime="20211031 02:48:26.589">No keyword with name 'Click Element' found.</status>
</test>
<test id="s1-t15" name="TC-TRAIN-024 Admin-can-view-all-training-records">
<kw name="Click Element">
<arg>xpath=//*[@href="Training_list?Id=${id_login}"]</arg>
<msg timestamp="20211031 02:48:26.591" level="FAIL">No keyword with name 'Click Element' found.</msg>
<status status="FAIL" starttime="20211031 02:48:26.591" endtime="20211031 02:48:26.591"/>
</kw>
<kw name="Sleep" library="BuiltIn">
<arg>2s</arg>
<doc>Pauses the test executed for the given time.</doc>
<status status="NOT RUN" starttime="20211031 02:48:26.592" endtime="20211031 02:48:26.592"/>
</kw>
<kw name="Get element count">
<var>${count_table_it}=</var>
<arg>${table_name}</arg>
<status status="NOT RUN" starttime="20211031 02:48:26.594" endtime="20211031 02:48:26.594"/>
</kw>
<kw name="Sleep" library="BuiltIn">
<arg>2s</arg>
<doc>Pauses the test executed for the given time.</doc>
<status status="NOT RUN" starttime="20211031 02:48:26.594" endtime="20211031 02:48:26.594"/>
</kw>
<kw name="Capture Page Screenshot">
<arg>${pic_directory}24_1_Admin-can-view-all-training-records.png</arg>
<status status="NOT RUN" starttime="20211031 02:48:26.596" endtime="20211031 02:48:26.596"/>
</kw>
<kw name="Click Logout">
<status status="NOT RUN" starttime="20211031 02:48:26.596" endtime="20211031 02:48:26.597"/>
</kw>
<kw name="Wait Until Page Contains">
<arg>Login to your account</arg>
<status status="NOT RUN" starttime="20211031 02:48:26.598" endtime="20211031 02:48:26.598"/>
</kw>
<kw name="Input Text">
<arg>username</arg>
<arg>${admin_login}</arg>
<status status="NOT RUN" starttime="20211031 02:48:26.600" endtime="20211031 02:48:26.600"/>
</kw>
<kw name="Input Password">
<arg>password</arg>
<arg>1234</arg>
<status status="NOT RUN" starttime="20211031 02:48:26.602" endtime="20211031 02:48:26.602"/>
</kw>
<kw name="Click button">
<arg>id=submit myBtn</arg>
<status status="NOT RUN" starttime="20211031 02:48:26.604" endtime="20211031 02:48:26.604"/>
</kw>
<kw name="Title Should Be">
<arg>check in</arg>
<status status="NOT RUN" starttime="20211031 02:48:26.606" endtime="20211031 02:48:26.606"/>
</kw>
<kw name="Wait Until Page Contains">
<arg>Welcome</arg>
<status status="NOT RUN" starttime="20211031 02:48:26.608" endtime="20211031 02:48:26.608"/>
</kw>
<kw name="Sleep" library="BuiltIn">
<arg>3s</arg>
<doc>Pauses the test executed for the given time.</doc>
<status status="NOT RUN" starttime="20211031 02:48:26.608" endtime="20211031 02:48:26.608"/>
</kw>
<kw name="Admin Click My Training">
<status status="NOT RUN" starttime="20211031 02:48:26.609" endtime="20211031 02:48:26.609"/>
</kw>
<kw name="Sleep" library="BuiltIn">
<arg>2s</arg>
<doc>Pauses the test executed for the given time.</doc>
<status status="NOT RUN" starttime="20211031 02:48:26.609" endtime="20211031 02:48:26.609"/>
</kw>
<kw name="Get element count">
<var>${count_table_admin}=</var>
<arg>${table_name}</arg>
<status status="NOT RUN" starttime="20211031 02:48:26.611" endtime="20211031 02:48:26.611"/>
</kw>
<kw name="Get Text">
<var>${check_text}=</var>
<arg>xpath=//*[@id="myTable"]/tbody/tr/td</arg>
<status status="NOT RUN" starttime="20211031 02:48:26.613" endtime="20211031 02:48:26.613"/>
</kw>
<if>
<branch type="IF" condition="'${check_text}' == 'No data available in table'">
<kw name="Set Variable" library="BuiltIn">
<var>${count_table_admin}</var>
<arg>0</arg>
<doc>Returns the given values which can then be assigned to a variables.</doc>
<status status="NOT RUN" starttime="20211031 02:48:26.613" endtime="20211031 02:48:26.613"/>
</kw>
<status status="NOT RUN" starttime="20211031 02:48:26.613" endtime="20211031 02:48:26.614"/>
</branch>
<status status="NOT RUN" starttime="20211031 02:48:26.613" endtime="20211031 02:48:26.614"/>
</if>
<kw name="Sleep" library="BuiltIn">
<arg>2s</arg>
<doc>Pauses the test executed for the given time.</doc>
<status status="NOT RUN" starttime="20211031 02:48:26.614" endtime="20211031 02:48:26.614"/>
</kw>
<kw name="Capture Page Screenshot">
<arg>${pic_directory}24_2_Admin-can-view-all-training-records.png</arg>
<status status="NOT RUN" starttime="20211031 02:48:26.616" endtime="20211031 02:48:26.616"/>
</kw>
<kw name="Click Training Management">
<status status="NOT RUN" starttime="20211031 02:48:26.616" endtime="20211031 02:48:26.616"/>
</kw>
<kw name="Sleep" library="BuiltIn">
<arg>2s</arg>
<doc>Pauses the test executed for the given time.</doc>
<status status="NOT RUN" starttime="20211031 02:48:26.616" endtime="20211031 02:48:26.616"/>
</kw>
<kw name="Get element count">
<var>${count_table_all}=</var>
<arg>${table_name}</arg>
<status status="NOT RUN" starttime="20211031 02:48:26.618" endtime="20211031 02:48:26.618"/>
</kw>
<kw name="Set Variable" library="BuiltIn">
<var>${sum_count_table}</var>
<arg>${{${count_table_it} + ${count_table_admin}}}</arg>
<doc>Returns the given values which can then be assigned to a variables.</doc>
<status status="NOT RUN" starttime="20211031 02:48:26.618" endtime="20211031 02:48:26.619"/>
</kw>
<kw name="Should Be True" library="BuiltIn">
<arg>${count_table_all} == ${sum_count_table}</arg>
<doc>Fails if the given condition is not true.</doc>
<status status="NOT RUN" starttime="20211031 02:48:26.619" endtime="20211031 02:48:26.619"/>
</kw>
<kw name="Sleep" library="BuiltIn">
<arg>2s</arg>
<doc>Pauses the test executed for the given time.</doc>
<status status="NOT RUN" starttime="20211031 02:48:26.619" endtime="20211031 02:48:26.619"/>
</kw>
<kw name="Capture Page Screenshot">
<arg>${pic_directory}24_3_Admin-can-view-all-training-records.png</arg>
<status status="NOT RUN" starttime="20211031 02:48:26.621" endtime="20211031 02:48:26.621"/>
</kw>
<status status="FAIL" starttime="20211031 02:48:26.589" endtime="20211031 02:48:26.622">No keyword with name 'Click Element' found.</status>
</test>
<test id="s1-t16" name="Delete All Test Case">
<kw name="Click Logout">
<kw name="Click Element">
<arg>xpath=/html/body/div[1]/div/div[3]/div/ul/li/a</arg>
<msg timestamp="20211031 02:48:26.625" level="FAIL">No keyword with name 'Click Element' found.</msg>
<status status="FAIL" starttime="20211031 02:48:26.624" endtime="20211031 02:48:26.625"/>
</kw>
<kw name="Click Element">
<arg>xpath=//*[@href="logout"]</arg>
<status status="NOT RUN" starttime="20211031 02:48:26.627" endtime="20211031 02:48:26.627"/>
</kw>
<status status="FAIL" starttime="20211031 02:48:26.623" endtime="20211031 02:48:26.627"/>
</kw>
<kw name="Wait Until Page Contains">
<arg>Login to your account</arg>
<status status="NOT RUN" starttime="20211031 02:48:26.629" endtime="20211031 02:48:26.629"/>
</kw>
<kw name="Input Text">
<arg>username</arg>
<arg>${admin_login}</arg>
<status status="NOT RUN" starttime="20211031 02:48:26.631" endtime="20211031 02:48:26.631"/>
</kw>
<kw name="Input Password">
<arg>password</arg>
<arg>1234</arg>
<status status="NOT RUN" starttime="20211031 02:48:26.633" endtime="20211031 02:48:26.633"/>
</kw>
<kw name="Click button">
<arg>id=submit myBtn</arg>
<status status="NOT RUN" starttime="20211031 02:48:26.636" endtime="20211031 02:48:26.636"/>
</kw>
<kw name="Title Should Be">
<arg>check in</arg>
<status status="NOT RUN" starttime="20211031 02:48:26.638" endtime="20211031 02:48:26.638"/>
</kw>
<kw name="Wait Until Page Contains">
<arg>Welcome</arg>
<status status="NOT RUN" starttime="20211031 02:48:26.640" endtime="20211031 02:48:26.640"/>
</kw>
<kw name="Sleep" library="BuiltIn">
<arg>2s</arg>
<doc>Pauses the test executed for the given time.</doc>
<status status="NOT RUN" starttime="20211031 02:48:26.640" endtime="20211031 02:48:26.641"/>
</kw>
<kw name="Click Training Management">
<status status="NOT RUN" starttime="20211031 02:48:26.641" endtime="20211031 02:48:26.641"/>
</kw>
<kw name="Click Training Management">
<status status="NOT RUN" starttime="20211031 02:48:26.641" endtime="20211031 02:48:26.641"/>
</kw>
<kw name="Click Element">
<arg>xpath=/html/body/div[3]/div[2]/div/div[2]/div[3]/div/div[1]/div[1]/div/label/select</arg>
<status status="NOT RUN" starttime="20211031 02:48:26.643" endtime="20211031 02:48:26.643"/>
</kw>
<kw name="Click Element">
<arg>xpath=/html/body/div[3]/div[2]/div/div[2]/div[3]/div/div[1]/div[1]/div/label/select/option[4]</arg>
<status status="NOT RUN" starttime="20211031 02:48:26.645" endtime="20211031 02:48:26.645"/>
</kw>
<kw name="get value">
<var>${records_val}=</var>
<arg>xpath=/html/body/div[3]/div[2]/div/div[2]/div[3]/div/div[1]/div[1]/div/label/select/option[4]</arg>
<status status="NOT RUN" starttime="20211031 02:48:26.647" endtime="20211031 02:48:26.647"/>
</kw>
<kw name="Should Be True" library="BuiltIn">
<arg>'${records_val}' == '-1'</arg>
<doc>Fails if the given condition is not true.</doc>
<status status="NOT RUN" starttime="20211031 02:48:26.647" endtime="20211031 02:48:26.647"/>
</kw>
<kw name="Get element count">
<var>${count_table}=</var>
<arg>${table_name}</arg>
<status status="NOT RUN" starttime="20211031 02:48:26.649" endtime="20211031 02:48:26.649"/>
</kw>
<if>
<branch type="IF" condition="${count_table} != 1">
<for flavor="IN RANGE">
<var>${i}</var>
<value>${count_table}</value>
<iter>
<var name="${i}">${i}</var>
<kw name="Click Element">
<arg>xpath=//*[@id="myTable"]/tbody/tr[${count_table}]/td[8]/a[2]</arg>
<status status="NOT RUN" starttime="20211031 02:48:26.651" endtime="20211031 02:48:26.651"/>
</kw>
<kw name="Sleep" library="BuiltIn">
<arg>2s</arg>
<doc>Pauses the test executed for the given time.</doc>
<status status="NOT RUN" starttime="20211031 02:48:26.652" endtime="20211031 02:48:26.652"/>
</kw>
<kw name="Press Keys">
<arg>xpath=//*[@class="confirm btn btn-lg btn-danger"]</arg>
<arg>ENTER</arg>
<status status="NOT RUN" starttime="20211031 02:48:26.653" endtime="20211031 02:48:26.653"/>
</kw>
<kw name="Reload Page">
<status status="NOT RUN" starttime="20211031 02:48:26.655" endtime="20211031 02:48:26.655"/>
</kw>
<kw name="Set Variable" library="BuiltIn">
<var>${count_table}</var>
<arg>${{${count_table} - 1}}</arg>
<doc>Returns the given values which can then be assigned to a variables.</doc>
<status status="NOT RUN" starttime="20211031 02:48:26.655" endtime="20211031 02:48:26.655"/>
</kw>
<status status="NOT RUN" starttime="20211031 02:48:26.649" endtime="20211031 02:48:26.655"/>
</iter>
<status status="NOT RUN" starttime="20211031 02:48:26.649" endtime="20211031 02:48:26.655"/>
</for>
<status status="NOT RUN" starttime="20211031 02:48:26.649" endtime="20211031 02:48:26.655"/>
</branch>
<branch type="ELSE">
<kw name="Get Text">
<var>${check_text}=</var>
<arg>xpath=//*[@id="myTable"]/tbody/tr/td</arg>
<status status="NOT RUN" starttime="20211031 02:48:26.657" endtime="20211031 02:48:26.657"/>
</kw>
<kw name="Should Be True" library="BuiltIn">
<arg>'${check_text}' == 'No data available in table'</arg>
<doc>Fails if the given condition is not true.</doc>
<status status="NOT RUN" starttime="20211031 02:48:26.657" endtime="20211031 02:48:26.657"/>
</kw>
<status status="NOT RUN" starttime="20211031 02:48:26.655" endtime="20211031 02:48:26.657"/>
</branch>
<status status="NOT RUN" starttime="20211031 02:48:26.649" endtime="20211031 02:48:26.657"/>
</if>
<kw name="Close All Browsers">
<status status="NOT RUN" starttime="20211031 02:48:26.659" endtime="20211031 02:48:26.659"/>
</kw>
<status status="FAIL" starttime="20211031 02:48:26.622" endtime="20211031 02:48:26.660">No keyword with name 'Click Element' found.</status>
</test>
<status status="FAIL" starttime="20211031 02:48:25.253" endtime="20211031 02:48:26.661"/>
</suite>
<statistics>
<total>
<stat pass="1" fail="15" skip="0">All Tests</stat>
</total>
<tag>
</tag>
<suite>
<stat pass="1" fail="15" skip="0" id="s1" name="Training part2">Training part2</stat>
</suite>
</statistics>
<errors>
</errors>
</robot>
