<?xml version="1.0" encoding="UTF-8"?>
<robot generator="Robot 3.2.2 (Python 3.9.1 on win32)" generated="20210905 01:15:17.695" rpa="false">
<suite id="s1" name="MyLeave TC 21 31 Edit" source="D:\CO-OP\CubeSoftTech_WorkingSpace\Code\MyLeave_TC_21_31_Edit\MyLeave_TC_21_31_Edit.robot">
<test id="s1-t1" name="TC-LEAVE-EMP-031 P_Drag_Drop_Leave_Button_In_CalenderPage">
<kw name="Employee Login Success">
<kw name="Open Browser" library="SeleniumLibrary">
<doc>Opens a new browser instance to the optional ``url``.</doc>
<arguments>
<arg>${HOMEPAGE}</arg>
<arg>${BROWSER}</arg>
</arguments>
<msg timestamp="20210905 01:15:17.867" level="INFO">Opening browser 'chrome' to base url 'http://uat.cubesofttech.com/'.</msg>
<status status="PASS" starttime="20210905 01:15:17.866" endtime="20210905 01:15:19.647"></status>
</kw>
<kw name="Maximize Browser Window" library="SeleniumLibrary">
<doc>Maximizes current browser window.</doc>
<status status="PASS" starttime="20210905 01:15:19.648" endtime="20210905 01:15:19.761"></status>
</kw>
<kw name="Title Should Be" library="SeleniumLibrary">
<doc>Verifies that the current page title equals ``title``.</doc>
<arguments>
<arg>Cube SoftTech : Login</arg>
</arguments>
<msg timestamp="20210905 01:15:19.765" level="INFO">Page title is 'Cube SoftTech : Login'.</msg>
<status status="PASS" starttime="20210905 01:15:19.762" endtime="20210905 01:15:19.765"></status>
</kw>
<kw name="Wait Until Page Contains" library="SeleniumLibrary">
<doc>Waits until ``text`` appears on the current page.</doc>
<arguments>
<arg>Login to your account</arg>
</arguments>
<status status="PASS" starttime="20210905 01:15:19.765" endtime="20210905 01:15:19.774"></status>
</kw>
<kw name="Input Text" library="SeleniumLibrary">
<doc>Types the given ``text`` into the text field identified by ``locator``.</doc>
<arguments>
<arg>username</arg>
<arg>${it_login}</arg>
</arguments>
<msg timestamp="20210905 01:15:19.775" level="INFO">Typing text 'test_it_roles' into text field 'username'.</msg>
<status status="PASS" starttime="20210905 01:15:19.774" endtime="20210905 01:15:19.854"></status>
</kw>
<kw name="Input Password" library="SeleniumLibrary">
<doc>Types the given password into the text field identified by ``locator``.</doc>
<arguments>
<arg>password</arg>
<arg>1234</arg>
</arguments>
<msg timestamp="20210905 01:15:19.854" level="INFO">Typing password into text field 'password'.</msg>
<msg timestamp="20210905 01:15:19.881" level="INFO">Temporally setting log level to: NONE</msg>
<msg timestamp="20210905 01:15:19.934" level="INFO">Log level changed from NONE to INFO.</msg>
<status status="PASS" starttime="20210905 01:15:19.854" endtime="20210905 01:15:19.934"></status>
</kw>
<kw name="Click Button" library="SeleniumLibrary">
<doc>Clicks the button identified by ``locator``.</doc>
<arguments>
<arg>id=submit myBtn</arg>
</arguments>
<msg timestamp="20210905 01:15:19.934" level="INFO">Clicking button 'id=submit myBtn'.</msg>
<status status="PASS" starttime="20210905 01:15:19.934" endtime="20210905 01:15:36.550"></status>
</kw>
<kw name="Title Should Be" library="SeleniumLibrary">
<doc>Verifies that the current page title equals ``title``.</doc>
<arguments>
<arg>check in</arg>
</arguments>
<msg timestamp="20210905 01:15:36.552" level="INFO">Page title is 'check in'.</msg>
<status status="PASS" starttime="20210905 01:15:36.550" endtime="20210905 01:15:36.553"></status>
</kw>
<kw name="Wait Until Page Contains" library="SeleniumLibrary">
<doc>Waits until ``text`` appears on the current page.</doc>
<arguments>
<arg>Welcome</arg>
</arguments>
<status status="PASS" starttime="20210905 01:15:36.553" endtime="20210905 01:15:36.566"></status>
</kw>
<kw name="Page Should Contain" library="SeleniumLibrary">
<doc>Verifies that current page contains ``text``.</doc>
<arguments>
<arg>${it_login}</arg>
</arguments>
<msg timestamp="20210905 01:15:36.578" level="INFO">Current page contains text 'test_it_roles'.</msg>
<status status="PASS" starttime="20210905 01:15:36.566" endtime="20210905 01:15:36.578"></status>
</kw>
<kw name="Sleep" library="BuiltIn">
<doc>Pauses the test executed for the given time.</doc>
<arguments>
<arg>5s</arg>
</arguments>
<msg timestamp="20210905 01:15:41.581" level="INFO">Slept 5 seconds</msg>
<status status="PASS" starttime="20210905 01:15:36.578" endtime="20210905 01:15:41.581"></status>
</kw>
<status status="PASS" starttime="20210905 01:15:17.866" endtime="20210905 01:15:41.581"></status>
</kw>
<kw name="IT Click MyLeave Button">
<kw name="Click Element" library="SeleniumLibrary">
<doc>Click the element identified by ``locator``.</doc>
<arguments>
<arg>xpath://*[@href="myleave_list?Id=test_it_roles"]</arg>
</arguments>
<msg timestamp="20210905 01:15:41.582" level="INFO">Clicking element 'xpath://*[@href="myleave_list?Id=test_it_roles"]'.</msg>
<status status="PASS" starttime="20210905 01:15:41.582" endtime="20210905 01:15:42.264"></status>
</kw>
<kw name="Title Should Be" library="SeleniumLibrary">
<doc>Verifies that the current page title equals ``title``.</doc>
<arguments>
<arg>My leave list</arg>
</arguments>
<msg timestamp="20210905 01:15:42.268" level="INFO">Page title is 'My leave list'.</msg>
<status status="PASS" starttime="20210905 01:15:42.264" endtime="20210905 01:15:42.268"></status>
</kw>
<status status="PASS" starttime="20210905 01:15:41.582" endtime="20210905 01:15:42.268"></status>
</kw>
<kw name="Click Add Leave">
<kw name="Click Button" library="SeleniumLibrary">
<doc>Clicks the button identified by ``locator``.</doc>
<arguments>
<arg>addLeave</arg>
</arguments>
<msg timestamp="20210905 01:15:42.269" level="INFO">Clicking button 'addLeave'.</msg>
<status status="PASS" starttime="20210905 01:15:42.269" endtime="20210905 01:15:42.646"></status>
</kw>
<kw name="Title Should Be" library="SeleniumLibrary">
<doc>Verifies that the current page title equals ``title``.</doc>
<arguments>
<arg>Add Leave</arg>
</arguments>
<msg timestamp="20210905 01:15:42.650" level="INFO">Page title is 'Add Leave'.</msg>
<status status="PASS" starttime="20210905 01:15:42.646" endtime="20210905 01:15:42.650"></status>
</kw>
<status status="PASS" starttime="20210905 01:15:42.268" endtime="20210905 01:15:42.650"></status>
</kw>
<kw name="Wait Until Page Contains" library="SeleniumLibrary">
<doc>Waits until ``text`` appears on the current page.</doc>
<arguments>
<arg>${it_name}</arg>
</arguments>
<status status="PASS" starttime="20210905 01:15:42.651" endtime="20210905 01:15:42.661"></status>
</kw>
<kw name="Click Element" library="SeleniumLibrary">
<doc>Click the element identified by ``locator``.</doc>
<arguments>
<arg>xpath=//*[@id="leaveTypes"]/label[1]</arg>
</arguments>
<msg timestamp="20210905 01:15:42.661" level="INFO">Clicking element 'xpath=//*[@id="leaveTypes"]/label[1]'.</msg>
<status status="PASS" starttime="20210905 01:15:42.661" endtime="20210905 01:15:42.705"></status>
</kw>
<kw name="Radio Button Should Be Set To" library="SeleniumLibrary">
<doc>Verifies radio button group ``group_name`` is set to ``value``.</doc>
<arguments>
<arg>leaveType</arg>
<arg>1</arg>
</arguments>
<msg timestamp="20210905 01:15:42.706" level="INFO">Verifying radio button 'leaveType' has selection '1'.</msg>
<status status="PASS" starttime="20210905 01:15:42.706" endtime="20210905 01:15:42.730"></status>
</kw>
<kw name="Click Element" library="SeleniumLibrary">
<doc>Click the element identified by ``locator``.</doc>
<arguments>
<arg>id=date_from</arg>
</arguments>
<msg timestamp="20210905 01:15:42.731" level="INFO">Clicking element 'id=date_from'.</msg>
<status status="PASS" starttime="20210905 01:15:42.730" endtime="20210905 01:15:42.779"></status>
</kw>
<kw name="Click Element" library="SeleniumLibrary">
<doc>Click the element identified by ``locator``.</doc>
<arguments>
<arg>xpath=/html/body/div[5]/div[1]/table/thead/tr[2]/th[2]</arg>
</arguments>
<msg timestamp="20210905 01:15:42.780" level="INFO">Clicking element 'xpath=/html/body/div[5]/div[1]/table/thead/tr[2]/th[2]'.</msg>
<status status="PASS" starttime="20210905 01:15:42.780" endtime="20210905 01:15:42.816"></status>
</kw>
<kw name="Click Element" library="SeleniumLibrary">
<doc>Click the element identified by ``locator``.</doc>
<arguments>
<arg>xpath=/html/body/div[5]/div[2]/table/tbody/tr/td/span[9]</arg>
</arguments>
<msg timestamp="20210905 01:15:42.817" level="INFO">Clicking element 'xpath=/html/body/div[5]/div[2]/table/tbody/tr/td/span[9]'.</msg>
<status status="PASS" starttime="20210905 01:15:42.816" endtime="20210905 01:15:42.854"></status>
</kw>
<kw name="Click Element" library="SeleniumLibrary">
<doc>Click the element identified by ``locator``.</doc>
<arguments>
<arg>xpath=/html/body/div[5]/div[1]/table/tbody/tr[2]/td[2]</arg>
</arguments>
<msg timestamp="20210905 01:15:42.855" level="INFO">Clicking element 'xpath=/html/body/div[5]/div[1]/table/tbody/tr[2]/td[2]'.</msg>
<status status="PASS" starttime="20210905 01:15:42.855" endtime="20210905 01:15:42.900"></status>
</kw>
<kw name="Click Element" library="SeleniumLibrary">
<doc>Click the element identified by ``locator``.</doc>
<arguments>
<arg>id=date_to</arg>
</arguments>
<msg timestamp="20210905 01:15:42.902" level="INFO">Clicking element 'id=date_to'.</msg>
<status status="PASS" starttime="20210905 01:15:42.901" endtime="20210905 01:15:42.945"></status>
</kw>
<kw name="Click Element" library="SeleniumLibrary">
<doc>Click the element identified by ``locator``.</doc>
<arguments>
<arg>xpath=/html/body/div[5]/div[1]/table/thead/tr[2]/th[2]</arg>
</arguments>
<msg timestamp="20210905 01:15:42.945" level="INFO">Clicking element 'xpath=/html/body/div[5]/div[1]/table/thead/tr[2]/th[2]'.</msg>
<status status="PASS" starttime="20210905 01:15:42.945" endtime="20210905 01:15:42.975"></status>
</kw>
<kw name="Click Element" library="SeleniumLibrary">
<doc>Click the element identified by ``locator``.</doc>
<arguments>
<arg>xpath=/html/body/div[5]/div[2]/table/tbody/tr/td/span[9]</arg>
</arguments>
<msg timestamp="20210905 01:15:42.976" level="INFO">Clicking element 'xpath=/html/body/div[5]/div[2]/table/tbody/tr/td/span[9]'.</msg>
<status status="PASS" starttime="20210905 01:15:42.976" endtime="20210905 01:15:43.012"></status>
</kw>
<kw name="Click Element" library="SeleniumLibrary">
<doc>Click the element identified by ``locator``.</doc>
<arguments>
<arg>xpath=/html/body/div[5]/div[1]/table/tbody/tr[2]/td[2]</arg>
</arguments>
<msg timestamp="20210905 01:15:43.013" level="INFO">Clicking element 'xpath=/html/body/div[5]/div[1]/table/tbody/tr[2]/td[2]'.</msg>
<status status="PASS" starttime="20210905 01:15:43.013" endtime="20210905 01:15:43.049"></status>
</kw>
<kw name="Get Value" library="SeleniumLibrary">
<doc>Returns the value attribute of the element identified by ``locator``.</doc>
<arguments>
<arg>xpath=//*[@id="date_from"]</arg>
</arguments>
<assign>
<var>${check_dateFrom}</var>
</assign>
<msg timestamp="20210905 01:15:43.061" level="INFO">${check_dateFrom} = 06-09-2021</msg>
<status status="PASS" starttime="20210905 01:15:43.049" endtime="20210905 01:15:43.061"></status>
</kw>
<kw name="Get Value" library="SeleniumLibrary">
<doc>Returns the value attribute of the element identified by ``locator``.</doc>
<arguments>
<arg>xpath=//*[@id="date_to"]</arg>
</arguments>
<assign>
<var>${check_dateTo}</var>
</assign>
<msg timestamp="20210905 01:15:43.072" level="INFO">${check_dateTo} = 06-09-2021</msg>
<status status="PASS" starttime="20210905 01:15:43.061" endtime="20210905 01:15:43.072"></status>
</kw>
<kw name="Get Current Date" library="DateTime">
<doc>Returns current local or UTC time with an optional increment.</doc>
<arguments>
<arg>result_format=%Y</arg>
</arguments>
<assign>
<var>${year}</var>
</assign>
<msg timestamp="20210905 01:15:43.072" level="INFO">${year} = 2021</msg>
<status status="PASS" starttime="20210905 01:15:43.072" endtime="20210905 01:15:43.072"></status>
</kw>
<kw name="Should Be True" library="BuiltIn">
<doc>Fails if the given condition is not true.</doc>
<arguments>
<arg>'${check_dateFrom}' == '06-09-${year}' and '${check_dateTo}' == '06-09-${year}'</arg>
</arguments>
<status status="PASS" starttime="20210905 01:15:43.073" endtime="20210905 01:15:43.073"></status>
</kw>
<kw name="Get Value" library="SeleniumLibrary">
<doc>Returns the value attribute of the element identified by ``locator``.</doc>
<arguments>
<arg>xpath=//*[@id="amount"]</arg>
</arguments>
<assign>
<var>${check_amount}</var>
</assign>
<msg timestamp="20210905 01:15:43.091" level="INFO">${check_amount} = 1</msg>
<status status="PASS" starttime="20210905 01:15:43.073" endtime="20210905 01:15:43.091"></status>
</kw>
<kw name="Should Be True" library="BuiltIn">
<doc>Fails if the given condition is not true.</doc>
<arguments>
<arg>'${check_amount}' == '1'</arg>
</arguments>
<status status="PASS" starttime="20210905 01:15:43.091" endtime="20210905 01:15:43.091"></status>
</kw>
<kw name="Get Text" library="SeleniumLibrary">
<doc>Returns the text value of the element identified by ``locator``.</doc>
<arguments>
<arg>xpath=//*[@id="select2-approver-container"]</arg>
</arguments>
<assign>
<var>${check_approver}</var>
</assign>
<msg timestamp="20210905 01:15:43.106" level="INFO">${check_approver} = HR Role Testing</msg>
<status status="PASS" starttime="20210905 01:15:43.092" endtime="20210905 01:15:43.106"></status>
</kw>
<kw name="Should Be True" library="BuiltIn">
<doc>Fails if the given condition is not true.</doc>
<arguments>
<arg>'${check_approver}' == 'HR Role Testing'</arg>
</arguments>
<status status="PASS" starttime="20210905 01:15:43.106" endtime="20210905 01:15:43.107"></status>
</kw>
<kw name="Get Text" library="SeleniumLibrary">
<doc>Returns the text value of the element identified by ``locator``.</doc>
<arguments>
<arg>xpath=//*[@id="status"]/option[1]</arg>
</arguments>
<assign>
<var>${check_status}</var>
</assign>
<msg timestamp="20210905 01:15:43.122" level="INFO">${check_status} = Wait for approve</msg>
<status status="PASS" starttime="20210905 01:15:43.107" endtime="20210905 01:15:43.122"></status>
</kw>
<kw name="Should Be True" library="BuiltIn">
<doc>Fails if the given condition is not true.</doc>
<arguments>
<arg>'${check_status}' == 'Wait for approve'</arg>
</arguments>
<status status="PASS" starttime="20210905 01:15:43.122" endtime="20210905 01:15:43.123"></status>
</kw>
<kw name="Click Element" library="SeleniumLibrary">
<doc>Click the element identified by ``locator``.</doc>
<arguments>
<arg>xpath=//*[@class="btn btn-sm blue-soft"]</arg>
</arguments>
<msg timestamp="20210905 01:15:43.123" level="INFO">Clicking element 'xpath=//*[@class="btn btn-sm blue-soft"]'.</msg>
<status status="PASS" starttime="20210905 01:15:43.123" endtime="20210905 01:17:11.635"></status>
</kw>
<kw name="Wait Until Location Is" library="SeleniumLibrary">
<doc>Waits until the current URL is ``expected``.</doc>
<arguments>
<arg>http://uat.cubesofttech.com/leavecalendar</arg>
</arguments>
<status status="PASS" starttime="20210905 01:17:11.636" endtime="20210905 01:17:11.642"></status>
</kw>
<kw name="IT Click MyLeave Button">
<kw name="Click Element" library="SeleniumLibrary">
<doc>Click the element identified by ``locator``.</doc>
<arguments>
<arg>xpath://*[@href="myleave_list?Id=test_it_roles"]</arg>
</arguments>
<msg timestamp="20210905 01:17:11.642" level="INFO">Clicking element 'xpath://*[@href="myleave_list?Id=test_it_roles"]'.</msg>
<status status="PASS" starttime="20210905 01:17:11.642" endtime="20210905 01:17:12.259"></status>
</kw>
<kw name="Title Should Be" library="SeleniumLibrary">
<doc>Verifies that the current page title equals ``title``.</doc>
<arguments>
<arg>My leave list</arg>
</arguments>
<msg timestamp="20210905 01:17:12.263" level="INFO">Page title is 'My leave list'.</msg>
<status status="PASS" starttime="20210905 01:17:12.259" endtime="20210905 01:17:12.263"></status>
</kw>
<status status="PASS" starttime="20210905 01:17:11.642" endtime="20210905 01:17:12.264"></status>
</kw>
<kw name="Get Table Cell" library="SeleniumLibrary">
<doc>Returns contents of a table cell.</doc>
<arguments>
<arg>${table}</arg>
<arg>1</arg>
<arg>1</arg>
</arguments>
<assign>
<var>${check_Leave_ID}</var>
</assign>
<msg timestamp="20210905 01:17:12.298" level="INFO">${check_Leave_ID} = Leave ID</msg>
<status status="PASS" starttime="20210905 01:17:12.264" endtime="20210905 01:17:12.298"></status>
</kw>
<kw name="Get Table Cell" library="SeleniumLibrary">
<doc>Returns contents of a table cell.</doc>
<arguments>
<arg>${table}</arg>
<arg>2</arg>
<arg>1</arg>
</arguments>
<assign>
<var>${check_LeaveS_ID_data}</var>
</assign>
<msg timestamp="20210905 01:17:12.331" level="INFO">${check_LeaveS_ID_data} = 3736</msg>
<status status="PASS" starttime="20210905 01:17:12.299" endtime="20210905 01:17:12.331"></status>
</kw>
<kw name="Should Be True" library="BuiltIn">
<doc>Fails if the given condition is not true.</doc>
<arguments>
<arg>'${check_Leave_ID}' == 'Leave ID'</arg>
</arguments>
<status status="PASS" starttime="20210905 01:17:12.332" endtime="20210905 01:17:12.332"></status>
</kw>
<kw name="Get Current Date" library="DateTime">
<doc>Returns current local or UTC time with an optional increment.</doc>
<arguments>
<arg>result_format=%d-%m-%Y</arg>
</arguments>
<assign>
<var>${currentDate}</var>
</assign>
<msg timestamp="20210905 01:17:12.333" level="INFO">${currentDate} = 05-09-2021</msg>
<status status="PASS" starttime="20210905 01:17:12.332" endtime="20210905 01:17:12.333"></status>
</kw>
<kw name="Get Current Date" library="DateTime">
<doc>Returns current local or UTC time with an optional increment.</doc>
<arguments>
<arg>result_format=%H:</arg>
</arguments>
<assign>
<var>${currentTime}</var>
</assign>
<msg timestamp="20210905 01:17:12.333" level="INFO">${currentTime} = 01:</msg>
<status status="PASS" starttime="20210905 01:17:12.333" endtime="20210905 01:17:12.333"></status>
</kw>
<kw name="Get Table Cell" library="SeleniumLibrary">
<doc>Returns contents of a table cell.</doc>
<arguments>
<arg>${table}</arg>
<arg>1</arg>
<arg>2</arg>
</arguments>
<assign>
<var>${check_submit}</var>
</assign>
<msg timestamp="20210905 01:17:12.358" level="INFO">${check_submit} = Submit date</msg>
<status status="PASS" starttime="20210905 01:17:12.333" endtime="20210905 01:17:12.358"></status>
</kw>
<kw name="Get Table Cell" library="SeleniumLibrary">
<doc>Returns contents of a table cell.</doc>
<arguments>
<arg>${table}</arg>
<arg>2</arg>
<arg>2</arg>
</arguments>
<assign>
<var>${check_submit_data}</var>
</assign>
<msg timestamp="20210905 01:17:12.389" level="INFO">${check_submit_data} = 05-09-2021 01:17</msg>
<status status="PASS" starttime="20210905 01:17:12.359" endtime="20210905 01:17:12.389"></status>
</kw>
<kw name="Remove String" library="String">
<doc>Removes all ``removables`` from the given ``string``.</doc>
<arguments>
<arg>${check_submit_data}</arg>
<arg>${currentDate}</arg>
<arg>${currentTime}</arg>
<arg>${space}</arg>
</arguments>
<assign>
<var>${split}</var>
</assign>
<msg timestamp="20210905 01:17:12.389" level="INFO">${split} = 17</msg>
<status status="PASS" starttime="20210905 01:17:12.389" endtime="20210905 01:17:12.390"></status>
</kw>
<kw name="Should Be True" library="BuiltIn">
<doc>Fails if the given condition is not true.</doc>
<arguments>
<arg>'${check_submit}' == 'Submit date' and '${check_submit_data}' == '${currentDate} ${currentTime}${split}'</arg>
</arguments>
<status status="PASS" starttime="20210905 01:17:12.390" endtime="20210905 01:17:12.390"></status>
</kw>
<kw name="Get Table Cell" library="SeleniumLibrary">
<doc>Returns contents of a table cell.</doc>
<arguments>
<arg>${table}</arg>
<arg>1</arg>
<arg>3</arg>
</arguments>
<assign>
<var>${check_applicant}</var>
</assign>
<msg timestamp="20210905 01:17:12.415" level="INFO">${check_applicant} = The applicant</msg>
<status status="PASS" starttime="20210905 01:17:12.390" endtime="20210905 01:17:12.415"></status>
</kw>
<kw name="Get Table Cell" library="SeleniumLibrary">
<doc>Returns contents of a table cell.</doc>
<arguments>
<arg>${table}</arg>
<arg>2</arg>
<arg>3</arg>
</arguments>
<assign>
<var>${check_applicant_data}</var>
</assign>
<msg timestamp="20210905 01:17:12.470" level="INFO">${check_applicant_data} = test_it_roles</msg>
<status status="PASS" starttime="20210905 01:17:12.415" endtime="20210905 01:17:12.470"></status>
</kw>
<kw name="Should Be True" library="BuiltIn">
<doc>Fails if the given condition is not true.</doc>
<arguments>
<arg>'${check_applicant}' == 'The applicant' and '${check_applicant_data}' == 'test_it_roles'</arg>
</arguments>
<status status="PASS" starttime="20210905 01:17:12.471" endtime="20210905 01:17:12.471"></status>
</kw>
<kw name="Get Table Cell" library="SeleniumLibrary">
<doc>Returns contents of a table cell.</doc>
<arguments>
<arg>${table}</arg>
<arg>1</arg>
<arg>4</arg>
</arguments>
<assign>
<var>${check_typeOfLeave}</var>
</assign>
<msg timestamp="20210905 01:17:12.505" level="INFO">${check_typeOfLeave} = Type of leave</msg>
<status status="PASS" starttime="20210905 01:17:12.473" endtime="20210905 01:17:12.505"></status>
</kw>
<kw name="Get Table Cell" library="SeleniumLibrary">
<doc>Returns contents of a table cell.</doc>
<arguments>
<arg>${table}</arg>
<arg>2</arg>
<arg>4</arg>
</arguments>
<assign>
<var>${check_typeOfLeave_data}</var>
</assign>
<msg timestamp="20210905 01:17:12.541" level="INFO">${check_typeOfLeave_data} = ลากิจ/ลาพักร้อน</msg>
<status status="PASS" starttime="20210905 01:17:12.506" endtime="20210905 01:17:12.541"></status>
</kw>
<kw name="Should Be True" library="BuiltIn">
<doc>Fails if the given condition is not true.</doc>
<arguments>
<arg>'${check_typeOfLeave}' == 'Type of leave' and '${check_typeOfLeave_data}' == 'ลากิจ/ลาพักร้อน'</arg>
</arguments>
<status status="PASS" starttime="20210905 01:17:12.542" endtime="20210905 01:17:12.542"></status>
</kw>
<kw name="Get Table Cell" library="SeleniumLibrary">
<doc>Returns contents of a table cell.</doc>
<arguments>
<arg>${table}</arg>
<arg>1</arg>
<arg>5</arg>
</arguments>
<assign>
<var>${check_StartDate}</var>
</assign>
<msg timestamp="20210905 01:17:12.565" level="INFO">${check_StartDate} = Start date (Since)</msg>
<status status="PASS" starttime="20210905 01:17:12.543" endtime="20210905 01:17:12.565"></status>
</kw>
<kw name="Get Table Cell" library="SeleniumLibrary">
<doc>Returns contents of a table cell.</doc>
<arguments>
<arg>${table}</arg>
<arg>2</arg>
<arg>5</arg>
</arguments>
<assign>
<var>${check_StartDate_data}</var>
</assign>
<msg timestamp="20210905 01:17:12.591" level="INFO">${check_StartDate_data} = 06-09-2021</msg>
<status status="PASS" starttime="20210905 01:17:12.565" endtime="20210905 01:17:12.591"></status>
</kw>
<kw name="Should Be True" library="BuiltIn">
<doc>Fails if the given condition is not true.</doc>
<arguments>
<arg>'${check_StartDate}' == 'Start date (Since)' and '${check_StartDate_data}' == '${check_dateFrom}'</arg>
</arguments>
<status status="PASS" starttime="20210905 01:17:12.591" endtime="20210905 01:17:12.592"></status>
</kw>
<kw name="Get Table Cell" library="SeleniumLibrary">
<doc>Returns contents of a table cell.</doc>
<arguments>
<arg>${table}</arg>
<arg>1</arg>
<arg>6</arg>
</arguments>
<assign>
<var>${check_EndDate}</var>
</assign>
<msg timestamp="20210905 01:17:12.614" level="INFO">${check_EndDate} = End date (Until)</msg>
<status status="PASS" starttime="20210905 01:17:12.592" endtime="20210905 01:17:12.614"></status>
</kw>
<kw name="Get Table Cell" library="SeleniumLibrary">
<doc>Returns contents of a table cell.</doc>
<arguments>
<arg>${table}</arg>
<arg>2</arg>
<arg>6</arg>
</arguments>
<assign>
<var>${check_EndDate_data}</var>
</assign>
<msg timestamp="20210905 01:17:12.640" level="INFO">${check_EndDate_data} = 06-09-2021</msg>
<status status="PASS" starttime="20210905 01:17:12.615" endtime="20210905 01:17:12.640"></status>
</kw>
<kw name="Should Be True" library="BuiltIn">
<doc>Fails if the given condition is not true.</doc>
<arguments>
<arg>'${check_EndDate}' == 'End date (Until)' and '${check_EndDate_data}' == '${check_dateTo}'</arg>
</arguments>
<status status="PASS" starttime="20210905 01:17:12.640" endtime="20210905 01:17:12.641"></status>
</kw>
<kw name="Get Table Cell" library="SeleniumLibrary">
<doc>Returns contents of a table cell.</doc>
<arguments>
<arg>${table}</arg>
<arg>1</arg>
<arg>7</arg>
</arguments>
<assign>
<var>${check_AmountOfTheDay}</var>
</assign>
<msg timestamp="20210905 01:17:12.664" level="INFO">${check_AmountOfTheDay} = Amount the day</msg>
<status status="PASS" starttime="20210905 01:17:12.641" endtime="20210905 01:17:12.664"></status>
</kw>
<kw name="Get Table Cell" library="SeleniumLibrary">
<doc>Returns contents of a table cell.</doc>
<arguments>
<arg>${table}</arg>
<arg>2</arg>
<arg>7</arg>
</arguments>
<assign>
<var>${check_AmountOfTheDay_data}</var>
</assign>
<msg timestamp="20210905 01:17:12.689" level="INFO">${check_AmountOfTheDay_data} = 1.000</msg>
<status status="PASS" starttime="20210905 01:17:12.664" endtime="20210905 01:17:12.689"></status>
</kw>
<kw name="Should Be True" library="BuiltIn">
<doc>Fails if the given condition is not true.</doc>
<arguments>
<arg>'${check_AmountOfTheDay}' == 'Amount the day' and '${check_AmountOfTheDay_data}' == '${check_amount}.000'</arg>
</arguments>
<status status="PASS" starttime="20210905 01:17:12.689" endtime="20210905 01:17:12.689"></status>
</kw>
<kw name="Get Table Cell" library="SeleniumLibrary">
<doc>Returns contents of a table cell.</doc>
<arguments>
<arg>${table}</arg>
<arg>1</arg>
<arg>8</arg>
</arguments>
<assign>
<var>${check_LeaveStatus}</var>
</assign>
<msg timestamp="20210905 01:17:12.711" level="INFO">${check_LeaveStatus} = Status</msg>
<status status="PASS" starttime="20210905 01:17:12.690" endtime="20210905 01:17:12.711"></status>
</kw>
<kw name="Get Table Cell" library="SeleniumLibrary">
<doc>Returns contents of a table cell.</doc>
<arguments>
<arg>${table}</arg>
<arg>2</arg>
<arg>8</arg>
</arguments>
<assign>
<var>${check_LeaveStatus_data}</var>
</assign>
<msg timestamp="20210905 01:17:12.736" level="INFO">${check_LeaveStatus_data} = Waiting for approve</msg>
<status status="PASS" starttime="20210905 01:17:12.711" endtime="20210905 01:17:12.736"></status>
</kw>
<kw name="Should Be True" library="BuiltIn">
<doc>Fails if the given condition is not true.</doc>
<arguments>
<arg>'${check_LeaveStatus}' == 'Status' and '${check_LeaveStatus_data}' == 'Waiting for approve'</arg>
</arguments>
<status status="PASS" starttime="20210905 01:17:12.736" endtime="20210905 01:17:12.737"></status>
</kw>
<kw name="Sleep" library="BuiltIn">
<doc>Pauses the test executed for the given time.</doc>
<arguments>
<arg>5s</arg>
</arguments>
<msg timestamp="20210905 01:17:17.740" level="INFO">Slept 5 seconds</msg>
<status status="PASS" starttime="20210905 01:17:12.737" endtime="20210905 01:17:17.740"></status>
</kw>
<kw name="Capture Page Screenshot" library="SeleniumLibrary">
<doc>Takes a screenshot of the current page and embeds it into a log file.</doc>
<arguments>
<arg>31_1_Add_Leave.png</arg>
</arguments>
<msg timestamp="20210905 01:17:17.843" level="INFO" html="yes">&lt;/td&gt;&lt;/tr&gt;&lt;tr&gt;&lt;td colspan="3"&gt;&lt;a href="31_1_Add_Leave.png"&gt;&lt;img src="31_1_Add_Leave.png" width="800px"&gt;&lt;/a&gt;</msg>
<status status="PASS" starttime="20210905 01:17:17.740" endtime="20210905 01:17:17.843"></status>
</kw>
<kw name="Click Element" library="SeleniumLibrary">
<doc>Click the element identified by ``locator``.</doc>
<arguments>
<arg>xpath=/html/body/div[3]/div[1]/div/ul/li[2]/a</arg>
</arguments>
<msg timestamp="20210905 01:17:17.844" level="INFO">Clicking element 'xpath=/html/body/div[3]/div[1]/div/ul/li[2]/a'.</msg>
<status status="PASS" starttime="20210905 01:17:17.843" endtime="20210905 01:17:17.879"></status>
</kw>
<kw name="Click Element" library="SeleniumLibrary">
<doc>Click the element identified by ``locator``.</doc>
<arguments>
<arg>xpath=//*[@href="check_allCalendar"]</arg>
</arguments>
<msg timestamp="20210905 01:17:17.880" level="INFO">Clicking element 'xpath=//*[@href="check_allCalendar"]'.</msg>
<status status="PASS" starttime="20210905 01:17:17.880" endtime="20210905 01:17:18.210"></status>
</kw>
<kw name="Title Should Be" library="SeleniumLibrary">
<doc>Verifies that the current page title equals ``title``.</doc>
<arguments>
<arg>Check All Calendar</arg>
</arguments>
<msg timestamp="20210905 01:17:18.213" level="INFO">Page title is 'Check All Calendar'.</msg>
<status status="PASS" starttime="20210905 01:17:18.211" endtime="20210905 01:17:18.213"></status>
</kw>
<kw name="Sleep" library="BuiltIn">
<doc>Pauses the test executed for the given time.</doc>
<arguments>
<arg>5s</arg>
</arguments>
<msg timestamp="20210905 01:17:23.216" level="INFO">Slept 5 seconds</msg>
<status status="PASS" starttime="20210905 01:17:18.214" endtime="20210905 01:17:23.216"></status>
</kw>
<kw name="Capture Page Screenshot" library="SeleniumLibrary">
<doc>Takes a screenshot of the current page and embeds it into a log file.</doc>
<arguments>
<arg>31_2_Before_DragAndDrop.png</arg>
</arguments>
<msg timestamp="20210905 01:17:23.322" level="INFO" html="yes">&lt;/td&gt;&lt;/tr&gt;&lt;tr&gt;&lt;td colspan="3"&gt;&lt;a href="31_2_Before_DragAndDrop.png"&gt;&lt;img src="31_2_Before_DragAndDrop.png" width="800px"&gt;&lt;/a&gt;</msg>
<status status="PASS" starttime="20210905 01:17:23.216" endtime="20210905 01:17:23.322"></status>
</kw>
<kw name="Drag And Drop" library="SeleniumLibrary">
<doc>Drags the element identified by ``locator`` into the ``target`` element.</doc>
<arguments>
<arg>${drag}</arg>
<arg>${drop}</arg>
</arguments>
<status status="PASS" starttime="20210905 01:17:23.322" endtime="20210905 01:17:23.868"></status>
</kw>
<kw name="Capture Page Screenshot" library="SeleniumLibrary">
<doc>Takes a screenshot of the current page and embeds it into a log file.</doc>
<arguments>
<arg>31_3_After_DragAndDrop.png</arg>
</arguments>
<msg timestamp="20210905 01:17:23.988" level="INFO" html="yes">&lt;/td&gt;&lt;/tr&gt;&lt;tr&gt;&lt;td colspan="3"&gt;&lt;a href="31_3_After_DragAndDrop.png"&gt;&lt;img src="31_3_After_DragAndDrop.png" width="800px"&gt;&lt;/a&gt;</msg>
<status status="PASS" starttime="20210905 01:17:23.871" endtime="20210905 01:17:23.988"></status>
</kw>
<kw name="IT Click MyLeave Button">
<kw name="Click Element" library="SeleniumLibrary">
<doc>Click the element identified by ``locator``.</doc>
<arguments>
<arg>xpath://*[@href="myleave_list?Id=test_it_roles"]</arg>
</arguments>
<msg timestamp="20210905 01:17:23.989" level="INFO">Clicking element 'xpath://*[@href="myleave_list?Id=test_it_roles"]'.</msg>
<status status="PASS" starttime="20210905 01:17:23.989" endtime="20210905 01:17:24.616"></status>
</kw>
<kw name="Title Should Be" library="SeleniumLibrary">
<doc>Verifies that the current page title equals ``title``.</doc>
<arguments>
<arg>My leave list</arg>
</arguments>
<msg timestamp="20210905 01:17:24.620" level="INFO">Page title is 'My leave list'.</msg>
<status status="PASS" starttime="20210905 01:17:24.616" endtime="20210905 01:17:24.620"></status>
</kw>
<status status="PASS" starttime="20210905 01:17:23.988" endtime="20210905 01:17:24.620"></status>
</kw>
<kw name="Get Table Cell" library="SeleniumLibrary">
<doc>Returns contents of a table cell.</doc>
<arguments>
<arg>${table}</arg>
<arg>1</arg>
<arg>1</arg>
</arguments>
<assign>
<var>${check_Leave_ID}</var>
</assign>
<msg timestamp="20210905 01:17:24.656" level="INFO">${check_Leave_ID} = Leave ID</msg>
<status status="PASS" starttime="20210905 01:17:24.621" endtime="20210905 01:17:24.656"></status>
</kw>
<kw name="Get Table Cell" library="SeleniumLibrary">
<doc>Returns contents of a table cell.</doc>
<arguments>
<arg>${table}</arg>
<arg>2</arg>
<arg>1</arg>
</arguments>
<assign>
<var>${check_LeaveS_ID_data}</var>
</assign>
<msg timestamp="20210905 01:17:24.688" level="INFO">${check_LeaveS_ID_data} = 3736</msg>
<status status="PASS" starttime="20210905 01:17:24.656" endtime="20210905 01:17:24.688"></status>
</kw>
<kw name="Should Be True" library="BuiltIn">
<doc>Fails if the given condition is not true.</doc>
<arguments>
<arg>'${check_Leave_ID}' == 'Leave ID'</arg>
</arguments>
<status status="PASS" starttime="20210905 01:17:24.688" endtime="20210905 01:17:24.688"></status>
</kw>
<kw name="Get Table Cell" library="SeleniumLibrary">
<doc>Returns contents of a table cell.</doc>
<arguments>
<arg>${table}</arg>
<arg>1</arg>
<arg>3</arg>
</arguments>
<assign>
<var>${check_applicant}</var>
</assign>
<msg timestamp="20210905 01:17:24.712" level="INFO">${check_applicant} = The applicant</msg>
<status status="PASS" starttime="20210905 01:17:24.689" endtime="20210905 01:17:24.712"></status>
</kw>
<kw name="Get Table Cell" library="SeleniumLibrary">
<doc>Returns contents of a table cell.</doc>
<arguments>
<arg>${table}</arg>
<arg>2</arg>
<arg>3</arg>
</arguments>
<assign>
<var>${check_applicant_data}</var>
</assign>
<msg timestamp="20210905 01:17:24.741" level="INFO">${check_applicant_data} = test_it_roles</msg>
<status status="PASS" starttime="20210905 01:17:24.713" endtime="20210905 01:17:24.741"></status>
</kw>
<kw name="Should Be True" library="BuiltIn">
<doc>Fails if the given condition is not true.</doc>
<arguments>
<arg>'${check_applicant}' == 'The applicant' and '${check_applicant_data}' == 'test_it_roles'</arg>
</arguments>
<status status="PASS" starttime="20210905 01:17:24.742" endtime="20210905 01:17:24.742"></status>
</kw>
<kw name="Get Table Cell" library="SeleniumLibrary">
<doc>Returns contents of a table cell.</doc>
<arguments>
<arg>${table}</arg>
<arg>1</arg>
<arg>4</arg>
</arguments>
<assign>
<var>${check_typeOfLeave}</var>
</assign>
<msg timestamp="20210905 01:17:24.766" level="INFO">${check_typeOfLeave} = Type of leave</msg>
<status status="PASS" starttime="20210905 01:17:24.742" endtime="20210905 01:17:24.766"></status>
</kw>
<kw name="Get Table Cell" library="SeleniumLibrary">
<doc>Returns contents of a table cell.</doc>
<arguments>
<arg>${table}</arg>
<arg>2</arg>
<arg>4</arg>
</arguments>
<assign>
<var>${check_typeOfLeave_data}</var>
</assign>
<msg timestamp="20210905 01:17:24.793" level="INFO">${check_typeOfLeave_data} = ลากิจ/ลาพักร้อน</msg>
<status status="PASS" starttime="20210905 01:17:24.767" endtime="20210905 01:17:24.793"></status>
</kw>
<kw name="Should Be True" library="BuiltIn">
<doc>Fails if the given condition is not true.</doc>
<arguments>
<arg>'${check_typeOfLeave}' == 'Type of leave' and '${check_typeOfLeave_data}' == 'ลากิจ/ลาพักร้อน'</arg>
</arguments>
<status status="PASS" starttime="20210905 01:17:24.794" endtime="20210905 01:17:24.794"></status>
</kw>
<kw name="Get Table Cell" library="SeleniumLibrary">
<doc>Returns contents of a table cell.</doc>
<arguments>
<arg>${table}</arg>
<arg>1</arg>
<arg>5</arg>
</arguments>
<assign>
<var>${check_StartDate}</var>
</assign>
<msg timestamp="20210905 01:17:24.818" level="INFO">${check_StartDate} = Start date (Since)</msg>
<status status="PASS" starttime="20210905 01:17:24.795" endtime="20210905 01:17:24.818"></status>
</kw>
<kw name="Get Table Cell" library="SeleniumLibrary">
<doc>Returns contents of a table cell.</doc>
<arguments>
<arg>${table}</arg>
<arg>2</arg>
<arg>5</arg>
</arguments>
<assign>
<var>${check_StartDate_data}</var>
</assign>
<msg timestamp="20210905 01:17:24.848" level="INFO">${check_StartDate_data} = 06-09-2021</msg>
<status status="PASS" starttime="20210905 01:17:24.818" endtime="20210905 01:17:24.848"></status>
</kw>
<kw name="Run Keyword And Return Status" library="BuiltIn">
<doc>Runs the given keyword with given arguments and returns the status as a Boolean value.</doc>
<arguments>
<arg>Should Be True</arg>
<arg>'${check_StartDate_data}' != '07-09-''${year}'</arg>
</arguments>
<assign>
<var>${Fail}</var>
</assign>
<kw name="Should Be True" library="BuiltIn">
<doc>Fails if the given condition is not true.</doc>
<arguments>
<arg>'${check_StartDate_data}' != '07-09-''${year}'</arg>
</arguments>
<status status="PASS" starttime="20210905 01:17:24.848" endtime="20210905 01:17:24.848"></status>
</kw>
<msg timestamp="20210905 01:17:24.849" level="INFO">${Fail} = True</msg>
<status status="PASS" starttime="20210905 01:17:24.848" endtime="20210905 01:17:24.849"></status>
</kw>
<kw name="Run Keyword Unless" library="BuiltIn">
<doc>Runs the given keyword with the given arguments if ``condition`` is false.</doc>
<arguments>
<arg>${Fail}</arg>
<arg>Log To Console</arg>
<arg>This step ${Fail}!</arg>
</arguments>
<status status="PASS" starttime="20210905 01:17:24.849" endtime="20210905 01:17:24.849"></status>
</kw>
<kw name="Get Table Cell" library="SeleniumLibrary">
<doc>Returns contents of a table cell.</doc>
<arguments>
<arg>${table}</arg>
<arg>1</arg>
<arg>6</arg>
</arguments>
<assign>
<var>${check_EndDate}</var>
</assign>
<msg timestamp="20210905 01:17:24.872" level="INFO">${check_EndDate} = End date (Until)</msg>
<status status="PASS" starttime="20210905 01:17:24.849" endtime="20210905 01:17:24.872"></status>
</kw>
<kw name="Get Table Cell" library="SeleniumLibrary">
<doc>Returns contents of a table cell.</doc>
<arguments>
<arg>${table}</arg>
<arg>2</arg>
<arg>6</arg>
</arguments>
<assign>
<var>${check_EndDate_data}</var>
</assign>
<msg timestamp="20210905 01:17:24.899" level="INFO">${check_EndDate_data} = 06-09-2021</msg>
<status status="PASS" starttime="20210905 01:17:24.873" endtime="20210905 01:17:24.899"></status>
</kw>
<kw name="Run Keyword And Return Status" library="BuiltIn">
<doc>Runs the given keyword with given arguments and returns the status as a Boolean value.</doc>
<arguments>
<arg>Should Be True</arg>
<arg>'${check_EndDate_data}' != '07-09-''${year}'</arg>
</arguments>
<assign>
<var>${Fail}</var>
</assign>
<kw name="Should Be True" library="BuiltIn">
<doc>Fails if the given condition is not true.</doc>
<arguments>
<arg>'${check_EndDate_data}' != '07-09-''${year}'</arg>
</arguments>
<status status="PASS" starttime="20210905 01:17:24.899" endtime="20210905 01:17:24.899"></status>
</kw>
<msg timestamp="20210905 01:17:24.900" level="INFO">${Fail} = True</msg>
<status status="PASS" starttime="20210905 01:17:24.899" endtime="20210905 01:17:24.900"></status>
</kw>
<kw name="Run Keyword Unless" library="BuiltIn">
<doc>Runs the given keyword with the given arguments if ``condition`` is false.</doc>
<arguments>
<arg>${Fail}</arg>
<arg>Log To Console</arg>
<arg>This step ${Fail}!</arg>
</arguments>
<status status="PASS" starttime="20210905 01:17:24.900" endtime="20210905 01:17:24.900"></status>
</kw>
<kw name="Get Table Cell" library="SeleniumLibrary">
<doc>Returns contents of a table cell.</doc>
<arguments>
<arg>${table}</arg>
<arg>1</arg>
<arg>7</arg>
</arguments>
<assign>
<var>${check_AmountOfTheDay}</var>
</assign>
<msg timestamp="20210905 01:17:24.924" level="INFO">${check_AmountOfTheDay} = Amount the day</msg>
<status status="PASS" starttime="20210905 01:17:24.900" endtime="20210905 01:17:24.924"></status>
</kw>
<kw name="Get Table Cell" library="SeleniumLibrary">
<doc>Returns contents of a table cell.</doc>
<arguments>
<arg>${table}</arg>
<arg>2</arg>
<arg>7</arg>
</arguments>
<assign>
<var>${check_AmountOfTheDay_data}</var>
</assign>
<msg timestamp="20210905 01:17:24.948" level="INFO">${check_AmountOfTheDay_data} = 1.000</msg>
<status status="PASS" starttime="20210905 01:17:24.924" endtime="20210905 01:17:24.948"></status>
</kw>
<kw name="Should Be True" library="BuiltIn">
<doc>Fails if the given condition is not true.</doc>
<arguments>
<arg>'${check_AmountOfTheDay}' == 'Amount the day' and '${check_AmountOfTheDay_data}' == '${check_amount}.000'</arg>
</arguments>
<status status="PASS" starttime="20210905 01:17:24.948" endtime="20210905 01:17:24.949"></status>
</kw>
<kw name="Get Table Cell" library="SeleniumLibrary">
<doc>Returns contents of a table cell.</doc>
<arguments>
<arg>${table}</arg>
<arg>1</arg>
<arg>8</arg>
</arguments>
<assign>
<var>${check_LeaveStatus}</var>
</assign>
<msg timestamp="20210905 01:17:24.972" level="INFO">${check_LeaveStatus} = Status</msg>
<status status="PASS" starttime="20210905 01:17:24.949" endtime="20210905 01:17:24.972"></status>
</kw>
<kw name="Get Table Cell" library="SeleniumLibrary">
<doc>Returns contents of a table cell.</doc>
<arguments>
<arg>${table}</arg>
<arg>2</arg>
<arg>8</arg>
</arguments>
<assign>
<var>${check_LeaveStatus_data}</var>
</assign>
<msg timestamp="20210905 01:17:25.000" level="INFO">${check_LeaveStatus_data} = Waiting for approve</msg>
<status status="PASS" starttime="20210905 01:17:24.972" endtime="20210905 01:17:25.000"></status>
</kw>
<kw name="Should Be True" library="BuiltIn">
<doc>Fails if the given condition is not true.</doc>
<arguments>
<arg>'${check_LeaveStatus}' == 'Status' and '${check_LeaveStatus_data}' == 'Waiting for approve'</arg>
</arguments>
<status status="PASS" starttime="20210905 01:17:25.000" endtime="20210905 01:17:25.001"></status>
</kw>
<kw name="Sleep" library="BuiltIn">
<doc>Pauses the test executed for the given time.</doc>
<arguments>
<arg>5s</arg>
</arguments>
<msg timestamp="20210905 01:17:30.002" level="INFO">Slept 5 seconds</msg>
<status status="PASS" starttime="20210905 01:17:25.001" endtime="20210905 01:17:30.002"></status>
</kw>
<kw name="Capture Page Screenshot" library="SeleniumLibrary">
<doc>Takes a screenshot of the current page and embeds it into a log file.</doc>
<arguments>
<arg>31_4_CheckData_DragAndDrop.png</arg>
</arguments>
<msg timestamp="20210905 01:17:30.108" level="INFO" html="yes">&lt;/td&gt;&lt;/tr&gt;&lt;tr&gt;&lt;td colspan="3"&gt;&lt;a href="31_4_CheckData_DragAndDrop.png"&gt;&lt;img src="31_4_CheckData_DragAndDrop.png" width="800px"&gt;&lt;/a&gt;</msg>
<status status="PASS" starttime="20210905 01:17:30.003" endtime="20210905 01:17:30.108"></status>
</kw>
<kw name="Log To Console" library="BuiltIn">
<doc>Logs the given message to the console.</doc>
<arguments>
<arg>This Test Case Is Pass</arg>
</arguments>
<status status="PASS" starttime="20210905 01:17:30.109" endtime="20210905 01:17:30.110"></status>
</kw>
<status status="PASS" starttime="20210905 01:15:17.865" endtime="20210905 01:17:30.110" critical="yes"></status>
</test>
<status status="PASS" starttime="20210905 01:15:17.696" endtime="20210905 01:17:30.111"></status>
</suite>
<statistics>
<total>
<stat pass="1" fail="0">Critical Tests</stat>
<stat pass="1" fail="0">All Tests</stat>
</total>
<tag>
</tag>
<suite>
<stat pass="1" fail="0" id="s1" name="MyLeave TC 21 31 Edit">MyLeave TC 21 31 Edit</stat>
</suite>
</statistics>
<errors>
</errors>
</robot>
